2018-04-26 10:37:37.718 [restartedMain] INFO  com.csjscm.VicidataApplication 48- Starting VicidataApplication on jinqm439 with PID 11684 (E:\IT\workspace\vicidata\target\classes started by Administrator in E:\IT\workspace\vicidata)
2018-04-26 10:37:37.726 [restartedMain] INFO  com.csjscm.VicidataApplication 593- No active profile set, falling back to default profiles: default
2018-04-26 10:37:37.845 [restartedMain] INFO  o.s.b.c.e.AnnotationConfigEmbeddedWebApplicationContext 583- Refreshing org.springframework.boot.context.embedded.AnnotationConfigEmbeddedWebApplicationContext@169e9775: startup date [Thu Apr 26 10:37:37 GMT+08:00 2018]; root of context hierarchy
2018-04-26 10:37:37.944 [background-preinit] INFO  org.hibernate.validator.internal.util.Version 30- HV000001: Hibernate Validator 5.3.6.Final
2018-04-26 10:37:39.091 [restartedMain] INFO  o.s.b.factory.support.DefaultListableBeanFactory 828- Overriding bean definition for bean 'mysqlTranscationManager' with a different definition: replacing [Root bean: class [null]; scope=; abstract=false; lazyInit=false; autowireMode=3; dependencyCheck=0; autowireCandidate=true; primary=true; factoryBeanName=mroMysqlDataSourceConfig; factoryMethodName=mysqlTranscationManager; initMethodName=null; destroyMethodName=(inferred); defined in class path resource [com/qiming/qimingdata/config/datasource/MroMysqlDataSourceConfig.class]] with [Root bean: class [null]; scope=; abstract=false; lazyInit=false; autowireMode=3; dependencyCheck=0; autowireCandidate=true; primary=true; factoryBeanName=mysqlDataSourceConfig; factoryMethodName=mysqlTranscationManager; initMethodName=null; destroyMethodName=(inferred); defined in class path resource [com/qiming/qimingdata/config/datasource/MysqlDataSourceConfig.class]]
2018-04-26 10:37:39.092 [restartedMain] INFO  o.s.b.factory.support.DefaultListableBeanFactory 828- Overriding bean definition for bean 'mysqlSqlSessionFactory' with a different definition: replacing [Root bean: class [null]; scope=; abstract=false; lazyInit=false; autowireMode=3; dependencyCheck=0; autowireCandidate=true; primary=true; factoryBeanName=mroMysqlDataSourceConfig; factoryMethodName=mysqlSqlSessionFactory; initMethodName=null; destroyMethodName=(inferred); defined in class path resource [com/qiming/qimingdata/config/datasource/MroMysqlDataSourceConfig.class]] with [Root bean: class [null]; scope=; abstract=false; lazyInit=false; autowireMode=3; dependencyCheck=0; autowireCandidate=true; primary=true; factoryBeanName=mysqlDataSourceConfig; factoryMethodName=mysqlSqlSessionFactory; initMethodName=null; destroyMethodName=(inferred); defined in class path resource [com/qiming/qimingdata/config/datasource/MysqlDataSourceConfig.class]]
2018-04-26 10:37:39.093 [restartedMain] INFO  o.s.b.factory.support.DefaultListableBeanFactory 828- Overriding bean definition for bean 'sqlSessionTemplate' with a different definition: replacing [Root bean: class [null]; scope=prototype; abstract=false; lazyInit=false; autowireMode=3; dependencyCheck=0; autowireCandidate=true; primary=true; factoryBeanName=mroMysqlDataSourceConfig; factoryMethodName=sqlSessionTemplate; initMethodName=null; destroyMethodName=(inferred); defined in class path resource [com/qiming/qimingdata/config/datasource/MroMysqlDataSourceConfig.class]] with [Root bean: class [null]; scope=prototype; abstract=false; lazyInit=false; autowireMode=3; dependencyCheck=0; autowireCandidate=true; primary=true; factoryBeanName=mysqlDataSourceConfig; factoryMethodName=sqlSessionTemplate; initMethodName=null; destroyMethodName=(inferred); defined in class path resource [com/qiming/qimingdata/config/datasource/MysqlDataSourceConfig.class]]
2018-04-26 10:37:39.093 [restartedMain] INFO  o.s.b.factory.support.DefaultListableBeanFactory 828- Overriding bean definition for bean 'mysqlScannerConfigurer' with a different definition: replacing [Root bean: class [null]; scope=; abstract=false; lazyInit=false; autowireMode=3; dependencyCheck=0; autowireCandidate=true; primary=false; factoryBeanName=mroMysqlDataSourceConfig; factoryMethodName=mysqlScannerConfigurer; initMethodName=null; destroyMethodName=(inferred); defined in class path resource [com/qiming/qimingdata/config/datasource/MroMysqlDataSourceConfig.class]] with [Root bean: class [null]; scope=; abstract=false; lazyInit=false; autowireMode=3; dependencyCheck=0; autowireCandidate=true; primary=false; factoryBeanName=mysqlDataSourceConfig; factoryMethodName=mysqlScannerConfigurer; initMethodName=null; destroyMethodName=(inferred); defined in class path resource [com/qiming/qimingdata/config/datasource/MysqlDataSourceConfig.class]]
2018-04-26 10:37:39.093 [restartedMain] INFO  o.s.b.factory.support.DefaultListableBeanFactory 828- Overriding bean definition for bean 'sqlSessionTemplate' with a different definition: replacing [Root bean: class [null]; scope=prototype; abstract=false; lazyInit=false; autowireMode=3; dependencyCheck=0; autowireCandidate=true; primary=true; factoryBeanName=mysqlDataSourceConfig; factoryMethodName=sqlSessionTemplate; initMethodName=null; destroyMethodName=(inferred); defined in class path resource [com/qiming/qimingdata/config/datasource/MysqlDataSourceConfig.class]] with [Root bean: class [null]; scope=prototype; abstract=false; lazyInit=false; autowireMode=3; dependencyCheck=0; autowireCandidate=true; primary=false; factoryBeanName=oracleDataSourceConfig; factoryMethodName=sqlSessionTemplate; initMethodName=null; destroyMethodName=(inferred); defined in class path resource [com/qiming/qimingdata/config/datasource/OracleDataSourceConfig.class]]
2018-04-26 10:37:39.238 [restartedMain] WARN  org.mybatis.spring.mapper.ClassPathMapperScanner 166- No MyBatis mapper was found in '[com.csjscm.mysqldata.controller.paycontroller, com.csjscm.mysqldata.controller, com.csjscm.mysqldata]' package. Please check your configuration.
2018-04-26 10:37:39.271 [restartedMain] INFO  o.s.d.r.config.RepositoryConfigurationDelegate 165- Multiple Spring Data modules found, entering strict repository configuration mode!
2018-04-26 10:37:39.394 [restartedMain] INFO  c.q.q.config.datasource.MysqlDataSourceConfig 53- =====================>mysql
2018-04-26 10:37:39.394 [restartedMain] INFO  c.q.q.config.datasource.OracleDataSourceConfig 54- ======启动orcal=========>
2018-04-26 10:37:39.414 [restartedMain] WARN  o.s.c.annotation.ConfigurationClassPostProcessor 373- Cannot enhance @Configuration bean definition 'mysqlDataSourceConfig' since its singleton instance has been created too early. The typical cause is a non-static @Bean method with a BeanDefinitionRegistryPostProcessor return type: Consider declaring such methods as 'static'.
2018-04-26 10:37:39.414 [restartedMain] WARN  o.s.c.annotation.ConfigurationClassPostProcessor 373- Cannot enhance @Configuration bean definition 'oracleDataSourceConfig' since its singleton instance has been created too early. The typical cause is a non-static @Bean method with a BeanDefinitionRegistryPostProcessor return type: Consider declaring such methods as 'static'.
2018-04-26 10:37:39.664 [restartedMain] INFO  o.s.c.s.PostProcessorRegistrationDelegate$BeanPostProcessorChecker 327- Bean 'org.springframework.transaction.annotation.ProxyTransactionManagementConfiguration' of type [org.springframework.transaction.annotation.ProxyTransactionManagementConfiguration$$EnhancerBySpringCGLIB$$10821ef1] is not eligible for getting processed by all BeanPostProcessors (for example: not eligible for auto-proxying)
2018-04-26 10:37:39.695 [restartedMain] INFO  o.s.c.s.PostProcessorRegistrationDelegate$BeanPostProcessorChecker 327- Bean 'redisConfig' of type [com.csjscm.config.RedisConfig$$EnhancerBySpringCGLIB$$a933e0ea] is not eligible for getting processed by all BeanPostProcessors (for example: not eligible for auto-proxying)
2018-04-26 10:37:39.702 [restartedMain] INFO  o.s.c.s.PostProcessorRegistrationDelegate$BeanPostProcessorChecker 327- Bean 'keyGenerator' of type [com.csjscm.config.RedisConfig$1] is not eligible for getting processed by all BeanPostProcessors (for example: not eligible for auto-proxying)
2018-04-26 10:37:39.702 [restartedMain] INFO  o.s.c.s.PostProcessorRegistrationDelegate$BeanPostProcessorChecker 327- Bean 'org.springframework.cache.annotation.ProxyCachingConfiguration' of type [org.springframework.cache.annotation.ProxyCachingConfiguration$$EnhancerBySpringCGLIB$$5994550f] is not eligible for getting processed by all BeanPostProcessors (for example: not eligible for auto-proxying)
2018-04-26 10:37:39.725 [restartedMain] INFO  o.s.c.s.PostProcessorRegistrationDelegate$BeanPostProcessorChecker 327- Bean 'shiroConfiguration' of type [com.csjscm.mysqldata.shiro.ShiroConfiguration$$EnhancerBySpringCGLIB$$ade025bb] is not eligible for getting processed by all BeanPostProcessors (for example: not eligible for auto-proxying)
2018-04-26 10:37:40.004 [restartedMain] INFO  o.s.c.s.PostProcessorRegistrationDelegate$BeanPostProcessorChecker 327- Bean 'securityManager' of type [org.apache.shiro.web.mgt.DefaultWebSecurityManager] is not eligible for getting processed by all BeanPostProcessors (for example: not eligible for auto-proxying)
2018-04-26 10:37:40.521 [restartedMain] INFO  o.s.b.c.e.tomcat.TomcatEmbeddedServletContainer 89- Tomcat initialized with port(s): 8082 (http)
2018-04-26 10:37:40.535 [restartedMain] INFO  org.apache.catalina.core.StandardService 179- Starting service [Tomcat]
2018-04-26 10:37:40.536 [restartedMain] INFO  org.apache.catalina.core.StandardEngine 179- Starting Servlet Engine: Apache Tomcat/8.5.23
2018-04-26 10:37:40.630 [localhost-startStop-1] INFO  o.a.c.core.ContainerBase.[Tomcat].[localhost].[/] 179- Initializing Spring embedded WebApplicationContext
2018-04-26 10:37:40.630 [localhost-startStop-1] INFO  org.springframework.web.context.ContextLoader 276- Root WebApplicationContext: initialization completed in 2785 ms
2018-04-26 10:37:40.749 [localhost-startStop-1] INFO  o.s.boot.web.servlet.ServletRegistrationBean 190- Mapping servlet: 'dispatcherServlet' to [/]
2018-04-26 10:37:40.753 [localhost-startStop-1] INFO  o.s.boot.web.servlet.FilterRegistrationBean 258- Mapping filter: 'characterEncodingFilter' to: [/*]
2018-04-26 10:37:40.754 [localhost-startStop-1] INFO  o.s.boot.web.servlet.FilterRegistrationBean 258- Mapping filter: 'shiroFilter' to: [/*]
2018-04-26 10:37:41.469 [restartedMain] WARN  org.springframework.aop.framework.CglibAopProxy 265- Unable to proxy interface-implementing method [public final void org.apache.shiro.realm.AuthenticatingRealm.init()] because it is marked as final: Consider using interface-based JDK proxies instead!
2018-04-26 10:37:41.469 [restartedMain] INFO  org.springframework.aop.framework.CglibAopProxy 268- Final method [public final void org.apache.shiro.realm.AuthenticatingRealm.init()] cannot get proxied via CGLIB: Calls to this method will NOT be routed to the target instance and might lead to NPEs against uninitialized fields in the proxy instance.
2018-04-26 10:37:41.470 [restartedMain] WARN  org.springframework.aop.framework.CglibAopProxy 265- Unable to proxy interface-implementing method [public final org.apache.shiro.authc.AuthenticationInfo org.apache.shiro.realm.AuthenticatingRealm.getAuthenticationInfo(org.apache.shiro.authc.AuthenticationToken) throws org.apache.shiro.authc.AuthenticationException] because it is marked as final: Consider using interface-based JDK proxies instead!
2018-04-26 10:37:41.470 [restartedMain] INFO  org.springframework.aop.framework.CglibAopProxy 268- Final method [public final org.apache.shiro.authc.AuthenticationInfo org.apache.shiro.realm.AuthenticatingRealm.getAuthenticationInfo(org.apache.shiro.authc.AuthenticationToken) throws org.apache.shiro.authc.AuthenticationException] cannot get proxied via CGLIB: Calls to this method will NOT be routed to the target instance and might lead to NPEs against uninitialized fields in the proxy instance.
2018-04-26 10:37:41.860 [restartedMain] INFO  o.s.w.s.m.m.a.RequestMappingHandlerMapping 543- Mapped "{[/article/toarticle]}" onto public org.springframework.web.servlet.ModelAndView com.csjscm.mysqldata.controller.articlecontroller.ArticleController.toArticle()
2018-04-26 10:37:41.861 [restartedMain] INFO  o.s.w.s.m.m.a.RequestMappingHandlerMapping 543- Mapped "{[/article/toarticle1]}" onto public org.springframework.web.servlet.ModelAndView com.csjscm.mysqldata.controller.articlecontroller.ArticleController.toArticle1()
2018-04-26 10:37:41.862 [restartedMain] INFO  o.s.w.s.m.m.a.RequestMappingHandlerMapping 543- Mapped "{[/article/listtoarticle]}" onto public java.lang.String com.csjscm.mysqldata.controller.articlecontroller.ArticleController.listArticleType(com.csjscm.mysqldata.model.ArticleTypeQuery)
2018-04-26 10:37:41.864 [restartedMain] INFO  o.s.w.s.m.m.a.RequestMappingHandlerMapping 543- Mapped "{[/pay/createsettleaccount],methods=[GET]}" onto public org.springframework.web.servlet.ModelAndView com.csjscm.mysqldata.controller.paycontroller.PingPayController.createsettleaccount()
2018-04-26 10:37:41.865 [restartedMain] INFO  o.s.w.s.m.m.a.RequestMappingHandlerMapping 543- Mapped "{[/pay/createsettleaccount],methods=[POST]}" onto public com.vici.response.MsgResponse com.csjscm.mysqldata.controller.paycontroller.PingPayController.createSettleAccount(com.csjscm.mysqldata.model.SettleAccount)
2018-04-26 10:37:41.865 [restartedMain] INFO  o.s.w.s.m.m.a.RequestMappingHandlerMapping 543- Mapped "{[/pay/show-settlement-account],methods=[GET]}" onto public org.springframework.web.servlet.ModelAndView com.csjscm.mysqldata.controller.paycontroller.PingPayController.showSettleAccount()
2018-04-26 10:37:41.866 [restartedMain] INFO  o.s.w.s.m.m.a.RequestMappingHandlerMapping 543- Mapped "{[/pay/deletesettleaccount],methods=[POST]}" onto public com.vici.response.MsgResponse com.csjscm.mysqldata.controller.paycontroller.PingPayController.deleteSettleAccount(com.csjscm.mysqldata.model.SettleAccount)
2018-04-26 10:37:41.866 [restartedMain] INFO  o.s.w.s.m.m.a.RequestMappingHandlerMapping 543- Mapped "{[/pay/toShowBIdRefundLogs],methods=[GET]}" onto public org.springframework.web.servlet.ModelAndView com.csjscm.mysqldata.controller.paycontroller.PingPayController.showBidRefundLogs()
2018-04-26 10:37:41.866 [restartedMain] INFO  o.s.w.s.m.m.a.RequestMappingHandlerMapping 543- Mapped "{[/pay/backlogin],methods=[POST]}" onto public org.springframework.web.servlet.ModelAndView com.csjscm.mysqldata.controller.paycontroller.PingPayController.backLogin()
2018-04-26 10:37:41.866 [restartedMain] INFO  o.s.w.s.m.m.a.RequestMappingHandlerMapping 543- Mapped "{[/pay/pay],methods=[GET]}" onto public org.springframework.web.servlet.ModelAndView com.csjscm.mysqldata.controller.paycontroller.PingPayController.pingPay()
2018-04-26 10:37:41.867 [restartedMain] INFO  o.s.w.s.m.m.a.RequestMappingHandlerMapping 543- Mapped "{[/pay/add-settlement-account],methods=[GET]}" onto public org.springframework.web.servlet.ModelAndView com.csjscm.mysqldata.controller.paycontroller.PingPayController.pictureShow()
2018-04-26 10:37:41.870 [restartedMain] INFO  o.s.w.s.m.m.a.RequestMappingHandlerMapping 543- Mapped "{[/user/admin-permission],methods=[GET]}" onto public org.springframework.web.servlet.ModelAndView com.csjscm.mysqldata.controller.UserController.toAdminPermission()
2018-04-26 10:37:41.870 [restartedMain] INFO  o.s.w.s.m.m.a.RequestMappingHandlerMapping 543- Mapped "{[/user/ajaxlogin],methods=[POST]}" onto public com.vici.response.MsgResponse com.csjscm.mysqldata.controller.UserController.ajaxlogin(java.lang.String,java.lang.String)
2018-04-26 10:37:41.870 [restartedMain] INFO  o.s.w.s.m.m.a.RequestMappingHandlerMapping 543- Mapped "{[/user/index],methods=[GET]}" onto public org.springframework.web.servlet.ModelAndView com.csjscm.mysqldata.controller.UserController.viewex()
2018-04-26 10:37:41.871 [restartedMain] INFO  o.s.w.s.m.m.a.RequestMappingHandlerMapping 543- Mapped "{[/user/tologin],methods=[GET]}" onto public org.springframework.web.servlet.ModelAndView com.csjscm.mysqldata.controller.UserController.toLogin()
2018-04-26 10:37:41.871 [restartedMain] INFO  o.s.w.s.m.m.a.RequestMappingHandlerMapping 543- Mapped "{[/user/admin-role],methods=[GET]}" onto public org.springframework.web.servlet.ModelAndView com.csjscm.mysqldata.controller.UserController.toAdminRole()
2018-04-26 10:37:41.871 [restartedMain] INFO  o.s.w.s.m.m.a.RequestMappingHandlerMapping 543- Mapped "{[/user/admin-list],methods=[GET]}" onto public org.springframework.web.servlet.ModelAndView com.csjscm.mysqldata.controller.UserController.toAdminList(com.csjscm.mysqldata.model.MemberUser)
2018-04-26 10:37:41.872 [restartedMain] INFO  o.s.w.s.m.m.a.RequestMappingHandlerMapping 543- Mapped "{[/user/updateUserStatus],methods=[POST]}" onto public com.vici.response.MsgResponse com.csjscm.mysqldata.controller.UserController.updateUserStatus(java.lang.String,int)
2018-04-26 10:37:41.872 [restartedMain] INFO  o.s.w.s.m.m.a.RequestMappingHandlerMapping 543- Mapped "{[/user/admin-edit]}" onto public com.vici.response.MsgResponse com.csjscm.mysqldata.controller.UserController.editMemberUser(java.lang.String)
2018-04-26 10:37:41.872 [restartedMain] INFO  o.s.w.s.m.m.a.RequestMappingHandlerMapping 543- Mapped "{[/v2/api-docs],methods=[GET],produces=[application/json || application/hal+json]}" onto public org.springframework.http.ResponseEntity<springfox.documentation.spring.web.json.Json> springfox.documentation.swagger2.web.Swagger2Controller.getDocumentation(java.lang.String,javax.servlet.http.HttpServletRequest)
2018-04-26 10:37:41.874 [restartedMain] INFO  o.s.w.s.m.m.a.RequestMappingHandlerMapping 543- Mapped "{[/swagger-resources/configuration/security]}" onto org.springframework.http.ResponseEntity<springfox.documentation.swagger.web.SecurityConfiguration> springfox.documentation.swagger.web.ApiResourceController.securityConfiguration()
2018-04-26 10:37:41.875 [restartedMain] INFO  o.s.w.s.m.m.a.RequestMappingHandlerMapping 543- Mapped "{[/swagger-resources/configuration/ui]}" onto org.springframework.http.ResponseEntity<springfox.documentation.swagger.web.UiConfiguration> springfox.documentation.swagger.web.ApiResourceController.uiConfiguration()
2018-04-26 10:37:41.876 [restartedMain] INFO  o.s.w.s.m.m.a.RequestMappingHandlerMapping 543- Mapped "{[/swagger-resources]}" onto org.springframework.http.ResponseEntity<java.util.List<springfox.documentation.swagger.web.SwaggerResource>> springfox.documentation.swagger.web.ApiResourceController.swaggerResources()
2018-04-26 10:37:41.878 [restartedMain] INFO  o.s.w.s.m.m.a.RequestMappingHandlerMapping 543- Mapped "{[/error]}" onto public org.springframework.http.ResponseEntity<java.util.Map<java.lang.String, java.lang.Object>> org.springframework.boot.autoconfigure.web.BasicErrorController.error(javax.servlet.http.HttpServletRequest)
2018-04-26 10:37:41.897 [restartedMain] INFO  o.s.w.s.m.m.a.RequestMappingHandlerMapping 543- Mapped "{[/error],produces=[text/html]}" onto public org.springframework.web.servlet.ModelAndView org.springframework.boot.autoconfigure.web.BasicErrorController.errorHtml(javax.servlet.http.HttpServletRequest,javax.servlet.http.HttpServletResponse)
2018-04-26 10:37:42.072 [restartedMain] INFO  o.s.web.servlet.handler.SimpleUrlHandlerMapping 362- Mapped URL path [/static/**] onto handler of type [class org.springframework.web.servlet.resource.ResourceHttpRequestHandler]
2018-04-26 10:37:42.142 [restartedMain] INFO  o.s.w.s.m.m.a.RequestMappingHandlerAdapter 534- Looking for @ControllerAdvice: org.springframework.boot.context.embedded.AnnotationConfigEmbeddedWebApplicationContext@169e9775: startup date [Thu Apr 26 10:37:37 GMT+08:00 2018]; root of context hierarchy
2018-04-26 10:37:42.525 [restartedMain] INFO  o.s.w.servlet.view.freemarker.FreeMarkerConfigurer 127- ClassTemplateLoader for Spring macros added to FreeMarker configuration
2018-04-26 10:37:43.427 [restartedMain] INFO  o.s.b.d.autoconfigure.OptionalLiveReloadServer 58- LiveReload server is running on port 35729
2018-04-26 10:37:43.489 [restartedMain] INFO  o.s.jmx.export.annotation.AnnotationMBeanExporter 431- Registering beans for JMX exposure on startup
2018-04-26 10:37:43.507 [restartedMain] INFO  o.s.context.support.DefaultLifecycleProcessor 343- Starting beans in phase 2147483647
2018-04-26 10:37:43.507 [restartedMain] INFO  s.d.s.web.plugins.DocumentationPluginsBootstrapper 120- Context refreshed
2018-04-26 10:37:43.537 [restartedMain] INFO  s.d.s.web.plugins.DocumentationPluginsBootstrapper 123- Found 1 custom documentation plugin(s)
2018-04-26 10:37:43.557 [restartedMain] INFO  s.d.spring.web.scanners.ApiListingReferenceScanner 41- Scanning for api listing references
2018-04-26 10:37:43.594 [restartedMain] INFO  org.apache.coyote.http11.Http11NioProtocol 179- Initializing ProtocolHandler ["http-nio-8082"]
2018-04-26 10:37:43.602 [restartedMain] INFO  org.apache.coyote.http11.Http11NioProtocol 179- Starting ProtocolHandler ["http-nio-8082"]
2018-04-26 10:37:43.610 [restartedMain] INFO  org.apache.tomcat.util.net.NioSelectorPool 179- Using a shared selector for servlet write/read
2018-04-26 10:37:43.627 [restartedMain] INFO  o.s.b.c.e.tomcat.TomcatEmbeddedServletContainer 201- Tomcat started on port(s): 8082 (http)
2018-04-26 10:37:43.634 [restartedMain] INFO  com.csjscm.VicidataApplication 57- Started VicidataApplication in 6.454 seconds (JVM running for 8.108)
2018-04-26 10:38:12.762 [http-nio-8082-exec-1] INFO  o.a.c.core.ContainerBase.[Tomcat].[localhost].[/] 179- Initializing Spring FrameworkServlet 'dispatcherServlet'
2018-04-26 10:38:12.763 [http-nio-8082-exec-1] INFO  org.springframework.web.servlet.DispatcherServlet 489- FrameworkServlet 'dispatcherServlet': initialization started
2018-04-26 10:38:12.782 [http-nio-8082-exec-1] INFO  org.springframework.web.servlet.DispatcherServlet 508- FrameworkServlet 'dispatcherServlet': initialization completed in 19 ms
2018-04-26 10:38:13.180 [http-nio-8082-exec-9] WARN  org.springframework.web.servlet.PageNotFound 1176- No mapping found for HTTP request with URI [/favicon.ico] in DispatcherServlet with name 'dispatcherServlet'
2018-04-26 10:38:14.227 [http-nio-8082-exec-2] INFO  com.csjscm.mysqldata.service.impl.UserServiceImpl 28- =========================servers====>
2018-04-26 10:38:14.453 [http-nio-8082-exec-2] WARN  org.apache.shiro.authc.AbstractAuthenticator 216- Authentication failed for token submission [org.apache.shiro.authc.UsernamePasswordToken - dasas, rememberMe=false].  Possible unexpected error? (Typical or expected login exceptions should extend from AuthenticationException).
java.lang.NullPointerException: null
	at com.csjscm.mysqldata.service.impl.UserServiceImpl.findByUsername(UserServiceImpl.java:35)
	at com.csjscm.mysqldata.shiro.AuthRealm.doGetAuthenticationInfo(AuthRealm.java:79)
	at org.apache.shiro.realm.AuthenticatingRealm.getAuthenticationInfo(AuthenticatingRealm.java:568)
	at org.apache.shiro.authc.pam.ModularRealmAuthenticator.doSingleRealmAuthentication(ModularRealmAuthenticator.java:180)
	at org.apache.shiro.authc.pam.ModularRealmAuthenticator.doAuthenticate(ModularRealmAuthenticator.java:267)
	at org.apache.shiro.authc.AbstractAuthenticator.authenticate(AbstractAuthenticator.java:198)
	at org.apache.shiro.mgt.AuthenticatingSecurityManager.authenticate(AuthenticatingSecurityManager.java:106)
	at org.apache.shiro.mgt.DefaultSecurityManager.login(DefaultSecurityManager.java:270)
	at org.apache.shiro.subject.support.DelegatingSubject.login(DelegatingSubject.java:256)
	at com.csjscm.mysqldata.controller.UserController.ajaxlogin(UserController.java:69)
	at sun.reflect.NativeMethodAccessorImpl.invoke0(Native Method)
	at sun.reflect.NativeMethodAccessorImpl.invoke(NativeMethodAccessorImpl.java:62)
	at sun.reflect.DelegatingMethodAccessorImpl.invoke(DelegatingMethodAccessorImpl.java:43)
	at java.lang.reflect.Method.invoke(Method.java:498)
	at org.springframework.web.method.support.InvocableHandlerMethod.doInvoke(InvocableHandlerMethod.java:205)
	at org.springframework.web.method.support.InvocableHandlerMethod.invokeForRequest(InvocableHandlerMethod.java:133)
	at org.springframework.web.servlet.mvc.method.annotation.ServletInvocableHandlerMethod.invokeAndHandle(ServletInvocableHandlerMethod.java:97)
	at org.springframework.web.servlet.mvc.method.annotation.RequestMappingHandlerAdapter.invokeHandlerMethod(RequestMappingHandlerAdapter.java:827)
	at org.springframework.web.servlet.mvc.method.annotation.RequestMappingHandlerAdapter.handleInternal(RequestMappingHandlerAdapter.java:738)
	at org.springframework.web.servlet.mvc.method.AbstractHandlerMethodAdapter.handle(AbstractHandlerMethodAdapter.java:85)
	at org.springframework.web.servlet.DispatcherServlet.doDispatch(DispatcherServlet.java:967)
	at org.springframework.web.servlet.DispatcherServlet.doService(DispatcherServlet.java:901)
	at org.springframework.web.servlet.FrameworkServlet.processRequest(FrameworkServlet.java:970)
	at org.springframework.web.servlet.FrameworkServlet.doPost(FrameworkServlet.java:872)
	at javax.servlet.http.HttpServlet.service(HttpServlet.java:661)
	at org.springframework.web.servlet.FrameworkServlet.service(FrameworkServlet.java:846)
	at javax.servlet.http.HttpServlet.service(HttpServlet.java:742)
	at org.apache.catalina.core.ApplicationFilterChain.internalDoFilter(ApplicationFilterChain.java:231)
	at org.apache.catalina.core.ApplicationFilterChain.doFilter(ApplicationFilterChain.java:166)
	at org.apache.tomcat.websocket.server.WsFilter.doFilter(WsFilter.java:52)
	at org.apache.catalina.core.ApplicationFilterChain.internalDoFilter(ApplicationFilterChain.java:193)
	at org.apache.catalina.core.ApplicationFilterChain.doFilter(ApplicationFilterChain.java:166)
	at org.apache.shiro.web.servlet.AbstractShiroFilter.executeChain(AbstractShiroFilter.java:449)
	at org.apache.shiro.web.servlet.AbstractShiroFilter$1.call(AbstractShiroFilter.java:365)
	at org.apache.shiro.subject.support.SubjectCallable.doCall(SubjectCallable.java:90)
	at org.apache.shiro.subject.support.SubjectCallable.call(SubjectCallable.java:83)
	at org.apache.shiro.subject.support.DelegatingSubject.execute(DelegatingSubject.java:383)
	at org.apache.shiro.web.servlet.AbstractShiroFilter.doFilterInternal(AbstractShiroFilter.java:362)
	at org.apache.shiro.web.servlet.OncePerRequestFilter.doFilter(OncePerRequestFilter.java:125)
	at org.apache.catalina.core.ApplicationFilterChain.internalDoFilter(ApplicationFilterChain.java:193)
	at org.apache.catalina.core.ApplicationFilterChain.doFilter(ApplicationFilterChain.java:166)
	at org.springframework.web.filter.CharacterEncodingFilter.doFilterInternal(CharacterEncodingFilter.java:197)
	at org.springframework.web.filter.OncePerRequestFilter.doFilter(OncePerRequestFilter.java:107)
	at org.apache.catalina.core.ApplicationFilterChain.internalDoFilter(ApplicationFilterChain.java:193)
	at org.apache.catalina.core.ApplicationFilterChain.doFilter(ApplicationFilterChain.java:166)
	at org.apache.catalina.core.StandardWrapperValve.invoke(StandardWrapperValve.java:199)
	at org.apache.catalina.core.StandardContextValve.invoke(StandardContextValve.java:96)
	at org.apache.catalina.authenticator.AuthenticatorBase.invoke(AuthenticatorBase.java:478)
	at org.apache.catalina.core.StandardHostValve.invoke(StandardHostValve.java:140)
	at org.apache.catalina.valves.ErrorReportValve.invoke(ErrorReportValve.java:81)
	at org.apache.catalina.core.StandardEngineValve.invoke(StandardEngineValve.java:87)
	at org.apache.catalina.connector.CoyoteAdapter.service(CoyoteAdapter.java:342)
	at org.apache.coyote.http11.Http11Processor.service(Http11Processor.java:803)
	at org.apache.coyote.AbstractProcessorLight.process(AbstractProcessorLight.java:66)
	at org.apache.coyote.AbstractProtocol$ConnectionHandler.process(AbstractProtocol.java:868)
	at org.apache.tomcat.util.net.NioEndpoint$SocketProcessor.doRun(NioEndpoint.java:1459)
	at org.apache.tomcat.util.net.SocketProcessorBase.run(SocketProcessorBase.java:49)
	at java.util.concurrent.ThreadPoolExecutor.runWorker(ThreadPoolExecutor.java:1149)
	at java.util.concurrent.ThreadPoolExecutor$Worker.run(ThreadPoolExecutor.java:624)
	at org.apache.tomcat.util.threads.TaskThread$WrappingRunnable.run(TaskThread.java:61)
	at java.lang.Thread.run(Thread.java:748)
2018-04-26 10:38:35.320 [http-nio-8082-exec-1] INFO  c.q.q.controller.paycontroller.PingPayController 155- ========================>{bidRefundLogs=[com.csjscm.oracledata.model.BidRefundLogs@44ee84c8, com.csjscm.oracledata.model.BidRefundLogs@263853b5, com.csjscm.oracledata.model.BidRefundLogs@25ceb302, com.csjscm.oracledata.model.BidRefundLogs@3dae75b, com.csjscm.oracledata.model.BidRefundLogs@3322fb2c, com.csjscm.oracledata.model.BidRefundLogs@5763b306, com.csjscm.oracledata.model.BidRefundLogs@7654c4b, com.csjscm.oracledata.model.BidRefundLogs@53d193c3, com.csjscm.oracledata.model.BidRefundLogs@778ef90e, com.csjscm.oracledata.model.BidRefundLogs@3d3f9f7a, com.csjscm.oracledata.model.BidRefundLogs@10159b82, com.csjscm.oracledata.model.BidRefundLogs@4f854dc8, com.csjscm.oracledata.model.BidRefundLogs@4f438bbf, com.csjscm.oracledata.model.BidRefundLogs@ec61962, com.csjscm.oracledata.model.BidRefundLogs@32334ab3, com.csjscm.oracledata.model.BidRefundLogs@57bdba30, com.csjscm.oracledata.model.BidRefundLogs@470cd0b, com.csjscm.oracledata.model.BidRefundLogs@3ac3c9ee, com.csjscm.oracledata.model.BidRefundLogs@128d6ad7, com.csjscm.oracledata.model.BidRefundLogs@28db2e8c, com.csjscm.oracledata.model.BidRefundLogs@2a41b609, com.csjscm.oracledata.model.BidRefundLogs@e698616], status=0}
2018-04-26 10:54:39.605 [http-nio-8082-exec-3] INFO  c.q.q.controller.paycontroller.PingPayController 155- ========================>{bidRefundLogs=[com.csjscm.oracledata.model.BidRefundLogs@cd8a2c1, com.csjscm.oracledata.model.BidRefundLogs@1212627e, com.csjscm.oracledata.model.BidRefundLogs@345890ea, com.csjscm.oracledata.model.BidRefundLogs@5edbf26a, com.csjscm.oracledata.model.BidRefundLogs@17dc8dda, com.csjscm.oracledata.model.BidRefundLogs@165c1ccd, com.csjscm.oracledata.model.BidRefundLogs@66f3112c, com.csjscm.oracledata.model.BidRefundLogs@67bae73a, com.csjscm.oracledata.model.BidRefundLogs@14fb144a, com.csjscm.oracledata.model.BidRefundLogs@6237d86c, com.csjscm.oracledata.model.BidRefundLogs@1c33df77, com.csjscm.oracledata.model.BidRefundLogs@2c8068fc, com.csjscm.oracledata.model.BidRefundLogs@60157062, com.csjscm.oracledata.model.BidRefundLogs@3c3d20b4, com.csjscm.oracledata.model.BidRefundLogs@3e778823, com.csjscm.oracledata.model.BidRefundLogs@119fd099, com.csjscm.oracledata.model.BidRefundLogs@5a4234a8, com.csjscm.oracledata.model.BidRefundLogs@faf97d4, com.csjscm.oracledata.model.BidRefundLogs@d9b3092, com.csjscm.oracledata.model.BidRefundLogs@62ef32a0, com.csjscm.oracledata.model.BidRefundLogs@29c3ad21, com.csjscm.oracledata.model.BidRefundLogs@5aa19efa], status=0}
2018-04-26 16:17:53.594 [http-nio-8082-exec-3] INFO  c.q.q.controller.paycontroller.PingPayController 155- ========================>{bidRefundLogs=[com.csjscm.oracledata.model.BidRefundLogs@6c47431f, com.csjscm.oracledata.model.BidRefundLogs@309dba15, com.csjscm.oracledata.model.BidRefundLogs@38a726fa, com.csjscm.oracledata.model.BidRefundLogs@210a667f, com.csjscm.oracledata.model.BidRefundLogs@770386fa, com.csjscm.oracledata.model.BidRefundLogs@2a13d71d, com.csjscm.oracledata.model.BidRefundLogs@2b82b453, com.csjscm.oracledata.model.BidRefundLogs@59c916c2, com.csjscm.oracledata.model.BidRefundLogs@32967f57, com.csjscm.oracledata.model.BidRefundLogs@689ed27, com.csjscm.oracledata.model.BidRefundLogs@3897f189, com.csjscm.oracledata.model.BidRefundLogs@29f99f5f, com.csjscm.oracledata.model.BidRefundLogs@281421f0, com.csjscm.oracledata.model.BidRefundLogs@613d1100, com.csjscm.oracledata.model.BidRefundLogs@6621af17, com.csjscm.oracledata.model.BidRefundLogs@347d7eb, com.csjscm.oracledata.model.BidRefundLogs@ad57dd2, com.csjscm.oracledata.model.BidRefundLogs@369d899, com.csjscm.oracledata.model.BidRefundLogs@68db96f4, com.csjscm.oracledata.model.BidRefundLogs@559efc8b, com.csjscm.oracledata.model.BidRefundLogs@74042007, com.csjscm.oracledata.model.BidRefundLogs@39e4830e], status=0}
2018-04-26 16:24:41.468 [http-nio-8082-exec-6] INFO  c.q.q.controller.paycontroller.PingPayController 155- ========================>{bidRefundLogs=[com.csjscm.oracledata.model.BidRefundLogs@e1692b8, com.csjscm.oracledata.model.BidRefundLogs@65c2dbf2, com.csjscm.oracledata.model.BidRefundLogs@154b1617, com.csjscm.oracledata.model.BidRefundLogs@2dd61148, com.csjscm.oracledata.model.BidRefundLogs@176fd518, com.csjscm.oracledata.model.BidRefundLogs@6481914c, com.csjscm.oracledata.model.BidRefundLogs@2937c865, com.csjscm.oracledata.model.BidRefundLogs@3476c05a, com.csjscm.oracledata.model.BidRefundLogs@5d5814d9, com.csjscm.oracledata.model.BidRefundLogs@353bf5cf, com.csjscm.oracledata.model.BidRefundLogs@22d877ed, com.csjscm.oracledata.model.BidRefundLogs@202e17fc, com.csjscm.oracledata.model.BidRefundLogs@3dcd21fc, com.csjscm.oracledata.model.BidRefundLogs@57322e07, com.csjscm.oracledata.model.BidRefundLogs@36b44c13, com.csjscm.oracledata.model.BidRefundLogs@66f52cce, com.csjscm.oracledata.model.BidRefundLogs@32e3332d, com.csjscm.oracledata.model.BidRefundLogs@74e76160, com.csjscm.oracledata.model.BidRefundLogs@60a76f3b, com.csjscm.oracledata.model.BidRefundLogs@2f7bbcbd, com.csjscm.oracledata.model.BidRefundLogs@42a8824, com.csjscm.oracledata.model.BidRefundLogs@4b8915a0], status=0}
2018-04-26 16:25:17.428 [http-nio-8082-exec-4] INFO  c.q.q.controller.paycontroller.PingPayController 155- ========================>{bidRefundLogs=[com.csjscm.oracledata.model.BidRefundLogs@2533a346, com.csjscm.oracledata.model.BidRefundLogs@36b27ec6, com.csjscm.oracledata.model.BidRefundLogs@591c03f2, com.csjscm.oracledata.model.BidRefundLogs@196cc33c, com.csjscm.oracledata.model.BidRefundLogs@217d7ac4, com.csjscm.oracledata.model.BidRefundLogs@49c7463, com.csjscm.oracledata.model.BidRefundLogs@3d26f491, com.csjscm.oracledata.model.BidRefundLogs@422ca52a, com.csjscm.oracledata.model.BidRefundLogs@84d5cf1, com.csjscm.oracledata.model.BidRefundLogs@6f151ef7, com.csjscm.oracledata.model.BidRefundLogs@659dfdf8, com.csjscm.oracledata.model.BidRefundLogs@42bf1194, com.csjscm.oracledata.model.BidRefundLogs@20f777e6, com.csjscm.oracledata.model.BidRefundLogs@675237a9, com.csjscm.oracledata.model.BidRefundLogs@6d2a7486, com.csjscm.oracledata.model.BidRefundLogs@5723fb06, com.csjscm.oracledata.model.BidRefundLogs@4cf0fe43, com.csjscm.oracledata.model.BidRefundLogs@3ae9770b, com.csjscm.oracledata.model.BidRefundLogs@459ba94, com.csjscm.oracledata.model.BidRefundLogs@4cea8ad2, com.csjscm.oracledata.model.BidRefundLogs@7a367ea, com.csjscm.oracledata.model.BidRefundLogs@7683193a], status=0}
2018-04-26 17:14:14.744 [http-nio-8082-exec-10] INFO  c.q.q.controller.paycontroller.PingPayController 155- ========================>{bidRefundLogs=[com.csjscm.oracledata.model.BidRefundLogs@360183d5, com.csjscm.oracledata.model.BidRefundLogs@731486d5, com.csjscm.oracledata.model.BidRefundLogs@106661ea, com.csjscm.oracledata.model.BidRefundLogs@46d90277, com.csjscm.oracledata.model.BidRefundLogs@7c7c2e52, com.csjscm.oracledata.model.BidRefundLogs@2b092d26, com.csjscm.oracledata.model.BidRefundLogs@8c3709c, com.csjscm.oracledata.model.BidRefundLogs@6071149, com.csjscm.oracledata.model.BidRefundLogs@1b94b165, com.csjscm.oracledata.model.BidRefundLogs@7996cf2c, com.csjscm.oracledata.model.BidRefundLogs@6a421712, com.csjscm.oracledata.model.BidRefundLogs@5471de4a, com.csjscm.oracledata.model.BidRefundLogs@6ad05238, com.csjscm.oracledata.model.BidRefundLogs@25f00fe1, com.csjscm.oracledata.model.BidRefundLogs@5ff076ca, com.csjscm.oracledata.model.BidRefundLogs@5a960f0, com.csjscm.oracledata.model.BidRefundLogs@6d80b3ef, com.csjscm.oracledata.model.BidRefundLogs@48aa36b9, com.csjscm.oracledata.model.BidRefundLogs@14b04f40, com.csjscm.oracledata.model.BidRefundLogs@5a5013c6, com.csjscm.oracledata.model.BidRefundLogs@3227dca8, com.csjscm.oracledata.model.BidRefundLogs@2ba12bab], status=0}
