2018-02-11 16:16:38.556 [restartedMain] INFO  o.s.c.a.AnnotationConfigApplicationContext 583- Refreshing org.springframework.context.annotation.AnnotationConfigApplicationContext@583d6f5: startup date [Sun Feb 11 16:16:38 GMT+08:00 2018]; root of context hierarchy
2018-02-11 16:16:38.658 [background-preinit] INFO  org.hibernate.validator.internal.util.Version 30- HV000001: Hibernate Validator 5.3.6.Final
2018-02-11 16:16:38.736 [restartedMain] INFO  o.s.b.f.a.AutowiredAnnotationBeanPostProcessor 155- JSR-330 'javax.inject.Inject' annotation found and supported for autowiring
2018-02-11 16:16:38.765 [restartedMain] INFO  o.s.c.s.PostProcessorRegistrationDelegate$BeanPostProcessorChecker 327- Bean 'configurationPropertiesRebinderAutoConfiguration' of type [org.springframework.cloud.autoconfigure.ConfigurationPropertiesRebinderAutoConfiguration$$EnhancerBySpringCGLIB$$6fb35c5] is not eligible for getting processed by all BeanPostProcessors (for example: not eligible for auto-proxying)
2018-02-11 16:16:39.076 [restartedMain] INFO  com.csjscm.VicidataApplication 593- No active profile set, falling back to default profiles: default
2018-02-11 16:16:39.087 [restartedMain] INFO  o.s.b.c.e.AnnotationConfigEmbeddedWebApplicationContext 583- Refreshing org.springframework.boot.context.embedded.AnnotationConfigEmbeddedWebApplicationContext@2bc6ac8d: startup date [Sun Feb 11 16:16:39 GMT+08:00 2018]; parent: org.springframework.context.annotation.AnnotationConfigApplicationContext@583d6f5
2018-02-11 16:16:40.160 [restartedMain] WARN  org.mybatis.spring.mapper.ClassPathMapperScanner 166- No MyBatis mapper was found in '[com.csjscm.mysqldata.controller, com.csjscm.mysqldata]' package. Please check your configuration.
2018-02-11 16:16:40.251 [restartedMain] WARN  o.s.c.annotation.ConfigurationClassPostProcessor 373- Cannot enhance @Configuration bean definition 'mysqlDataSourceConfig' since its singleton instance has been created too early. The typical cause is a non-static @Bean method with a BeanDefinitionRegistryPostProcessor return type: Consider declaring such methods as 'static'.
2018-02-11 16:16:40.319 [restartedMain] INFO  o.springframework.cloud.context.scope.GenericScope 263- BeanFactory id=f17d6a7f-3339-31d1-a871-5f32f8741848
2018-02-11 16:16:40.330 [restartedMain] INFO  o.s.b.f.a.AutowiredAnnotationBeanPostProcessor 155- JSR-330 'javax.inject.Inject' annotation found and supported for autowiring
2018-02-11 16:16:40.395 [restartedMain] INFO  o.s.c.s.PostProcessorRegistrationDelegate$BeanPostProcessorChecker 327- Bean 'org.springframework.transaction.annotation.ProxyTransactionManagementConfiguration' of type [org.springframework.transaction.annotation.ProxyTransactionManagementConfiguration$$EnhancerBySpringCGLIB$$eae132c8] is not eligible for getting processed by all BeanPostProcessors (for example: not eligible for auto-proxying)
2018-02-11 16:16:40.421 [restartedMain] INFO  o.s.c.s.PostProcessorRegistrationDelegate$BeanPostProcessorChecker 327- Bean 'org.springframework.cloud.autoconfigure.ConfigurationPropertiesRebinderAutoConfiguration' of type [org.springframework.cloud.autoconfigure.ConfigurationPropertiesRebinderAutoConfiguration$$EnhancerBySpringCGLIB$$6fb35c5] is not eligible for getting processed by all BeanPostProcessors (for example: not eligible for auto-proxying)
2018-02-11 16:16:40.861 [restartedMain] INFO  o.s.b.c.e.tomcat.TomcatEmbeddedServletContainer 89- Tomcat initialized with port(s): 8080 (http)
2018-02-11 16:16:40.872 [restartedMain] INFO  org.apache.catalina.core.StandardService 179- Starting service [Tomcat]
2018-02-11 16:16:40.873 [restartedMain] INFO  org.apache.catalina.core.StandardEngine 179- Starting Servlet Engine: Apache Tomcat/8.5.23
2018-02-11 16:16:40.977 [localhost-startStop-1] INFO  o.a.c.core.ContainerBase.[Tomcat].[localhost].[/] 179- Initializing Spring embedded WebApplicationContext
2018-02-11 16:16:40.977 [localhost-startStop-1] INFO  org.springframework.web.context.ContextLoader 276- Root WebApplicationContext: initialization completed in 1890 ms
2018-02-11 16:16:41.056 [localhost-startStop-1] INFO  o.s.boot.web.servlet.ServletRegistrationBean 190- Mapping servlet: 'dispatcherServlet' to [/]
2018-02-11 16:16:41.059 [localhost-startStop-1] INFO  o.s.boot.web.servlet.FilterRegistrationBean 258- Mapping filter: 'characterEncodingFilter' to: [/*]
2018-02-11 16:16:41.685 [restartedMain] INFO  o.s.w.s.m.m.a.RequestMappingHandlerMapping 543- Mapped "{[/article/toarticle]}" onto public org.springframework.web.servlet.ModelAndView com.csjscm.mysqldata.controller.articlecontroller.ArticleController.toArticle()
2018-02-11 16:16:41.686 [restartedMain] INFO  o.s.w.s.m.m.a.RequestMappingHandlerMapping 543- Mapped "{[/article/toarticle1]}" onto public org.springframework.web.servlet.ModelAndView com.csjscm.mysqldata.controller.articlecontroller.ArticleController.toArticle1()
2018-02-11 16:16:41.687 [restartedMain] INFO  o.s.w.s.m.m.a.RequestMappingHandlerMapping 543- Mapped "{[/article/listtoarticle]}" onto public java.lang.String com.csjscm.mysqldata.controller.articlecontroller.ArticleController.listArticleType(com.csjscm.mysqldata.model.ArticleTypeQuery)
2018-02-11 16:16:41.689 [restartedMain] INFO  o.s.w.s.m.m.a.RequestMappingHandlerMapping 543- Mapped "{[/user/userlogin],methods=[GET]}" onto public java.util.List<com.csjscm.mysqldata.model.UserModel> com.csjscm.mysqldata.controller.UserController.selectUser()
2018-02-11 16:16:41.689 [restartedMain] INFO  o.s.w.s.m.m.a.RequestMappingHandlerMapping 543- Mapped "{[/user/view1],methods=[GET]}" onto public org.springframework.web.servlet.ModelAndView com.csjscm.mysqldata.controller.UserController.viewex()
2018-02-11 16:16:41.689 [restartedMain] INFO  o.s.w.s.m.m.a.RequestMappingHandlerMapping 543- Mapped "{[/user/tologin],methods=[GET]}" onto public org.springframework.web.servlet.ModelAndView com.csjscm.mysqldata.controller.UserController.toLogin()
2018-02-11 16:16:41.690 [restartedMain] INFO  o.s.w.s.m.m.a.RequestMappingHandlerMapping 543- Mapped "{[/user/backlogin],methods=[POST]}" onto public org.springframework.web.servlet.ModelAndView com.csjscm.mysqldata.controller.UserController.backLogin()
2018-02-11 16:16:41.691 [restartedMain] INFO  o.s.w.s.m.m.a.RequestMappingHandlerMapping 543- Mapped "{[/v2/api-docs],methods=[GET],produces=[application/json || application/hal+json]}" onto public org.springframework.http.ResponseEntity<springfox.documentation.spring.web.json.Json> springfox.documentation.swagger2.web.Swagger2Controller.getDocumentation(java.lang.String,javax.servlet.http.HttpServletRequest)
2018-02-11 16:16:41.693 [restartedMain] INFO  o.s.w.s.m.m.a.RequestMappingHandlerMapping 543- Mapped "{[/swagger-resources/configuration/ui]}" onto org.springframework.http.ResponseEntity<springfox.documentation.swagger.web.UiConfiguration> springfox.documentation.swagger.web.ApiResourceController.uiConfiguration()
2018-02-11 16:16:41.694 [restartedMain] INFO  o.s.w.s.m.m.a.RequestMappingHandlerMapping 543- Mapped "{[/swagger-resources]}" onto org.springframework.http.ResponseEntity<java.util.List<springfox.documentation.swagger.web.SwaggerResource>> springfox.documentation.swagger.web.ApiResourceController.swaggerResources()
2018-02-11 16:16:41.695 [restartedMain] INFO  o.s.w.s.m.m.a.RequestMappingHandlerMapping 543- Mapped "{[/swagger-resources/configuration/security]}" onto org.springframework.http.ResponseEntity<springfox.documentation.swagger.web.SecurityConfiguration> springfox.documentation.swagger.web.ApiResourceController.securityConfiguration()
2018-02-11 16:16:41.697 [restartedMain] INFO  o.s.w.s.m.m.a.RequestMappingHandlerMapping 543- Mapped "{[/error]}" onto public org.springframework.http.ResponseEntity<java.util.Map<java.lang.String, java.lang.Object>> org.springframework.boot.autoconfigure.web.BasicErrorController.error(javax.servlet.http.HttpServletRequest)
2018-02-11 16:16:41.697 [restartedMain] INFO  o.s.w.s.m.m.a.RequestMappingHandlerMapping 543- Mapped "{[/error],produces=[text/html]}" onto public org.springframework.web.servlet.ModelAndView org.springframework.boot.autoconfigure.web.BasicErrorController.errorHtml(javax.servlet.http.HttpServletRequest,javax.servlet.http.HttpServletResponse)
2018-02-11 16:16:41.787 [restartedMain] INFO  o.s.web.servlet.handler.SimpleUrlHandlerMapping 362- Mapped URL path [/static/**] onto handler of type [class org.springframework.web.servlet.resource.ResourceHttpRequestHandler]
2018-02-11 16:16:41.827 [restartedMain] INFO  o.s.w.s.m.m.a.RequestMappingHandlerAdapter 534- Looking for @ControllerAdvice: org.springframework.boot.context.embedded.AnnotationConfigEmbeddedWebApplicationContext@2bc6ac8d: startup date [Sun Feb 11 16:16:39 GMT+08:00 2018]; parent: org.springframework.context.annotation.AnnotationConfigApplicationContext@583d6f5
2018-02-11 16:16:42.217 [restartedMain] INFO  o.s.w.servlet.view.freemarker.FreeMarkerConfigurer 127- ClassTemplateLoader for Spring macros added to FreeMarker configuration
2018-02-11 16:16:42.378 [restartedMain] INFO  o.s.b.d.autoconfigure.OptionalLiveReloadServer 58- LiveReload server is running on port 35729
2018-02-11 16:16:42.471 [restartedMain] WARN  o.s.c.netflix.archaius.ArchaiusAutoConfiguration 138- No spring.application.name found, defaulting to 'application'
2018-02-11 16:16:42.474 [restartedMain] WARN  com.netflix.config.sources.URLConfigurationSource 121- No URLs will be polled as dynamic configuration sources.
2018-02-11 16:16:42.474 [restartedMain] INFO  com.netflix.config.sources.URLConfigurationSource 122- To enable URLs as dynamic configuration sources, define System property archaius.configurationSource.additionalUrls or make config.properties available on classpath.
2018-02-11 16:16:42.478 [restartedMain] WARN  com.netflix.config.sources.URLConfigurationSource 121- No URLs will be polled as dynamic configuration sources.
2018-02-11 16:16:42.478 [restartedMain] INFO  com.netflix.config.sources.URLConfigurationSource 122- To enable URLs as dynamic configuration sources, define System property archaius.configurationSource.additionalUrls or make config.properties available on classpath.
2018-02-11 16:16:42.549 [restartedMain] INFO  o.s.jmx.export.annotation.AnnotationMBeanExporter 431- Registering beans for JMX exposure on startup
2018-02-11 16:16:42.557 [restartedMain] INFO  o.s.jmx.export.annotation.AnnotationMBeanExporter 916- Bean with name 'configurationPropertiesRebinder' has been autodetected for JMX exposure
2018-02-11 16:16:42.558 [restartedMain] INFO  o.s.jmx.export.annotation.AnnotationMBeanExporter 916- Bean with name 'environmentManager' has been autodetected for JMX exposure
2018-02-11 16:16:42.558 [restartedMain] INFO  o.s.jmx.export.annotation.AnnotationMBeanExporter 916- Bean with name 'refreshScope' has been autodetected for JMX exposure
2018-02-11 16:16:42.560 [restartedMain] INFO  o.s.jmx.export.annotation.AnnotationMBeanExporter 678- Located managed bean 'environmentManager': registering with JMX server as MBean [org.springframework.cloud.context.environment:name=environmentManager,type=EnvironmentManager]
2018-02-11 16:16:42.573 [restartedMain] INFO  o.s.jmx.export.annotation.AnnotationMBeanExporter 678- Located managed bean 'refreshScope': registering with JMX server as MBean [org.springframework.cloud.context.scope.refresh:name=refreshScope,type=RefreshScope]
2018-02-11 16:16:42.580 [restartedMain] INFO  o.s.jmx.export.annotation.AnnotationMBeanExporter 678- Located managed bean 'configurationPropertiesRebinder': registering with JMX server as MBean [org.springframework.cloud.context.properties:name=configurationPropertiesRebinder,context=2bc6ac8d,type=ConfigurationPropertiesRebinder]
2018-02-11 16:16:42.741 [restartedMain] INFO  o.s.context.support.DefaultLifecycleProcessor 343- Starting beans in phase 2147483647
2018-02-11 16:16:42.741 [restartedMain] INFO  s.d.s.web.plugins.DocumentationPluginsBootstrapper 120- Context refreshed
2018-02-11 16:16:42.761 [restartedMain] INFO  s.d.s.web.plugins.DocumentationPluginsBootstrapper 123- Found 1 custom documentation plugin(s)
2018-02-11 16:16:42.773 [restartedMain] INFO  s.d.spring.web.scanners.ApiListingReferenceScanner 41- Scanning for api listing references
2018-02-11 16:16:42.800 [restartedMain] INFO  org.apache.coyote.http11.Http11NioProtocol 179- Initializing ProtocolHandler ["http-nio-8080"]
2018-02-11 16:16:42.808 [restartedMain] INFO  org.apache.coyote.http11.Http11NioProtocol 179- Starting ProtocolHandler ["http-nio-8080"]
2018-02-11 16:16:42.812 [restartedMain] ERROR org.apache.coyote.http11.Http11NioProtocol 181- Failed to start end point associated with ProtocolHandler ["http-nio-8080"]
java.net.BindException: Address already in use: bind
	at sun.nio.ch.Net.bind0(Native Method)
	at sun.nio.ch.Net.bind(Net.java:433)
	at sun.nio.ch.Net.bind(Net.java:425)
	at sun.nio.ch.ServerSocketChannelImpl.bind(ServerSocketChannelImpl.java:223)
	at sun.nio.ch.ServerSocketAdaptor.bind(ServerSocketAdaptor.java:74)
	at org.apache.tomcat.util.net.NioEndpoint.bind(NioEndpoint.java:210)
	at org.apache.tomcat.util.net.AbstractEndpoint.start(AbstractEndpoint.java:990)
	at org.apache.coyote.AbstractProtocol.start(AbstractProtocol.java:635)
	at org.apache.catalina.connector.Connector.startInternal(Connector.java:1022)
	at org.apache.catalina.util.LifecycleBase.start(LifecycleBase.java:150)
	at org.apache.catalina.core.StandardService.addConnector(StandardService.java:225)
	at org.springframework.boot.context.embedded.tomcat.TomcatEmbeddedServletContainer.addPreviouslyRemovedConnectors(TomcatEmbeddedServletContainer.java:250)
	at org.springframework.boot.context.embedded.tomcat.TomcatEmbeddedServletContainer.start(TomcatEmbeddedServletContainer.java:193)
	at org.springframework.boot.context.embedded.EmbeddedWebApplicationContext.startEmbeddedServletContainer(EmbeddedWebApplicationContext.java:297)
	at org.springframework.boot.context.embedded.EmbeddedWebApplicationContext.finishRefresh(EmbeddedWebApplicationContext.java:145)
	at org.springframework.context.support.AbstractApplicationContext.refresh(AbstractApplicationContext.java:546)
	at org.springframework.boot.context.embedded.EmbeddedWebApplicationContext.refresh(EmbeddedWebApplicationContext.java:122)
	at org.springframework.boot.SpringApplication.refresh(SpringApplication.java:693)
	at org.springframework.boot.SpringApplication.refreshContext(SpringApplication.java:360)
	at org.springframework.boot.SpringApplication.run(SpringApplication.java:303)
	at org.springframework.boot.SpringApplication.run(SpringApplication.java:1118)
	at org.springframework.boot.SpringApplication.run(SpringApplication.java:1107)
	at com.csjscm.VicidataApplication.main(VicidataApplication.java:11)
	at sun.reflect.NativeMethodAccessorImpl.invoke0(Native Method)
	at sun.reflect.NativeMethodAccessorImpl.invoke(NativeMethodAccessorImpl.java:62)
	at sun.reflect.DelegatingMethodAccessorImpl.invoke(DelegatingMethodAccessorImpl.java:43)
	at java.lang.reflect.Method.invoke(Method.java:498)
	at org.springframework.boot.devtools.restart.RestartLauncher.run(RestartLauncher.java:49)
2018-02-11 16:16:42.812 [restartedMain] ERROR org.apache.catalina.core.StandardService 181- Failed to start connector [Connector[HTTP/1.1-8080]]
org.apache.catalina.LifecycleException: Failed to start component [Connector[HTTP/1.1-8080]]
	at org.apache.catalina.util.LifecycleBase.start(LifecycleBase.java:167)
	at org.apache.catalina.core.StandardService.addConnector(StandardService.java:225)
	at org.springframework.boot.context.embedded.tomcat.TomcatEmbeddedServletContainer.addPreviouslyRemovedConnectors(TomcatEmbeddedServletContainer.java:250)
	at org.springframework.boot.context.embedded.tomcat.TomcatEmbeddedServletContainer.start(TomcatEmbeddedServletContainer.java:193)
	at org.springframework.boot.context.embedded.EmbeddedWebApplicationContext.startEmbeddedServletContainer(EmbeddedWebApplicationContext.java:297)
	at org.springframework.boot.context.embedded.EmbeddedWebApplicationContext.finishRefresh(EmbeddedWebApplicationContext.java:145)
	at org.springframework.context.support.AbstractApplicationContext.refresh(AbstractApplicationContext.java:546)
	at org.springframework.boot.context.embedded.EmbeddedWebApplicationContext.refresh(EmbeddedWebApplicationContext.java:122)
	at org.springframework.boot.SpringApplication.refresh(SpringApplication.java:693)
	at org.springframework.boot.SpringApplication.refreshContext(SpringApplication.java:360)
	at org.springframework.boot.SpringApplication.run(SpringApplication.java:303)
	at org.springframework.boot.SpringApplication.run(SpringApplication.java:1118)
	at org.springframework.boot.SpringApplication.run(SpringApplication.java:1107)
	at com.csjscm.VicidataApplication.main(VicidataApplication.java:11)
	at sun.reflect.NativeMethodAccessorImpl.invoke0(Native Method)
	at sun.reflect.NativeMethodAccessorImpl.invoke(NativeMethodAccessorImpl.java:62)
	at sun.reflect.DelegatingMethodAccessorImpl.invoke(DelegatingMethodAccessorImpl.java:43)
	at java.lang.reflect.Method.invoke(Method.java:498)
	at org.springframework.boot.devtools.restart.RestartLauncher.run(RestartLauncher.java:49)
Caused by: org.apache.catalina.LifecycleException: service.getName(): "Tomcat";  Protocol handler start failed
	at org.apache.catalina.connector.Connector.startInternal(Connector.java:1031)
	at org.apache.catalina.util.LifecycleBase.start(LifecycleBase.java:150)
	... 18 common frames omitted
Caused by: java.net.BindException: Address already in use: bind
	at sun.nio.ch.Net.bind0(Native Method)
	at sun.nio.ch.Net.bind(Net.java:433)
	at sun.nio.ch.Net.bind(Net.java:425)
	at sun.nio.ch.ServerSocketChannelImpl.bind(ServerSocketChannelImpl.java:223)
	at sun.nio.ch.ServerSocketAdaptor.bind(ServerSocketAdaptor.java:74)
	at org.apache.tomcat.util.net.NioEndpoint.bind(NioEndpoint.java:210)
	at org.apache.tomcat.util.net.AbstractEndpoint.start(AbstractEndpoint.java:990)
	at org.apache.coyote.AbstractProtocol.start(AbstractProtocol.java:635)
	at org.apache.catalina.connector.Connector.startInternal(Connector.java:1022)
	... 19 common frames omitted
2018-02-11 16:16:42.822 [restartedMain] INFO  org.apache.coyote.http11.Http11NioProtocol 179- Pausing ProtocolHandler ["http-nio-8080"]
2018-02-11 16:16:42.822 [restartedMain] INFO  org.apache.catalina.core.StandardService 179- Stopping service [Tomcat]
2018-02-11 16:16:42.829 [localhost-startStop-1] WARN  org.apache.catalina.loader.WebappClassLoaderBase 179- The web application [ROOT] appears to have started a thread named [Abandoned connection cleanup thread] but has failed to stop it. This is very likely to create a memory leak. Stack trace of thread:
 java.lang.Object.wait(Native Method)
 java.lang.ref.ReferenceQueue.remove(ReferenceQueue.java:143)
 com.mysql.jdbc.AbandonedConnectionCleanupThread.run(AbandonedConnectionCleanupThread.java:43)
2018-02-11 16:16:42.847 [restartedMain] INFO  org.apache.catalina.util.LifecycleBase 179- The stop() method was called on component [StandardServer[-1]] after stop() had already been called. The second call will be ignored.
2018-02-11 16:16:42.847 [restartedMain] INFO  org.apache.coyote.http11.Http11NioProtocol 179- Stopping ProtocolHandler ["http-nio-8080"]
2018-02-11 16:16:42.848 [restartedMain] INFO  org.apache.coyote.http11.Http11NioProtocol 179- Destroying ProtocolHandler ["http-nio-8080"]
2018-02-11 16:16:42.850 [restartedMain] INFO  o.s.b.a.l.AutoConfigurationReportLoggingInitializer 101- 

Error starting ApplicationContext. To display the auto-configuration report re-run your application with 'debug' enabled.
2018-02-11 16:16:42.855 [restartedMain] ERROR o.s.b.diagnostics.LoggingFailureAnalysisReporter 42- 

***************************
APPLICATION FAILED TO START
***************************

Description:

The Tomcat connector configured to listen on port 8080 failed to start. The port may already be in use or the connector may be misconfigured.

Action:

Verify the connector's configuration, identify and stop any process that's listening on port 8080, or configure this application to listen on another port.

2018-02-11 16:16:42.856 [restartedMain] INFO  o.s.b.c.e.AnnotationConfigEmbeddedWebApplicationContext 984- Closing org.springframework.boot.context.embedded.AnnotationConfigEmbeddedWebApplicationContext@2bc6ac8d: startup date [Sun Feb 11 16:16:39 GMT+08:00 2018]; parent: org.springframework.context.annotation.AnnotationConfigApplicationContext@583d6f5
2018-02-11 16:16:42.858 [restartedMain] INFO  o.s.context.support.DefaultLifecycleProcessor 358- Stopping beans in phase 2147483647
2018-02-11 16:16:42.861 [restartedMain] INFO  o.s.jmx.export.annotation.AnnotationMBeanExporter 449- Unregistering JMX-exposed beans on shutdown
2018-02-11 16:16:42.861 [restartedMain] INFO  o.s.jmx.export.annotation.AnnotationMBeanExporter 241- Unregistering JMX-exposed beans
2018-02-11 16:16:55.037 [restartedMain] INFO  o.s.c.a.AnnotationConfigApplicationContext 583- Refreshing org.springframework.context.annotation.AnnotationConfigApplicationContext@284b0e45: startup date [Sun Feb 11 16:16:55 GMT+08:00 2018]; root of context hierarchy
2018-02-11 16:16:55.116 [background-preinit] INFO  org.hibernate.validator.internal.util.Version 30- HV000001: Hibernate Validator 5.3.6.Final
2018-02-11 16:16:55.171 [restartedMain] INFO  o.s.b.f.a.AutowiredAnnotationBeanPostProcessor 155- JSR-330 'javax.inject.Inject' annotation found and supported for autowiring
2018-02-11 16:16:55.196 [restartedMain] INFO  o.s.c.s.PostProcessorRegistrationDelegate$BeanPostProcessorChecker 327- Bean 'configurationPropertiesRebinderAutoConfiguration' of type [org.springframework.cloud.autoconfigure.ConfigurationPropertiesRebinderAutoConfiguration$$EnhancerBySpringCGLIB$$57841159] is not eligible for getting processed by all BeanPostProcessors (for example: not eligible for auto-proxying)
2018-02-11 16:16:55.488 [restartedMain] INFO  com.csjscm.VicidataApplication 593- No active profile set, falling back to default profiles: default
2018-02-11 16:16:55.497 [restartedMain] INFO  o.s.b.c.e.AnnotationConfigEmbeddedWebApplicationContext 583- Refreshing org.springframework.boot.context.embedded.AnnotationConfigEmbeddedWebApplicationContext@405da113: startup date [Sun Feb 11 16:16:55 GMT+08:00 2018]; parent: org.springframework.context.annotation.AnnotationConfigApplicationContext@284b0e45
2018-02-11 16:16:56.259 [restartedMain] WARN  org.mybatis.spring.mapper.ClassPathMapperScanner 166- No MyBatis mapper was found in '[com.csjscm.mysqldata.controller, com.csjscm.mysqldata]' package. Please check your configuration.
2018-02-11 16:16:56.349 [restartedMain] WARN  o.s.c.annotation.ConfigurationClassPostProcessor 373- Cannot enhance @Configuration bean definition 'mysqlDataSourceConfig' since its singleton instance has been created too early. The typical cause is a non-static @Bean method with a BeanDefinitionRegistryPostProcessor return type: Consider declaring such methods as 'static'.
2018-02-11 16:16:56.422 [restartedMain] INFO  o.springframework.cloud.context.scope.GenericScope 263- BeanFactory id=f17d6a7f-3339-31d1-a871-5f32f8741848
2018-02-11 16:16:56.432 [restartedMain] INFO  o.s.b.f.a.AutowiredAnnotationBeanPostProcessor 155- JSR-330 'javax.inject.Inject' annotation found and supported for autowiring
2018-02-11 16:16:56.508 [restartedMain] INFO  o.s.c.s.PostProcessorRegistrationDelegate$BeanPostProcessorChecker 327- Bean 'org.springframework.transaction.annotation.ProxyTransactionManagementConfiguration' of type [org.springframework.transaction.annotation.ProxyTransactionManagementConfiguration$$EnhancerBySpringCGLIB$$3b6a0e5c] is not eligible for getting processed by all BeanPostProcessors (for example: not eligible for auto-proxying)
2018-02-11 16:16:56.532 [restartedMain] INFO  o.s.c.s.PostProcessorRegistrationDelegate$BeanPostProcessorChecker 327- Bean 'org.springframework.cloud.autoconfigure.ConfigurationPropertiesRebinderAutoConfiguration' of type [org.springframework.cloud.autoconfigure.ConfigurationPropertiesRebinderAutoConfiguration$$EnhancerBySpringCGLIB$$57841159] is not eligible for getting processed by all BeanPostProcessors (for example: not eligible for auto-proxying)
2018-02-11 16:16:56.844 [restartedMain] INFO  o.s.b.c.e.tomcat.TomcatEmbeddedServletContainer 89- Tomcat initialized with port(s): 8080 (http)
2018-02-11 16:16:56.851 [restartedMain] INFO  org.apache.catalina.core.StandardService 179- Starting service [Tomcat]
2018-02-11 16:16:56.851 [restartedMain] INFO  org.apache.catalina.core.StandardEngine 179- Starting Servlet Engine: Apache Tomcat/8.5.23
2018-02-11 16:16:56.936 [localhost-startStop-1] INFO  o.a.c.core.ContainerBase.[Tomcat].[localhost].[/] 179- Initializing Spring embedded WebApplicationContext
2018-02-11 16:16:56.936 [localhost-startStop-1] INFO  org.springframework.web.context.ContextLoader 276- Root WebApplicationContext: initialization completed in 1439 ms
2018-02-11 16:16:57.016 [localhost-startStop-1] INFO  o.s.boot.web.servlet.ServletRegistrationBean 190- Mapping servlet: 'dispatcherServlet' to [/]
2018-02-11 16:16:57.019 [localhost-startStop-1] INFO  o.s.boot.web.servlet.FilterRegistrationBean 258- Mapping filter: 'characterEncodingFilter' to: [/*]
2018-02-11 16:16:57.572 [restartedMain] INFO  o.s.w.s.m.m.a.RequestMappingHandlerMapping 543- Mapped "{[/article/toarticle]}" onto public org.springframework.web.servlet.ModelAndView com.csjscm.mysqldata.controller.articlecontroller.ArticleController.toArticle()
2018-02-11 16:16:57.573 [restartedMain] INFO  o.s.w.s.m.m.a.RequestMappingHandlerMapping 543- Mapped "{[/article/toarticle1]}" onto public org.springframework.web.servlet.ModelAndView com.csjscm.mysqldata.controller.articlecontroller.ArticleController.toArticle1()
2018-02-11 16:16:57.574 [restartedMain] INFO  o.s.w.s.m.m.a.RequestMappingHandlerMapping 543- Mapped "{[/article/listtoarticle]}" onto public java.lang.String com.csjscm.mysqldata.controller.articlecontroller.ArticleController.listArticleType(com.csjscm.mysqldata.model.ArticleTypeQuery)
2018-02-11 16:16:57.576 [restartedMain] INFO  o.s.w.s.m.m.a.RequestMappingHandlerMapping 543- Mapped "{[/user/view1],methods=[GET]}" onto public org.springframework.web.servlet.ModelAndView com.csjscm.mysqldata.controller.UserController.viewex()
2018-02-11 16:16:57.576 [restartedMain] INFO  o.s.w.s.m.m.a.RequestMappingHandlerMapping 543- Mapped "{[/user/tologin],methods=[GET]}" onto public org.springframework.web.servlet.ModelAndView com.csjscm.mysqldata.controller.UserController.toLogin()
2018-02-11 16:16:57.576 [restartedMain] INFO  o.s.w.s.m.m.a.RequestMappingHandlerMapping 543- Mapped "{[/user/backlogin],methods=[POST]}" onto public org.springframework.web.servlet.ModelAndView com.csjscm.mysqldata.controller.UserController.backLogin()
2018-02-11 16:16:57.576 [restartedMain] INFO  o.s.w.s.m.m.a.RequestMappingHandlerMapping 543- Mapped "{[/user/userlogin],methods=[GET]}" onto public java.util.List<com.csjscm.mysqldata.model.UserModel> com.csjscm.mysqldata.controller.UserController.selectUser()
2018-02-11 16:16:57.577 [restartedMain] INFO  o.s.w.s.m.m.a.RequestMappingHandlerMapping 543- Mapped "{[/v2/api-docs],methods=[GET],produces=[application/json || application/hal+json]}" onto public org.springframework.http.ResponseEntity<springfox.documentation.spring.web.json.Json> springfox.documentation.swagger2.web.Swagger2Controller.getDocumentation(java.lang.String,javax.servlet.http.HttpServletRequest)
2018-02-11 16:16:57.579 [restartedMain] INFO  o.s.w.s.m.m.a.RequestMappingHandlerMapping 543- Mapped "{[/swagger-resources/configuration/ui]}" onto org.springframework.http.ResponseEntity<springfox.documentation.swagger.web.UiConfiguration> springfox.documentation.swagger.web.ApiResourceController.uiConfiguration()
2018-02-11 16:16:57.580 [restartedMain] INFO  o.s.w.s.m.m.a.RequestMappingHandlerMapping 543- Mapped "{[/swagger-resources]}" onto org.springframework.http.ResponseEntity<java.util.List<springfox.documentation.swagger.web.SwaggerResource>> springfox.documentation.swagger.web.ApiResourceController.swaggerResources()
2018-02-11 16:16:57.581 [restartedMain] INFO  o.s.w.s.m.m.a.RequestMappingHandlerMapping 543- Mapped "{[/swagger-resources/configuration/security]}" onto org.springframework.http.ResponseEntity<springfox.documentation.swagger.web.SecurityConfiguration> springfox.documentation.swagger.web.ApiResourceController.securityConfiguration()
2018-02-11 16:16:57.583 [restartedMain] INFO  o.s.w.s.m.m.a.RequestMappingHandlerMapping 543- Mapped "{[/error]}" onto public org.springframework.http.ResponseEntity<java.util.Map<java.lang.String, java.lang.Object>> org.springframework.boot.autoconfigure.web.BasicErrorController.error(javax.servlet.http.HttpServletRequest)
2018-02-11 16:16:57.583 [restartedMain] INFO  o.s.w.s.m.m.a.RequestMappingHandlerMapping 543- Mapped "{[/error],produces=[text/html]}" onto public org.springframework.web.servlet.ModelAndView org.springframework.boot.autoconfigure.web.BasicErrorController.errorHtml(javax.servlet.http.HttpServletRequest,javax.servlet.http.HttpServletResponse)
2018-02-11 16:16:57.674 [restartedMain] INFO  o.s.web.servlet.handler.SimpleUrlHandlerMapping 362- Mapped URL path [/static/**] onto handler of type [class org.springframework.web.servlet.resource.ResourceHttpRequestHandler]
2018-02-11 16:16:57.710 [restartedMain] INFO  o.s.w.s.m.m.a.RequestMappingHandlerAdapter 534- Looking for @ControllerAdvice: org.springframework.boot.context.embedded.AnnotationConfigEmbeddedWebApplicationContext@405da113: startup date [Sun Feb 11 16:16:55 GMT+08:00 2018]; parent: org.springframework.context.annotation.AnnotationConfigApplicationContext@284b0e45
2018-02-11 16:16:58.081 [restartedMain] INFO  o.s.w.servlet.view.freemarker.FreeMarkerConfigurer 127- ClassTemplateLoader for Spring macros added to FreeMarker configuration
2018-02-11 16:16:58.192 [restartedMain] INFO  o.s.b.d.autoconfigure.OptionalLiveReloadServer 58- LiveReload server is running on port 35729
2018-02-11 16:16:58.281 [restartedMain] WARN  o.s.c.netflix.archaius.ArchaiusAutoConfiguration 138- No spring.application.name found, defaulting to 'application'
2018-02-11 16:16:58.283 [restartedMain] WARN  com.netflix.config.sources.URLConfigurationSource 121- No URLs will be polled as dynamic configuration sources.
2018-02-11 16:16:58.283 [restartedMain] INFO  com.netflix.config.sources.URLConfigurationSource 122- To enable URLs as dynamic configuration sources, define System property archaius.configurationSource.additionalUrls or make config.properties available on classpath.
2018-02-11 16:16:58.287 [restartedMain] WARN  com.netflix.config.sources.URLConfigurationSource 121- No URLs will be polled as dynamic configuration sources.
2018-02-11 16:16:58.287 [restartedMain] INFO  com.netflix.config.sources.URLConfigurationSource 122- To enable URLs as dynamic configuration sources, define System property archaius.configurationSource.additionalUrls or make config.properties available on classpath.
2018-02-11 16:16:58.359 [restartedMain] INFO  o.s.jmx.export.annotation.AnnotationMBeanExporter 431- Registering beans for JMX exposure on startup
2018-02-11 16:16:58.365 [restartedMain] INFO  o.s.jmx.export.annotation.AnnotationMBeanExporter 916- Bean with name 'configurationPropertiesRebinder' has been autodetected for JMX exposure
2018-02-11 16:16:58.366 [restartedMain] INFO  o.s.jmx.export.annotation.AnnotationMBeanExporter 916- Bean with name 'environmentManager' has been autodetected for JMX exposure
2018-02-11 16:16:58.367 [restartedMain] INFO  o.s.jmx.export.annotation.AnnotationMBeanExporter 916- Bean with name 'refreshScope' has been autodetected for JMX exposure
2018-02-11 16:16:58.368 [restartedMain] INFO  o.s.jmx.export.annotation.AnnotationMBeanExporter 678- Located managed bean 'environmentManager': registering with JMX server as MBean [org.springframework.cloud.context.environment:name=environmentManager,type=EnvironmentManager]
2018-02-11 16:16:58.378 [restartedMain] INFO  o.s.jmx.export.annotation.AnnotationMBeanExporter 678- Located managed bean 'refreshScope': registering with JMX server as MBean [org.springframework.cloud.context.scope.refresh:name=refreshScope,type=RefreshScope]
2018-02-11 16:16:58.385 [restartedMain] INFO  o.s.jmx.export.annotation.AnnotationMBeanExporter 678- Located managed bean 'configurationPropertiesRebinder': registering with JMX server as MBean [org.springframework.cloud.context.properties:name=configurationPropertiesRebinder,context=405da113,type=ConfigurationPropertiesRebinder]
2018-02-11 16:16:58.546 [restartedMain] INFO  o.s.context.support.DefaultLifecycleProcessor 343- Starting beans in phase 2147483647
2018-02-11 16:16:58.546 [restartedMain] INFO  s.d.s.web.plugins.DocumentationPluginsBootstrapper 120- Context refreshed
2018-02-11 16:16:58.559 [restartedMain] INFO  s.d.s.web.plugins.DocumentationPluginsBootstrapper 123- Found 1 custom documentation plugin(s)
2018-02-11 16:16:58.570 [restartedMain] INFO  s.d.spring.web.scanners.ApiListingReferenceScanner 41- Scanning for api listing references
2018-02-11 16:16:58.592 [restartedMain] INFO  org.apache.coyote.http11.Http11NioProtocol 179- Initializing ProtocolHandler ["http-nio-8080"]
2018-02-11 16:16:58.598 [restartedMain] INFO  org.apache.coyote.http11.Http11NioProtocol 179- Starting ProtocolHandler ["http-nio-8080"]
2018-02-11 16:16:58.607 [restartedMain] INFO  org.apache.tomcat.util.net.NioSelectorPool 179- Using a shared selector for servlet write/read
2018-02-11 16:16:58.623 [restartedMain] INFO  o.s.b.c.e.tomcat.TomcatEmbeddedServletContainer 201- Tomcat started on port(s): 8080 (http)
2018-02-11 16:16:58.627 [restartedMain] INFO  com.csjscm.VicidataApplication 57- Started VicidataApplication in 4.188 seconds (JVM running for 4.786)
2018-02-11 16:18:49.205 [http-nio-8080-exec-1] INFO  org.apache.tomcat.util.http.parser.Cookie 179- A cookie header was received [1518136108,1518150886,1518308819; Hm_lpvt_86670fd75a12201bcdcefac1e98b076f=1518333746; Hm_lvt_a46387646542db27a337e807745077f4=1518050393,1518136108,1518150886,1518308819; Hm_lpvt_a46387646542db27a337e807745077f4=1518333746] that contained an invalid cookie. That cookie will be ignored.Note: further occurrences of this error will be logged at DEBUG level.
2018-02-11 16:18:49.212 [http-nio-8080-exec-1] INFO  o.a.c.core.ContainerBase.[Tomcat].[localhost].[/] 179- Initializing Spring FrameworkServlet 'dispatcherServlet'
2018-02-11 16:18:49.212 [http-nio-8080-exec-1] INFO  org.springframework.web.servlet.DispatcherServlet 489- FrameworkServlet 'dispatcherServlet': initialization started
2018-02-11 16:18:49.232 [http-nio-8080-exec-1] INFO  org.springframework.web.servlet.DispatcherServlet 508- FrameworkServlet 'dispatcherServlet': initialization completed in 19 ms
2018-02-11 16:18:49.246 [http-nio-8080-exec-1] WARN  org.springframework.web.servlet.PageNotFound 1176- No mapping found for HTTP request with URI [/] in DispatcherServlet with name 'dispatcherServlet'
2018-02-11 16:20:06.013 [http-nio-8080-exec-2] INFO  c.q.q.c.articlecontroller.ArticleController 57- articleTypesList{dataRows=[com.csjscm.mysqldata.model.ArticleType@3fc03e5c, com.csjscm.mysqldata.model.ArticleType@1ad02f30, com.csjscm.mysqldata.model.ArticleType@316c495a, com.csjscm.mysqldata.model.ArticleType@182ba3cc, com.csjscm.mysqldata.model.ArticleType@26274c4b, com.csjscm.mysqldata.model.ArticleType@3d954e10, com.csjscm.mysqldata.model.ArticleType@6ee0f661, com.csjscm.mysqldata.model.ArticleType@2b900db2, com.csjscm.mysqldata.model.ArticleType@37c9599f, com.csjscm.mysqldata.model.ArticleType@20bb74b8], currPage=1, totalCount=null}
2018-02-11 16:28:42.766 [http-nio-8080-exec-5] WARN  org.springframework.web.servlet.PageNotFound 1176- No mapping found for HTTP request with URI [/article/typography.html] in DispatcherServlet with name 'dispatcherServlet'
2018-02-11 16:28:46.611 [http-nio-8080-exec-6] WARN  org.springframework.web.servlet.PageNotFound 1176- No mapping found for HTTP request with URI [/article/index.ftl] in DispatcherServlet with name 'dispatcherServlet'
2018-02-11 16:29:05.677 [http-nio-8080-exec-10] INFO  c.q.q.c.articlecontroller.ArticleController 57- articleTypesList{dataRows=[com.csjscm.mysqldata.model.ArticleType@4cc24a18, com.csjscm.mysqldata.model.ArticleType@107ed8b8, com.csjscm.mysqldata.model.ArticleType@2acfe0d, com.csjscm.mysqldata.model.ArticleType@1767f3ce, com.csjscm.mysqldata.model.ArticleType@492be9b0, com.csjscm.mysqldata.model.ArticleType@2ff65335, com.csjscm.mysqldata.model.ArticleType@4a4f8c50, com.csjscm.mysqldata.model.ArticleType@629eff54, com.csjscm.mysqldata.model.ArticleType@746efcde, com.csjscm.mysqldata.model.ArticleType@691c769d], currPage=1, totalCount=null}
2018-02-11 16:32:19.843 [http-nio-8080-exec-3] INFO  c.q.q.c.articlecontroller.ArticleController 57- articleTypesList{dataRows=[com.csjscm.mysqldata.model.ArticleType@164d9c2, com.csjscm.mysqldata.model.ArticleType@4003ce1d, com.csjscm.mysqldata.model.ArticleType@1a1ec53d, com.csjscm.mysqldata.model.ArticleType@3d6dd06e, com.csjscm.mysqldata.model.ArticleType@1a60b4c8, com.csjscm.mysqldata.model.ArticleType@444df2bf, com.csjscm.mysqldata.model.ArticleType@2896f026, com.csjscm.mysqldata.model.ArticleType@7b2bbbfa, com.csjscm.mysqldata.model.ArticleType@647286a3, com.csjscm.mysqldata.model.ArticleType@4f014898], currPage=1, totalCount=null}
2018-02-11 16:48:44.564 [http-nio-8080-exec-6] INFO  c.q.q.c.articlecontroller.ArticleController 57- articleTypesList{dataRows=[com.csjscm.mysqldata.model.ArticleType@108d0cc4, com.csjscm.mysqldata.model.ArticleType@1dde35f1, com.csjscm.mysqldata.model.ArticleType@4609d3f1, com.csjscm.mysqldata.model.ArticleType@467f44cf, com.csjscm.mysqldata.model.ArticleType@3e6c9be8, com.csjscm.mysqldata.model.ArticleType@52715069, com.csjscm.mysqldata.model.ArticleType@5a6f978d, com.csjscm.mysqldata.model.ArticleType@660ae933, com.csjscm.mysqldata.model.ArticleType@3ce39dc1, com.csjscm.mysqldata.model.ArticleType@64c9602c], currPage=1, totalCount=null}
2018-02-11 16:49:01.046 [http-nio-8080-exec-10] WARN  org.springframework.web.servlet.PageNotFound 1176- No mapping found for HTTP request with URI [/article/widgets.html] in DispatcherServlet with name 'dispatcherServlet'
2018-02-11 16:49:02.936 [http-nio-8080-exec-2] INFO  c.q.q.c.articlecontroller.ArticleController 57- articleTypesList{dataRows=[com.csjscm.mysqldata.model.ArticleType@2ea853a4, com.csjscm.mysqldata.model.ArticleType@21f607db, com.csjscm.mysqldata.model.ArticleType@3dcafb84, com.csjscm.mysqldata.model.ArticleType@299b4a75, com.csjscm.mysqldata.model.ArticleType@45c21991, com.csjscm.mysqldata.model.ArticleType@549b162d, com.csjscm.mysqldata.model.ArticleType@3e67d1e1, com.csjscm.mysqldata.model.ArticleType@4ddcecba, com.csjscm.mysqldata.model.ArticleType@18076a01, com.csjscm.mysqldata.model.ArticleType@14a13d52], currPage=1, totalCount=null}
2018-02-11 16:51:44.881 [http-nio-8080-exec-6] INFO  c.q.q.c.articlecontroller.ArticleController 57- articleTypesList{dataRows=[com.csjscm.mysqldata.model.ArticleType@53e3fcef, com.csjscm.mysqldata.model.ArticleType@7c042ebf, com.csjscm.mysqldata.model.ArticleType@5c9ef380, com.csjscm.mysqldata.model.ArticleType@5c860a3b, com.csjscm.mysqldata.model.ArticleType@104e91c0, com.csjscm.mysqldata.model.ArticleType@4de234a0, com.csjscm.mysqldata.model.ArticleType@66cbdc6f, com.csjscm.mysqldata.model.ArticleType@af0c55f, com.csjscm.mysqldata.model.ArticleType@6e549550, com.csjscm.mysqldata.model.ArticleType@32cfeb0e], currPage=1, totalCount=null}
2018-02-11 16:52:00.670 [restartedMain] INFO  o.s.c.a.AnnotationConfigApplicationContext 583- Refreshing org.springframework.context.annotation.AnnotationConfigApplicationContext@a2e49d5: startup date [Sun Feb 11 16:52:00 GMT+08:00 2018]; root of context hierarchy
2018-02-11 16:52:00.751 [background-preinit] INFO  org.hibernate.validator.internal.util.Version 30- HV000001: Hibernate Validator 5.3.6.Final
2018-02-11 16:52:00.805 [restartedMain] INFO  o.s.b.f.a.AutowiredAnnotationBeanPostProcessor 155- JSR-330 'javax.inject.Inject' annotation found and supported for autowiring
2018-02-11 16:52:00.830 [restartedMain] INFO  o.s.c.s.PostProcessorRegistrationDelegate$BeanPostProcessorChecker 327- Bean 'configurationPropertiesRebinderAutoConfiguration' of type [org.springframework.cloud.autoconfigure.ConfigurationPropertiesRebinderAutoConfiguration$$EnhancerBySpringCGLIB$$7b85d189] is not eligible for getting processed by all BeanPostProcessors (for example: not eligible for auto-proxying)
2018-02-11 16:52:01.108 [restartedMain] INFO  com.csjscm.VicidataApplication 593- No active profile set, falling back to default profiles: default
2018-02-11 16:52:01.117 [restartedMain] INFO  o.s.b.c.e.AnnotationConfigEmbeddedWebApplicationContext 583- Refreshing org.springframework.boot.context.embedded.AnnotationConfigEmbeddedWebApplicationContext@376f1ab9: startup date [Sun Feb 11 16:52:01 GMT+08:00 2018]; parent: org.springframework.context.annotation.AnnotationConfigApplicationContext@a2e49d5
2018-02-11 16:52:01.876 [restartedMain] WARN  org.mybatis.spring.mapper.ClassPathMapperScanner 166- No MyBatis mapper was found in '[com.csjscm.mysqldata.controller, com.csjscm.mysqldata]' package. Please check your configuration.
2018-02-11 16:52:01.973 [restartedMain] WARN  o.s.c.annotation.ConfigurationClassPostProcessor 373- Cannot enhance @Configuration bean definition 'mysqlDataSourceConfig' since its singleton instance has been created too early. The typical cause is a non-static @Bean method with a BeanDefinitionRegistryPostProcessor return type: Consider declaring such methods as 'static'.
2018-02-11 16:52:02.057 [restartedMain] INFO  o.springframework.cloud.context.scope.GenericScope 263- BeanFactory id=f17d6a7f-3339-31d1-a871-5f32f8741848
2018-02-11 16:52:02.067 [restartedMain] INFO  o.s.b.f.a.AutowiredAnnotationBeanPostProcessor 155- JSR-330 'javax.inject.Inject' annotation found and supported for autowiring
2018-02-11 16:52:02.144 [restartedMain] INFO  o.s.c.s.PostProcessorRegistrationDelegate$BeanPostProcessorChecker 327- Bean 'org.springframework.transaction.annotation.ProxyTransactionManagementConfiguration' of type [org.springframework.transaction.annotation.ProxyTransactionManagementConfiguration$$EnhancerBySpringCGLIB$$5f6bce8c] is not eligible for getting processed by all BeanPostProcessors (for example: not eligible for auto-proxying)
2018-02-11 16:52:02.167 [restartedMain] INFO  o.s.c.s.PostProcessorRegistrationDelegate$BeanPostProcessorChecker 327- Bean 'org.springframework.cloud.autoconfigure.ConfigurationPropertiesRebinderAutoConfiguration' of type [org.springframework.cloud.autoconfigure.ConfigurationPropertiesRebinderAutoConfiguration$$EnhancerBySpringCGLIB$$7b85d189] is not eligible for getting processed by all BeanPostProcessors (for example: not eligible for auto-proxying)
2018-02-11 16:52:02.487 [restartedMain] INFO  o.s.b.c.e.tomcat.TomcatEmbeddedServletContainer 89- Tomcat initialized with port(s): 8080 (http)
2018-02-11 16:52:02.494 [restartedMain] INFO  org.apache.catalina.core.StandardService 179- Starting service [Tomcat]
2018-02-11 16:52:02.495 [restartedMain] INFO  org.apache.catalina.core.StandardEngine 179- Starting Servlet Engine: Apache Tomcat/8.5.23
2018-02-11 16:52:02.581 [localhost-startStop-1] INFO  o.a.c.core.ContainerBase.[Tomcat].[localhost].[/] 179- Initializing Spring embedded WebApplicationContext
2018-02-11 16:52:02.582 [localhost-startStop-1] INFO  org.springframework.web.context.ContextLoader 276- Root WebApplicationContext: initialization completed in 1465 ms
2018-02-11 16:52:02.659 [localhost-startStop-1] INFO  o.s.boot.web.servlet.ServletRegistrationBean 190- Mapping servlet: 'dispatcherServlet' to [/]
2018-02-11 16:52:02.662 [localhost-startStop-1] INFO  o.s.boot.web.servlet.FilterRegistrationBean 258- Mapping filter: 'characterEncodingFilter' to: [/*]
2018-02-11 16:52:03.230 [restartedMain] INFO  o.s.w.s.m.m.a.RequestMappingHandlerMapping 543- Mapped "{[/article/toarticle]}" onto public org.springframework.web.servlet.ModelAndView com.csjscm.mysqldata.controller.articlecontroller.ArticleController.toArticle()
2018-02-11 16:52:03.231 [restartedMain] INFO  o.s.w.s.m.m.a.RequestMappingHandlerMapping 543- Mapped "{[/article/toarticle1]}" onto public org.springframework.web.servlet.ModelAndView com.csjscm.mysqldata.controller.articlecontroller.ArticleController.toArticle1()
2018-02-11 16:52:03.233 [restartedMain] INFO  o.s.w.s.m.m.a.RequestMappingHandlerMapping 543- Mapped "{[/article/listtoarticle]}" onto public java.lang.String com.csjscm.mysqldata.controller.articlecontroller.ArticleController.listArticleType(com.csjscm.mysqldata.model.ArticleTypeQuery)
2018-02-11 16:52:03.234 [restartedMain] INFO  o.s.w.s.m.m.a.RequestMappingHandlerMapping 543- Mapped "{[/user/userlogin],methods=[GET]}" onto public java.util.List<com.csjscm.mysqldata.model.UserModel> com.csjscm.mysqldata.controller.UserController.selectUser()
2018-02-11 16:52:03.234 [restartedMain] INFO  o.s.w.s.m.m.a.RequestMappingHandlerMapping 543- Mapped "{[/user/view1],methods=[GET]}" onto public org.springframework.web.servlet.ModelAndView com.csjscm.mysqldata.controller.UserController.viewex()
2018-02-11 16:52:03.234 [restartedMain] INFO  o.s.w.s.m.m.a.RequestMappingHandlerMapping 543- Mapped "{[/user/tologin],methods=[GET]}" onto public org.springframework.web.servlet.ModelAndView com.csjscm.mysqldata.controller.UserController.toLogin()
2018-02-11 16:52:03.235 [restartedMain] INFO  o.s.w.s.m.m.a.RequestMappingHandlerMapping 543- Mapped "{[/user/backlogin],methods=[POST]}" onto public org.springframework.web.servlet.ModelAndView com.csjscm.mysqldata.controller.UserController.backLogin()
2018-02-11 16:52:03.235 [restartedMain] INFO  o.s.w.s.m.m.a.RequestMappingHandlerMapping 543- Mapped "{[/v2/api-docs],methods=[GET],produces=[application/json || application/hal+json]}" onto public org.springframework.http.ResponseEntity<springfox.documentation.spring.web.json.Json> springfox.documentation.swagger2.web.Swagger2Controller.getDocumentation(java.lang.String,javax.servlet.http.HttpServletRequest)
2018-02-11 16:52:03.238 [restartedMain] INFO  o.s.w.s.m.m.a.RequestMappingHandlerMapping 543- Mapped "{[/swagger-resources/configuration/ui]}" onto org.springframework.http.ResponseEntity<springfox.documentation.swagger.web.UiConfiguration> springfox.documentation.swagger.web.ApiResourceController.uiConfiguration()
2018-02-11 16:52:03.239 [restartedMain] INFO  o.s.w.s.m.m.a.RequestMappingHandlerMapping 543- Mapped "{[/swagger-resources]}" onto org.springframework.http.ResponseEntity<java.util.List<springfox.documentation.swagger.web.SwaggerResource>> springfox.documentation.swagger.web.ApiResourceController.swaggerResources()
2018-02-11 16:52:03.239 [restartedMain] INFO  o.s.w.s.m.m.a.RequestMappingHandlerMapping 543- Mapped "{[/swagger-resources/configuration/security]}" onto org.springframework.http.ResponseEntity<springfox.documentation.swagger.web.SecurityConfiguration> springfox.documentation.swagger.web.ApiResourceController.securityConfiguration()
2018-02-11 16:52:03.241 [restartedMain] INFO  o.s.w.s.m.m.a.RequestMappingHandlerMapping 543- Mapped "{[/error]}" onto public org.springframework.http.ResponseEntity<java.util.Map<java.lang.String, java.lang.Object>> org.springframework.boot.autoconfigure.web.BasicErrorController.error(javax.servlet.http.HttpServletRequest)
2018-02-11 16:52:03.242 [restartedMain] INFO  o.s.w.s.m.m.a.RequestMappingHandlerMapping 543- Mapped "{[/error],produces=[text/html]}" onto public org.springframework.web.servlet.ModelAndView org.springframework.boot.autoconfigure.web.BasicErrorController.errorHtml(javax.servlet.http.HttpServletRequest,javax.servlet.http.HttpServletResponse)
2018-02-11 16:52:03.332 [restartedMain] INFO  o.s.web.servlet.handler.SimpleUrlHandlerMapping 362- Mapped URL path [/static/**] onto handler of type [class org.springframework.web.servlet.resource.ResourceHttpRequestHandler]
2018-02-11 16:52:03.367 [restartedMain] INFO  o.s.w.s.m.m.a.RequestMappingHandlerAdapter 534- Looking for @ControllerAdvice: org.springframework.boot.context.embedded.AnnotationConfigEmbeddedWebApplicationContext@376f1ab9: startup date [Sun Feb 11 16:52:01 GMT+08:00 2018]; parent: org.springframework.context.annotation.AnnotationConfigApplicationContext@a2e49d5
2018-02-11 16:52:03.752 [restartedMain] INFO  o.s.w.servlet.view.freemarker.FreeMarkerConfigurer 127- ClassTemplateLoader for Spring macros added to FreeMarker configuration
2018-02-11 16:52:03.867 [restartedMain] INFO  o.s.b.d.autoconfigure.OptionalLiveReloadServer 58- LiveReload server is running on port 35729
2018-02-11 16:52:03.959 [restartedMain] WARN  o.s.c.netflix.archaius.ArchaiusAutoConfiguration 138- No spring.application.name found, defaulting to 'application'
2018-02-11 16:52:03.962 [restartedMain] WARN  com.netflix.config.sources.URLConfigurationSource 121- No URLs will be polled as dynamic configuration sources.
2018-02-11 16:52:03.963 [restartedMain] INFO  com.netflix.config.sources.URLConfigurationSource 122- To enable URLs as dynamic configuration sources, define System property archaius.configurationSource.additionalUrls or make config.properties available on classpath.
2018-02-11 16:52:03.966 [restartedMain] WARN  com.netflix.config.sources.URLConfigurationSource 121- No URLs will be polled as dynamic configuration sources.
2018-02-11 16:52:03.967 [restartedMain] INFO  com.netflix.config.sources.URLConfigurationSource 122- To enable URLs as dynamic configuration sources, define System property archaius.configurationSource.additionalUrls or make config.properties available on classpath.
2018-02-11 16:52:04.038 [restartedMain] INFO  o.s.jmx.export.annotation.AnnotationMBeanExporter 431- Registering beans for JMX exposure on startup
2018-02-11 16:52:04.045 [restartedMain] INFO  o.s.jmx.export.annotation.AnnotationMBeanExporter 916- Bean with name 'configurationPropertiesRebinder' has been autodetected for JMX exposure
2018-02-11 16:52:04.046 [restartedMain] INFO  o.s.jmx.export.annotation.AnnotationMBeanExporter 916- Bean with name 'environmentManager' has been autodetected for JMX exposure
2018-02-11 16:52:04.047 [restartedMain] INFO  o.s.jmx.export.annotation.AnnotationMBeanExporter 916- Bean with name 'refreshScope' has been autodetected for JMX exposure
2018-02-11 16:52:04.048 [restartedMain] INFO  o.s.jmx.export.annotation.AnnotationMBeanExporter 678- Located managed bean 'environmentManager': registering with JMX server as MBean [org.springframework.cloud.context.environment:name=environmentManager,type=EnvironmentManager]
2018-02-11 16:52:04.059 [restartedMain] INFO  o.s.jmx.export.annotation.AnnotationMBeanExporter 678- Located managed bean 'refreshScope': registering with JMX server as MBean [org.springframework.cloud.context.scope.refresh:name=refreshScope,type=RefreshScope]
2018-02-11 16:52:04.067 [restartedMain] INFO  o.s.jmx.export.annotation.AnnotationMBeanExporter 678- Located managed bean 'configurationPropertiesRebinder': registering with JMX server as MBean [org.springframework.cloud.context.properties:name=configurationPropertiesRebinder,context=376f1ab9,type=ConfigurationPropertiesRebinder]
2018-02-11 16:52:04.227 [restartedMain] INFO  o.s.context.support.DefaultLifecycleProcessor 343- Starting beans in phase 2147483647
2018-02-11 16:52:04.228 [restartedMain] INFO  s.d.s.web.plugins.DocumentationPluginsBootstrapper 120- Context refreshed
2018-02-11 16:52:04.243 [restartedMain] INFO  s.d.s.web.plugins.DocumentationPluginsBootstrapper 123- Found 1 custom documentation plugin(s)
2018-02-11 16:52:04.254 [restartedMain] INFO  s.d.spring.web.scanners.ApiListingReferenceScanner 41- Scanning for api listing references
2018-02-11 16:52:04.276 [restartedMain] INFO  org.apache.coyote.http11.Http11NioProtocol 179- Initializing ProtocolHandler ["http-nio-8080"]
2018-02-11 16:52:04.283 [restartedMain] INFO  org.apache.coyote.http11.Http11NioProtocol 179- Starting ProtocolHandler ["http-nio-8080"]
2018-02-11 16:52:04.291 [restartedMain] INFO  org.apache.tomcat.util.net.NioSelectorPool 179- Using a shared selector for servlet write/read
2018-02-11 16:52:04.304 [restartedMain] INFO  o.s.b.c.e.tomcat.TomcatEmbeddedServletContainer 201- Tomcat started on port(s): 8080 (http)
2018-02-11 16:52:04.309 [restartedMain] INFO  com.csjscm.VicidataApplication 57- Started VicidataApplication in 4.316 seconds (JVM running for 4.927)
2018-02-11 16:52:14.838 [http-nio-8080-exec-1] INFO  org.apache.tomcat.util.http.parser.Cookie 179- A cookie header was received [1518136108,1518150886,1518308819; Hm_lpvt_86670fd75a12201bcdcefac1e98b076f=1518333746; Hm_lvt_a46387646542db27a337e807745077f4=1518050393,1518136108,1518150886,1518308819; Hm_lpvt_a46387646542db27a337e807745077f4=1518333746; UM_distinctid=16183f3258e8f0-0bacd82758eacc-6f16107f-1fa400-16183f32591403; CNZZDATA155540=cnzz_eid%3D667196181-1518331851-%26ntime%3D1518337252] that contained an invalid cookie. That cookie will be ignored.Note: further occurrences of this error will be logged at DEBUG level.
2018-02-11 16:52:14.844 [http-nio-8080-exec-1] INFO  o.a.c.core.ContainerBase.[Tomcat].[localhost].[/] 179- Initializing Spring FrameworkServlet 'dispatcherServlet'
2018-02-11 16:52:14.844 [http-nio-8080-exec-1] INFO  org.springframework.web.servlet.DispatcherServlet 489- FrameworkServlet 'dispatcherServlet': initialization started
2018-02-11 16:52:14.857 [http-nio-8080-exec-1] INFO  org.springframework.web.servlet.DispatcherServlet 508- FrameworkServlet 'dispatcherServlet': initialization completed in 13 ms
2018-02-11 16:52:15.288 [http-nio-8080-exec-3] INFO  c.q.q.c.articlecontroller.ArticleController 57- articleTypesList{dataRows=[com.csjscm.mysqldata.model.ArticleType@42a7f0ee, com.csjscm.mysqldata.model.ArticleType@5a7d073a, com.csjscm.mysqldata.model.ArticleType@400a0507, com.csjscm.mysqldata.model.ArticleType@6c5250cc, com.csjscm.mysqldata.model.ArticleType@110ffd28, com.csjscm.mysqldata.model.ArticleType@23796ce4, com.csjscm.mysqldata.model.ArticleType@33cb77b1, com.csjscm.mysqldata.model.ArticleType@4de18534, com.csjscm.mysqldata.model.ArticleType@2369d71d, com.csjscm.mysqldata.model.ArticleType@4b9f81d8], currPage=1, totalCount=null}
2018-02-11 16:57:41.175 [http-nio-8080-exec-3] INFO  c.q.q.c.articlecontroller.ArticleController 57- articleTypesList{dataRows=[com.csjscm.mysqldata.model.ArticleType@3dc022d9, com.csjscm.mysqldata.model.ArticleType@23de03bd, com.csjscm.mysqldata.model.ArticleType@575dfbbd, com.csjscm.mysqldata.model.ArticleType@2958372, com.csjscm.mysqldata.model.ArticleType@3e7fbf13, com.csjscm.mysqldata.model.ArticleType@6d6f908a, com.csjscm.mysqldata.model.ArticleType@55571e89, com.csjscm.mysqldata.model.ArticleType@7b778942, com.csjscm.mysqldata.model.ArticleType@38333618, com.csjscm.mysqldata.model.ArticleType@29491a54], currPage=1, totalCount=null}
2018-02-11 16:58:53.964 [http-nio-8080-exec-7] INFO  c.q.q.c.articlecontroller.ArticleController 38- articleTypesList{dataRows=[com.csjscm.mysqldata.model.ArticleType@2b75ca6d, com.csjscm.mysqldata.model.ArticleType@5ba63ecc, com.csjscm.mysqldata.model.ArticleType@7b071756, com.csjscm.mysqldata.model.ArticleType@2a18942d, com.csjscm.mysqldata.model.ArticleType@2f3b15a1, com.csjscm.mysqldata.model.ArticleType@45811ed4, com.csjscm.mysqldata.model.ArticleType@6ff1c95, com.csjscm.mysqldata.model.ArticleType@68a8599b, com.csjscm.mysqldata.model.ArticleType@1fc9cf32, com.csjscm.mysqldata.model.ArticleType@527305a1], currPage=0, totalCount=11}
2018-02-11 16:59:11.431 [http-nio-8080-exec-4] INFO  c.q.q.c.articlecontroller.ArticleController 38- articleTypesList{dataRows=[com.csjscm.mysqldata.model.ArticleType@652622ea, com.csjscm.mysqldata.model.ArticleType@2a089584, com.csjscm.mysqldata.model.ArticleType@5d229f6, com.csjscm.mysqldata.model.ArticleType@34ce6998, com.csjscm.mysqldata.model.ArticleType@60ab3c99, com.csjscm.mysqldata.model.ArticleType@ee131bd, com.csjscm.mysqldata.model.ArticleType@1a68340e, com.csjscm.mysqldata.model.ArticleType@5d2d1c72, com.csjscm.mysqldata.model.ArticleType@64dbbcba, com.csjscm.mysqldata.model.ArticleType@63b00545], currPage=0, totalCount=11}
2018-02-11 16:59:43.164 [http-nio-8080-exec-9] INFO  c.q.q.c.articlecontroller.ArticleController 38- articleTypesList{dataRows=[com.csjscm.mysqldata.model.ArticleType@23cfe11c, com.csjscm.mysqldata.model.ArticleType@66cd7b01, com.csjscm.mysqldata.model.ArticleType@733ce95e, com.csjscm.mysqldata.model.ArticleType@57613fa2, com.csjscm.mysqldata.model.ArticleType@b7af353, com.csjscm.mysqldata.model.ArticleType@6e2844e, com.csjscm.mysqldata.model.ArticleType@1200ebd5, com.csjscm.mysqldata.model.ArticleType@4cc24a18, com.csjscm.mysqldata.model.ArticleType@107ed8b8, com.csjscm.mysqldata.model.ArticleType@2acfe0d], currPage=0, totalCount=11}
2018-02-11 16:59:53.489 [http-nio-8080-exec-10] INFO  c.q.q.c.articlecontroller.ArticleController 38- articleTypesList{dataRows=[com.csjscm.mysqldata.model.ArticleType@4a2ad317, com.csjscm.mysqldata.model.ArticleType@676aba44, com.csjscm.mysqldata.model.ArticleType@38fde685, com.csjscm.mysqldata.model.ArticleType@4d00c9a0, com.csjscm.mysqldata.model.ArticleType@512e197c, com.csjscm.mysqldata.model.ArticleType@63242187, com.csjscm.mysqldata.model.ArticleType@34ba2aa8, com.csjscm.mysqldata.model.ArticleType@7fbca856, com.csjscm.mysqldata.model.ArticleType@5ef8bb24, com.csjscm.mysqldata.model.ArticleType@1c929165], currPage=0, totalCount=11}
2018-02-11 16:59:55.051 [http-nio-8080-exec-3] INFO  c.q.q.c.articlecontroller.ArticleController 38- articleTypesList{dataRows=[com.csjscm.mysqldata.model.ArticleType@6148b45c, com.csjscm.mysqldata.model.ArticleType@38aabd2a, com.csjscm.mysqldata.model.ArticleType@1203e4f5, com.csjscm.mysqldata.model.ArticleType@1efe971c, com.csjscm.mysqldata.model.ArticleType@3ab02acb, com.csjscm.mysqldata.model.ArticleType@571e935a, com.csjscm.mysqldata.model.ArticleType@5a37f100, com.csjscm.mysqldata.model.ArticleType@309bcb2d, com.csjscm.mysqldata.model.ArticleType@b464987, com.csjscm.mysqldata.model.ArticleType@28619ff6], currPage=0, totalCount=11}
2018-02-11 17:03:54.180 [http-nio-8080-exec-1] INFO  c.q.q.c.articlecontroller.ArticleController 38- articleTypesList{dataRows=[com.csjscm.mysqldata.model.ArticleType@48cb6380, com.csjscm.mysqldata.model.ArticleType@2da3f7ff, com.csjscm.mysqldata.model.ArticleType@7c736a01, com.csjscm.mysqldata.model.ArticleType@54d6d9a3, com.csjscm.mysqldata.model.ArticleType@479267da, com.csjscm.mysqldata.model.ArticleType@753c6cd8, com.csjscm.mysqldata.model.ArticleType@12f8231c, com.csjscm.mysqldata.model.ArticleType@7001eb21, com.csjscm.mysqldata.model.ArticleType@24f9fe4c, com.csjscm.mysqldata.model.ArticleType@32350ca7], currPage=0, totalCount=11}
2018-02-11 17:04:39.348 [http-nio-8080-exec-6] INFO  c.q.q.c.articlecontroller.ArticleController 38- articleTypesList{dataRows=[com.csjscm.mysqldata.model.ArticleType@b05c082, com.csjscm.mysqldata.model.ArticleType@ae29a36, com.csjscm.mysqldata.model.ArticleType@3902e25, com.csjscm.mysqldata.model.ArticleType@35a5b887, com.csjscm.mysqldata.model.ArticleType@10016f61, com.csjscm.mysqldata.model.ArticleType@eac647d, com.csjscm.mysqldata.model.ArticleType@c4f828b, com.csjscm.mysqldata.model.ArticleType@14366205, com.csjscm.mysqldata.model.ArticleType@fd77d85, com.csjscm.mysqldata.model.ArticleType@62356f8e], currPage=0, totalCount=11}
