2018-01-11 09:29:37.047 [restartedMain] INFO  o.s.c.a.AnnotationConfigApplicationContext 583- Refreshing org.springframework.context.annotation.AnnotationConfigApplicationContext@2164e396: startup date [Thu Jan 11 09:29:37 GMT+08:00 2018]; root of context hierarchy
2018-01-11 09:29:37.129 [background-preinit] INFO  org.hibernate.validator.internal.util.Version 30- HV000001: Hibernate Validator 5.3.6.Final
2018-01-11 09:29:37.187 [restartedMain] INFO  o.s.b.f.a.AutowiredAnnotationBeanPostProcessor 155- JSR-330 'javax.inject.Inject' annotation found and supported for autowiring
2018-01-11 09:29:37.213 [restartedMain] INFO  o.s.c.s.PostProcessorRegistrationDelegate$BeanPostProcessorChecker 327- Bean 'configurationPropertiesRebinderAutoConfiguration' of type [org.springframework.cloud.autoconfigure.ConfigurationPropertiesRebinderAutoConfiguration$$EnhancerBySpringCGLIB$$95d01d5c] is not eligible for getting processed by all BeanPostProcessors (for example: not eligible for auto-proxying)
2018-01-11 09:29:37.521 [restartedMain] INFO  com.csjscm.VicidataApplication 593- No active profile set, falling back to default profiles: default
2018-01-11 09:29:37.530 [restartedMain] INFO  o.s.b.c.e.AnnotationConfigEmbeddedWebApplicationContext 583- Refreshing org.springframework.boot.context.embedded.AnnotationConfigEmbeddedWebApplicationContext@1f8bb77a: startup date [Thu Jan 11 09:29:37 GMT+08:00 2018]; parent: org.springframework.context.annotation.AnnotationConfigApplicationContext@2164e396
2018-01-11 09:29:38.414 [restartedMain] WARN  org.mybatis.spring.mapper.ClassPathMapperScanner 166- No MyBatis mapper was found in '[com.csjscm.mysqldata.controller, com.csjscm.mysqldata]' package. Please check your configuration.
2018-01-11 09:29:38.573 [restartedMain] WARN  o.s.c.annotation.ConfigurationClassPostProcessor 373- Cannot enhance @Configuration bean definition 'mysqlDataSourceConfig' since its singleton instance has been created too early. The typical cause is a non-static @Bean method with a BeanDefinitionRegistryPostProcessor return type: Consider declaring such methods as 'static'.
2018-01-11 09:29:38.692 [restartedMain] INFO  o.springframework.cloud.context.scope.GenericScope 263- BeanFactory id=f17d6a7f-3339-31d1-a871-5f32f8741848
2018-01-11 09:29:38.709 [restartedMain] INFO  o.s.b.f.a.AutowiredAnnotationBeanPostProcessor 155- JSR-330 'javax.inject.Inject' annotation found and supported for autowiring
2018-01-11 09:29:38.797 [restartedMain] INFO  o.s.c.s.PostProcessorRegistrationDelegate$BeanPostProcessorChecker 327- Bean 'org.springframework.transaction.annotation.ProxyTransactionManagementConfiguration' of type [org.springframework.transaction.annotation.ProxyTransactionManagementConfiguration$$EnhancerBySpringCGLIB$$79b61a5f] is not eligible for getting processed by all BeanPostProcessors (for example: not eligible for auto-proxying)
2018-01-11 09:29:38.839 [restartedMain] INFO  o.s.c.s.PostProcessorRegistrationDelegate$BeanPostProcessorChecker 327- Bean 'org.springframework.cloud.autoconfigure.ConfigurationPropertiesRebinderAutoConfiguration' of type [org.springframework.cloud.autoconfigure.ConfigurationPropertiesRebinderAutoConfiguration$$EnhancerBySpringCGLIB$$95d01d5c] is not eligible for getting processed by all BeanPostProcessors (for example: not eligible for auto-proxying)
2018-01-11 09:29:39.173 [restartedMain] INFO  o.s.b.c.e.tomcat.TomcatEmbeddedServletContainer 89- Tomcat initialized with port(s): 8080 (http)
2018-01-11 09:29:39.181 [restartedMain] INFO  org.apache.catalina.core.StandardService 179- Starting service [Tomcat]
2018-01-11 09:29:39.182 [restartedMain] INFO  org.apache.catalina.core.StandardEngine 179- Starting Servlet Engine: Apache Tomcat/8.5.23
2018-01-11 09:29:39.270 [localhost-startStop-1] INFO  o.a.c.core.ContainerBase.[Tomcat].[localhost].[/] 179- Initializing Spring embedded WebApplicationContext
2018-01-11 09:29:39.270 [localhost-startStop-1] INFO  org.springframework.web.context.ContextLoader 276- Root WebApplicationContext: initialization completed in 1740 ms
2018-01-11 09:29:39.357 [localhost-startStop-1] INFO  o.s.boot.web.servlet.ServletRegistrationBean 190- Mapping servlet: 'dispatcherServlet' to [/]
2018-01-11 09:29:39.361 [localhost-startStop-1] INFO  o.s.boot.web.servlet.FilterRegistrationBean 258- Mapping filter: 'characterEncodingFilter' to: [/*]
2018-01-11 09:29:39.974 [restartedMain] INFO  o.s.w.s.m.m.a.RequestMappingHandlerMapping 543- Mapped "{[/article/toarticle]}" onto public org.springframework.web.servlet.ModelAndView com.csjscm.mysqldata.controller.articlecontroller.ArticleController.toArticle()
2018-01-11 09:29:39.975 [restartedMain] INFO  o.s.w.s.m.m.a.RequestMappingHandlerMapping 543- Mapped "{[/article/toarticle1]}" onto public org.springframework.web.servlet.ModelAndView com.csjscm.mysqldata.controller.articlecontroller.ArticleController.toArticle1()
2018-01-11 09:29:39.977 [restartedMain] INFO  o.s.w.s.m.m.a.RequestMappingHandlerMapping 543- Mapped "{[/article/listtoarticle]}" onto public java.lang.String com.csjscm.mysqldata.controller.articlecontroller.ArticleController.listArticleType(com.csjscm.mysqldata.model.ArticleTypeQuery)
2018-01-11 09:29:39.978 [restartedMain] INFO  o.s.w.s.m.m.a.RequestMappingHandlerMapping 543- Mapped "{[/user/userlogin],methods=[GET]}" onto public java.util.List<com.csjscm.mysqldata.model.UserModel> com.csjscm.mysqldata.controller.UserController.selectUser()
2018-01-11 09:29:39.979 [restartedMain] INFO  o.s.w.s.m.m.a.RequestMappingHandlerMapping 543- Mapped "{[/user/view1],methods=[GET]}" onto public org.springframework.web.servlet.ModelAndView com.csjscm.mysqldata.controller.UserController.viewex()
2018-01-11 09:29:39.979 [restartedMain] INFO  o.s.w.s.m.m.a.RequestMappingHandlerMapping 543- Mapped "{[/user/tologin],methods=[GET]}" onto public org.springframework.web.servlet.ModelAndView com.csjscm.mysqldata.controller.UserController.toLogin()
2018-01-11 09:29:39.979 [restartedMain] INFO  o.s.w.s.m.m.a.RequestMappingHandlerMapping 543- Mapped "{[/user/backlogin],methods=[POST]}" onto public org.springframework.web.servlet.ModelAndView com.csjscm.mysqldata.controller.UserController.backLogin()
2018-01-11 09:29:39.980 [restartedMain] INFO  o.s.w.s.m.m.a.RequestMappingHandlerMapping 543- Mapped "{[/v2/api-docs],methods=[GET],produces=[application/json || application/hal+json]}" onto public org.springframework.http.ResponseEntity<springfox.documentation.spring.web.json.Json> springfox.documentation.swagger2.web.Swagger2Controller.getDocumentation(java.lang.String,javax.servlet.http.HttpServletRequest)
2018-01-11 09:29:39.982 [restartedMain] INFO  o.s.w.s.m.m.a.RequestMappingHandlerMapping 543- Mapped "{[/swagger-resources/configuration/ui]}" onto org.springframework.http.ResponseEntity<springfox.documentation.swagger.web.UiConfiguration> springfox.documentation.swagger.web.ApiResourceController.uiConfiguration()
2018-01-11 09:29:39.983 [restartedMain] INFO  o.s.w.s.m.m.a.RequestMappingHandlerMapping 543- Mapped "{[/swagger-resources]}" onto org.springframework.http.ResponseEntity<java.util.List<springfox.documentation.swagger.web.SwaggerResource>> springfox.documentation.swagger.web.ApiResourceController.swaggerResources()
2018-01-11 09:29:39.984 [restartedMain] INFO  o.s.w.s.m.m.a.RequestMappingHandlerMapping 543- Mapped "{[/swagger-resources/configuration/security]}" onto org.springframework.http.ResponseEntity<springfox.documentation.swagger.web.SecurityConfiguration> springfox.documentation.swagger.web.ApiResourceController.securityConfiguration()
2018-01-11 09:29:39.986 [restartedMain] INFO  o.s.w.s.m.m.a.RequestMappingHandlerMapping 543- Mapped "{[/error]}" onto public org.springframework.http.ResponseEntity<java.util.Map<java.lang.String, java.lang.Object>> org.springframework.boot.autoconfigure.web.BasicErrorController.error(javax.servlet.http.HttpServletRequest)
2018-01-11 09:29:39.986 [restartedMain] INFO  o.s.w.s.m.m.a.RequestMappingHandlerMapping 543- Mapped "{[/error],produces=[text/html]}" onto public org.springframework.web.servlet.ModelAndView org.springframework.boot.autoconfigure.web.BasicErrorController.errorHtml(javax.servlet.http.HttpServletRequest,javax.servlet.http.HttpServletResponse)
2018-01-11 09:29:40.078 [restartedMain] INFO  o.s.web.servlet.handler.SimpleUrlHandlerMapping 362- Mapped URL path [/static/**] onto handler of type [class org.springframework.web.servlet.resource.ResourceHttpRequestHandler]
2018-01-11 09:29:40.112 [restartedMain] INFO  o.s.w.s.m.m.a.RequestMappingHandlerAdapter 534- Looking for @ControllerAdvice: org.springframework.boot.context.embedded.AnnotationConfigEmbeddedWebApplicationContext@1f8bb77a: startup date [Thu Jan 11 09:29:37 GMT+08:00 2018]; parent: org.springframework.context.annotation.AnnotationConfigApplicationContext@2164e396
2018-01-11 09:29:40.554 [restartedMain] INFO  o.s.w.servlet.view.freemarker.FreeMarkerConfigurer 127- ClassTemplateLoader for Spring macros added to FreeMarker configuration
2018-01-11 09:29:40.671 [restartedMain] INFO  o.s.b.d.autoconfigure.OptionalLiveReloadServer 58- LiveReload server is running on port 35729
2018-01-11 09:29:40.764 [restartedMain] WARN  o.s.c.netflix.archaius.ArchaiusAutoConfiguration 138- No spring.application.name found, defaulting to 'application'
2018-01-11 09:29:40.766 [restartedMain] WARN  com.netflix.config.sources.URLConfigurationSource 121- No URLs will be polled as dynamic configuration sources.
2018-01-11 09:29:40.767 [restartedMain] INFO  com.netflix.config.sources.URLConfigurationSource 122- To enable URLs as dynamic configuration sources, define System property archaius.configurationSource.additionalUrls or make config.properties available on classpath.
2018-01-11 09:29:40.770 [restartedMain] WARN  com.netflix.config.sources.URLConfigurationSource 121- No URLs will be polled as dynamic configuration sources.
2018-01-11 09:29:40.771 [restartedMain] INFO  com.netflix.config.sources.URLConfigurationSource 122- To enable URLs as dynamic configuration sources, define System property archaius.configurationSource.additionalUrls or make config.properties available on classpath.
2018-01-11 09:29:40.839 [restartedMain] INFO  o.s.jmx.export.annotation.AnnotationMBeanExporter 431- Registering beans for JMX exposure on startup
2018-01-11 09:29:40.846 [restartedMain] INFO  o.s.jmx.export.annotation.AnnotationMBeanExporter 916- Bean with name 'configurationPropertiesRebinder' has been autodetected for JMX exposure
2018-01-11 09:29:40.847 [restartedMain] INFO  o.s.jmx.export.annotation.AnnotationMBeanExporter 916- Bean with name 'environmentManager' has been autodetected for JMX exposure
2018-01-11 09:29:40.847 [restartedMain] INFO  o.s.jmx.export.annotation.AnnotationMBeanExporter 916- Bean with name 'refreshScope' has been autodetected for JMX exposure
2018-01-11 09:29:40.849 [restartedMain] INFO  o.s.jmx.export.annotation.AnnotationMBeanExporter 678- Located managed bean 'environmentManager': registering with JMX server as MBean [org.springframework.cloud.context.environment:name=environmentManager,type=EnvironmentManager]
2018-01-11 09:29:40.860 [restartedMain] INFO  o.s.jmx.export.annotation.AnnotationMBeanExporter 678- Located managed bean 'refreshScope': registering with JMX server as MBean [org.springframework.cloud.context.scope.refresh:name=refreshScope,type=RefreshScope]
2018-01-11 09:29:40.869 [restartedMain] INFO  o.s.jmx.export.annotation.AnnotationMBeanExporter 678- Located managed bean 'configurationPropertiesRebinder': registering with JMX server as MBean [org.springframework.cloud.context.properties:name=configurationPropertiesRebinder,context=1f8bb77a,type=ConfigurationPropertiesRebinder]
2018-01-11 09:29:41.025 [restartedMain] INFO  o.s.context.support.DefaultLifecycleProcessor 343- Starting beans in phase 2147483647
2018-01-11 09:29:41.025 [restartedMain] INFO  s.d.s.web.plugins.DocumentationPluginsBootstrapper 120- Context refreshed
2018-01-11 09:29:41.052 [restartedMain] INFO  s.d.s.web.plugins.DocumentationPluginsBootstrapper 123- Found 1 custom documentation plugin(s)
2018-01-11 09:29:41.066 [restartedMain] INFO  s.d.spring.web.scanners.ApiListingReferenceScanner 41- Scanning for api listing references
2018-01-11 09:29:41.086 [restartedMain] INFO  org.apache.coyote.http11.Http11NioProtocol 179- Initializing ProtocolHandler ["http-nio-8080"]
2018-01-11 09:29:41.094 [restartedMain] INFO  org.apache.coyote.http11.Http11NioProtocol 179- Starting ProtocolHandler ["http-nio-8080"]
2018-01-11 09:29:41.102 [restartedMain] INFO  org.apache.tomcat.util.net.NioSelectorPool 179- Using a shared selector for servlet write/read
2018-01-11 09:29:41.113 [restartedMain] INFO  o.s.b.c.e.tomcat.TomcatEmbeddedServletContainer 201- Tomcat started on port(s): 8080 (http)
2018-01-11 09:29:41.117 [restartedMain] INFO  com.csjscm.VicidataApplication 57- Started VicidataApplication in 4.423 seconds (JVM running for 5.81)
2018-01-11 09:49:59.038 [http-nio-8080-exec-1] INFO  org.apache.tomcat.util.http.parser.Cookie 179- A cookie header was received [1514855453,1514944390,1515554966; Hm_lvt_a46387646542db27a337e807745077f4=1514507499,1514855453,1514944390,1515554966; CNZZDATA155540=cnzz_eid%3D1094665924-1515372020-%26ntime%3D1515571874] that contained an invalid cookie. That cookie will be ignored.Note: further occurrences of this error will be logged at DEBUG level.
2018-01-11 09:49:59.044 [http-nio-8080-exec-1] INFO  o.a.c.core.ContainerBase.[Tomcat].[localhost].[/] 179- Initializing Spring FrameworkServlet 'dispatcherServlet'
2018-01-11 09:49:59.045 [http-nio-8080-exec-1] INFO  org.springframework.web.servlet.DispatcherServlet 489- FrameworkServlet 'dispatcherServlet': initialization started
2018-01-11 09:49:59.065 [http-nio-8080-exec-1] INFO  org.springframework.web.servlet.DispatcherServlet 508- FrameworkServlet 'dispatcherServlet': initialization completed in 20 ms
2018-01-11 09:50:20.255 [http-nio-8080-exec-3] WARN  org.springframework.web.servlet.PageNotFound 1176- No mapping found for HTTP request with URI [/favicon.ico] in DispatcherServlet with name 'dispatcherServlet'
2018-01-11 09:50:45.260 [http-nio-8080-exec-1] WARN  org.springframework.web.servlet.PageNotFound 1176- No mapping found for HTTP request with URI [/user/widgets.html] in DispatcherServlet with name 'dispatcherServlet'
2018-01-11 09:51:22.160 [http-nio-8080-exec-9] INFO  c.q.q.c.articlecontroller.ArticleController 36- articleTypesList{dataRows=[com.csjscm.mysqldata.model.ArticleType@48b9b344, com.csjscm.mysqldata.model.ArticleType@736302d1, com.csjscm.mysqldata.model.ArticleType@c0f2153, com.csjscm.mysqldata.model.ArticleType@2f8bf63, com.csjscm.mysqldata.model.ArticleType@75e0feb, com.csjscm.mysqldata.model.ArticleType@6c40e05b, com.csjscm.mysqldata.model.ArticleType@19304139, com.csjscm.mysqldata.model.ArticleType@5ef4f6db, com.csjscm.mysqldata.model.ArticleType@29a28bb9, com.csjscm.mysqldata.model.ArticleType@420bf4ee], currPage=0, totalCount=11}
2018-01-11 09:51:43.345 [http-nio-8080-exec-3] INFO  c.q.q.c.articlecontroller.ArticleController 55- articleTypesList{dataRows=[com.csjscm.mysqldata.model.ArticleType@2ec78b07, com.csjscm.mysqldata.model.ArticleType@2cf1ed73, com.csjscm.mysqldata.model.ArticleType@50cf8a02, com.csjscm.mysqldata.model.ArticleType@44080c43, com.csjscm.mysqldata.model.ArticleType@56052876, com.csjscm.mysqldata.model.ArticleType@75bcddb0, com.csjscm.mysqldata.model.ArticleType@590fc69f, com.csjscm.mysqldata.model.ArticleType@5d61a3e9, com.csjscm.mysqldata.model.ArticleType@22d866ab, com.csjscm.mysqldata.model.ArticleType@319a6e1d], currPage=1, totalCount=null}
2018-01-11 09:54:17.071 [http-nio-8080-exec-7] INFO  o.s.beans.factory.xml.XmlBeanDefinitionReader 317- Loading XML bean definitions from class path resource [org/springframework/jdbc/support/sql-error-codes.xml]
2018-01-11 09:54:17.103 [http-nio-8080-exec-7] INFO  o.s.jdbc.support.SQLErrorCodesFactory 127- SQLErrorCodes loaded: [DB2, Derby, H2, HSQL, Informix, MS-SQL, MySQL, Oracle, PostgreSQL, Sybase, Hana]
2018-01-11 09:54:17.114 [http-nio-8080-exec-7] ERROR o.a.c.c.C.[.[localhost].[/].[dispatcherServlet] 181- Servlet.service() for servlet [dispatcherServlet] in context with path [] threw exception [Request processing failed; nested exception is org.springframework.jdbc.BadSqlGrammarException: 
### Error querying database.  Cause: com.mysql.jdbc.exceptions.jdbc4.MySQLSyntaxErrorException: You have an error in your SQL syntax; check the manual that corresponds to your MySQL server version for the right syntax to use near 'null, null' at line 6
### The error may exist in com/qiming/qimingdata/dao/ArticleTypeMapper.xml
### The error may involve com.csjscm.mysqldata.dao.ArticleTypeMapper.selectArticleTypeListCount-Inline
### The error occurred while setting parameters
### SQL: SELECT COUNT(id) from articletype a                              limit ?, ?
### Cause: com.mysql.jdbc.exceptions.jdbc4.MySQLSyntaxErrorException: You have an error in your SQL syntax; check the manual that corresponds to your MySQL server version for the right syntax to use near 'null, null' at line 6
; bad SQL grammar []; nested exception is com.mysql.jdbc.exceptions.jdbc4.MySQLSyntaxErrorException: You have an error in your SQL syntax; check the manual that corresponds to your MySQL server version for the right syntax to use near 'null, null' at line 6] with root cause
com.mysql.jdbc.exceptions.jdbc4.MySQLSyntaxErrorException: You have an error in your SQL syntax; check the manual that corresponds to your MySQL server version for the right syntax to use near 'null, null' at line 6
	at sun.reflect.NativeConstructorAccessorImpl.newInstance0(Native Method)
	at sun.reflect.NativeConstructorAccessorImpl.newInstance(NativeConstructorAccessorImpl.java:62)
	at sun.reflect.DelegatingConstructorAccessorImpl.newInstance(DelegatingConstructorAccessorImpl.java:45)
	at java.lang.reflect.Constructor.newInstance(Constructor.java:423)
	at com.mysql.jdbc.Util.handleNewInstance(Util.java:404)
	at com.mysql.jdbc.Util.getInstance(Util.java:387)
	at com.mysql.jdbc.SQLError.createSQLException(SQLError.java:942)
	at com.mysql.jdbc.MysqlIO.checkErrorPacket(MysqlIO.java:3966)
	at com.mysql.jdbc.MysqlIO.checkErrorPacket(MysqlIO.java:3902)
	at com.mysql.jdbc.MysqlIO.sendCommand(MysqlIO.java:2526)
	at com.mysql.jdbc.MysqlIO.sqlQueryDirect(MysqlIO.java:2673)
	at com.mysql.jdbc.ConnectionImpl.execSQL(ConnectionImpl.java:2549)
	at com.mysql.jdbc.PreparedStatement.executeInternal(PreparedStatement.java:1861)
	at com.mysql.jdbc.PreparedStatement.execute(PreparedStatement.java:1192)
	at sun.reflect.NativeMethodAccessorImpl.invoke0(Native Method)
	at sun.reflect.NativeMethodAccessorImpl.invoke(NativeMethodAccessorImpl.java:62)
	at sun.reflect.DelegatingMethodAccessorImpl.invoke(DelegatingMethodAccessorImpl.java:43)
	at java.lang.reflect.Method.invoke(Method.java:498)
	at org.apache.tomcat.jdbc.pool.StatementFacade$StatementProxy.invoke(StatementFacade.java:114)
	at com.sun.proxy.$Proxy105.execute(Unknown Source)
	at org.apache.ibatis.executor.statement.PreparedStatementHandler.query(PreparedStatementHandler.java:63)
	at org.apache.ibatis.executor.statement.RoutingStatementHandler.query(RoutingStatementHandler.java:79)
	at org.apache.ibatis.executor.SimpleExecutor.doQuery(SimpleExecutor.java:63)
	at org.apache.ibatis.executor.BaseExecutor.queryFromDatabase(BaseExecutor.java:324)
	at org.apache.ibatis.executor.BaseExecutor.query(BaseExecutor.java:156)
	at org.apache.ibatis.executor.CachingExecutor.query(CachingExecutor.java:109)
	at org.apache.ibatis.executor.CachingExecutor.query(CachingExecutor.java:83)
	at org.apache.ibatis.session.defaults.DefaultSqlSession.selectList(DefaultSqlSession.java:148)
	at org.apache.ibatis.session.defaults.DefaultSqlSession.selectList(DefaultSqlSession.java:141)
	at org.apache.ibatis.session.defaults.DefaultSqlSession.selectOne(DefaultSqlSession.java:77)
	at sun.reflect.NativeMethodAccessorImpl.invoke0(Native Method)
	at sun.reflect.NativeMethodAccessorImpl.invoke(NativeMethodAccessorImpl.java:62)
	at sun.reflect.DelegatingMethodAccessorImpl.invoke(DelegatingMethodAccessorImpl.java:43)
	at java.lang.reflect.Method.invoke(Method.java:498)
	at org.mybatis.spring.SqlSessionTemplate$SqlSessionInterceptor.invoke(SqlSessionTemplate.java:433)
	at com.sun.proxy.$Proxy87.selectOne(Unknown Source)
	at org.mybatis.spring.SqlSessionTemplate.selectOne(SqlSessionTemplate.java:166)
	at org.apache.ibatis.binding.MapperMethod.execute(MapperMethod.java:82)
	at org.apache.ibatis.binding.MapperProxy.invoke(MapperProxy.java:59)
	at com.sun.proxy.$Proxy88.selectArticleTypeListCount(Unknown Source)
	at com.csjscm.mysqldata.service.impl.ArticleServiceImpl.listArticleType(ArticleServiceImpl.java:28)
	at com.csjscm.mysqldata.controller.articlecontroller.ArticleController.listArticleType(ArticleController.java:54)
	at sun.reflect.NativeMethodAccessorImpl.invoke0(Native Method)
	at sun.reflect.NativeMethodAccessorImpl.invoke(NativeMethodAccessorImpl.java:62)
	at sun.reflect.DelegatingMethodAccessorImpl.invoke(DelegatingMethodAccessorImpl.java:43)
	at java.lang.reflect.Method.invoke(Method.java:498)
	at org.springframework.web.method.support.InvocableHandlerMethod.doInvoke(InvocableHandlerMethod.java:205)
	at org.springframework.web.method.support.InvocableHandlerMethod.invokeForRequest(InvocableHandlerMethod.java:133)
	at org.springframework.web.servlet.mvc.method.annotation.ServletInvocableHandlerMethod.invokeAndHandle(ServletInvocableHandlerMethod.java:97)
	at org.springframework.web.servlet.mvc.method.annotation.RequestMappingHandlerAdapter.invokeHandlerMethod(RequestMappingHandlerAdapter.java:827)
	at org.springframework.web.servlet.mvc.method.annotation.RequestMappingHandlerAdapter.handleInternal(RequestMappingHandlerAdapter.java:738)
	at org.springframework.web.servlet.mvc.method.AbstractHandlerMethodAdapter.handle(AbstractHandlerMethodAdapter.java:85)
	at org.springframework.web.servlet.DispatcherServlet.doDispatch(DispatcherServlet.java:967)
	at org.springframework.web.servlet.DispatcherServlet.doService(DispatcherServlet.java:901)
	at org.springframework.web.servlet.FrameworkServlet.processRequest(FrameworkServlet.java:970)
	at org.springframework.web.servlet.FrameworkServlet.doGet(FrameworkServlet.java:861)
	at javax.servlet.http.HttpServlet.service(HttpServlet.java:635)
	at org.springframework.web.servlet.FrameworkServlet.service(FrameworkServlet.java:846)
	at javax.servlet.http.HttpServlet.service(HttpServlet.java:742)
	at org.apache.catalina.core.ApplicationFilterChain.internalDoFilter(ApplicationFilterChain.java:231)
	at org.apache.catalina.core.ApplicationFilterChain.doFilter(ApplicationFilterChain.java:166)
	at org.apache.tomcat.websocket.server.WsFilter.doFilter(WsFilter.java:52)
	at org.apache.catalina.core.ApplicationFilterChain.internalDoFilter(ApplicationFilterChain.java:193)
	at org.apache.catalina.core.ApplicationFilterChain.doFilter(ApplicationFilterChain.java:166)
	at org.springframework.web.filter.CharacterEncodingFilter.doFilterInternal(CharacterEncodingFilter.java:197)
	at org.springframework.web.filter.OncePerRequestFilter.doFilter(OncePerRequestFilter.java:107)
	at org.apache.catalina.core.ApplicationFilterChain.internalDoFilter(ApplicationFilterChain.java:193)
	at org.apache.catalina.core.ApplicationFilterChain.doFilter(ApplicationFilterChain.java:166)
	at org.apache.catalina.core.StandardWrapperValve.invoke(StandardWrapperValve.java:199)
	at org.apache.catalina.core.StandardContextValve.invoke(StandardContextValve.java:96)
	at org.apache.catalina.authenticator.AuthenticatorBase.invoke(AuthenticatorBase.java:478)
	at org.apache.catalina.core.StandardHostValve.invoke(StandardHostValve.java:140)
	at org.apache.catalina.valves.ErrorReportValve.invoke(ErrorReportValve.java:81)
	at org.apache.catalina.core.StandardEngineValve.invoke(StandardEngineValve.java:87)
	at org.apache.catalina.connector.CoyoteAdapter.service(CoyoteAdapter.java:342)
	at org.apache.coyote.http11.Http11Processor.service(Http11Processor.java:803)
	at org.apache.coyote.AbstractProcessorLight.process(AbstractProcessorLight.java:66)
	at org.apache.coyote.AbstractProtocol$ConnectionHandler.process(AbstractProtocol.java:868)
	at org.apache.tomcat.util.net.NioEndpoint$SocketProcessor.doRun(NioEndpoint.java:1459)
	at org.apache.tomcat.util.net.SocketProcessorBase.run(SocketProcessorBase.java:49)
	at java.util.concurrent.ThreadPoolExecutor.runWorker(ThreadPoolExecutor.java:1149)
	at java.util.concurrent.ThreadPoolExecutor$Worker.run(ThreadPoolExecutor.java:624)
	at org.apache.tomcat.util.threads.TaskThread$WrappingRunnable.run(TaskThread.java:61)
	at java.lang.Thread.run(Thread.java:748)
2018-01-11 09:54:31.363 [http-nio-8080-exec-3] INFO  c.q.q.c.articlecontroller.ArticleController 55- articleTypesList{dataRows=[com.csjscm.mysqldata.model.ArticleType@6d8a44d1, com.csjscm.mysqldata.model.ArticleType@694cd103, com.csjscm.mysqldata.model.ArticleType@5439f0ba, com.csjscm.mysqldata.model.ArticleType@34560e56, com.csjscm.mysqldata.model.ArticleType@b4578c1, com.csjscm.mysqldata.model.ArticleType@40e7463, com.csjscm.mysqldata.model.ArticleType@1f29f878, com.csjscm.mysqldata.model.ArticleType@1b096175, com.csjscm.mysqldata.model.ArticleType@3baa91a5, com.csjscm.mysqldata.model.ArticleType@4cf057df], currPage=0, totalCount=11}
2018-01-11 10:00:15.739 [restartedMain] INFO  o.s.c.a.AnnotationConfigApplicationContext 583- Refreshing org.springframework.context.annotation.AnnotationConfigApplicationContext@565486c4: startup date [Thu Jan 11 10:00:15 GMT+08:00 2018]; root of context hierarchy
2018-01-11 10:00:15.818 [background-preinit] INFO  org.hibernate.validator.internal.util.Version 30- HV000001: Hibernate Validator 5.3.6.Final
2018-01-11 10:00:15.877 [restartedMain] INFO  o.s.b.f.a.AutowiredAnnotationBeanPostProcessor 155- JSR-330 'javax.inject.Inject' annotation found and supported for autowiring
2018-01-11 10:00:15.906 [restartedMain] INFO  o.s.c.s.PostProcessorRegistrationDelegate$BeanPostProcessorChecker 327- Bean 'configurationPropertiesRebinderAutoConfiguration' of type [org.springframework.cloud.autoconfigure.ConfigurationPropertiesRebinderAutoConfiguration$$EnhancerBySpringCGLIB$$9a9440de] is not eligible for getting processed by all BeanPostProcessors (for example: not eligible for auto-proxying)
2018-01-11 10:00:16.178 [restartedMain] INFO  com.csjscm.VicidataApplication 593- No active profile set, falling back to default profiles: default
2018-01-11 10:00:16.188 [restartedMain] INFO  o.s.b.c.e.AnnotationConfigEmbeddedWebApplicationContext 583- Refreshing org.springframework.boot.context.embedded.AnnotationConfigEmbeddedWebApplicationContext@d99cb29: startup date [Thu Jan 11 10:00:16 GMT+08:00 2018]; parent: org.springframework.context.annotation.AnnotationConfigApplicationContext@565486c4
2018-01-11 10:00:16.916 [restartedMain] WARN  org.mybatis.spring.mapper.ClassPathMapperScanner 166- No MyBatis mapper was found in '[com.csjscm.mysqldata.controller, com.csjscm.mysqldata]' package. Please check your configuration.
2018-01-11 10:00:17.004 [restartedMain] WARN  o.s.c.annotation.ConfigurationClassPostProcessor 373- Cannot enhance @Configuration bean definition 'mysqlDataSourceConfig' since its singleton instance has been created too early. The typical cause is a non-static @Bean method with a BeanDefinitionRegistryPostProcessor return type: Consider declaring such methods as 'static'.
2018-01-11 10:00:17.074 [restartedMain] INFO  o.springframework.cloud.context.scope.GenericScope 263- BeanFactory id=f17d6a7f-3339-31d1-a871-5f32f8741848
2018-01-11 10:00:17.084 [restartedMain] INFO  o.s.b.f.a.AutowiredAnnotationBeanPostProcessor 155- JSR-330 'javax.inject.Inject' annotation found and supported for autowiring
2018-01-11 10:00:17.147 [restartedMain] INFO  o.s.c.s.PostProcessorRegistrationDelegate$BeanPostProcessorChecker 327- Bean 'org.springframework.transaction.annotation.ProxyTransactionManagementConfiguration' of type [org.springframework.transaction.annotation.ProxyTransactionManagementConfiguration$$EnhancerBySpringCGLIB$$7e7a3de1] is not eligible for getting processed by all BeanPostProcessors (for example: not eligible for auto-proxying)
2018-01-11 10:00:17.171 [restartedMain] INFO  o.s.c.s.PostProcessorRegistrationDelegate$BeanPostProcessorChecker 327- Bean 'org.springframework.cloud.autoconfigure.ConfigurationPropertiesRebinderAutoConfiguration' of type [org.springframework.cloud.autoconfigure.ConfigurationPropertiesRebinderAutoConfiguration$$EnhancerBySpringCGLIB$$9a9440de] is not eligible for getting processed by all BeanPostProcessors (for example: not eligible for auto-proxying)
2018-01-11 10:00:17.474 [restartedMain] INFO  o.s.b.c.e.tomcat.TomcatEmbeddedServletContainer 89- Tomcat initialized with port(s): 8080 (http)
2018-01-11 10:00:17.480 [restartedMain] INFO  org.apache.catalina.core.StandardService 179- Starting service [Tomcat]
2018-01-11 10:00:17.481 [restartedMain] INFO  org.apache.catalina.core.StandardEngine 179- Starting Servlet Engine: Apache Tomcat/8.5.23
2018-01-11 10:00:17.577 [localhost-startStop-1] INFO  o.a.c.core.ContainerBase.[Tomcat].[localhost].[/] 179- Initializing Spring embedded WebApplicationContext
2018-01-11 10:00:17.577 [localhost-startStop-1] INFO  org.springframework.web.context.ContextLoader 276- Root WebApplicationContext: initialization completed in 1389 ms
2018-01-11 10:00:17.650 [localhost-startStop-1] INFO  o.s.boot.web.servlet.ServletRegistrationBean 190- Mapping servlet: 'dispatcherServlet' to [/]
2018-01-11 10:00:17.654 [localhost-startStop-1] INFO  o.s.boot.web.servlet.FilterRegistrationBean 258- Mapping filter: 'characterEncodingFilter' to: [/*]
2018-01-11 10:00:18.151 [restartedMain] INFO  o.s.w.s.m.m.a.RequestMappingHandlerMapping 543- Mapped "{[/article/toarticle]}" onto public org.springframework.web.servlet.ModelAndView com.csjscm.mysqldata.controller.articlecontroller.ArticleController.toArticle()
2018-01-11 10:00:18.152 [restartedMain] INFO  o.s.w.s.m.m.a.RequestMappingHandlerMapping 543- Mapped "{[/article/toarticle1]}" onto public org.springframework.web.servlet.ModelAndView com.csjscm.mysqldata.controller.articlecontroller.ArticleController.toArticle1()
2018-01-11 10:00:18.153 [restartedMain] INFO  o.s.w.s.m.m.a.RequestMappingHandlerMapping 543- Mapped "{[/article/listtoarticle]}" onto public java.lang.String com.csjscm.mysqldata.controller.articlecontroller.ArticleController.listArticleType(com.csjscm.mysqldata.model.ArticleTypeQuery)
2018-01-11 10:00:18.155 [restartedMain] INFO  o.s.w.s.m.m.a.RequestMappingHandlerMapping 543- Mapped "{[/user/userlogin],methods=[GET]}" onto public java.util.List<com.csjscm.mysqldata.model.UserModel> com.csjscm.mysqldata.controller.UserController.selectUser()
2018-01-11 10:00:18.156 [restartedMain] INFO  o.s.w.s.m.m.a.RequestMappingHandlerMapping 543- Mapped "{[/user/view1],methods=[GET]}" onto public org.springframework.web.servlet.ModelAndView com.csjscm.mysqldata.controller.UserController.viewex()
2018-01-11 10:00:18.156 [restartedMain] INFO  o.s.w.s.m.m.a.RequestMappingHandlerMapping 543- Mapped "{[/user/tologin],methods=[GET]}" onto public org.springframework.web.servlet.ModelAndView com.csjscm.mysqldata.controller.UserController.toLogin()
2018-01-11 10:00:18.156 [restartedMain] INFO  o.s.w.s.m.m.a.RequestMappingHandlerMapping 543- Mapped "{[/user/backlogin],methods=[POST]}" onto public org.springframework.web.servlet.ModelAndView com.csjscm.mysqldata.controller.UserController.backLogin()
2018-01-11 10:00:18.157 [restartedMain] INFO  o.s.w.s.m.m.a.RequestMappingHandlerMapping 543- Mapped "{[/v2/api-docs],methods=[GET],produces=[application/json || application/hal+json]}" onto public org.springframework.http.ResponseEntity<springfox.documentation.spring.web.json.Json> springfox.documentation.swagger2.web.Swagger2Controller.getDocumentation(java.lang.String,javax.servlet.http.HttpServletRequest)
2018-01-11 10:00:18.160 [restartedMain] INFO  o.s.w.s.m.m.a.RequestMappingHandlerMapping 543- Mapped "{[/swagger-resources/configuration/ui]}" onto org.springframework.http.ResponseEntity<springfox.documentation.swagger.web.UiConfiguration> springfox.documentation.swagger.web.ApiResourceController.uiConfiguration()
2018-01-11 10:00:18.160 [restartedMain] INFO  o.s.w.s.m.m.a.RequestMappingHandlerMapping 543- Mapped "{[/swagger-resources]}" onto org.springframework.http.ResponseEntity<java.util.List<springfox.documentation.swagger.web.SwaggerResource>> springfox.documentation.swagger.web.ApiResourceController.swaggerResources()
2018-01-11 10:00:18.161 [restartedMain] INFO  o.s.w.s.m.m.a.RequestMappingHandlerMapping 543- Mapped "{[/swagger-resources/configuration/security]}" onto org.springframework.http.ResponseEntity<springfox.documentation.swagger.web.SecurityConfiguration> springfox.documentation.swagger.web.ApiResourceController.securityConfiguration()
2018-01-11 10:00:18.163 [restartedMain] INFO  o.s.w.s.m.m.a.RequestMappingHandlerMapping 543- Mapped "{[/error]}" onto public org.springframework.http.ResponseEntity<java.util.Map<java.lang.String, java.lang.Object>> org.springframework.boot.autoconfigure.web.BasicErrorController.error(javax.servlet.http.HttpServletRequest)
2018-01-11 10:00:18.164 [restartedMain] INFO  o.s.w.s.m.m.a.RequestMappingHandlerMapping 543- Mapped "{[/error],produces=[text/html]}" onto public org.springframework.web.servlet.ModelAndView org.springframework.boot.autoconfigure.web.BasicErrorController.errorHtml(javax.servlet.http.HttpServletRequest,javax.servlet.http.HttpServletResponse)
2018-01-11 10:00:18.249 [restartedMain] INFO  o.s.web.servlet.handler.SimpleUrlHandlerMapping 362- Mapped URL path [/static/**] onto handler of type [class org.springframework.web.servlet.resource.ResourceHttpRequestHandler]
2018-01-11 10:00:18.300 [restartedMain] INFO  o.s.w.s.m.m.a.RequestMappingHandlerAdapter 534- Looking for @ControllerAdvice: org.springframework.boot.context.embedded.AnnotationConfigEmbeddedWebApplicationContext@d99cb29: startup date [Thu Jan 11 10:00:16 GMT+08:00 2018]; parent: org.springframework.context.annotation.AnnotationConfigApplicationContext@565486c4
2018-01-11 10:00:18.655 [restartedMain] INFO  o.s.w.servlet.view.freemarker.FreeMarkerConfigurer 127- ClassTemplateLoader for Spring macros added to FreeMarker configuration
2018-01-11 10:00:18.765 [restartedMain] INFO  o.s.b.d.autoconfigure.OptionalLiveReloadServer 58- LiveReload server is running on port 35729
2018-01-11 10:00:18.853 [restartedMain] WARN  o.s.c.netflix.archaius.ArchaiusAutoConfiguration 138- No spring.application.name found, defaulting to 'application'
2018-01-11 10:00:18.855 [restartedMain] WARN  com.netflix.config.sources.URLConfigurationSource 121- No URLs will be polled as dynamic configuration sources.
2018-01-11 10:00:18.855 [restartedMain] INFO  com.netflix.config.sources.URLConfigurationSource 122- To enable URLs as dynamic configuration sources, define System property archaius.configurationSource.additionalUrls or make config.properties available on classpath.
2018-01-11 10:00:18.858 [restartedMain] WARN  com.netflix.config.sources.URLConfigurationSource 121- No URLs will be polled as dynamic configuration sources.
2018-01-11 10:00:18.858 [restartedMain] INFO  com.netflix.config.sources.URLConfigurationSource 122- To enable URLs as dynamic configuration sources, define System property archaius.configurationSource.additionalUrls or make config.properties available on classpath.
2018-01-11 10:00:18.928 [restartedMain] INFO  o.s.jmx.export.annotation.AnnotationMBeanExporter 431- Registering beans for JMX exposure on startup
2018-01-11 10:00:18.936 [restartedMain] INFO  o.s.jmx.export.annotation.AnnotationMBeanExporter 916- Bean with name 'configurationPropertiesRebinder' has been autodetected for JMX exposure
2018-01-11 10:00:18.936 [restartedMain] INFO  o.s.jmx.export.annotation.AnnotationMBeanExporter 916- Bean with name 'environmentManager' has been autodetected for JMX exposure
2018-01-11 10:00:18.937 [restartedMain] INFO  o.s.jmx.export.annotation.AnnotationMBeanExporter 916- Bean with name 'refreshScope' has been autodetected for JMX exposure
2018-01-11 10:00:18.939 [restartedMain] INFO  o.s.jmx.export.annotation.AnnotationMBeanExporter 678- Located managed bean 'environmentManager': registering with JMX server as MBean [org.springframework.cloud.context.environment:name=environmentManager,type=EnvironmentManager]
2018-01-11 10:00:18.948 [restartedMain] INFO  o.s.jmx.export.annotation.AnnotationMBeanExporter 678- Located managed bean 'refreshScope': registering with JMX server as MBean [org.springframework.cloud.context.scope.refresh:name=refreshScope,type=RefreshScope]
2018-01-11 10:00:18.955 [restartedMain] INFO  o.s.jmx.export.annotation.AnnotationMBeanExporter 678- Located managed bean 'configurationPropertiesRebinder': registering with JMX server as MBean [org.springframework.cloud.context.properties:name=configurationPropertiesRebinder,context=d99cb29,type=ConfigurationPropertiesRebinder]
2018-01-11 10:00:19.101 [restartedMain] INFO  o.s.context.support.DefaultLifecycleProcessor 343- Starting beans in phase 2147483647
2018-01-11 10:00:19.101 [restartedMain] INFO  s.d.s.web.plugins.DocumentationPluginsBootstrapper 120- Context refreshed
2018-01-11 10:00:19.112 [restartedMain] INFO  s.d.s.web.plugins.DocumentationPluginsBootstrapper 123- Found 1 custom documentation plugin(s)
2018-01-11 10:00:19.122 [restartedMain] INFO  s.d.spring.web.scanners.ApiListingReferenceScanner 41- Scanning for api listing references
2018-01-11 10:00:19.142 [restartedMain] INFO  org.apache.coyote.http11.Http11NioProtocol 179- Initializing ProtocolHandler ["http-nio-8080"]
2018-01-11 10:00:19.150 [restartedMain] INFO  org.apache.coyote.http11.Http11NioProtocol 179- Starting ProtocolHandler ["http-nio-8080"]
2018-01-11 10:00:19.158 [restartedMain] INFO  org.apache.tomcat.util.net.NioSelectorPool 179- Using a shared selector for servlet write/read
2018-01-11 10:00:19.170 [restartedMain] INFO  o.s.b.c.e.tomcat.TomcatEmbeddedServletContainer 201- Tomcat started on port(s): 8080 (http)
2018-01-11 10:00:19.174 [restartedMain] INFO  com.csjscm.VicidataApplication 57- Started VicidataApplication in 3.737 seconds (JVM running for 5.317)
2018-01-11 10:00:43.989 [http-nio-8080-exec-1] INFO  org.apache.tomcat.util.http.parser.Cookie 179- A cookie header was received [1514855453,1514944390,1515554966; Hm_lvt_a46387646542db27a337e807745077f4=1514507499,1514855453,1514944390,1515554966; CNZZDATA155540=cnzz_eid%3D1094665924-1515372020-%26ntime%3D1515631292] that contained an invalid cookie. That cookie will be ignored.Note: further occurrences of this error will be logged at DEBUG level.
2018-01-11 10:00:43.996 [http-nio-8080-exec-1] INFO  o.a.c.core.ContainerBase.[Tomcat].[localhost].[/] 179- Initializing Spring FrameworkServlet 'dispatcherServlet'
2018-01-11 10:00:43.996 [http-nio-8080-exec-1] INFO  org.springframework.web.servlet.DispatcherServlet 489- FrameworkServlet 'dispatcherServlet': initialization started
2018-01-11 10:00:44.010 [http-nio-8080-exec-1] INFO  org.springframework.web.servlet.DispatcherServlet 508- FrameworkServlet 'dispatcherServlet': initialization completed in 14 ms
2018-01-11 10:01:05.635 [http-nio-8080-exec-7] INFO  c.q.q.c.articlecontroller.ArticleController 55- articleTypesList{dataRows=[com.csjscm.mysqldata.model.ArticleType@19935a96, com.csjscm.mysqldata.model.ArticleType@62fac8ae, com.csjscm.mysqldata.model.ArticleType@30a4d31c, com.csjscm.mysqldata.model.ArticleType@59775ccd, com.csjscm.mysqldata.model.ArticleType@5ab3fa9f, com.csjscm.mysqldata.model.ArticleType@6e38e6df, com.csjscm.mysqldata.model.ArticleType@7892f437, com.csjscm.mysqldata.model.ArticleType@1be05edc, com.csjscm.mysqldata.model.ArticleType@5ec2283d, com.csjscm.mysqldata.model.ArticleType@77e52324], currPage=1, totalCount=null}
2018-01-11 10:13:44.479 [restartedMain] INFO  o.s.c.a.AnnotationConfigApplicationContext 583- Refreshing org.springframework.context.annotation.AnnotationConfigApplicationContext@3bad6352: startup date [Thu Jan 11 10:13:44 GMT+08:00 2018]; root of context hierarchy
2018-01-11 10:13:44.532 [background-preinit] INFO  org.hibernate.validator.internal.util.Version 30- HV000001: Hibernate Validator 5.3.6.Final
2018-01-11 10:13:44.646 [restartedMain] INFO  o.s.b.f.a.AutowiredAnnotationBeanPostProcessor 155- JSR-330 'javax.inject.Inject' annotation found and supported for autowiring
2018-01-11 10:13:44.671 [restartedMain] INFO  o.s.c.s.PostProcessorRegistrationDelegate$BeanPostProcessorChecker 327- Bean 'configurationPropertiesRebinderAutoConfiguration' of type [org.springframework.cloud.autoconfigure.ConfigurationPropertiesRebinderAutoConfiguration$$EnhancerBySpringCGLIB$$63374eed] is not eligible for getting processed by all BeanPostProcessors (for example: not eligible for auto-proxying)
2018-01-11 10:13:44.942 [restartedMain] INFO  com.csjscm.VicidataApplication 593- No active profile set, falling back to default profiles: default
2018-01-11 10:13:44.951 [restartedMain] INFO  o.s.b.c.e.AnnotationConfigEmbeddedWebApplicationContext 583- Refreshing org.springframework.boot.context.embedded.AnnotationConfigEmbeddedWebApplicationContext@59286c76: startup date [Thu Jan 11 10:13:44 GMT+08:00 2018]; parent: org.springframework.context.annotation.AnnotationConfigApplicationContext@3bad6352
2018-01-11 10:13:45.662 [restartedMain] WARN  org.mybatis.spring.mapper.ClassPathMapperScanner 166- No MyBatis mapper was found in '[com.csjscm.mysqldata.controller, com.csjscm.mysqldata]' package. Please check your configuration.
2018-01-11 10:13:45.746 [restartedMain] WARN  o.s.c.annotation.ConfigurationClassPostProcessor 373- Cannot enhance @Configuration bean definition 'mysqlDataSourceConfig' since its singleton instance has been created too early. The typical cause is a non-static @Bean method with a BeanDefinitionRegistryPostProcessor return type: Consider declaring such methods as 'static'.
2018-01-11 10:13:45.819 [restartedMain] INFO  o.springframework.cloud.context.scope.GenericScope 263- BeanFactory id=f17d6a7f-3339-31d1-a871-5f32f8741848
2018-01-11 10:13:45.829 [restartedMain] INFO  o.s.b.f.a.AutowiredAnnotationBeanPostProcessor 155- JSR-330 'javax.inject.Inject' annotation found and supported for autowiring
2018-01-11 10:13:45.896 [restartedMain] INFO  o.s.c.s.PostProcessorRegistrationDelegate$BeanPostProcessorChecker 327- Bean 'org.springframework.transaction.annotation.ProxyTransactionManagementConfiguration' of type [org.springframework.transaction.annotation.ProxyTransactionManagementConfiguration$$EnhancerBySpringCGLIB$$471d4bf0] is not eligible for getting processed by all BeanPostProcessors (for example: not eligible for auto-proxying)
2018-01-11 10:13:45.918 [restartedMain] INFO  o.s.c.s.PostProcessorRegistrationDelegate$BeanPostProcessorChecker 327- Bean 'org.springframework.cloud.autoconfigure.ConfigurationPropertiesRebinderAutoConfiguration' of type [org.springframework.cloud.autoconfigure.ConfigurationPropertiesRebinderAutoConfiguration$$EnhancerBySpringCGLIB$$63374eed] is not eligible for getting processed by all BeanPostProcessors (for example: not eligible for auto-proxying)
2018-01-11 10:13:46.209 [restartedMain] INFO  o.s.b.c.e.tomcat.TomcatEmbeddedServletContainer 89- Tomcat initialized with port(s): 8080 (http)
2018-01-11 10:13:46.215 [restartedMain] INFO  org.apache.catalina.core.StandardService 179- Starting service [Tomcat]
2018-01-11 10:13:46.216 [restartedMain] INFO  org.apache.catalina.core.StandardEngine 179- Starting Servlet Engine: Apache Tomcat/8.5.23
2018-01-11 10:13:46.294 [localhost-startStop-1] INFO  o.a.c.core.ContainerBase.[Tomcat].[localhost].[/] 179- Initializing Spring embedded WebApplicationContext
2018-01-11 10:13:46.294 [localhost-startStop-1] INFO  org.springframework.web.context.ContextLoader 276- Root WebApplicationContext: initialization completed in 1343 ms
2018-01-11 10:13:46.365 [localhost-startStop-1] INFO  o.s.boot.web.servlet.ServletRegistrationBean 190- Mapping servlet: 'dispatcherServlet' to [/]
2018-01-11 10:13:46.368 [localhost-startStop-1] INFO  o.s.boot.web.servlet.FilterRegistrationBean 258- Mapping filter: 'characterEncodingFilter' to: [/*]
2018-01-11 10:13:46.884 [restartedMain] INFO  o.s.w.s.m.m.a.RequestMappingHandlerMapping 543- Mapped "{[/article/toarticle]}" onto public org.springframework.web.servlet.ModelAndView com.csjscm.mysqldata.controller.articlecontroller.ArticleController.toArticle()
2018-01-11 10:13:46.884 [restartedMain] INFO  o.s.w.s.m.m.a.RequestMappingHandlerMapping 543- Mapped "{[/article/toarticle1]}" onto public org.springframework.web.servlet.ModelAndView com.csjscm.mysqldata.controller.articlecontroller.ArticleController.toArticle1()
2018-01-11 10:13:46.886 [restartedMain] INFO  o.s.w.s.m.m.a.RequestMappingHandlerMapping 543- Mapped "{[/article/listtoarticle]}" onto public java.lang.String com.csjscm.mysqldata.controller.articlecontroller.ArticleController.listArticleType(com.csjscm.mysqldata.model.ArticleTypeQuery)
2018-01-11 10:13:46.887 [restartedMain] INFO  o.s.w.s.m.m.a.RequestMappingHandlerMapping 543- Mapped "{[/user/userlogin],methods=[GET]}" onto public java.util.List<com.csjscm.mysqldata.model.UserModel> com.csjscm.mysqldata.controller.UserController.selectUser()
2018-01-11 10:13:46.887 [restartedMain] INFO  o.s.w.s.m.m.a.RequestMappingHandlerMapping 543- Mapped "{[/user/view1],methods=[GET]}" onto public org.springframework.web.servlet.ModelAndView com.csjscm.mysqldata.controller.UserController.viewex()
2018-01-11 10:13:46.887 [restartedMain] INFO  o.s.w.s.m.m.a.RequestMappingHandlerMapping 543- Mapped "{[/user/tologin],methods=[GET]}" onto public org.springframework.web.servlet.ModelAndView com.csjscm.mysqldata.controller.UserController.toLogin()
2018-01-11 10:13:46.888 [restartedMain] INFO  o.s.w.s.m.m.a.RequestMappingHandlerMapping 543- Mapped "{[/user/backlogin],methods=[POST]}" onto public org.springframework.web.servlet.ModelAndView com.csjscm.mysqldata.controller.UserController.backLogin()
2018-01-11 10:13:46.888 [restartedMain] INFO  o.s.w.s.m.m.a.RequestMappingHandlerMapping 543- Mapped "{[/v2/api-docs],methods=[GET],produces=[application/json || application/hal+json]}" onto public org.springframework.http.ResponseEntity<springfox.documentation.spring.web.json.Json> springfox.documentation.swagger2.web.Swagger2Controller.getDocumentation(java.lang.String,javax.servlet.http.HttpServletRequest)
2018-01-11 10:13:46.891 [restartedMain] INFO  o.s.w.s.m.m.a.RequestMappingHandlerMapping 543- Mapped "{[/swagger-resources/configuration/ui]}" onto org.springframework.http.ResponseEntity<springfox.documentation.swagger.web.UiConfiguration> springfox.documentation.swagger.web.ApiResourceController.uiConfiguration()
2018-01-11 10:13:46.892 [restartedMain] INFO  o.s.w.s.m.m.a.RequestMappingHandlerMapping 543- Mapped "{[/swagger-resources]}" onto org.springframework.http.ResponseEntity<java.util.List<springfox.documentation.swagger.web.SwaggerResource>> springfox.documentation.swagger.web.ApiResourceController.swaggerResources()
2018-01-11 10:13:46.893 [restartedMain] INFO  o.s.w.s.m.m.a.RequestMappingHandlerMapping 543- Mapped "{[/swagger-resources/configuration/security]}" onto org.springframework.http.ResponseEntity<springfox.documentation.swagger.web.SecurityConfiguration> springfox.documentation.swagger.web.ApiResourceController.securityConfiguration()
2018-01-11 10:13:46.896 [restartedMain] INFO  o.s.w.s.m.m.a.RequestMappingHandlerMapping 543- Mapped "{[/error]}" onto public org.springframework.http.ResponseEntity<java.util.Map<java.lang.String, java.lang.Object>> org.springframework.boot.autoconfigure.web.BasicErrorController.error(javax.servlet.http.HttpServletRequest)
2018-01-11 10:13:46.896 [restartedMain] INFO  o.s.w.s.m.m.a.RequestMappingHandlerMapping 543- Mapped "{[/error],produces=[text/html]}" onto public org.springframework.web.servlet.ModelAndView org.springframework.boot.autoconfigure.web.BasicErrorController.errorHtml(javax.servlet.http.HttpServletRequest,javax.servlet.http.HttpServletResponse)
2018-01-11 10:13:46.981 [restartedMain] INFO  o.s.web.servlet.handler.SimpleUrlHandlerMapping 362- Mapped URL path [/static/**] onto handler of type [class org.springframework.web.servlet.resource.ResourceHttpRequestHandler]
2018-01-11 10:13:47.013 [restartedMain] INFO  o.s.w.s.m.m.a.RequestMappingHandlerAdapter 534- Looking for @ControllerAdvice: org.springframework.boot.context.embedded.AnnotationConfigEmbeddedWebApplicationContext@59286c76: startup date [Thu Jan 11 10:13:44 GMT+08:00 2018]; parent: org.springframework.context.annotation.AnnotationConfigApplicationContext@3bad6352
2018-01-11 10:13:47.368 [restartedMain] INFO  o.s.w.servlet.view.freemarker.FreeMarkerConfigurer 127- ClassTemplateLoader for Spring macros added to FreeMarker configuration
2018-01-11 10:13:47.476 [restartedMain] INFO  o.s.b.d.autoconfigure.OptionalLiveReloadServer 58- LiveReload server is running on port 35729
2018-01-11 10:13:47.556 [restartedMain] WARN  o.s.c.netflix.archaius.ArchaiusAutoConfiguration 138- No spring.application.name found, defaulting to 'application'
2018-01-11 10:13:47.558 [restartedMain] WARN  com.netflix.config.sources.URLConfigurationSource 121- No URLs will be polled as dynamic configuration sources.
2018-01-11 10:13:47.559 [restartedMain] INFO  com.netflix.config.sources.URLConfigurationSource 122- To enable URLs as dynamic configuration sources, define System property archaius.configurationSource.additionalUrls or make config.properties available on classpath.
2018-01-11 10:13:47.562 [restartedMain] WARN  com.netflix.config.sources.URLConfigurationSource 121- No URLs will be polled as dynamic configuration sources.
2018-01-11 10:13:47.562 [restartedMain] INFO  com.netflix.config.sources.URLConfigurationSource 122- To enable URLs as dynamic configuration sources, define System property archaius.configurationSource.additionalUrls or make config.properties available on classpath.
2018-01-11 10:13:47.636 [restartedMain] INFO  o.s.jmx.export.annotation.AnnotationMBeanExporter 431- Registering beans for JMX exposure on startup
2018-01-11 10:13:47.643 [restartedMain] INFO  o.s.jmx.export.annotation.AnnotationMBeanExporter 916- Bean with name 'configurationPropertiesRebinder' has been autodetected for JMX exposure
2018-01-11 10:13:47.644 [restartedMain] INFO  o.s.jmx.export.annotation.AnnotationMBeanExporter 916- Bean with name 'environmentManager' has been autodetected for JMX exposure
2018-01-11 10:13:47.645 [restartedMain] INFO  o.s.jmx.export.annotation.AnnotationMBeanExporter 916- Bean with name 'refreshScope' has been autodetected for JMX exposure
2018-01-11 10:13:47.647 [restartedMain] INFO  o.s.jmx.export.annotation.AnnotationMBeanExporter 678- Located managed bean 'environmentManager': registering with JMX server as MBean [org.springframework.cloud.context.environment:name=environmentManager,type=EnvironmentManager]
2018-01-11 10:13:47.659 [restartedMain] INFO  o.s.jmx.export.annotation.AnnotationMBeanExporter 678- Located managed bean 'refreshScope': registering with JMX server as MBean [org.springframework.cloud.context.scope.refresh:name=refreshScope,type=RefreshScope]
2018-01-11 10:13:47.668 [restartedMain] INFO  o.s.jmx.export.annotation.AnnotationMBeanExporter 678- Located managed bean 'configurationPropertiesRebinder': registering with JMX server as MBean [org.springframework.cloud.context.properties:name=configurationPropertiesRebinder,context=59286c76,type=ConfigurationPropertiesRebinder]
2018-01-11 10:13:47.813 [restartedMain] INFO  o.s.context.support.DefaultLifecycleProcessor 343- Starting beans in phase 2147483647
2018-01-11 10:13:47.813 [restartedMain] INFO  s.d.s.web.plugins.DocumentationPluginsBootstrapper 120- Context refreshed
2018-01-11 10:13:47.825 [restartedMain] INFO  s.d.s.web.plugins.DocumentationPluginsBootstrapper 123- Found 1 custom documentation plugin(s)
2018-01-11 10:13:47.835 [restartedMain] INFO  s.d.spring.web.scanners.ApiListingReferenceScanner 41- Scanning for api listing references
2018-01-11 10:13:47.854 [restartedMain] INFO  org.apache.coyote.http11.Http11NioProtocol 179- Initializing ProtocolHandler ["http-nio-8080"]
2018-01-11 10:13:47.861 [restartedMain] INFO  org.apache.coyote.http11.Http11NioProtocol 179- Starting ProtocolHandler ["http-nio-8080"]
2018-01-11 10:13:47.868 [restartedMain] INFO  org.apache.tomcat.util.net.NioSelectorPool 179- Using a shared selector for servlet write/read
2018-01-11 10:13:47.879 [restartedMain] INFO  o.s.b.c.e.tomcat.TomcatEmbeddedServletContainer 201- Tomcat started on port(s): 8080 (http)
2018-01-11 10:13:47.884 [restartedMain] INFO  com.csjscm.VicidataApplication 57- Started VicidataApplication in 3.853 seconds (JVM running for 4.421)
2018-01-11 10:14:04.375 [http-nio-8080-exec-1] INFO  org.apache.tomcat.util.http.parser.Cookie 179- A cookie header was received [1514855453,1514944390,1515554966; Hm_lvt_a46387646542db27a337e807745077f4=1514507499,1514855453,1514944390,1515554966; CNZZDATA155540=cnzz_eid%3D1094665924-1515372020-%26ntime%3D1515631292] that contained an invalid cookie. That cookie will be ignored.Note: further occurrences of this error will be logged at DEBUG level.
2018-01-11 10:14:04.379 [http-nio-8080-exec-1] INFO  o.a.c.core.ContainerBase.[Tomcat].[localhost].[/] 179- Initializing Spring FrameworkServlet 'dispatcherServlet'
2018-01-11 10:14:04.380 [http-nio-8080-exec-1] INFO  org.springframework.web.servlet.DispatcherServlet 489- FrameworkServlet 'dispatcherServlet': initialization started
2018-01-11 10:14:04.392 [http-nio-8080-exec-1] INFO  org.springframework.web.servlet.DispatcherServlet 508- FrameworkServlet 'dispatcherServlet': initialization completed in 12 ms
2018-01-11 10:14:04.586 [http-nio-8080-exec-1] INFO  c.q.q.c.articlecontroller.ArticleController 56- articleTypesList{dataRows=[com.csjscm.mysqldata.model.ArticleType@227f502b, com.csjscm.mysqldata.model.ArticleType@6755f2f2, com.csjscm.mysqldata.model.ArticleType@135beebf, com.csjscm.mysqldata.model.ArticleType@1706ab95, com.csjscm.mysqldata.model.ArticleType@4f205f56, com.csjscm.mysqldata.model.ArticleType@7aae622, com.csjscm.mysqldata.model.ArticleType@4bc8ce7e, com.csjscm.mysqldata.model.ArticleType@69b08e91, com.csjscm.mysqldata.model.ArticleType@24a7a61e, com.csjscm.mysqldata.model.ArticleType@74eccf5e], currPage=0, totalCount=11}
2018-01-11 10:25:05.850 [restartedMain] INFO  o.s.c.a.AnnotationConfigApplicationContext 583- Refreshing org.springframework.context.annotation.AnnotationConfigApplicationContext@575fa00c: startup date [Thu Jan 11 10:25:05 GMT+08:00 2018]; root of context hierarchy
2018-01-11 10:25:05.917 [background-preinit] INFO  org.hibernate.validator.internal.util.Version 30- HV000001: Hibernate Validator 5.3.6.Final
2018-01-11 10:25:05.982 [restartedMain] INFO  o.s.b.f.a.AutowiredAnnotationBeanPostProcessor 155- JSR-330 'javax.inject.Inject' annotation found and supported for autowiring
2018-01-11 10:25:06.005 [restartedMain] INFO  o.s.c.s.PostProcessorRegistrationDelegate$BeanPostProcessorChecker 327- Bean 'configurationPropertiesRebinderAutoConfiguration' of type [org.springframework.cloud.autoconfigure.ConfigurationPropertiesRebinderAutoConfiguration$$EnhancerBySpringCGLIB$$8683c23d] is not eligible for getting processed by all BeanPostProcessors (for example: not eligible for auto-proxying)
2018-01-11 10:25:06.278 [restartedMain] INFO  com.csjscm.VicidataApplication 593- No active profile set, falling back to default profiles: default
2018-01-11 10:25:06.287 [restartedMain] INFO  o.s.b.c.e.AnnotationConfigEmbeddedWebApplicationContext 583- Refreshing org.springframework.boot.context.embedded.AnnotationConfigEmbeddedWebApplicationContext@318fe877: startup date [Thu Jan 11 10:25:06 GMT+08:00 2018]; parent: org.springframework.context.annotation.AnnotationConfigApplicationContext@575fa00c
2018-01-11 10:25:06.985 [restartedMain] WARN  org.mybatis.spring.mapper.ClassPathMapperScanner 166- No MyBatis mapper was found in '[com.csjscm.mysqldata.controller, com.csjscm.mysqldata]' package. Please check your configuration.
2018-01-11 10:25:07.071 [restartedMain] WARN  o.s.c.annotation.ConfigurationClassPostProcessor 373- Cannot enhance @Configuration bean definition 'mysqlDataSourceConfig' since its singleton instance has been created too early. The typical cause is a non-static @Bean method with a BeanDefinitionRegistryPostProcessor return type: Consider declaring such methods as 'static'.
2018-01-11 10:25:07.140 [restartedMain] INFO  o.springframework.cloud.context.scope.GenericScope 263- BeanFactory id=f17d6a7f-3339-31d1-a871-5f32f8741848
2018-01-11 10:25:07.150 [restartedMain] INFO  o.s.b.f.a.AutowiredAnnotationBeanPostProcessor 155- JSR-330 'javax.inject.Inject' annotation found and supported for autowiring
2018-01-11 10:25:07.212 [restartedMain] INFO  o.s.c.s.PostProcessorRegistrationDelegate$BeanPostProcessorChecker 327- Bean 'org.springframework.transaction.annotation.ProxyTransactionManagementConfiguration' of type [org.springframework.transaction.annotation.ProxyTransactionManagementConfiguration$$EnhancerBySpringCGLIB$$6a69bf40] is not eligible for getting processed by all BeanPostProcessors (for example: not eligible for auto-proxying)
2018-01-11 10:25:07.243 [restartedMain] INFO  o.s.c.s.PostProcessorRegistrationDelegate$BeanPostProcessorChecker 327- Bean 'org.springframework.cloud.autoconfigure.ConfigurationPropertiesRebinderAutoConfiguration' of type [org.springframework.cloud.autoconfigure.ConfigurationPropertiesRebinderAutoConfiguration$$EnhancerBySpringCGLIB$$8683c23d] is not eligible for getting processed by all BeanPostProcessors (for example: not eligible for auto-proxying)
2018-01-11 10:25:07.528 [restartedMain] INFO  o.s.b.c.e.tomcat.TomcatEmbeddedServletContainer 89- Tomcat initialized with port(s): 8080 (http)
2018-01-11 10:25:07.535 [restartedMain] INFO  org.apache.catalina.core.StandardService 179- Starting service [Tomcat]
2018-01-11 10:25:07.536 [restartedMain] INFO  org.apache.catalina.core.StandardEngine 179- Starting Servlet Engine: Apache Tomcat/8.5.23
2018-01-11 10:25:07.611 [localhost-startStop-1] INFO  o.a.c.core.ContainerBase.[Tomcat].[localhost].[/] 179- Initializing Spring embedded WebApplicationContext
2018-01-11 10:25:07.612 [localhost-startStop-1] INFO  org.springframework.web.context.ContextLoader 276- Root WebApplicationContext: initialization completed in 1325 ms
2018-01-11 10:25:07.681 [localhost-startStop-1] INFO  o.s.boot.web.servlet.ServletRegistrationBean 190- Mapping servlet: 'dispatcherServlet' to [/]
2018-01-11 10:25:07.684 [localhost-startStop-1] INFO  o.s.boot.web.servlet.FilterRegistrationBean 258- Mapping filter: 'characterEncodingFilter' to: [/*]
2018-01-11 10:25:08.188 [restartedMain] INFO  o.s.w.s.m.m.a.RequestMappingHandlerMapping 543- Mapped "{[/article/listtoarticle]}" onto public java.lang.String com.csjscm.mysqldata.controller.articlecontroller.ArticleController.listArticleType(com.csjscm.mysqldata.model.ArticleTypeQuery)
2018-01-11 10:25:08.189 [restartedMain] INFO  o.s.w.s.m.m.a.RequestMappingHandlerMapping 543- Mapped "{[/article/toarticle1]}" onto public org.springframework.web.servlet.ModelAndView com.csjscm.mysqldata.controller.articlecontroller.ArticleController.toArticle1()
2018-01-11 10:25:08.189 [restartedMain] INFO  o.s.w.s.m.m.a.RequestMappingHandlerMapping 543- Mapped "{[/article/toarticle]}" onto public org.springframework.web.servlet.ModelAndView com.csjscm.mysqldata.controller.articlecontroller.ArticleController.toArticle()
2018-01-11 10:25:08.190 [restartedMain] INFO  o.s.w.s.m.m.a.RequestMappingHandlerMapping 543- Mapped "{[/user/userlogin],methods=[GET]}" onto public java.util.List<com.csjscm.mysqldata.model.UserModel> com.csjscm.mysqldata.controller.UserController.selectUser()
2018-01-11 10:25:08.191 [restartedMain] INFO  o.s.w.s.m.m.a.RequestMappingHandlerMapping 543- Mapped "{[/user/view1],methods=[GET]}" onto public org.springframework.web.servlet.ModelAndView com.csjscm.mysqldata.controller.UserController.viewex()
2018-01-11 10:25:08.191 [restartedMain] INFO  o.s.w.s.m.m.a.RequestMappingHandlerMapping 543- Mapped "{[/user/tologin],methods=[GET]}" onto public org.springframework.web.servlet.ModelAndView com.csjscm.mysqldata.controller.UserController.toLogin()
2018-01-11 10:25:08.192 [restartedMain] INFO  o.s.w.s.m.m.a.RequestMappingHandlerMapping 543- Mapped "{[/user/backlogin],methods=[POST]}" onto public org.springframework.web.servlet.ModelAndView com.csjscm.mysqldata.controller.UserController.backLogin()
2018-01-11 10:25:08.193 [restartedMain] INFO  o.s.w.s.m.m.a.RequestMappingHandlerMapping 543- Mapped "{[/v2/api-docs],methods=[GET],produces=[application/json || application/hal+json]}" onto public org.springframework.http.ResponseEntity<springfox.documentation.spring.web.json.Json> springfox.documentation.swagger2.web.Swagger2Controller.getDocumentation(java.lang.String,javax.servlet.http.HttpServletRequest)
2018-01-11 10:25:08.195 [restartedMain] INFO  o.s.w.s.m.m.a.RequestMappingHandlerMapping 543- Mapped "{[/swagger-resources/configuration/ui]}" onto org.springframework.http.ResponseEntity<springfox.documentation.swagger.web.UiConfiguration> springfox.documentation.swagger.web.ApiResourceController.uiConfiguration()
2018-01-11 10:25:08.196 [restartedMain] INFO  o.s.w.s.m.m.a.RequestMappingHandlerMapping 543- Mapped "{[/swagger-resources]}" onto org.springframework.http.ResponseEntity<java.util.List<springfox.documentation.swagger.web.SwaggerResource>> springfox.documentation.swagger.web.ApiResourceController.swaggerResources()
2018-01-11 10:25:08.197 [restartedMain] INFO  o.s.w.s.m.m.a.RequestMappingHandlerMapping 543- Mapped "{[/swagger-resources/configuration/security]}" onto org.springframework.http.ResponseEntity<springfox.documentation.swagger.web.SecurityConfiguration> springfox.documentation.swagger.web.ApiResourceController.securityConfiguration()
2018-01-11 10:25:08.199 [restartedMain] INFO  o.s.w.s.m.m.a.RequestMappingHandlerMapping 543- Mapped "{[/error]}" onto public org.springframework.http.ResponseEntity<java.util.Map<java.lang.String, java.lang.Object>> org.springframework.boot.autoconfigure.web.BasicErrorController.error(javax.servlet.http.HttpServletRequest)
2018-01-11 10:25:08.199 [restartedMain] INFO  o.s.w.s.m.m.a.RequestMappingHandlerMapping 543- Mapped "{[/error],produces=[text/html]}" onto public org.springframework.web.servlet.ModelAndView org.springframework.boot.autoconfigure.web.BasicErrorController.errorHtml(javax.servlet.http.HttpServletRequest,javax.servlet.http.HttpServletResponse)
2018-01-11 10:25:08.301 [restartedMain] INFO  o.s.web.servlet.handler.SimpleUrlHandlerMapping 362- Mapped URL path [/static/**] onto handler of type [class org.springframework.web.servlet.resource.ResourceHttpRequestHandler]
2018-01-11 10:25:08.334 [restartedMain] INFO  o.s.w.s.m.m.a.RequestMappingHandlerAdapter 534- Looking for @ControllerAdvice: org.springframework.boot.context.embedded.AnnotationConfigEmbeddedWebApplicationContext@318fe877: startup date [Thu Jan 11 10:25:06 GMT+08:00 2018]; parent: org.springframework.context.annotation.AnnotationConfigApplicationContext@575fa00c
2018-01-11 10:25:08.707 [restartedMain] INFO  o.s.w.servlet.view.freemarker.FreeMarkerConfigurer 127- ClassTemplateLoader for Spring macros added to FreeMarker configuration
2018-01-11 10:25:08.818 [restartedMain] INFO  o.s.b.d.autoconfigure.OptionalLiveReloadServer 58- LiveReload server is running on port 35729
2018-01-11 10:25:08.898 [restartedMain] WARN  o.s.c.netflix.archaius.ArchaiusAutoConfiguration 138- No spring.application.name found, defaulting to 'application'
2018-01-11 10:25:08.901 [restartedMain] WARN  com.netflix.config.sources.URLConfigurationSource 121- No URLs will be polled as dynamic configuration sources.
2018-01-11 10:25:08.901 [restartedMain] INFO  com.netflix.config.sources.URLConfigurationSource 122- To enable URLs as dynamic configuration sources, define System property archaius.configurationSource.additionalUrls or make config.properties available on classpath.
2018-01-11 10:25:08.904 [restartedMain] WARN  com.netflix.config.sources.URLConfigurationSource 121- No URLs will be polled as dynamic configuration sources.
2018-01-11 10:25:08.905 [restartedMain] INFO  com.netflix.config.sources.URLConfigurationSource 122- To enable URLs as dynamic configuration sources, define System property archaius.configurationSource.additionalUrls or make config.properties available on classpath.
2018-01-11 10:25:08.970 [restartedMain] INFO  o.s.jmx.export.annotation.AnnotationMBeanExporter 431- Registering beans for JMX exposure on startup
2018-01-11 10:25:08.978 [restartedMain] INFO  o.s.jmx.export.annotation.AnnotationMBeanExporter 916- Bean with name 'configurationPropertiesRebinder' has been autodetected for JMX exposure
2018-01-11 10:25:08.978 [restartedMain] INFO  o.s.jmx.export.annotation.AnnotationMBeanExporter 916- Bean with name 'environmentManager' has been autodetected for JMX exposure
2018-01-11 10:25:08.979 [restartedMain] INFO  o.s.jmx.export.annotation.AnnotationMBeanExporter 916- Bean with name 'refreshScope' has been autodetected for JMX exposure
2018-01-11 10:25:08.980 [restartedMain] INFO  o.s.jmx.export.annotation.AnnotationMBeanExporter 678- Located managed bean 'environmentManager': registering with JMX server as MBean [org.springframework.cloud.context.environment:name=environmentManager,type=EnvironmentManager]
2018-01-11 10:25:08.990 [restartedMain] INFO  o.s.jmx.export.annotation.AnnotationMBeanExporter 678- Located managed bean 'refreshScope': registering with JMX server as MBean [org.springframework.cloud.context.scope.refresh:name=refreshScope,type=RefreshScope]
2018-01-11 10:25:08.997 [restartedMain] INFO  o.s.jmx.export.annotation.AnnotationMBeanExporter 678- Located managed bean 'configurationPropertiesRebinder': registering with JMX server as MBean [org.springframework.cloud.context.properties:name=configurationPropertiesRebinder,context=318fe877,type=ConfigurationPropertiesRebinder]
2018-01-11 10:25:09.140 [restartedMain] INFO  o.s.context.support.DefaultLifecycleProcessor 343- Starting beans in phase 2147483647
2018-01-11 10:25:09.141 [restartedMain] INFO  s.d.s.web.plugins.DocumentationPluginsBootstrapper 120- Context refreshed
2018-01-11 10:25:09.152 [restartedMain] INFO  s.d.s.web.plugins.DocumentationPluginsBootstrapper 123- Found 1 custom documentation plugin(s)
2018-01-11 10:25:09.161 [restartedMain] INFO  s.d.spring.web.scanners.ApiListingReferenceScanner 41- Scanning for api listing references
2018-01-11 10:25:09.181 [restartedMain] INFO  org.apache.coyote.http11.Http11NioProtocol 179- Initializing ProtocolHandler ["http-nio-8080"]
2018-01-11 10:25:09.187 [restartedMain] INFO  org.apache.coyote.http11.Http11NioProtocol 179- Starting ProtocolHandler ["http-nio-8080"]
2018-01-11 10:25:09.196 [restartedMain] INFO  org.apache.tomcat.util.net.NioSelectorPool 179- Using a shared selector for servlet write/read
2018-01-11 10:25:09.208 [restartedMain] INFO  o.s.b.c.e.tomcat.TomcatEmbeddedServletContainer 201- Tomcat started on port(s): 8080 (http)
2018-01-11 10:25:09.212 [restartedMain] INFO  com.csjscm.VicidataApplication 57- Started VicidataApplication in 3.86 seconds (JVM running for 4.674)
2018-01-11 11:24:15.933 [http-nio-8080-exec-1] INFO  org.apache.tomcat.util.http.parser.Cookie 179- A cookie header was received [1514855453,1514944390,1515554966; Hm_lvt_a46387646542db27a337e807745077f4=1514507499,1514855453,1514944390,1515554966; CNZZDATA155540=cnzz_eid%3D1094665924-1515372020-%26ntime%3D1515631292] that contained an invalid cookie. That cookie will be ignored.Note: further occurrences of this error will be logged at DEBUG level.
2018-01-11 11:24:15.938 [http-nio-8080-exec-1] INFO  o.a.c.core.ContainerBase.[Tomcat].[localhost].[/] 179- Initializing Spring FrameworkServlet 'dispatcherServlet'
2018-01-11 11:24:15.938 [http-nio-8080-exec-1] INFO  org.springframework.web.servlet.DispatcherServlet 489- FrameworkServlet 'dispatcherServlet': initialization started
2018-01-11 11:24:15.953 [http-nio-8080-exec-1] INFO  org.springframework.web.servlet.DispatcherServlet 508- FrameworkServlet 'dispatcherServlet': initialization completed in 14 ms
2018-01-11 11:24:16.592 [http-nio-8080-exec-3] INFO  c.q.q.c.articlecontroller.ArticleController 57- articleTypesList{dataRows=[com.csjscm.mysqldata.model.ArticleType@4a90c21c, com.csjscm.mysqldata.model.ArticleType@36b59c50, com.csjscm.mysqldata.model.ArticleType@20f6651, com.csjscm.mysqldata.model.ArticleType@66dae574, com.csjscm.mysqldata.model.ArticleType@2a165b91, com.csjscm.mysqldata.model.ArticleType@30db059f, com.csjscm.mysqldata.model.ArticleType@499fd03b, com.csjscm.mysqldata.model.ArticleType@785f6d39, com.csjscm.mysqldata.model.ArticleType@608d7b70, com.csjscm.mysqldata.model.ArticleType@8927d03], currPage=1, totalCount=null}
2018-01-11 11:25:51.898 [restartedMain] INFO  o.s.c.a.AnnotationConfigApplicationContext 583- Refreshing org.springframework.context.annotation.AnnotationConfigApplicationContext@5ae51d3b: startup date [Thu Jan 11 11:25:51 GMT+08:00 2018]; root of context hierarchy
2018-01-11 11:25:52.003 [background-preinit] INFO  org.hibernate.validator.internal.util.Version 30- HV000001: Hibernate Validator 5.3.6.Final
2018-01-11 11:25:52.063 [restartedMain] INFO  o.s.b.f.a.AutowiredAnnotationBeanPostProcessor 155- JSR-330 'javax.inject.Inject' annotation found and supported for autowiring
2018-01-11 11:25:52.090 [restartedMain] INFO  o.s.c.s.PostProcessorRegistrationDelegate$BeanPostProcessorChecker 327- Bean 'configurationPropertiesRebinderAutoConfiguration' of type [org.springframework.cloud.autoconfigure.ConfigurationPropertiesRebinderAutoConfiguration$$EnhancerBySpringCGLIB$$d2b7f2bd] is not eligible for getting processed by all BeanPostProcessors (for example: not eligible for auto-proxying)
2018-01-11 11:25:52.385 [restartedMain] INFO  com.csjscm.VicidataApplication 593- No active profile set, falling back to default profiles: default
2018-01-11 11:25:52.394 [restartedMain] INFO  o.s.b.c.e.AnnotationConfigEmbeddedWebApplicationContext 583- Refreshing org.springframework.boot.context.embedded.AnnotationConfigEmbeddedWebApplicationContext@1af14d6f: startup date [Thu Jan 11 11:25:52 GMT+08:00 2018]; parent: org.springframework.context.annotation.AnnotationConfigApplicationContext@5ae51d3b
2018-01-11 11:25:53.253 [restartedMain] WARN  org.mybatis.spring.mapper.ClassPathMapperScanner 166- No MyBatis mapper was found in '[com.csjscm.mysqldata.controller, com.csjscm.mysqldata]' package. Please check your configuration.
2018-01-11 11:25:53.337 [restartedMain] WARN  o.s.c.annotation.ConfigurationClassPostProcessor 373- Cannot enhance @Configuration bean definition 'mysqlDataSourceConfig' since its singleton instance has been created too early. The typical cause is a non-static @Bean method with a BeanDefinitionRegistryPostProcessor return type: Consider declaring such methods as 'static'.
2018-01-11 11:25:53.410 [restartedMain] INFO  o.springframework.cloud.context.scope.GenericScope 263- BeanFactory id=f17d6a7f-3339-31d1-a871-5f32f8741848
2018-01-11 11:25:53.421 [restartedMain] INFO  o.s.b.f.a.AutowiredAnnotationBeanPostProcessor 155- JSR-330 'javax.inject.Inject' annotation found and supported for autowiring
2018-01-11 11:25:53.486 [restartedMain] INFO  o.s.c.s.PostProcessorRegistrationDelegate$BeanPostProcessorChecker 327- Bean 'org.springframework.transaction.annotation.ProxyTransactionManagementConfiguration' of type [org.springframework.transaction.annotation.ProxyTransactionManagementConfiguration$$EnhancerBySpringCGLIB$$b69defc0] is not eligible for getting processed by all BeanPostProcessors (for example: not eligible for auto-proxying)
2018-01-11 11:25:53.518 [restartedMain] INFO  o.s.c.s.PostProcessorRegistrationDelegate$BeanPostProcessorChecker 327- Bean 'org.springframework.cloud.autoconfigure.ConfigurationPropertiesRebinderAutoConfiguration' of type [org.springframework.cloud.autoconfigure.ConfigurationPropertiesRebinderAutoConfiguration$$EnhancerBySpringCGLIB$$d2b7f2bd] is not eligible for getting processed by all BeanPostProcessors (for example: not eligible for auto-proxying)
2018-01-11 11:25:53.802 [restartedMain] INFO  o.s.b.c.e.tomcat.TomcatEmbeddedServletContainer 89- Tomcat initialized with port(s): 8080 (http)
2018-01-11 11:25:53.808 [restartedMain] INFO  org.apache.catalina.core.StandardService 179- Starting service [Tomcat]
2018-01-11 11:25:53.809 [restartedMain] INFO  org.apache.catalina.core.StandardEngine 179- Starting Servlet Engine: Apache Tomcat/8.5.23
2018-01-11 11:25:53.885 [localhost-startStop-1] INFO  o.a.c.core.ContainerBase.[Tomcat].[localhost].[/] 179- Initializing Spring embedded WebApplicationContext
2018-01-11 11:25:53.885 [localhost-startStop-1] INFO  org.springframework.web.context.ContextLoader 276- Root WebApplicationContext: initialization completed in 1491 ms
2018-01-11 11:25:53.957 [localhost-startStop-1] INFO  o.s.boot.web.servlet.ServletRegistrationBean 190- Mapping servlet: 'dispatcherServlet' to [/]
2018-01-11 11:25:53.959 [localhost-startStop-1] INFO  o.s.boot.web.servlet.FilterRegistrationBean 258- Mapping filter: 'characterEncodingFilter' to: [/*]
2018-01-11 11:25:54.429 [restartedMain] INFO  o.s.w.s.m.m.a.RequestMappingHandlerMapping 543- Mapped "{[/article/toarticle]}" onto public org.springframework.web.servlet.ModelAndView com.csjscm.mysqldata.controller.articlecontroller.ArticleController.toArticle()
2018-01-11 11:25:54.431 [restartedMain] INFO  o.s.w.s.m.m.a.RequestMappingHandlerMapping 543- Mapped "{[/article/listtoarticle]}" onto public java.lang.String com.csjscm.mysqldata.controller.articlecontroller.ArticleController.listArticleType(com.csjscm.mysqldata.model.ArticleTypeQuery)
2018-01-11 11:25:54.431 [restartedMain] INFO  o.s.w.s.m.m.a.RequestMappingHandlerMapping 543- Mapped "{[/article/toarticle1]}" onto public org.springframework.web.servlet.ModelAndView com.csjscm.mysqldata.controller.articlecontroller.ArticleController.toArticle1()
2018-01-11 11:25:54.433 [restartedMain] INFO  o.s.w.s.m.m.a.RequestMappingHandlerMapping 543- Mapped "{[/user/userlogin],methods=[GET]}" onto public java.util.List<com.csjscm.mysqldata.model.UserModel> com.csjscm.mysqldata.controller.UserController.selectUser()
2018-01-11 11:25:54.433 [restartedMain] INFO  o.s.w.s.m.m.a.RequestMappingHandlerMapping 543- Mapped "{[/user/view1],methods=[GET]}" onto public org.springframework.web.servlet.ModelAndView com.csjscm.mysqldata.controller.UserController.viewex()
2018-01-11 11:25:54.433 [restartedMain] INFO  o.s.w.s.m.m.a.RequestMappingHandlerMapping 543- Mapped "{[/user/tologin],methods=[GET]}" onto public org.springframework.web.servlet.ModelAndView com.csjscm.mysqldata.controller.UserController.toLogin()
2018-01-11 11:25:54.433 [restartedMain] INFO  o.s.w.s.m.m.a.RequestMappingHandlerMapping 543- Mapped "{[/user/backlogin],methods=[POST]}" onto public org.springframework.web.servlet.ModelAndView com.csjscm.mysqldata.controller.UserController.backLogin()
2018-01-11 11:25:54.434 [restartedMain] INFO  o.s.w.s.m.m.a.RequestMappingHandlerMapping 543- Mapped "{[/v2/api-docs],methods=[GET],produces=[application/json || application/hal+json]}" onto public org.springframework.http.ResponseEntity<springfox.documentation.spring.web.json.Json> springfox.documentation.swagger2.web.Swagger2Controller.getDocumentation(java.lang.String,javax.servlet.http.HttpServletRequest)
2018-01-11 11:25:54.436 [restartedMain] INFO  o.s.w.s.m.m.a.RequestMappingHandlerMapping 543- Mapped "{[/swagger-resources/configuration/ui]}" onto org.springframework.http.ResponseEntity<springfox.documentation.swagger.web.UiConfiguration> springfox.documentation.swagger.web.ApiResourceController.uiConfiguration()
2018-01-11 11:25:54.437 [restartedMain] INFO  o.s.w.s.m.m.a.RequestMappingHandlerMapping 543- Mapped "{[/swagger-resources]}" onto org.springframework.http.ResponseEntity<java.util.List<springfox.documentation.swagger.web.SwaggerResource>> springfox.documentation.swagger.web.ApiResourceController.swaggerResources()
2018-01-11 11:25:54.438 [restartedMain] INFO  o.s.w.s.m.m.a.RequestMappingHandlerMapping 543- Mapped "{[/swagger-resources/configuration/security]}" onto org.springframework.http.ResponseEntity<springfox.documentation.swagger.web.SecurityConfiguration> springfox.documentation.swagger.web.ApiResourceController.securityConfiguration()
2018-01-11 11:25:54.440 [restartedMain] INFO  o.s.w.s.m.m.a.RequestMappingHandlerMapping 543- Mapped "{[/error]}" onto public org.springframework.http.ResponseEntity<java.util.Map<java.lang.String, java.lang.Object>> org.springframework.boot.autoconfigure.web.BasicErrorController.error(javax.servlet.http.HttpServletRequest)
2018-01-11 11:25:54.440 [restartedMain] INFO  o.s.w.s.m.m.a.RequestMappingHandlerMapping 543- Mapped "{[/error],produces=[text/html]}" onto public org.springframework.web.servlet.ModelAndView org.springframework.boot.autoconfigure.web.BasicErrorController.errorHtml(javax.servlet.http.HttpServletRequest,javax.servlet.http.HttpServletResponse)
2018-01-11 11:25:54.544 [restartedMain] INFO  o.s.web.servlet.handler.SimpleUrlHandlerMapping 362- Mapped URL path [/static/**] onto handler of type [class org.springframework.web.servlet.resource.ResourceHttpRequestHandler]
2018-01-11 11:25:54.576 [restartedMain] INFO  o.s.w.s.m.m.a.RequestMappingHandlerAdapter 534- Looking for @ControllerAdvice: org.springframework.boot.context.embedded.AnnotationConfigEmbeddedWebApplicationContext@1af14d6f: startup date [Thu Jan 11 11:25:52 GMT+08:00 2018]; parent: org.springframework.context.annotation.AnnotationConfigApplicationContext@5ae51d3b
2018-01-11 11:25:54.925 [restartedMain] INFO  o.s.w.servlet.view.freemarker.FreeMarkerConfigurer 127- ClassTemplateLoader for Spring macros added to FreeMarker configuration
2018-01-11 11:25:55.031 [restartedMain] INFO  o.s.b.d.autoconfigure.OptionalLiveReloadServer 58- LiveReload server is running on port 35729
2018-01-11 11:25:55.116 [restartedMain] WARN  o.s.c.netflix.archaius.ArchaiusAutoConfiguration 138- No spring.application.name found, defaulting to 'application'
2018-01-11 11:25:55.118 [restartedMain] WARN  com.netflix.config.sources.URLConfigurationSource 121- No URLs will be polled as dynamic configuration sources.
2018-01-11 11:25:55.118 [restartedMain] INFO  com.netflix.config.sources.URLConfigurationSource 122- To enable URLs as dynamic configuration sources, define System property archaius.configurationSource.additionalUrls or make config.properties available on classpath.
2018-01-11 11:25:55.121 [restartedMain] WARN  com.netflix.config.sources.URLConfigurationSource 121- No URLs will be polled as dynamic configuration sources.
2018-01-11 11:25:55.122 [restartedMain] INFO  com.netflix.config.sources.URLConfigurationSource 122- To enable URLs as dynamic configuration sources, define System property archaius.configurationSource.additionalUrls or make config.properties available on classpath.
2018-01-11 11:25:55.190 [restartedMain] INFO  o.s.jmx.export.annotation.AnnotationMBeanExporter 431- Registering beans for JMX exposure on startup
2018-01-11 11:25:55.198 [restartedMain] INFO  o.s.jmx.export.annotation.AnnotationMBeanExporter 916- Bean with name 'configurationPropertiesRebinder' has been autodetected for JMX exposure
2018-01-11 11:25:55.198 [restartedMain] INFO  o.s.jmx.export.annotation.AnnotationMBeanExporter 916- Bean with name 'environmentManager' has been autodetected for JMX exposure
2018-01-11 11:25:55.199 [restartedMain] INFO  o.s.jmx.export.annotation.AnnotationMBeanExporter 916- Bean with name 'refreshScope' has been autodetected for JMX exposure
2018-01-11 11:25:55.201 [restartedMain] INFO  o.s.jmx.export.annotation.AnnotationMBeanExporter 678- Located managed bean 'environmentManager': registering with JMX server as MBean [org.springframework.cloud.context.environment:name=environmentManager,type=EnvironmentManager]
2018-01-11 11:25:55.211 [restartedMain] INFO  o.s.jmx.export.annotation.AnnotationMBeanExporter 678- Located managed bean 'refreshScope': registering with JMX server as MBean [org.springframework.cloud.context.scope.refresh:name=refreshScope,type=RefreshScope]
2018-01-11 11:25:55.219 [restartedMain] INFO  o.s.jmx.export.annotation.AnnotationMBeanExporter 678- Located managed bean 'configurationPropertiesRebinder': registering with JMX server as MBean [org.springframework.cloud.context.properties:name=configurationPropertiesRebinder,context=1af14d6f,type=ConfigurationPropertiesRebinder]
2018-01-11 11:25:55.368 [restartedMain] INFO  o.s.context.support.DefaultLifecycleProcessor 343- Starting beans in phase 2147483647
2018-01-11 11:25:55.369 [restartedMain] INFO  s.d.s.web.plugins.DocumentationPluginsBootstrapper 120- Context refreshed
2018-01-11 11:25:55.380 [restartedMain] INFO  s.d.s.web.plugins.DocumentationPluginsBootstrapper 123- Found 1 custom documentation plugin(s)
2018-01-11 11:25:55.390 [restartedMain] INFO  s.d.spring.web.scanners.ApiListingReferenceScanner 41- Scanning for api listing references
2018-01-11 11:25:55.410 [restartedMain] INFO  org.apache.coyote.http11.Http11NioProtocol 179- Initializing ProtocolHandler ["http-nio-8080"]
2018-01-11 11:25:55.417 [restartedMain] INFO  org.apache.coyote.http11.Http11NioProtocol 179- Starting ProtocolHandler ["http-nio-8080"]
2018-01-11 11:25:55.425 [restartedMain] INFO  org.apache.tomcat.util.net.NioSelectorPool 179- Using a shared selector for servlet write/read
2018-01-11 11:25:55.436 [restartedMain] INFO  o.s.b.c.e.tomcat.TomcatEmbeddedServletContainer 201- Tomcat started on port(s): 8080 (http)
2018-01-11 11:25:55.441 [restartedMain] INFO  com.csjscm.VicidataApplication 57- Started VicidataApplication in 4.152 seconds (JVM running for 5.244)
2018-01-11 11:26:16.107 [http-nio-8080-exec-1] INFO  org.apache.tomcat.util.http.parser.Cookie 179- A cookie header was received [1514855453,1514944390,1515554966; Hm_lvt_a46387646542db27a337e807745077f4=1514507499,1514855453,1514944390,1515554966; CNZZDATA155540=cnzz_eid%3D1094665924-1515372020-%26ntime%3D1515636692] that contained an invalid cookie. That cookie will be ignored.Note: further occurrences of this error will be logged at DEBUG level.
2018-01-11 11:26:16.114 [http-nio-8080-exec-1] INFO  o.a.c.core.ContainerBase.[Tomcat].[localhost].[/] 179- Initializing Spring FrameworkServlet 'dispatcherServlet'
2018-01-11 11:26:16.114 [http-nio-8080-exec-1] INFO  org.springframework.web.servlet.DispatcherServlet 489- FrameworkServlet 'dispatcherServlet': initialization started
2018-01-11 11:26:16.131 [http-nio-8080-exec-1] INFO  org.springframework.web.servlet.DispatcherServlet 508- FrameworkServlet 'dispatcherServlet': initialization completed in 17 ms
2018-01-11 11:26:16.553 [http-nio-8080-exec-2] INFO  c.q.q.c.articlecontroller.ArticleController 57- articleTypesList{dataRows=[com.csjscm.mysqldata.model.ArticleType@25dc6b6f, com.csjscm.mysqldata.model.ArticleType@265fba62, com.csjscm.mysqldata.model.ArticleType@49168cf9, com.csjscm.mysqldata.model.ArticleType@7bb48a1d, com.csjscm.mysqldata.model.ArticleType@3df50117, com.csjscm.mysqldata.model.ArticleType@66a22061, com.csjscm.mysqldata.model.ArticleType@1bae0908, com.csjscm.mysqldata.model.ArticleType@44159c02, com.csjscm.mysqldata.model.ArticleType@517dc02e, com.csjscm.mysqldata.model.ArticleType@262b4348], currPage=1, totalCount=null}
