2018-06-12 15:49:13.851 [http-nio-8000-exec-7] DEBUG c.q.qimingdata.dao.MemberUserMapper.selectByName 181- ==>  Preparing: select id, login_phone, login_email, login_password, gmt_create, gmt_modified, status, credentialssalt,last_login_time from member_user where login_phone=? 
2018-06-12 15:49:13.859 [http-nio-8000-exec-7] DEBUG c.q.qimingdata.dao.MemberUserMapper.selectByName 181- ==> Parameters: 15938742931(String)
2018-06-12 15:49:13.869 [http-nio-8000-exec-7] DEBUG c.q.qimingdata.dao.MemberUserMapper.selectByName 181- <==      Total: 1
2018-06-12 15:49:13.887 [http-nio-8000-exec-7] DEBUG c.q.qimingdata.dao.MemberUserMapper.updateById 181- ==>  Preparing: UPDATE member_user SET id = ? , credentialssalt=? , last_login_time=? where id=? 
2018-06-12 15:49:13.888 [http-nio-8000-exec-7] DEBUG c.q.qimingdata.dao.MemberUserMapper.updateById 181- ==> Parameters: 1(Integer), MTU5Mzg3NDI5MzE=(String), 2018-06-12 15:49:13(String), 1(Integer)
2018-06-12 15:49:13.890 [http-nio-8000-exec-7] DEBUG c.q.qimingdata.dao.MemberUserMapper.updateById 181- <==    Updates: 1
2018-06-12 15:49:13.940 [http-nio-8000-exec-6] DEBUG c.q.qimingdata.dao.MemberUserMapper.selectByName 181- ==>  Preparing: select id, login_phone, login_email, login_password, gmt_create, gmt_modified, status, credentialssalt,last_login_time from member_user where login_phone=? 
2018-06-12 15:49:13.941 [http-nio-8000-exec-6] DEBUG c.q.qimingdata.dao.MemberUserMapper.selectByName 181- ==> Parameters: 15938742931(String)
2018-06-12 15:49:13.944 [http-nio-8000-exec-6] DEBUG c.q.qimingdata.dao.MemberUserMapper.selectByName 181- <==      Total: 1
2018-06-12 15:49:13.954 [http-nio-8000-exec-6] DEBUG c.q.qimingdata.dao.userRolesMapper.selectByExample 181- ==>  Preparing: select id, user_id, role_id, gmt_time, gmt_modify, status, menuid from user_role WHERE ( user_id = ? ) 
2018-06-12 15:49:13.955 [http-nio-8000-exec-6] DEBUG c.q.qimingdata.dao.userRolesMapper.selectByExample 181- ==> Parameters: 1(Integer)
2018-06-12 15:49:13.957 [http-nio-8000-exec-6] DEBUG c.q.qimingdata.dao.userRolesMapper.selectByExample 181- <==      Total: 1
2018-06-12 15:49:13.958 [http-nio-8000-exec-6] DEBUG c.q.qimingdata.dao.SysMenuMapper.getSysMenuInfo 181- ==>  Preparing: select s.menu_name menuName,s.image syImage,p.url url1 ,p.menu_name pMenuName,ah.authorization_name authorizationName FROM sysmenu s INNER JOIN sysmenu p on s.id=p.parent_id left JOIN role_sysmenu r on p.id=r.menu_id left join authorizations ah on ah.parent_tr_id=p.id where r.roleid=? 
2018-06-12 15:49:13.958 [http-nio-8000-exec-6] DEBUG c.q.qimingdata.dao.SysMenuMapper.getSysMenuInfo 181- ==> Parameters: 1(Integer)
2018-06-12 15:49:13.969 [http-nio-8000-exec-6] DEBUG c.q.qimingdata.dao.SysMenuMapper.getSysMenuInfo 181- <==      Total: 20
2018-06-12 15:58:47.390 [http-nio-8000-exec-1] DEBUG c.q.q.dao.userRolesMapper.queryForUserRoles 181- ==>  Preparing: SELECT u.id id, u.user_id userId ,u.role_id roleId,u.gmt_time gmtTime,u.gmt_modify gmtModify,u.status status, m.login_phone loginPhone,m.login_email loginEmail,r.role_name roleName from user_role u LEFT JOIN member_user m on u.user_id=m.id LEFT JOIN role r on u.role_id=r.id where m.status=0 and r.status=0 and u.user_id=? order by u.id 
2018-06-12 15:58:47.390 [http-nio-8000-exec-1] DEBUG c.q.q.dao.userRolesMapper.queryForUserRoles 181- ==> Parameters: 1(Integer)
2018-06-12 15:58:47.405 [http-nio-8000-exec-1] DEBUG c.q.q.dao.userRolesMapper.queryForUserRoles 181- <==      Total: 1
2018-06-12 15:58:47.407 [http-nio-8000-exec-1] DEBUG c.q.qimingdata.dao.RoleAuthorMapper.queryForWhere 181- ==>  Preparing: select * from role_authorization r LEFT JOIN authorizations a on r.authorization_id=a.id WHERE r.role_id=? 
2018-06-12 15:58:47.408 [http-nio-8000-exec-1] DEBUG c.q.qimingdata.dao.RoleAuthorMapper.queryForWhere 181- ==> Parameters: 1(Integer)
2018-06-12 15:58:47.420 [http-nio-8000-exec-1] DEBUG c.q.qimingdata.dao.RoleAuthorMapper.queryForWhere 181- <==      Total: 16
2018-06-12 15:59:02.146 [http-nio-8000-exec-9] DEBUG c.q.q.dao.AuthorizationsMapper.countAuthorizations 181- ==>  Preparing: SELECT count(id) from authorizations where status=0 
2018-06-12 15:59:02.147 [http-nio-8000-exec-9] DEBUG c.q.q.dao.AuthorizationsMapper.countAuthorizations 181- ==> Parameters: 
2018-06-12 15:59:02.151 [http-nio-8000-exec-9] DEBUG c.q.q.dao.AuthorizationsMapper.countAuthorizations 181- <==      Total: 1
2018-06-12 15:59:02.153 [http-nio-8000-exec-9] DEBUG c.q.qimingdata.dao.AuthorizationsMapper.selectAll 181- ==>  Preparing: select id, parent_tr_id, authorization_name, description, gmt_create, gmt_modified, status, creater from authorizations where status=0 
2018-06-12 15:59:02.154 [http-nio-8000-exec-9] DEBUG c.q.qimingdata.dao.AuthorizationsMapper.selectAll 181- ==> Parameters: 
2018-06-12 15:59:02.158 [http-nio-8000-exec-9] DEBUG c.q.qimingdata.dao.AuthorizationsMapper.selectAll 181- <==      Total: 16
2018-06-12 15:59:04.965 [http-nio-8000-exec-5] DEBUG c.qiming.qimingdata.dao.RoleMapper.selectByExample 181- ==>  Preparing: select id, role_name, description, status, gmt_create, gmt_modified, parent_tr_id, creater from role WHERE ( status = ? ) 
2018-06-12 15:59:04.965 [http-nio-8000-exec-5] DEBUG c.qiming.qimingdata.dao.RoleMapper.selectByExample 181- ==> Parameters: 0(Integer)
2018-06-12 15:59:04.967 [http-nio-8000-exec-5] DEBUG c.qiming.qimingdata.dao.RoleMapper.selectByExample 181- <==      Total: 3
2018-06-12 15:59:09.804 [http-nio-8000-exec-10] DEBUG c.qiming.qimingdata.dao.RoleMapper.selectByExample 181- ==>  Preparing: select id, role_name, description, status, gmt_create, gmt_modified, parent_tr_id, creater from role WHERE ( id = ? ) 
2018-06-12 15:59:09.806 [http-nio-8000-exec-10] DEBUG c.qiming.qimingdata.dao.RoleMapper.selectByExample 181- ==> Parameters: 1(Integer)
2018-06-12 15:59:09.809 [http-nio-8000-exec-10] DEBUG c.qiming.qimingdata.dao.RoleMapper.selectByExample 181- <==      Total: 1
2018-06-12 15:59:09.811 [http-nio-8000-exec-10] DEBUG c.q.qimingdata.dao.SysMenuMapper.getAllSysMenuInfo 181- ==>  Preparing: select s.id flevelid, s.menu_name menuName,s.image syImage,p.url url1 ,p.menu_name pMenuName,p.id slevelid ,ah.authorization_name authorizationName,ah.id aid FROM sysmenu s INNER JOIN sysmenu p on s.id=p.parent_id left JOIN role_sysmenu r on p.id=r.menu_id left join authorizations ah on ah.parent_tr_id=p.id 
2018-06-12 15:59:09.812 [http-nio-8000-exec-10] DEBUG c.q.qimingdata.dao.SysMenuMapper.getAllSysMenuInfo 181- ==> Parameters: 
2018-06-12 15:59:09.825 [http-nio-8000-exec-10] DEBUG c.q.qimingdata.dao.SysMenuMapper.getAllSysMenuInfo 181- <==      Total: 39
2018-06-12 15:59:20.212 [http-nio-8000-exec-8] DEBUG c.q.q.dao.userRolesMapper.queryForUserRoles 181- ==>  Preparing: SELECT u.id id, u.user_id userId ,u.role_id roleId,u.gmt_time gmtTime,u.gmt_modify gmtModify,u.status status, m.login_phone loginPhone,m.login_email loginEmail,r.role_name roleName from user_role u LEFT JOIN member_user m on u.user_id=m.id LEFT JOIN role r on u.role_id=r.id where m.status=0 and r.status=0 and u.user_id=? order by u.id 
2018-06-12 15:59:20.213 [http-nio-8000-exec-8] DEBUG c.q.q.dao.userRolesMapper.queryForUserRoles 181- ==> Parameters: 1(Integer)
2018-06-12 15:59:20.216 [http-nio-8000-exec-8] DEBUG c.q.q.dao.userRolesMapper.queryForUserRoles 181- <==      Total: 1
2018-06-12 15:59:20.217 [http-nio-8000-exec-8] DEBUG c.q.qimingdata.dao.RoleAuthorMapper.queryForWhere 181- ==>  Preparing: select * from role_authorization r LEFT JOIN authorizations a on r.authorization_id=a.id WHERE r.role_id=? 
2018-06-12 15:59:20.218 [http-nio-8000-exec-8] DEBUG c.q.qimingdata.dao.RoleAuthorMapper.queryForWhere 181- ==> Parameters: 1(Integer)
2018-06-12 15:59:20.224 [http-nio-8000-exec-8] DEBUG c.q.qimingdata.dao.RoleAuthorMapper.queryForWhere 181- <==      Total: 16
2018-06-12 15:59:20.230 [http-nio-8000-exec-8] DEBUG c.q.qimingdata.dao.MemberUserMapper.selectBywhere 181- ==>  Preparing: select id, login_phone, login_email, login_password, gmt_create, gmt_modified, status, credentialssalt,last_login_time from member_user 
2018-06-12 15:59:20.230 [http-nio-8000-exec-8] DEBUG c.q.qimingdata.dao.MemberUserMapper.selectBywhere 181- ==> Parameters: 
2018-06-12 15:59:20.231 [http-nio-8000-exec-8] DEBUG c.q.qimingdata.dao.MemberUserMapper.selectBywhere 181- <==      Total: 2
2018-06-12 15:59:21.247 [http-nio-8000-exec-4] DEBUG c.q.q.dao.AuthorizationsMapper.countAuthorizations 181- ==>  Preparing: SELECT count(id) from authorizations where status=0 
2018-06-12 15:59:21.250 [http-nio-8000-exec-4] DEBUG c.q.q.dao.AuthorizationsMapper.countAuthorizations 181- ==> Parameters: 
2018-06-12 15:59:21.254 [http-nio-8000-exec-4] DEBUG c.q.q.dao.AuthorizationsMapper.countAuthorizations 181- <==      Total: 1
2018-06-12 15:59:21.256 [http-nio-8000-exec-4] DEBUG c.q.qimingdata.dao.AuthorizationsMapper.selectAll 181- ==>  Preparing: select id, parent_tr_id, authorization_name, description, gmt_create, gmt_modified, status, creater from authorizations where status=0 
2018-06-12 15:59:21.256 [http-nio-8000-exec-4] DEBUG c.q.qimingdata.dao.AuthorizationsMapper.selectAll 181- ==> Parameters: 
2018-06-12 15:59:21.260 [http-nio-8000-exec-4] DEBUG c.q.qimingdata.dao.AuthorizationsMapper.selectAll 181- <==      Total: 16
2018-06-12 15:59:23.090 [http-nio-8000-exec-2] DEBUG c.q.q.dao.SysMenuMapper.getSysMenuInfoByPid 181- ==>  Preparing: SELECT id, menu_name, user_role_id, gmt_time, status, gmt_modified, parent_id, url FROM sysmenu where parent_id!=? order by id 
2018-06-12 15:59:23.091 [http-nio-8000-exec-2] DEBUG c.q.q.dao.SysMenuMapper.getSysMenuInfoByPid 181- ==> Parameters: 0(Integer)
2018-06-12 15:59:23.092 [http-nio-8000-exec-2] DEBUG c.q.q.dao.SysMenuMapper.getSysMenuInfoByPid 181- <==      Total: 7
2018-06-12 16:00:21.928 [http-nio-8000-exec-6] DEBUG c.q.q.dao.AuthorizationsMapper.insertSelective 181- ==>  Preparing: insert into authorizations ( parent_tr_id, authorization_name, description, gmt_create, status, creater ) values ( ?, ?, ?, ?, ?, ? ) 
2018-06-12 16:00:21.930 [http-nio-8000-exec-6] DEBUG c.q.q.dao.AuthorizationsMapper.insertSelective 181- ==> Parameters: 19(Integer), pay:showOperationLog(String), 查询工业品操作日志(String), 2018-06-12 16:00:21.926(Timestamp), 0(Integer), 15938742931(String)
2018-06-12 16:00:21.933 [http-nio-8000-exec-6] DEBUG c.q.q.dao.AuthorizationsMapper.insertSelective 181- <==    Updates: 1
2018-06-12 16:00:21.960 [http-nio-8000-exec-3] DEBUG c.q.q.dao.AuthorizationsMapper.countAuthorizations 181- ==>  Preparing: SELECT count(id) from authorizations where status=0 
2018-06-12 16:00:21.961 [http-nio-8000-exec-3] DEBUG c.q.q.dao.AuthorizationsMapper.countAuthorizations 181- ==> Parameters: 
2018-06-12 16:00:21.963 [http-nio-8000-exec-3] DEBUG c.q.q.dao.AuthorizationsMapper.countAuthorizations 181- <==      Total: 1
2018-06-12 16:00:21.964 [http-nio-8000-exec-3] DEBUG c.q.qimingdata.dao.AuthorizationsMapper.selectAll 181- ==>  Preparing: select id, parent_tr_id, authorization_name, description, gmt_create, gmt_modified, status, creater from authorizations where status=0 
2018-06-12 16:00:21.965 [http-nio-8000-exec-3] DEBUG c.q.qimingdata.dao.AuthorizationsMapper.selectAll 181- ==> Parameters: 
2018-06-12 16:00:21.967 [http-nio-8000-exec-3] DEBUG c.q.qimingdata.dao.AuthorizationsMapper.selectAll 181- <==      Total: 17
2018-06-12 16:00:26.542 [http-nio-8000-exec-1] DEBUG c.qiming.qimingdata.dao.RoleMapper.selectByExample 181- ==>  Preparing: select id, role_name, description, status, gmt_create, gmt_modified, parent_tr_id, creater from role WHERE ( status = ? ) 
2018-06-12 16:00:26.543 [http-nio-8000-exec-1] DEBUG c.qiming.qimingdata.dao.RoleMapper.selectByExample 181- ==> Parameters: 0(Integer)
2018-06-12 16:00:26.545 [http-nio-8000-exec-1] DEBUG c.qiming.qimingdata.dao.RoleMapper.selectByExample 181- <==      Total: 3
2018-06-12 16:00:28.684 [http-nio-8000-exec-9] DEBUG c.qiming.qimingdata.dao.RoleMapper.selectByExample 181- ==>  Preparing: select id, role_name, description, status, gmt_create, gmt_modified, parent_tr_id, creater from role WHERE ( status = ? ) 
2018-06-12 16:00:28.686 [http-nio-8000-exec-9] DEBUG c.qiming.qimingdata.dao.RoleMapper.selectByExample 181- ==> Parameters: 0(Integer)
2018-06-12 16:00:28.689 [http-nio-8000-exec-9] DEBUG c.qiming.qimingdata.dao.RoleMapper.selectByExample 181- <==      Total: 3
2018-06-12 16:00:30.422 [http-nio-8000-exec-5] DEBUG c.qiming.qimingdata.dao.RoleMapper.selectByExample 181- ==>  Preparing: select id, role_name, description, status, gmt_create, gmt_modified, parent_tr_id, creater from role WHERE ( id = ? ) 
2018-06-12 16:00:30.424 [http-nio-8000-exec-5] DEBUG c.qiming.qimingdata.dao.RoleMapper.selectByExample 181- ==> Parameters: 1(Integer)
2018-06-12 16:00:30.427 [http-nio-8000-exec-5] DEBUG c.qiming.qimingdata.dao.RoleMapper.selectByExample 181- <==      Total: 1
2018-06-12 16:00:30.429 [http-nio-8000-exec-5] DEBUG c.q.qimingdata.dao.SysMenuMapper.getAllSysMenuInfo 181- ==>  Preparing: select s.id flevelid, s.menu_name menuName,s.image syImage,p.url url1 ,p.menu_name pMenuName,p.id slevelid ,ah.authorization_name authorizationName,ah.id aid FROM sysmenu s INNER JOIN sysmenu p on s.id=p.parent_id left JOIN role_sysmenu r on p.id=r.menu_id left join authorizations ah on ah.parent_tr_id=p.id 
2018-06-12 16:00:30.430 [http-nio-8000-exec-5] DEBUG c.q.qimingdata.dao.SysMenuMapper.getAllSysMenuInfo 181- ==> Parameters: 
2018-06-12 16:00:30.439 [http-nio-8000-exec-5] DEBUG c.q.qimingdata.dao.SysMenuMapper.getAllSysMenuInfo 181- <==      Total: 41
2018-06-12 16:00:40.896 [http-nio-8000-exec-10] DEBUG c.q.q.dao.RoleSysmenuMapper.deleteByExample 181- ==>  Preparing: delete from role_sysmenu WHERE ( roleid = ? ) 
2018-06-12 16:00:40.896 [http-nio-8000-exec-10] DEBUG c.q.q.dao.RoleSysmenuMapper.deleteByExample 181- ==> Parameters: 1(Integer)
2018-06-12 16:00:40.897 [http-nio-8000-exec-10] DEBUG c.q.q.dao.RoleSysmenuMapper.deleteByExample 181- <==    Updates: 10
2018-06-12 16:00:40.899 [http-nio-8000-exec-10] DEBUG c.q.q.dao.RoleSysmenuMapper.insertSelective 181- ==>  Preparing: insert into role_sysmenu ( roleid, menu_id, gmt_create, creater, status ) values ( ?, ?, ?, ?, ? ) 
2018-06-12 16:00:40.900 [http-nio-8000-exec-10] DEBUG c.q.q.dao.RoleSysmenuMapper.insertSelective 181- ==> Parameters: 1(Integer), 2(Integer), 2018-06-12 16:00:40.898(Timestamp), 15938742931(String), 0(Integer)
2018-06-12 16:00:40.900 [http-nio-8000-exec-10] DEBUG c.q.q.dao.RoleSysmenuMapper.insertSelective 181- <==    Updates: 1
2018-06-12 16:00:40.904 [http-nio-8000-exec-10] DEBUG c.q.q.dao.RoleSysmenuMapper.insertSelective 181- ==>  Preparing: insert into role_sysmenu ( roleid, menu_id, gmt_create, creater, status ) values ( ?, ?, ?, ?, ? ) 
2018-06-12 16:00:40.904 [http-nio-8000-exec-10] DEBUG c.q.q.dao.RoleSysmenuMapper.insertSelective 181- ==> Parameters: 1(Integer), 1(Integer), 2018-06-12 16:00:40.903(Timestamp), 15938742931(String), 0(Integer)
2018-06-12 16:00:40.905 [http-nio-8000-exec-10] DEBUG c.q.q.dao.RoleSysmenuMapper.insertSelective 181- <==    Updates: 1
2018-06-12 16:00:40.906 [http-nio-8000-exec-10] DEBUG c.q.q.dao.RoleSysmenuMapper.insertSelective 181- ==>  Preparing: insert into role_sysmenu ( roleid, menu_id, gmt_create, creater, status ) values ( ?, ?, ?, ?, ? ) 
2018-06-12 16:00:40.906 [http-nio-8000-exec-10] DEBUG c.q.q.dao.RoleSysmenuMapper.insertSelective 181- ==> Parameters: 1(Integer), 20(Integer), 2018-06-12 16:00:40.905(Timestamp), 15938742931(String), 0(Integer)
2018-06-12 16:00:40.907 [http-nio-8000-exec-10] DEBUG c.q.q.dao.RoleSysmenuMapper.insertSelective 181- <==    Updates: 1
2018-06-12 16:00:40.908 [http-nio-8000-exec-10] DEBUG c.q.q.dao.RoleSysmenuMapper.insertSelective 181- ==>  Preparing: insert into role_sysmenu ( roleid, menu_id, gmt_create, creater, status ) values ( ?, ?, ?, ?, ? ) 
2018-06-12 16:00:40.908 [http-nio-8000-exec-10] DEBUG c.q.q.dao.RoleSysmenuMapper.insertSelective 181- ==> Parameters: 1(Integer), 16(Integer), 2018-06-12 16:00:40.908(Timestamp), 15938742931(String), 0(Integer)
2018-06-12 16:00:40.909 [http-nio-8000-exec-10] DEBUG c.q.q.dao.RoleSysmenuMapper.insertSelective 181- <==    Updates: 1
2018-06-12 16:00:40.910 [http-nio-8000-exec-10] DEBUG c.q.q.dao.RoleSysmenuMapper.insertSelective 181- ==>  Preparing: insert into role_sysmenu ( roleid, menu_id, gmt_create, creater, status ) values ( ?, ?, ?, ?, ? ) 
2018-06-12 16:00:40.910 [http-nio-8000-exec-10] DEBUG c.q.q.dao.RoleSysmenuMapper.insertSelective 181- ==> Parameters: 1(Integer), 17(Integer), 2018-06-12 16:00:40.909(Timestamp), 15938742931(String), 0(Integer)
2018-06-12 16:00:40.911 [http-nio-8000-exec-10] DEBUG c.q.q.dao.RoleSysmenuMapper.insertSelective 181- <==    Updates: 1
2018-06-12 16:00:40.912 [http-nio-8000-exec-10] DEBUG c.q.q.dao.RoleSysmenuMapper.insertSelective 181- ==>  Preparing: insert into role_sysmenu ( roleid, menu_id, gmt_create, creater, status ) values ( ?, ?, ?, ?, ? ) 
2018-06-12 16:00:40.913 [http-nio-8000-exec-10] DEBUG c.q.q.dao.RoleSysmenuMapper.insertSelective 181- ==> Parameters: 1(Integer), 18(Integer), 2018-06-12 16:00:40.911(Timestamp), 15938742931(String), 0(Integer)
2018-06-12 16:00:40.913 [http-nio-8000-exec-10] DEBUG c.q.q.dao.RoleSysmenuMapper.insertSelective 181- <==    Updates: 1
2018-06-12 16:00:40.914 [http-nio-8000-exec-10] DEBUG c.q.q.dao.RoleSysmenuMapper.insertSelective 181- ==>  Preparing: insert into role_sysmenu ( roleid, menu_id, gmt_create, creater, status ) values ( ?, ?, ?, ?, ? ) 
2018-06-12 16:00:40.914 [http-nio-8000-exec-10] DEBUG c.q.q.dao.RoleSysmenuMapper.insertSelective 181- ==> Parameters: 1(Integer), 22(Integer), 2018-06-12 16:00:40.913(Timestamp), 15938742931(String), 0(Integer)
2018-06-12 16:00:40.915 [http-nio-8000-exec-10] DEBUG c.q.q.dao.RoleSysmenuMapper.insertSelective 181- <==    Updates: 1
2018-06-12 16:00:40.916 [http-nio-8000-exec-10] DEBUG c.q.q.dao.RoleSysmenuMapper.insertSelective 181- ==>  Preparing: insert into role_sysmenu ( roleid, menu_id, gmt_create, creater, status ) values ( ?, ?, ?, ?, ? ) 
2018-06-12 16:00:40.916 [http-nio-8000-exec-10] DEBUG c.q.q.dao.RoleSysmenuMapper.insertSelective 181- ==> Parameters: 1(Integer), 19(Integer), 2018-06-12 16:00:40.915(Timestamp), 15938742931(String), 0(Integer)
2018-06-12 16:00:40.917 [http-nio-8000-exec-10] DEBUG c.q.q.dao.RoleSysmenuMapper.insertSelective 181- <==    Updates: 1
2018-06-12 16:00:40.917 [http-nio-8000-exec-10] DEBUG c.q.q.dao.RoleSysmenuMapper.insertSelective 181- ==>  Preparing: insert into role_sysmenu ( roleid, menu_id, gmt_create, creater, status ) values ( ?, ?, ?, ?, ? ) 
2018-06-12 16:00:40.918 [http-nio-8000-exec-10] DEBUG c.q.q.dao.RoleSysmenuMapper.insertSelective 181- ==> Parameters: 1(Integer), 21(Integer), 2018-06-12 16:00:40.917(Timestamp), 15938742931(String), 0(Integer)
2018-06-12 16:00:40.919 [http-nio-8000-exec-10] DEBUG c.q.q.dao.RoleSysmenuMapper.insertSelective 181- <==    Updates: 1
2018-06-12 16:00:40.919 [http-nio-8000-exec-10] DEBUG c.q.q.dao.RoleSysmenuMapper.insertSelective 181- ==>  Preparing: insert into role_sysmenu ( roleid, menu_id, gmt_create, creater, status ) values ( ?, ?, ?, ?, ? ) 
2018-06-12 16:00:40.920 [http-nio-8000-exec-10] DEBUG c.q.q.dao.RoleSysmenuMapper.insertSelective 181- ==> Parameters: 1(Integer), 23(Integer), 2018-06-12 16:00:40.919(Timestamp), 15938742931(String), 0(Integer)
2018-06-12 16:00:40.920 [http-nio-8000-exec-10] DEBUG c.q.q.dao.RoleSysmenuMapper.insertSelective 181- <==    Updates: 1
2018-06-12 16:00:40.923 [http-nio-8000-exec-10] DEBUG c.q.q.dao.RoleAuthorizationMapper.deleteByExample 181- ==>  Preparing: delete from role_authorization WHERE ( role_id = ? ) 
2018-06-12 16:00:40.923 [http-nio-8000-exec-10] DEBUG c.q.q.dao.RoleAuthorizationMapper.deleteByExample 181- ==> Parameters: 1(Integer)
2018-06-12 16:00:40.924 [http-nio-8000-exec-10] DEBUG c.q.q.dao.RoleAuthorizationMapper.deleteByExample 181- <==    Updates: 16
2018-06-12 16:00:40.925 [http-nio-8000-exec-10] DEBUG c.q.q.dao.RoleAuthorizationMapper.insertSelective 181- ==>  Preparing: insert into role_authorization ( role_id, authorization_id, gmt_create, status ) values ( ?, ?, ?, ? ) 
2018-06-12 16:00:40.925 [http-nio-8000-exec-10] DEBUG c.q.q.dao.RoleAuthorizationMapper.insertSelective 181- ==> Parameters: 1(Integer), 1(Integer), 2018-06-12 16:00:40.924(Timestamp), 0(Integer)
2018-06-12 16:00:40.926 [http-nio-8000-exec-10] DEBUG c.q.q.dao.RoleAuthorizationMapper.insertSelective 181- <==    Updates: 1
2018-06-12 16:00:40.926 [http-nio-8000-exec-10] DEBUG c.q.q.dao.RoleAuthorizationMapper.insertSelective 181- ==>  Preparing: insert into role_authorization ( role_id, authorization_id, gmt_create, status ) values ( ?, ?, ?, ? ) 
2018-06-12 16:00:40.927 [http-nio-8000-exec-10] DEBUG c.q.q.dao.RoleAuthorizationMapper.insertSelective 181- ==> Parameters: 1(Integer), 2(Integer), 2018-06-12 16:00:40.926(Timestamp), 0(Integer)
2018-06-12 16:00:40.927 [http-nio-8000-exec-10] DEBUG c.q.q.dao.RoleAuthorizationMapper.insertSelective 181- <==    Updates: 1
2018-06-12 16:00:40.928 [http-nio-8000-exec-10] DEBUG c.q.q.dao.RoleAuthorizationMapper.insertSelective 181- ==>  Preparing: insert into role_authorization ( role_id, authorization_id, gmt_create, status ) values ( ?, ?, ?, ? ) 
2018-06-12 16:00:40.928 [http-nio-8000-exec-10] DEBUG c.q.q.dao.RoleAuthorizationMapper.insertSelective 181- ==> Parameters: 1(Integer), 3(Integer), 2018-06-12 16:00:40.928(Timestamp), 0(Integer)
2018-06-12 16:00:40.929 [http-nio-8000-exec-10] DEBUG c.q.q.dao.RoleAuthorizationMapper.insertSelective 181- <==    Updates: 1
2018-06-12 16:00:40.929 [http-nio-8000-exec-10] DEBUG c.q.q.dao.RoleAuthorizationMapper.insertSelective 181- ==>  Preparing: insert into role_authorization ( role_id, authorization_id, gmt_create, status ) values ( ?, ?, ?, ? ) 
2018-06-12 16:00:40.930 [http-nio-8000-exec-10] DEBUG c.q.q.dao.RoleAuthorizationMapper.insertSelective 181- ==> Parameters: 1(Integer), 8(Integer), 2018-06-12 16:00:40.929(Timestamp), 0(Integer)
2018-06-12 16:00:40.930 [http-nio-8000-exec-10] DEBUG c.q.q.dao.RoleAuthorizationMapper.insertSelective 181- <==    Updates: 1
2018-06-12 16:00:40.931 [http-nio-8000-exec-10] DEBUG c.q.q.dao.RoleAuthorizationMapper.insertSelective 181- ==>  Preparing: insert into role_authorization ( role_id, authorization_id, gmt_create, status ) values ( ?, ?, ?, ? ) 
2018-06-12 16:00:40.932 [http-nio-8000-exec-10] DEBUG c.q.q.dao.RoleAuthorizationMapper.insertSelective 181- ==> Parameters: 1(Integer), 9(Integer), 2018-06-12 16:00:40.931(Timestamp), 0(Integer)
2018-06-12 16:00:40.932 [http-nio-8000-exec-10] DEBUG c.q.q.dao.RoleAuthorizationMapper.insertSelective 181- <==    Updates: 1
2018-06-12 16:00:40.934 [http-nio-8000-exec-10] DEBUG c.q.q.dao.RoleAuthorizationMapper.insertSelective 181- ==>  Preparing: insert into role_authorization ( role_id, authorization_id, gmt_create, status ) values ( ?, ?, ?, ? ) 
2018-06-12 16:00:40.934 [http-nio-8000-exec-10] DEBUG c.q.q.dao.RoleAuthorizationMapper.insertSelective 181- ==> Parameters: 1(Integer), 10(Integer), 2018-06-12 16:00:40.933(Timestamp), 0(Integer)
2018-06-12 16:00:40.935 [http-nio-8000-exec-10] DEBUG c.q.q.dao.RoleAuthorizationMapper.insertSelective 181- <==    Updates: 1
2018-06-12 16:00:40.935 [http-nio-8000-exec-10] DEBUG c.q.q.dao.RoleAuthorizationMapper.insertSelective 181- ==>  Preparing: insert into role_authorization ( role_id, authorization_id, gmt_create, status ) values ( ?, ?, ?, ? ) 
2018-06-12 16:00:40.936 [http-nio-8000-exec-10] DEBUG c.q.q.dao.RoleAuthorizationMapper.insertSelective 181- ==> Parameters: 1(Integer), 11(Integer), 2018-06-12 16:00:40.935(Timestamp), 0(Integer)
2018-06-12 16:00:40.936 [http-nio-8000-exec-10] DEBUG c.q.q.dao.RoleAuthorizationMapper.insertSelective 181- <==    Updates: 1
2018-06-12 16:00:40.937 [http-nio-8000-exec-10] DEBUG c.q.q.dao.RoleAuthorizationMapper.insertSelective 181- ==>  Preparing: insert into role_authorization ( role_id, authorization_id, gmt_create, status ) values ( ?, ?, ?, ? ) 
2018-06-12 16:00:40.937 [http-nio-8000-exec-10] DEBUG c.q.q.dao.RoleAuthorizationMapper.insertSelective 181- ==> Parameters: 1(Integer), 12(Integer), 2018-06-12 16:00:40.936(Timestamp), 0(Integer)
2018-06-12 16:00:40.938 [http-nio-8000-exec-10] DEBUG c.q.q.dao.RoleAuthorizationMapper.insertSelective 181- <==    Updates: 1
2018-06-12 16:00:40.938 [http-nio-8000-exec-10] DEBUG c.q.q.dao.RoleAuthorizationMapper.insertSelective 181- ==>  Preparing: insert into role_authorization ( role_id, authorization_id, gmt_create, status ) values ( ?, ?, ?, ? ) 
2018-06-12 16:00:40.939 [http-nio-8000-exec-10] DEBUG c.q.q.dao.RoleAuthorizationMapper.insertSelective 181- ==> Parameters: 1(Integer), 13(Integer), 2018-06-12 16:00:40.938(Timestamp), 0(Integer)
2018-06-12 16:00:40.939 [http-nio-8000-exec-10] DEBUG c.q.q.dao.RoleAuthorizationMapper.insertSelective 181- <==    Updates: 1
2018-06-12 16:00:40.940 [http-nio-8000-exec-10] DEBUG c.q.q.dao.RoleAuthorizationMapper.insertSelective 181- ==>  Preparing: insert into role_authorization ( role_id, authorization_id, gmt_create, status ) values ( ?, ?, ?, ? ) 
2018-06-12 16:00:40.940 [http-nio-8000-exec-10] DEBUG c.q.q.dao.RoleAuthorizationMapper.insertSelective 181- ==> Parameters: 1(Integer), 14(Integer), 2018-06-12 16:00:40.939(Timestamp), 0(Integer)
2018-06-12 16:00:40.940 [http-nio-8000-exec-10] DEBUG c.q.q.dao.RoleAuthorizationMapper.insertSelective 181- <==    Updates: 1
2018-06-12 16:00:40.941 [http-nio-8000-exec-10] DEBUG c.q.q.dao.RoleAuthorizationMapper.insertSelective 181- ==>  Preparing: insert into role_authorization ( role_id, authorization_id, gmt_create, status ) values ( ?, ?, ?, ? ) 
2018-06-12 16:00:40.941 [http-nio-8000-exec-10] DEBUG c.q.q.dao.RoleAuthorizationMapper.insertSelective 181- ==> Parameters: 1(Integer), 21(Integer), 2018-06-12 16:00:40.941(Timestamp), 0(Integer)
2018-06-12 16:00:40.942 [http-nio-8000-exec-10] DEBUG c.q.q.dao.RoleAuthorizationMapper.insertSelective 181- <==    Updates: 1
2018-06-12 16:00:40.943 [http-nio-8000-exec-10] DEBUG c.q.q.dao.RoleAuthorizationMapper.insertSelective 181- ==>  Preparing: insert into role_authorization ( role_id, authorization_id, gmt_create, status ) values ( ?, ?, ?, ? ) 
2018-06-12 16:00:40.943 [http-nio-8000-exec-10] DEBUG c.q.q.dao.RoleAuthorizationMapper.insertSelective 181- ==> Parameters: 1(Integer), 15(Integer), 2018-06-12 16:00:40.942(Timestamp), 0(Integer)
2018-06-12 16:00:40.944 [http-nio-8000-exec-10] DEBUG c.q.q.dao.RoleAuthorizationMapper.insertSelective 181- <==    Updates: 1
2018-06-12 16:00:40.944 [http-nio-8000-exec-10] DEBUG c.q.q.dao.RoleAuthorizationMapper.insertSelective 181- ==>  Preparing: insert into role_authorization ( role_id, authorization_id, gmt_create, status ) values ( ?, ?, ?, ? ) 
2018-06-12 16:00:40.945 [http-nio-8000-exec-10] DEBUG c.q.q.dao.RoleAuthorizationMapper.insertSelective 181- ==> Parameters: 1(Integer), 16(Integer), 2018-06-12 16:00:40.944(Timestamp), 0(Integer)
2018-06-12 16:00:40.945 [http-nio-8000-exec-10] DEBUG c.q.q.dao.RoleAuthorizationMapper.insertSelective 181- <==    Updates: 1
2018-06-12 16:00:40.946 [http-nio-8000-exec-10] DEBUG c.q.q.dao.RoleAuthorizationMapper.insertSelective 181- ==>  Preparing: insert into role_authorization ( role_id, authorization_id, gmt_create, status ) values ( ?, ?, ?, ? ) 
2018-06-12 16:00:40.946 [http-nio-8000-exec-10] DEBUG c.q.q.dao.RoleAuthorizationMapper.insertSelective 181- ==> Parameters: 1(Integer), 17(Integer), 2018-06-12 16:00:40.945(Timestamp), 0(Integer)
2018-06-12 16:00:40.947 [http-nio-8000-exec-10] DEBUG c.q.q.dao.RoleAuthorizationMapper.insertSelective 181- <==    Updates: 1
2018-06-12 16:00:40.947 [http-nio-8000-exec-10] DEBUG c.q.q.dao.RoleAuthorizationMapper.insertSelective 181- ==>  Preparing: insert into role_authorization ( role_id, authorization_id, gmt_create, status ) values ( ?, ?, ?, ? ) 
2018-06-12 16:00:40.948 [http-nio-8000-exec-10] DEBUG c.q.q.dao.RoleAuthorizationMapper.insertSelective 181- ==> Parameters: 1(Integer), 18(Integer), 2018-06-12 16:00:40.947(Timestamp), 0(Integer)
2018-06-12 16:00:40.949 [http-nio-8000-exec-10] DEBUG c.q.q.dao.RoleAuthorizationMapper.insertSelective 181- <==    Updates: 1
2018-06-12 16:00:40.949 [http-nio-8000-exec-10] DEBUG c.q.q.dao.RoleAuthorizationMapper.insertSelective 181- ==>  Preparing: insert into role_authorization ( role_id, authorization_id, gmt_create, status ) values ( ?, ?, ?, ? ) 
2018-06-12 16:00:40.950 [http-nio-8000-exec-10] DEBUG c.q.q.dao.RoleAuthorizationMapper.insertSelective 181- ==> Parameters: 1(Integer), 19(Integer), 2018-06-12 16:00:40.949(Timestamp), 0(Integer)
2018-06-12 16:00:40.950 [http-nio-8000-exec-10] DEBUG c.q.q.dao.RoleAuthorizationMapper.insertSelective 181- <==    Updates: 1
2018-06-12 16:00:40.951 [http-nio-8000-exec-10] DEBUG c.q.q.dao.RoleAuthorizationMapper.insertSelective 181- ==>  Preparing: insert into role_authorization ( role_id, authorization_id, gmt_create, status ) values ( ?, ?, ?, ? ) 
2018-06-12 16:00:40.951 [http-nio-8000-exec-10] DEBUG c.q.q.dao.RoleAuthorizationMapper.insertSelective 181- ==> Parameters: 1(Integer), 20(Integer), 2018-06-12 16:00:40.95(Timestamp), 0(Integer)
2018-06-12 16:00:40.951 [http-nio-8000-exec-10] DEBUG c.q.q.dao.RoleAuthorizationMapper.insertSelective 181- <==    Updates: 1
2018-06-12 16:00:40.964 [http-nio-8000-exec-4] DEBUG c.qiming.qimingdata.dao.RoleMapper.selectByExample 181- ==>  Preparing: select id, role_name, description, status, gmt_create, gmt_modified, parent_tr_id, creater from role WHERE ( status = ? ) 
2018-06-12 16:00:40.965 [http-nio-8000-exec-4] DEBUG c.qiming.qimingdata.dao.RoleMapper.selectByExample 181- ==> Parameters: 0(Integer)
2018-06-12 16:00:40.966 [http-nio-8000-exec-4] DEBUG c.qiming.qimingdata.dao.RoleMapper.selectByExample 181- <==      Total: 3
2018-06-12 16:00:44.509 [http-nio-8000-exec-8] DEBUG c.q.qimingdata.dao.MemberUserMapper.selectByName 181- ==>  Preparing: select id, login_phone, login_email, login_password, gmt_create, gmt_modified, status, credentialssalt,last_login_time from member_user where login_phone=? 
2018-06-12 16:00:44.510 [http-nio-8000-exec-8] DEBUG c.q.qimingdata.dao.MemberUserMapper.selectByName 181- ==> Parameters: 15938742931(String)
2018-06-12 16:00:44.510 [http-nio-8000-exec-8] DEBUG c.q.qimingdata.dao.MemberUserMapper.selectByName 181- <==      Total: 1
2018-06-12 16:00:44.511 [http-nio-8000-exec-8] DEBUG c.q.qimingdata.dao.userRolesMapper.selectByExample 181- ==>  Preparing: select id, user_id, role_id, gmt_time, gmt_modify, status, menuid from user_role WHERE ( user_id = ? ) 
2018-06-12 16:00:44.512 [http-nio-8000-exec-8] DEBUG c.q.qimingdata.dao.userRolesMapper.selectByExample 181- ==> Parameters: 1(Integer)
2018-06-12 16:00:44.512 [http-nio-8000-exec-8] DEBUG c.q.qimingdata.dao.userRolesMapper.selectByExample 181- <==      Total: 1
2018-06-12 16:00:44.513 [http-nio-8000-exec-8] DEBUG c.q.qimingdata.dao.SysMenuMapper.getSysMenuInfo 181- ==>  Preparing: select s.menu_name menuName,s.image syImage,p.url url1 ,p.menu_name pMenuName,ah.authorization_name authorizationName FROM sysmenu s INNER JOIN sysmenu p on s.id=p.parent_id left JOIN role_sysmenu r on p.id=r.menu_id left join authorizations ah on ah.parent_tr_id=p.id where r.roleid=? 
2018-06-12 16:00:44.514 [http-nio-8000-exec-8] DEBUG c.q.qimingdata.dao.SysMenuMapper.getSysMenuInfo 181- ==> Parameters: 1(Integer)
2018-06-12 16:00:44.516 [http-nio-8000-exec-8] DEBUG c.q.qimingdata.dao.SysMenuMapper.getSysMenuInfo 181- <==      Total: 21
2018-06-12 16:00:47.666 [http-nio-8000-exec-6] DEBUG c.q.q.dao.userRolesMapper.queryForUserRoles 181- ==>  Preparing: SELECT u.id id, u.user_id userId ,u.role_id roleId,u.gmt_time gmtTime,u.gmt_modify gmtModify,u.status status, m.login_phone loginPhone,m.login_email loginEmail,r.role_name roleName from user_role u LEFT JOIN member_user m on u.user_id=m.id LEFT JOIN role r on u.role_id=r.id where m.status=0 and r.status=0 and u.user_id=? order by u.id 
2018-06-12 16:00:47.668 [http-nio-8000-exec-6] DEBUG c.q.q.dao.userRolesMapper.queryForUserRoles 181- ==> Parameters: 1(Integer)
2018-06-12 16:00:47.672 [http-nio-8000-exec-6] DEBUG c.q.q.dao.userRolesMapper.queryForUserRoles 181- <==      Total: 1
2018-06-12 16:00:47.674 [http-nio-8000-exec-6] DEBUG c.q.qimingdata.dao.RoleAuthorMapper.queryForWhere 181- ==>  Preparing: select * from role_authorization r LEFT JOIN authorizations a on r.authorization_id=a.id WHERE r.role_id=? 
2018-06-12 16:00:47.675 [http-nio-8000-exec-6] DEBUG c.q.qimingdata.dao.RoleAuthorMapper.queryForWhere 181- ==> Parameters: 1(Integer)
2018-06-12 16:00:47.686 [http-nio-8000-exec-6] DEBUG c.q.qimingdata.dao.RoleAuthorMapper.queryForWhere 181- <==      Total: 17
2018-06-12 16:01:12.350 [http-nio-8000-exec-8] DEBUG c.q.q.dao.userRolesMapper.queryForUserRoles 181- ==>  Preparing: SELECT u.id id, u.user_id userId ,u.role_id roleId,u.gmt_time gmtTime,u.gmt_modify gmtModify,u.status status, m.login_phone loginPhone,m.login_email loginEmail,r.role_name roleName from user_role u LEFT JOIN member_user m on u.user_id=m.id LEFT JOIN role r on u.role_id=r.id where m.status=0 and r.status=0 and u.user_id=? order by u.id 
2018-06-12 16:01:12.351 [http-nio-8000-exec-8] DEBUG c.q.q.dao.userRolesMapper.queryForUserRoles 181- ==> Parameters: 1(Integer)
2018-06-12 16:01:12.352 [http-nio-8000-exec-8] DEBUG c.q.q.dao.userRolesMapper.queryForUserRoles 181- <==      Total: 1
2018-06-12 16:01:12.353 [http-nio-8000-exec-8] DEBUG c.q.qimingdata.dao.RoleAuthorMapper.queryForWhere 181- ==>  Preparing: select * from role_authorization r LEFT JOIN authorizations a on r.authorization_id=a.id WHERE r.role_id=? 
2018-06-12 16:01:12.353 [http-nio-8000-exec-8] DEBUG c.q.qimingdata.dao.RoleAuthorMapper.queryForWhere 181- ==> Parameters: 1(Integer)
2018-06-12 16:01:12.356 [http-nio-8000-exec-8] DEBUG c.q.qimingdata.dao.RoleAuthorMapper.queryForWhere 181- <==      Total: 17
2018-06-12 16:04:10.628 [http-nio-8000-exec-6] DEBUG c.q.qimingdata.dao.MemberUserMapper.selectByName 181- ==>  Preparing: select id, login_phone, login_email, login_password, gmt_create, gmt_modified, status, credentialssalt,last_login_time from member_user where login_phone=? 
2018-06-12 16:04:10.637 [http-nio-8000-exec-6] DEBUG c.q.qimingdata.dao.MemberUserMapper.selectByName 181- ==> Parameters: 15938742931(String)
2018-06-12 16:04:10.645 [http-nio-8000-exec-6] DEBUG c.q.qimingdata.dao.MemberUserMapper.selectByName 181- <==      Total: 1
2018-06-12 16:04:10.661 [http-nio-8000-exec-6] DEBUG c.q.qimingdata.dao.MemberUserMapper.updateById 181- ==>  Preparing: UPDATE member_user SET id = ? , credentialssalt=? , last_login_time=? where id=? 
2018-06-12 16:04:10.661 [http-nio-8000-exec-6] DEBUG c.q.qimingdata.dao.MemberUserMapper.updateById 181- ==> Parameters: 1(Integer), MTU5Mzg3NDI5MzE=(String), 2018-06-12 16:04:10(String), 1(Integer)
2018-06-12 16:04:10.663 [http-nio-8000-exec-6] DEBUG c.q.qimingdata.dao.MemberUserMapper.updateById 181- <==    Updates: 1
2018-06-12 16:04:10.711 [http-nio-8000-exec-7] DEBUG c.q.qimingdata.dao.MemberUserMapper.selectByName 181- ==>  Preparing: select id, login_phone, login_email, login_password, gmt_create, gmt_modified, status, credentialssalt,last_login_time from member_user where login_phone=? 
2018-06-12 16:04:10.712 [http-nio-8000-exec-7] DEBUG c.q.qimingdata.dao.MemberUserMapper.selectByName 181- ==> Parameters: 15938742931(String)
2018-06-12 16:04:10.714 [http-nio-8000-exec-7] DEBUG c.q.qimingdata.dao.MemberUserMapper.selectByName 181- <==      Total: 1
2018-06-12 16:04:10.723 [http-nio-8000-exec-7] DEBUG c.q.qimingdata.dao.userRolesMapper.selectByExample 181- ==>  Preparing: select id, user_id, role_id, gmt_time, gmt_modify, status, menuid from user_role WHERE ( user_id = ? ) 
2018-06-12 16:04:10.724 [http-nio-8000-exec-7] DEBUG c.q.qimingdata.dao.userRolesMapper.selectByExample 181- ==> Parameters: 1(Integer)
2018-06-12 16:04:10.725 [http-nio-8000-exec-7] DEBUG c.q.qimingdata.dao.userRolesMapper.selectByExample 181- <==      Total: 1
2018-06-12 16:04:10.726 [http-nio-8000-exec-7] DEBUG c.q.qimingdata.dao.SysMenuMapper.getSysMenuInfo 181- ==>  Preparing: select s.menu_name menuName,s.image syImage,p.url url1 ,p.menu_name pMenuName,ah.authorization_name authorizationName FROM sysmenu s INNER JOIN sysmenu p on s.id=p.parent_id left JOIN role_sysmenu r on p.id=r.menu_id left join authorizations ah on ah.parent_tr_id=p.id where r.roleid=? 
2018-06-12 16:04:10.727 [http-nio-8000-exec-7] DEBUG c.q.qimingdata.dao.SysMenuMapper.getSysMenuInfo 181- ==> Parameters: 1(Integer)
2018-06-12 16:04:10.731 [http-nio-8000-exec-7] DEBUG c.q.qimingdata.dao.SysMenuMapper.getSysMenuInfo 181- <==      Total: 21
2018-06-12 16:04:16.525 [http-nio-8000-exec-5] DEBUG c.q.q.dao.userRolesMapper.queryForUserRoles 181- ==>  Preparing: SELECT u.id id, u.user_id userId ,u.role_id roleId,u.gmt_time gmtTime,u.gmt_modify gmtModify,u.status status, m.login_phone loginPhone,m.login_email loginEmail,r.role_name roleName from user_role u LEFT JOIN member_user m on u.user_id=m.id LEFT JOIN role r on u.role_id=r.id where m.status=0 and r.status=0 and u.user_id=? order by u.id 
2018-06-12 16:04:16.526 [http-nio-8000-exec-5] DEBUG c.q.q.dao.userRolesMapper.queryForUserRoles 181- ==> Parameters: 1(Integer)
2018-06-12 16:04:16.529 [http-nio-8000-exec-5] DEBUG c.q.q.dao.userRolesMapper.queryForUserRoles 181- <==      Total: 1
2018-06-12 16:04:16.532 [http-nio-8000-exec-5] DEBUG c.q.qimingdata.dao.RoleAuthorMapper.queryForWhere 181- ==>  Preparing: select * from role_authorization r LEFT JOIN authorizations a on r.authorization_id=a.id WHERE r.role_id=? 
2018-06-12 16:04:16.533 [http-nio-8000-exec-5] DEBUG c.q.qimingdata.dao.RoleAuthorMapper.queryForWhere 181- ==> Parameters: 1(Integer)
2018-06-12 16:04:16.539 [http-nio-8000-exec-5] DEBUG c.q.qimingdata.dao.RoleAuthorMapper.queryForWhere 181- <==      Total: 17
2018-06-12 16:10:19.577 [http-nio-8000-exec-4] DEBUG c.q.q.dao.userRolesMapper.queryForUserRoles 181- ==>  Preparing: SELECT u.id id, u.user_id userId ,u.role_id roleId,u.gmt_time gmtTime,u.gmt_modify gmtModify,u.status status, m.login_phone loginPhone,m.login_email loginEmail,r.role_name roleName from user_role u LEFT JOIN member_user m on u.user_id=m.id LEFT JOIN role r on u.role_id=r.id where m.status=0 and r.status=0 and u.user_id=? order by u.id 
2018-06-12 16:10:19.578 [http-nio-8000-exec-4] DEBUG c.q.q.dao.userRolesMapper.queryForUserRoles 181- ==> Parameters: 1(Integer)
2018-06-12 16:10:19.580 [http-nio-8000-exec-4] DEBUG c.q.q.dao.userRolesMapper.queryForUserRoles 181- <==      Total: 1
2018-06-12 16:10:19.582 [http-nio-8000-exec-4] DEBUG c.q.qimingdata.dao.RoleAuthorMapper.queryForWhere 181- ==>  Preparing: select * from role_authorization r LEFT JOIN authorizations a on r.authorization_id=a.id WHERE r.role_id=? 
2018-06-12 16:10:19.583 [http-nio-8000-exec-4] DEBUG c.q.qimingdata.dao.RoleAuthorMapper.queryForWhere 181- ==> Parameters: 1(Integer)
2018-06-12 16:10:19.587 [http-nio-8000-exec-4] DEBUG c.q.qimingdata.dao.RoleAuthorMapper.queryForWhere 181- <==      Total: 17
2018-06-12 16:10:54.954 [http-nio-8000-exec-6] DEBUG c.q.q.dao.userRolesMapper.queryForUserRoles 181- ==>  Preparing: SELECT u.id id, u.user_id userId ,u.role_id roleId,u.gmt_time gmtTime,u.gmt_modify gmtModify,u.status status, m.login_phone loginPhone,m.login_email loginEmail,r.role_name roleName from user_role u LEFT JOIN member_user m on u.user_id=m.id LEFT JOIN role r on u.role_id=r.id where m.status=0 and r.status=0 and u.user_id=? order by u.id 
2018-06-12 16:10:54.955 [http-nio-8000-exec-6] DEBUG c.q.q.dao.userRolesMapper.queryForUserRoles 181- ==> Parameters: 1(Integer)
2018-06-12 16:10:54.959 [http-nio-8000-exec-6] DEBUG c.q.q.dao.userRolesMapper.queryForUserRoles 181- <==      Total: 1
2018-06-12 16:10:54.962 [http-nio-8000-exec-6] DEBUG c.q.qimingdata.dao.RoleAuthorMapper.queryForWhere 181- ==>  Preparing: select * from role_authorization r LEFT JOIN authorizations a on r.authorization_id=a.id WHERE r.role_id=? 
2018-06-12 16:10:54.964 [http-nio-8000-exec-6] DEBUG c.q.qimingdata.dao.RoleAuthorMapper.queryForWhere 181- ==> Parameters: 1(Integer)
2018-06-12 16:10:54.973 [http-nio-8000-exec-6] DEBUG c.q.qimingdata.dao.RoleAuthorMapper.queryForWhere 181- <==      Total: 17
2018-06-12 16:11:49.305 [http-nio-8000-exec-8] DEBUG c.q.q.dao.userRolesMapper.queryForUserRoles 181- ==>  Preparing: SELECT u.id id, u.user_id userId ,u.role_id roleId,u.gmt_time gmtTime,u.gmt_modify gmtModify,u.status status, m.login_phone loginPhone,m.login_email loginEmail,r.role_name roleName from user_role u LEFT JOIN member_user m on u.user_id=m.id LEFT JOIN role r on u.role_id=r.id where m.status=0 and r.status=0 and u.user_id=? order by u.id 
2018-06-12 16:11:49.306 [http-nio-8000-exec-8] DEBUG c.q.q.dao.userRolesMapper.queryForUserRoles 181- ==> Parameters: 1(Integer)
2018-06-12 16:11:49.309 [http-nio-8000-exec-8] DEBUG c.q.q.dao.userRolesMapper.queryForUserRoles 181- <==      Total: 1
2018-06-12 16:11:49.312 [http-nio-8000-exec-8] DEBUG c.q.qimingdata.dao.RoleAuthorMapper.queryForWhere 181- ==>  Preparing: select * from role_authorization r LEFT JOIN authorizations a on r.authorization_id=a.id WHERE r.role_id=? 
2018-06-12 16:11:49.313 [http-nio-8000-exec-8] DEBUG c.q.qimingdata.dao.RoleAuthorMapper.queryForWhere 181- ==> Parameters: 1(Integer)
2018-06-12 16:11:49.319 [http-nio-8000-exec-8] DEBUG c.q.qimingdata.dao.RoleAuthorMapper.queryForWhere 181- <==      Total: 17
2018-06-12 16:12:40.071 [http-nio-8000-exec-5] DEBUG c.q.q.dao.userRolesMapper.queryForUserRoles 181- ==>  Preparing: SELECT u.id id, u.user_id userId ,u.role_id roleId,u.gmt_time gmtTime,u.gmt_modify gmtModify,u.status status, m.login_phone loginPhone,m.login_email loginEmail,r.role_name roleName from user_role u LEFT JOIN member_user m on u.user_id=m.id LEFT JOIN role r on u.role_id=r.id where m.status=0 and r.status=0 and u.user_id=? order by u.id 
2018-06-12 16:12:40.072 [http-nio-8000-exec-5] DEBUG c.q.q.dao.userRolesMapper.queryForUserRoles 181- ==> Parameters: 1(Integer)
2018-06-12 16:12:40.075 [http-nio-8000-exec-5] DEBUG c.q.q.dao.userRolesMapper.queryForUserRoles 181- <==      Total: 1
2018-06-12 16:12:40.077 [http-nio-8000-exec-5] DEBUG c.q.qimingdata.dao.RoleAuthorMapper.queryForWhere 181- ==>  Preparing: select * from role_authorization r LEFT JOIN authorizations a on r.authorization_id=a.id WHERE r.role_id=? 
2018-06-12 16:12:40.078 [http-nio-8000-exec-5] DEBUG c.q.qimingdata.dao.RoleAuthorMapper.queryForWhere 181- ==> Parameters: 1(Integer)
2018-06-12 16:12:40.083 [http-nio-8000-exec-5] DEBUG c.q.qimingdata.dao.RoleAuthorMapper.queryForWhere 181- <==      Total: 17
2018-06-12 16:13:15.259 [http-nio-8000-exec-1] DEBUG c.q.q.dao.userRolesMapper.queryForUserRoles 181- ==>  Preparing: SELECT u.id id, u.user_id userId ,u.role_id roleId,u.gmt_time gmtTime,u.gmt_modify gmtModify,u.status status, m.login_phone loginPhone,m.login_email loginEmail,r.role_name roleName from user_role u LEFT JOIN member_user m on u.user_id=m.id LEFT JOIN role r on u.role_id=r.id where m.status=0 and r.status=0 and u.user_id=? order by u.id 
2018-06-12 16:13:15.259 [http-nio-8000-exec-1] DEBUG c.q.q.dao.userRolesMapper.queryForUserRoles 181- ==> Parameters: 1(Integer)
2018-06-12 16:13:15.260 [http-nio-8000-exec-1] DEBUG c.q.q.dao.userRolesMapper.queryForUserRoles 181- <==      Total: 1
2018-06-12 16:13:15.261 [http-nio-8000-exec-1] DEBUG c.q.qimingdata.dao.RoleAuthorMapper.queryForWhere 181- ==>  Preparing: select * from role_authorization r LEFT JOIN authorizations a on r.authorization_id=a.id WHERE r.role_id=? 
2018-06-12 16:13:15.262 [http-nio-8000-exec-1] DEBUG c.q.qimingdata.dao.RoleAuthorMapper.queryForWhere 181- ==> Parameters: 1(Integer)
2018-06-12 16:13:15.265 [http-nio-8000-exec-1] DEBUG c.q.qimingdata.dao.RoleAuthorMapper.queryForWhere 181- <==      Total: 17
2018-06-12 16:13:26.328 [http-nio-8000-exec-9] DEBUG c.q.q.dao.userRolesMapper.queryForUserRoles 181- ==>  Preparing: SELECT u.id id, u.user_id userId ,u.role_id roleId,u.gmt_time gmtTime,u.gmt_modify gmtModify,u.status status, m.login_phone loginPhone,m.login_email loginEmail,r.role_name roleName from user_role u LEFT JOIN member_user m on u.user_id=m.id LEFT JOIN role r on u.role_id=r.id where m.status=0 and r.status=0 and u.user_id=? order by u.id 
2018-06-12 16:13:26.328 [http-nio-8000-exec-9] DEBUG c.q.q.dao.userRolesMapper.queryForUserRoles 181- ==> Parameters: 1(Integer)
2018-06-12 16:13:26.330 [http-nio-8000-exec-9] DEBUG c.q.q.dao.userRolesMapper.queryForUserRoles 181- <==      Total: 1
2018-06-12 16:13:26.332 [http-nio-8000-exec-9] DEBUG c.q.qimingdata.dao.RoleAuthorMapper.queryForWhere 181- ==>  Preparing: select * from role_authorization r LEFT JOIN authorizations a on r.authorization_id=a.id WHERE r.role_id=? 
2018-06-12 16:13:26.332 [http-nio-8000-exec-9] DEBUG c.q.qimingdata.dao.RoleAuthorMapper.queryForWhere 181- ==> Parameters: 1(Integer)
2018-06-12 16:13:26.336 [http-nio-8000-exec-9] DEBUG c.q.qimingdata.dao.RoleAuthorMapper.queryForWhere 181- <==      Total: 17
2018-06-12 16:13:58.500 [http-nio-8000-exec-3] DEBUG c.q.q.dao.userRolesMapper.queryForUserRoles 181- ==>  Preparing: SELECT u.id id, u.user_id userId ,u.role_id roleId,u.gmt_time gmtTime,u.gmt_modify gmtModify,u.status status, m.login_phone loginPhone,m.login_email loginEmail,r.role_name roleName from user_role u LEFT JOIN member_user m on u.user_id=m.id LEFT JOIN role r on u.role_id=r.id where m.status=0 and r.status=0 and u.user_id=? order by u.id 
2018-06-12 16:13:58.501 [http-nio-8000-exec-3] DEBUG c.q.q.dao.userRolesMapper.queryForUserRoles 181- ==> Parameters: 1(Integer)
2018-06-12 16:13:58.505 [http-nio-8000-exec-3] DEBUG c.q.q.dao.userRolesMapper.queryForUserRoles 181- <==      Total: 1
2018-06-12 16:13:58.507 [http-nio-8000-exec-3] DEBUG c.q.qimingdata.dao.RoleAuthorMapper.queryForWhere 181- ==>  Preparing: select * from role_authorization r LEFT JOIN authorizations a on r.authorization_id=a.id WHERE r.role_id=? 
2018-06-12 16:13:58.508 [http-nio-8000-exec-3] DEBUG c.q.qimingdata.dao.RoleAuthorMapper.queryForWhere 181- ==> Parameters: 1(Integer)
2018-06-12 16:13:58.516 [http-nio-8000-exec-3] DEBUG c.q.qimingdata.dao.RoleAuthorMapper.queryForWhere 181- <==      Total: 17
2018-06-12 16:14:22.288 [http-nio-8000-exec-8] DEBUG c.q.q.dao.userRolesMapper.queryForUserRoles 181- ==>  Preparing: SELECT u.id id, u.user_id userId ,u.role_id roleId,u.gmt_time gmtTime,u.gmt_modify gmtModify,u.status status, m.login_phone loginPhone,m.login_email loginEmail,r.role_name roleName from user_role u LEFT JOIN member_user m on u.user_id=m.id LEFT JOIN role r on u.role_id=r.id where m.status=0 and r.status=0 and u.user_id=? order by u.id 
2018-06-12 16:14:22.291 [http-nio-8000-exec-8] DEBUG c.q.q.dao.userRolesMapper.queryForUserRoles 181- ==> Parameters: 1(Integer)
2018-06-12 16:14:22.294 [http-nio-8000-exec-8] DEBUG c.q.q.dao.userRolesMapper.queryForUserRoles 181- <==      Total: 1
2018-06-12 16:14:22.297 [http-nio-8000-exec-8] DEBUG c.q.qimingdata.dao.RoleAuthorMapper.queryForWhere 181- ==>  Preparing: select * from role_authorization r LEFT JOIN authorizations a on r.authorization_id=a.id WHERE r.role_id=? 
2018-06-12 16:14:22.298 [http-nio-8000-exec-8] DEBUG c.q.qimingdata.dao.RoleAuthorMapper.queryForWhere 181- ==> Parameters: 1(Integer)
2018-06-12 16:14:22.304 [http-nio-8000-exec-8] DEBUG c.q.qimingdata.dao.RoleAuthorMapper.queryForWhere 181- <==      Total: 17
2018-06-12 16:14:22.314 [http-nio-8000-exec-8] DEBUG c.q.q.d.J.getJobAndTriggerDetails 181- ==>  Preparing: SELECT qrtz_job_details.JOB_NAME, qrtz_job_details.JOB_GROUP, qrtz_job_details.JOB_CLASS_NAME, qrtz_triggers.TRIGGER_NAME, qrtz_triggers.TRIGGER_GROUP, qrtz_cron_triggers.CRON_EXPRESSION, qrtz_cron_triggers.TIME_ZONE_ID FROM qrtz_job_details JOIN qrtz_triggers JOIN qrtz_cron_triggers ON qrtz_job_details.JOB_NAME = qrtz_triggers.JOB_NAME AND qrtz_triggers.TRIGGER_NAME = qrtz_cron_triggers.TRIGGER_NAME AND qrtz_triggers.TRIGGER_GROUP = qrtz_cron_triggers.TRIGGER_GROUP 
2018-06-12 16:14:22.315 [http-nio-8000-exec-8] DEBUG c.q.q.d.J.getJobAndTriggerDetails 181- ==> Parameters: 
2018-06-12 16:14:22.318 [http-nio-8000-exec-8] DEBUG c.q.q.d.J.getJobAndTriggerDetails 181- <==      Total: 1
2018-06-12 16:14:22.320 [http-nio-8000-exec-8] DEBUG c.q.q.dao.SchelduleJobMapper.queryForDetail 181- ==>  Preparing: SELECT id,jobname,jobgroup,jobstatus,auditstatus,quartzclass,cronexpression,description,gmt_modified,gmt_create FROM schedule_job 
2018-06-12 16:14:22.321 [http-nio-8000-exec-8] DEBUG c.q.q.dao.SchelduleJobMapper.queryForDetail 181- ==> Parameters: 
2018-06-12 16:14:22.324 [http-nio-8000-exec-8] DEBUG c.q.q.dao.SchelduleJobMapper.queryForDetail 181- <==      Total: 1
2018-06-12 16:14:26.452 [http-nio-8000-exec-5] DEBUG c.qiming.qimingdata.dao.RoleMapper.selectByExample 181- ==>  Preparing: select id, role_name, description, status, gmt_create, gmt_modified, parent_tr_id, creater from role WHERE ( status = ? ) 
2018-06-12 16:14:26.453 [http-nio-8000-exec-5] DEBUG c.qiming.qimingdata.dao.RoleMapper.selectByExample 181- ==> Parameters: 0(Integer)
2018-06-12 16:14:26.454 [http-nio-8000-exec-5] DEBUG c.qiming.qimingdata.dao.RoleMapper.selectByExample 181- <==      Total: 3
2018-06-12 16:14:26.914 [http-nio-8000-exec-1] DEBUG c.q.q.dao.userRolesMapper.queryForUserRoles 181- ==>  Preparing: SELECT u.id id, u.user_id userId ,u.role_id roleId,u.gmt_time gmtTime,u.gmt_modify gmtModify,u.status status, m.login_phone loginPhone,m.login_email loginEmail,r.role_name roleName from user_role u LEFT JOIN member_user m on u.user_id=m.id LEFT JOIN role r on u.role_id=r.id where m.status=0 and r.status=0 order by u.id 
2018-06-12 16:14:26.915 [http-nio-8000-exec-1] DEBUG c.q.q.dao.userRolesMapper.queryForUserRoles 181- ==> Parameters: 
2018-06-12 16:14:26.916 [http-nio-8000-exec-1] DEBUG c.q.q.dao.userRolesMapper.queryForUserRoles 181- <==      Total: 2
2018-06-12 16:14:27.580 [http-nio-8000-exec-2] DEBUG c.q.q.dao.userRolesMapper.queryForUserRoles 181- ==>  Preparing: SELECT u.id id, u.user_id userId ,u.role_id roleId,u.gmt_time gmtTime,u.gmt_modify gmtModify,u.status status, m.login_phone loginPhone,m.login_email loginEmail,r.role_name roleName from user_role u LEFT JOIN member_user m on u.user_id=m.id LEFT JOIN role r on u.role_id=r.id where m.status=0 and r.status=0 and u.user_id=? order by u.id 
2018-06-12 16:14:27.582 [http-nio-8000-exec-2] DEBUG c.q.q.dao.userRolesMapper.queryForUserRoles 181- ==> Parameters: 1(Integer)
2018-06-12 16:14:27.585 [http-nio-8000-exec-2] DEBUG c.q.q.dao.userRolesMapper.queryForUserRoles 181- <==      Total: 1
2018-06-12 16:14:27.587 [http-nio-8000-exec-2] DEBUG c.q.qimingdata.dao.RoleAuthorMapper.queryForWhere 181- ==>  Preparing: select * from role_authorization r LEFT JOIN authorizations a on r.authorization_id=a.id WHERE r.role_id=? 
2018-06-12 16:14:27.588 [http-nio-8000-exec-2] DEBUG c.q.qimingdata.dao.RoleAuthorMapper.queryForWhere 181- ==> Parameters: 1(Integer)
2018-06-12 16:14:27.591 [http-nio-8000-exec-2] DEBUG c.q.qimingdata.dao.RoleAuthorMapper.queryForWhere 181- <==      Total: 17
2018-06-12 16:14:27.596 [http-nio-8000-exec-2] DEBUG c.q.qimingdata.dao.MemberUserMapper.selectBywhere 181- ==>  Preparing: select id, login_phone, login_email, login_password, gmt_create, gmt_modified, status, credentialssalt,last_login_time from member_user 
2018-06-12 16:14:27.597 [http-nio-8000-exec-2] DEBUG c.q.qimingdata.dao.MemberUserMapper.selectBywhere 181- ==> Parameters: 
2018-06-12 16:14:27.598 [http-nio-8000-exec-2] DEBUG c.q.qimingdata.dao.MemberUserMapper.selectBywhere 181- <==      Total: 2
2018-06-12 16:14:28.605 [http-nio-8000-exec-9] DEBUG c.q.q.dao.AuthorizationsMapper.countAuthorizations 181- ==>  Preparing: SELECT count(id) from authorizations where status=0 
2018-06-12 16:14:28.607 [http-nio-8000-exec-9] DEBUG c.q.q.dao.AuthorizationsMapper.countAuthorizations 181- ==> Parameters: 
2018-06-12 16:14:28.608 [http-nio-8000-exec-9] DEBUG c.q.q.dao.AuthorizationsMapper.countAuthorizations 181- <==      Total: 1
2018-06-12 16:14:28.609 [http-nio-8000-exec-9] DEBUG c.q.qimingdata.dao.AuthorizationsMapper.selectAll 181- ==>  Preparing: select id, parent_tr_id, authorization_name, description, gmt_create, gmt_modified, status, creater from authorizations where status=0 
2018-06-12 16:14:28.611 [http-nio-8000-exec-9] DEBUG c.q.qimingdata.dao.AuthorizationsMapper.selectAll 181- ==> Parameters: 
2018-06-12 16:14:28.614 [http-nio-8000-exec-9] DEBUG c.q.qimingdata.dao.AuthorizationsMapper.selectAll 181- <==      Total: 17
