2018-06-06 11:37:48.124 [http-nio-8000-exec-4] DEBUG c.q.qimingdata.dao.MemberUserMapper.selectByName 181- ==>  Preparing: select id, login_phone, login_email, login_password, gmt_create, gmt_modified, status, credentialssalt,last_login_time from member_user where login_phone=? 
2018-06-06 11:37:48.132 [http-nio-8000-exec-4] DEBUG c.q.qimingdata.dao.MemberUserMapper.selectByName 181- ==> Parameters: 15938742931(String)
2018-06-06 11:37:48.141 [http-nio-8000-exec-4] DEBUG c.q.qimingdata.dao.MemberUserMapper.selectByName 181- <==      Total: 1
2018-06-06 11:37:48.182 [http-nio-8000-exec-4] DEBUG c.q.qimingdata.dao.MemberUserMapper.updateById 181- ==>  Preparing: UPDATE member_user SET id = ? , credentialssalt=? , last_login_time=? where id=? 
2018-06-06 11:37:48.182 [http-nio-8000-exec-4] DEBUG c.q.qimingdata.dao.MemberUserMapper.updateById 181- ==> Parameters: 1(Integer), MTU5Mzg3NDI5MzE=(String), 2018-06-06 11:37:48(String), 1(Integer)
2018-06-06 11:37:48.185 [http-nio-8000-exec-4] DEBUG c.q.qimingdata.dao.MemberUserMapper.updateById 181- <==    Updates: 1
2018-06-06 11:37:48.273 [http-nio-8000-exec-5] DEBUG c.q.qimingdata.dao.MemberUserMapper.selectByName 181- ==>  Preparing: select id, login_phone, login_email, login_password, gmt_create, gmt_modified, status, credentialssalt,last_login_time from member_user where login_phone=? 
2018-06-06 11:37:48.274 [http-nio-8000-exec-5] DEBUG c.q.qimingdata.dao.MemberUserMapper.selectByName 181- ==> Parameters: 15938742931(String)
2018-06-06 11:37:48.276 [http-nio-8000-exec-5] DEBUG c.q.qimingdata.dao.MemberUserMapper.selectByName 181- <==      Total: 1
2018-06-06 11:37:48.289 [http-nio-8000-exec-5] DEBUG c.q.qimingdata.dao.userRolesMapper.selectByExample 181- ==>  Preparing: select id, user_id, role_id, gmt_time, gmt_modify, status, menuid from user_role WHERE ( user_id = ? ) 
2018-06-06 11:37:48.290 [http-nio-8000-exec-5] DEBUG c.q.qimingdata.dao.userRolesMapper.selectByExample 181- ==> Parameters: 1(Integer)
2018-06-06 11:37:48.293 [http-nio-8000-exec-5] DEBUG c.q.qimingdata.dao.userRolesMapper.selectByExample 181- <==      Total: 1
2018-06-06 11:37:48.293 [http-nio-8000-exec-5] DEBUG c.q.qimingdata.dao.SysMenuMapper.getSysMenuInfo 181- ==>  Preparing: select s.menu_name menuName,s.image syImage,p.url url1 ,p.menu_name pMenuName,ah.authorization_name authorizationName FROM sysmenu s INNER JOIN sysmenu p on s.id=p.parent_id left JOIN role_sysmenu r on p.id=r.menu_id left join authorizations ah on ah.parent_tr_id=p.id where r.roleid=? 
2018-06-06 11:37:48.294 [http-nio-8000-exec-5] DEBUG c.q.qimingdata.dao.SysMenuMapper.getSysMenuInfo 181- ==> Parameters: 1(Integer)
2018-06-06 11:37:48.303 [http-nio-8000-exec-5] DEBUG c.q.qimingdata.dao.SysMenuMapper.getSysMenuInfo 181- <==      Total: 20
2018-06-06 11:37:53.768 [http-nio-8000-exec-4] DEBUG c.q.q.dao.userRolesMapper.queryForUserRoles 181- ==>  Preparing: SELECT u.id id, u.user_id userId ,u.role_id roleId,u.gmt_time gmtTime,u.gmt_modify gmtModify,u.status status, m.login_phone loginPhone,m.login_email loginEmail,r.role_name roleName from user_role u LEFT JOIN member_user m on u.user_id=m.id LEFT JOIN role r on u.role_id=r.id where m.status=0 and r.status=0 order by u.id 
2018-06-06 11:37:53.769 [http-nio-8000-exec-4] DEBUG c.q.q.dao.userRolesMapper.queryForUserRoles 181- ==> Parameters: 
2018-06-06 11:37:53.777 [http-nio-8000-exec-4] DEBUG c.q.q.dao.userRolesMapper.queryForUserRoles 181- <==      Total: 2
2018-06-06 11:37:54.687 [http-nio-8000-exec-7] DEBUG c.q.q.dao.userRolesMapper.queryForUserRoles 181- ==>  Preparing: SELECT u.id id, u.user_id userId ,u.role_id roleId,u.gmt_time gmtTime,u.gmt_modify gmtModify,u.status status, m.login_phone loginPhone,m.login_email loginEmail,r.role_name roleName from user_role u LEFT JOIN member_user m on u.user_id=m.id LEFT JOIN role r on u.role_id=r.id where m.status=0 and r.status=0 and u.user_id=? order by u.id 
2018-06-06 11:37:54.688 [http-nio-8000-exec-7] DEBUG c.q.q.dao.userRolesMapper.queryForUserRoles 181- ==> Parameters: 1(Integer)
2018-06-06 11:37:54.692 [http-nio-8000-exec-7] DEBUG c.q.q.dao.userRolesMapper.queryForUserRoles 181- <==      Total: 1
2018-06-06 11:37:54.695 [http-nio-8000-exec-7] DEBUG c.q.qimingdata.dao.RoleAuthorMapper.queryForWhere 181- ==>  Preparing: select * from role_authorization r LEFT JOIN authorizations a on r.authorization_id=a.id WHERE r.role_id=? 
2018-06-06 11:37:54.696 [http-nio-8000-exec-7] DEBUG c.q.qimingdata.dao.RoleAuthorMapper.queryForWhere 181- ==> Parameters: 1(Integer)
2018-06-06 11:37:54.702 [http-nio-8000-exec-7] DEBUG c.q.qimingdata.dao.RoleAuthorMapper.queryForWhere 181- <==      Total: 16
2018-06-06 11:37:54.706 [http-nio-8000-exec-7] DEBUG c.q.qimingdata.dao.MemberUserMapper.selectBywhere 181- ==>  Preparing: select id, login_phone, login_email, login_password, gmt_create, gmt_modified, status, credentialssalt,last_login_time from member_user 
2018-06-06 11:37:54.706 [http-nio-8000-exec-7] DEBUG c.q.qimingdata.dao.MemberUserMapper.selectBywhere 181- ==> Parameters: 
2018-06-06 11:37:54.708 [http-nio-8000-exec-7] DEBUG c.q.qimingdata.dao.MemberUserMapper.selectBywhere 181- <==      Total: 2
2018-06-06 11:37:56.830 [http-nio-8000-exec-6] DEBUG c.qiming.qimingdata.dao.RoleMapper.selectByExample 181- ==>  Preparing: select id, role_name, description, status, gmt_create, gmt_modified, parent_tr_id, creater from role WHERE ( status = ? ) 
2018-06-06 11:37:56.831 [http-nio-8000-exec-6] DEBUG c.qiming.qimingdata.dao.RoleMapper.selectByExample 181- ==> Parameters: 0(Integer)
2018-06-06 11:37:56.833 [http-nio-8000-exec-6] DEBUG c.qiming.qimingdata.dao.RoleMapper.selectByExample 181- <==      Total: 3
2018-06-06 11:37:59.934 [http-nio-8000-exec-1] DEBUG c.qiming.qimingdata.dao.RoleMapper.selectByExample 181- ==>  Preparing: select id, role_name, description, status, gmt_create, gmt_modified, parent_tr_id, creater from role WHERE ( id = ? ) 
2018-06-06 11:37:59.936 [http-nio-8000-exec-1] DEBUG c.qiming.qimingdata.dao.RoleMapper.selectByExample 181- ==> Parameters: 1(Integer)
2018-06-06 11:37:59.939 [http-nio-8000-exec-1] DEBUG c.qiming.qimingdata.dao.RoleMapper.selectByExample 181- <==      Total: 1
2018-06-06 11:38:02.825 [http-nio-8000-exec-4] DEBUG c.q.q.dao.userRolesMapper.queryForUserRoles 181- ==>  Preparing: SELECT u.id id, u.user_id userId ,u.role_id roleId,u.gmt_time gmtTime,u.gmt_modify gmtModify,u.status status, m.login_phone loginPhone,m.login_email loginEmail,r.role_name roleName from user_role u LEFT JOIN member_user m on u.user_id=m.id LEFT JOIN role r on u.role_id=r.id where m.status=0 and r.status=0 order by u.id 
2018-06-06 11:38:02.826 [http-nio-8000-exec-4] DEBUG c.q.q.dao.userRolesMapper.queryForUserRoles 181- ==> Parameters: 
2018-06-06 11:38:02.830 [http-nio-8000-exec-4] DEBUG c.q.q.dao.userRolesMapper.queryForUserRoles 181- <==      Total: 2
2018-06-06 11:38:08.646 [http-nio-8000-exec-7] DEBUG c.q.qimingdata.dao.MemberUserMapper.selectBywhere 181- ==>  Preparing: select id, login_phone, login_email, login_password, gmt_create, gmt_modified, status, credentialssalt,last_login_time from member_user WHERE id=? 
2018-06-06 11:38:08.647 [http-nio-8000-exec-7] DEBUG c.q.qimingdata.dao.MemberUserMapper.selectBywhere 181- ==> Parameters: 1(Integer)
2018-06-06 11:38:08.649 [http-nio-8000-exec-7] DEBUG c.q.qimingdata.dao.MemberUserMapper.selectBywhere 181- <==      Total: 1
2018-06-06 11:38:08.650 [http-nio-8000-exec-7] DEBUG c.qiming.qimingdata.dao.RoleMapper.selectByExample 181- ==>  Preparing: select id, role_name, description, status, gmt_create, gmt_modified, parent_tr_id, creater from role 
2018-06-06 11:38:08.650 [http-nio-8000-exec-7] DEBUG c.qiming.qimingdata.dao.RoleMapper.selectByExample 181- ==> Parameters: 
2018-06-06 11:38:08.652 [http-nio-8000-exec-7] DEBUG c.qiming.qimingdata.dao.RoleMapper.selectByExample 181- <==      Total: 3
2018-06-06 11:38:11.655 [http-nio-8000-exec-10] DEBUG c.q.q.dao.AuthorizationsMapper.countAuthorizations 181- ==>  Preparing: SELECT count(id) from authorizations where status=0 
2018-06-06 11:38:11.656 [http-nio-8000-exec-10] DEBUG c.q.q.dao.AuthorizationsMapper.countAuthorizations 181- ==> Parameters: 
2018-06-06 11:38:11.658 [http-nio-8000-exec-10] DEBUG c.q.q.dao.AuthorizationsMapper.countAuthorizations 181- <==      Total: 1
2018-06-06 11:38:11.660 [http-nio-8000-exec-10] DEBUG c.q.qimingdata.dao.AuthorizationsMapper.selectAll 181- ==>  Preparing: select id, parent_tr_id, authorization_name, description, gmt_create, gmt_modified, status, creater from authorizations where status=0 
2018-06-06 11:38:11.661 [http-nio-8000-exec-10] DEBUG c.q.qimingdata.dao.AuthorizationsMapper.selectAll 181- ==> Parameters: 
2018-06-06 11:38:11.664 [http-nio-8000-exec-10] DEBUG c.q.qimingdata.dao.AuthorizationsMapper.selectAll 181- <==      Total: 16
2018-06-06 11:38:21.251 [http-nio-8000-exec-8] DEBUG c.q.q.dao.SysMenuMapper.getSysMenuInfoByPid 181- ==>  Preparing: SELECT id, menu_name, user_role_id, gmt_time, status, gmt_modified, parent_id, url FROM sysmenu where parent_id!=? order by id 
2018-06-06 11:38:21.252 [http-nio-8000-exec-8] DEBUG c.q.q.dao.SysMenuMapper.getSysMenuInfoByPid 181- ==> Parameters: 0(Integer)
2018-06-06 11:38:21.257 [http-nio-8000-exec-8] DEBUG c.q.q.dao.SysMenuMapper.getSysMenuInfoByPid 181- <==      Total: 7
2018-06-06 11:38:25.434 [http-nio-8000-exec-3] DEBUG c.q.q.dao.AuthorizationsMapper.selectByPrimaryKey 181- ==>  Preparing: select id, parent_tr_id, authorization_name, description, gmt_create, gmt_modified, status, creater from authorizations where id = ? 
2018-06-06 11:38:25.436 [http-nio-8000-exec-3] DEBUG c.q.q.dao.AuthorizationsMapper.selectByPrimaryKey 181- ==> Parameters: 1(Integer)
2018-06-06 11:38:25.439 [http-nio-8000-exec-3] DEBUG c.q.q.dao.AuthorizationsMapper.selectByPrimaryKey 181- <==      Total: 1
2018-06-06 11:38:32.070 [http-nio-8000-exec-9] DEBUG c.q.q.dao.userRolesMapper.queryForUserRoles 181- ==>  Preparing: SELECT u.id id, u.user_id userId ,u.role_id roleId,u.gmt_time gmtTime,u.gmt_modify gmtModify,u.status status, m.login_phone loginPhone,m.login_email loginEmail,r.role_name roleName from user_role u LEFT JOIN member_user m on u.user_id=m.id LEFT JOIN role r on u.role_id=r.id where m.status=0 and r.status=0 order by u.id 
2018-06-06 11:38:32.071 [http-nio-8000-exec-9] DEBUG c.q.q.dao.userRolesMapper.queryForUserRoles 181- ==> Parameters: 
2018-06-06 11:38:32.074 [http-nio-8000-exec-9] DEBUG c.q.q.dao.userRolesMapper.queryForUserRoles 181- <==      Total: 2
2018-06-06 11:38:33.370 [http-nio-8000-exec-6] DEBUG c.q.q.dao.userRolesMapper.queryForUserRoles 181- ==>  Preparing: SELECT u.id id, u.user_id userId ,u.role_id roleId,u.gmt_time gmtTime,u.gmt_modify gmtModify,u.status status, m.login_phone loginPhone,m.login_email loginEmail,r.role_name roleName from user_role u LEFT JOIN member_user m on u.user_id=m.id LEFT JOIN role r on u.role_id=r.id where m.status=0 and r.status=0 and u.user_id=? order by u.id 
2018-06-06 11:38:33.371 [http-nio-8000-exec-6] DEBUG c.q.q.dao.userRolesMapper.queryForUserRoles 181- ==> Parameters: 1(Integer)
2018-06-06 11:38:33.373 [http-nio-8000-exec-6] DEBUG c.q.q.dao.userRolesMapper.queryForUserRoles 181- <==      Total: 1
2018-06-06 11:38:33.375 [http-nio-8000-exec-6] DEBUG c.q.qimingdata.dao.RoleAuthorMapper.queryForWhere 181- ==>  Preparing: select * from role_authorization r LEFT JOIN authorizations a on r.authorization_id=a.id WHERE r.role_id=? 
2018-06-06 11:38:33.376 [http-nio-8000-exec-6] DEBUG c.q.qimingdata.dao.RoleAuthorMapper.queryForWhere 181- ==> Parameters: 1(Integer)
2018-06-06 11:38:33.382 [http-nio-8000-exec-6] DEBUG c.q.qimingdata.dao.RoleAuthorMapper.queryForWhere 181- <==      Total: 16
2018-06-06 11:38:33.389 [http-nio-8000-exec-6] DEBUG c.q.qimingdata.dao.MemberUserMapper.selectBywhere 181- ==>  Preparing: select id, login_phone, login_email, login_password, gmt_create, gmt_modified, status, credentialssalt,last_login_time from member_user 
2018-06-06 11:38:33.389 [http-nio-8000-exec-6] DEBUG c.q.qimingdata.dao.MemberUserMapper.selectBywhere 181- ==> Parameters: 
2018-06-06 11:38:33.391 [http-nio-8000-exec-6] DEBUG c.q.qimingdata.dao.MemberUserMapper.selectBywhere 181- <==      Total: 2
2018-06-06 11:38:36.760 [http-nio-8000-exec-2] DEBUG c.qiming.qimingdata.dao.RoleMapper.selectByExample 181- ==>  Preparing: select id, role_name, description, status, gmt_create, gmt_modified, parent_tr_id, creater from role WHERE ( status = ? ) 
2018-06-06 11:38:36.761 [http-nio-8000-exec-2] DEBUG c.qiming.qimingdata.dao.RoleMapper.selectByExample 181- ==> Parameters: 0(Integer)
2018-06-06 11:38:36.763 [http-nio-8000-exec-2] DEBUG c.qiming.qimingdata.dao.RoleMapper.selectByExample 181- <==      Total: 3
2018-06-06 11:38:42.148 [http-nio-8000-exec-7] DEBUG c.qiming.qimingdata.dao.RoleMapper.selectByExample 181- ==>  Preparing: select id, role_name, description, status, gmt_create, gmt_modified, parent_tr_id, creater from role WHERE ( id = ? ) 
2018-06-06 11:38:42.149 [http-nio-8000-exec-7] DEBUG c.qiming.qimingdata.dao.RoleMapper.selectByExample 181- ==> Parameters: 3(Integer)
2018-06-06 11:38:42.152 [http-nio-8000-exec-7] DEBUG c.qiming.qimingdata.dao.RoleMapper.selectByExample 181- <==      Total: 1
2018-06-06 11:38:47.650 [http-nio-8000-exec-10] DEBUG c.qiming.qimingdata.dao.RoleMapper.selectByExample 181- ==>  Preparing: select id, role_name, description, status, gmt_create, gmt_modified, parent_tr_id, creater from role WHERE ( id = ? ) 
2018-06-06 11:38:47.651 [http-nio-8000-exec-10] DEBUG c.qiming.qimingdata.dao.RoleMapper.selectByExample 181- ==> Parameters: 3(Integer)
2018-06-06 11:38:47.654 [http-nio-8000-exec-10] DEBUG c.qiming.qimingdata.dao.RoleMapper.selectByExample 181- <==      Total: 1
2018-06-06 11:38:47.655 [http-nio-8000-exec-10] DEBUG c.q.qimingdata.dao.SysMenuMapper.getAllSysMenuInfo 181- ==>  Preparing: select s.id flevelid, s.menu_name menuName,s.image syImage,p.url url1 ,p.menu_name pMenuName,p.id slevelid ,ah.authorization_name authorizationName,ah.id aid FROM sysmenu s INNER JOIN sysmenu p on s.id=p.parent_id left JOIN role_sysmenu r on p.id=r.menu_id left join authorizations ah on ah.parent_tr_id=p.id 
2018-06-06 11:38:47.656 [http-nio-8000-exec-10] DEBUG c.q.qimingdata.dao.SysMenuMapper.getAllSysMenuInfo 181- ==> Parameters: 
2018-06-06 11:38:47.669 [http-nio-8000-exec-10] DEBUG c.q.qimingdata.dao.SysMenuMapper.getAllSysMenuInfo 181- <==      Total: 39
