2018-06-15 09:49:32.598 [http-nio-8000-exec-1] DEBUG c.qiming.qimingdata.dao.RoleMapper.selectByExample 181- ==>  Preparing: select id, role_name, description, status, gmt_create, gmt_modified, parent_tr_id, creater from role 
2018-06-15 09:49:32.607 [http-nio-8000-exec-1] DEBUG c.qiming.qimingdata.dao.RoleMapper.selectByExample 181- ==> Parameters: 
2018-06-15 09:49:32.617 [http-nio-8000-exec-1] DEBUG c.qiming.qimingdata.dao.RoleMapper.selectByExample 181- <==      Total: 3
2018-06-15 09:49:36.466 [http-nio-8000-exec-10] DEBUG c.qiming.qimingdata.dao.RoleMapper.selectByExample 181- ==>  Preparing: select id, role_name, description, status, gmt_create, gmt_modified, parent_tr_id, creater from role 
2018-06-15 09:49:36.468 [http-nio-8000-exec-10] DEBUG c.qiming.qimingdata.dao.RoleMapper.selectByExample 181- ==> Parameters: 
2018-06-15 09:49:36.472 [http-nio-8000-exec-10] DEBUG c.qiming.qimingdata.dao.RoleMapper.selectByExample 181- <==      Total: 3
2018-06-15 09:49:46.844 [http-nio-8000-exec-10] DEBUG c.q.qimingdata.dao.MemberUserMapper.selectByName 181- ==>  Preparing: select id, login_phone, login_email, login_password, gmt_create, gmt_modified, status, credentialssalt,last_login_time from member_user where login_phone=? 
2018-06-15 09:49:46.844 [http-nio-8000-exec-10] DEBUG c.q.qimingdata.dao.MemberUserMapper.selectByName 181- ==> Parameters: 15938742931(String)
2018-06-15 09:49:46.847 [http-nio-8000-exec-10] DEBUG c.q.qimingdata.dao.MemberUserMapper.selectByName 181- <==      Total: 1
2018-06-15 09:49:46.863 [http-nio-8000-exec-10] DEBUG c.q.qimingdata.dao.MemberUserMapper.updateById 181- ==>  Preparing: UPDATE member_user SET id = ? , credentialssalt=? , last_login_time=? where id=? 
2018-06-15 09:49:46.864 [http-nio-8000-exec-10] DEBUG c.q.qimingdata.dao.MemberUserMapper.updateById 181- ==> Parameters: 1(Integer), MTU5Mzg3NDI5MzE=(String), 2018-06-15 09:49:46(String), 1(Integer)
2018-06-15 09:49:46.866 [http-nio-8000-exec-10] DEBUG c.q.qimingdata.dao.MemberUserMapper.updateById 181- <==    Updates: 1
2018-06-15 09:49:50.924 [http-nio-8000-exec-5] DEBUG c.q.qimingdata.dao.MemberUserMapper.selectByName 181- ==>  Preparing: select id, login_phone, login_email, login_password, gmt_create, gmt_modified, status, credentialssalt,last_login_time from member_user where login_phone=? 
2018-06-15 09:49:50.926 [http-nio-8000-exec-5] DEBUG c.q.qimingdata.dao.MemberUserMapper.selectByName 181- ==> Parameters: 15938742931(String)
2018-06-15 09:49:50.930 [http-nio-8000-exec-5] DEBUG c.q.qimingdata.dao.MemberUserMapper.selectByName 181- <==      Total: 1
2018-06-15 09:49:50.931 [http-nio-8000-exec-5] DEBUG c.q.qimingdata.dao.MemberUserMapper.updateById 181- ==>  Preparing: UPDATE member_user SET id = ? , credentialssalt=? , last_login_time=? where id=? 
2018-06-15 09:49:50.933 [http-nio-8000-exec-5] DEBUG c.q.qimingdata.dao.MemberUserMapper.updateById 181- ==> Parameters: 1(Integer), MTU5Mzg3NDI5MzE=(String), 2018-06-15 09:49:50(String), 1(Integer)
2018-06-15 09:49:50.938 [http-nio-8000-exec-5] DEBUG c.q.qimingdata.dao.MemberUserMapper.updateById 181- <==    Updates: 1
2018-06-15 09:49:50.959 [http-nio-8000-exec-3] DEBUG c.q.qimingdata.dao.MemberUserMapper.selectByName 181- ==>  Preparing: select id, login_phone, login_email, login_password, gmt_create, gmt_modified, status, credentialssalt,last_login_time from member_user where login_phone=? 
2018-06-15 09:49:50.960 [http-nio-8000-exec-3] DEBUG c.q.qimingdata.dao.MemberUserMapper.selectByName 181- ==> Parameters: 15938742931(String)
2018-06-15 09:49:50.961 [http-nio-8000-exec-3] DEBUG c.q.qimingdata.dao.MemberUserMapper.selectByName 181- <==      Total: 1
2018-06-15 09:49:50.977 [http-nio-8000-exec-3] DEBUG c.q.qimingdata.dao.userRolesMapper.selectByExample 181- ==>  Preparing: select id, user_id, role_id, gmt_time, gmt_modify, status, menuid from user_role WHERE ( user_id = ? ) 
2018-06-15 09:49:50.977 [http-nio-8000-exec-3] DEBUG c.q.qimingdata.dao.userRolesMapper.selectByExample 181- ==> Parameters: 1(Integer)
2018-06-15 09:49:50.980 [http-nio-8000-exec-3] DEBUG c.q.qimingdata.dao.userRolesMapper.selectByExample 181- <==      Total: 1
2018-06-15 09:49:50.982 [http-nio-8000-exec-3] DEBUG c.q.qimingdata.dao.SysMenuMapper.getSysMenuInfo 181- ==>  Preparing: select s.menu_name menuName,s.image syImage,p.url url1 ,p.menu_name pMenuName,ah.authorization_name authorizationName FROM sysmenu s INNER JOIN sysmenu p on s.id=p.parent_id left JOIN role_sysmenu r on p.id=r.menu_id left join authorizations ah on ah.parent_tr_id=p.id where r.roleid=? 
2018-06-15 09:49:50.982 [http-nio-8000-exec-3] DEBUG c.q.qimingdata.dao.SysMenuMapper.getSysMenuInfo 181- ==> Parameters: 1(Integer)
2018-06-15 09:49:50.992 [http-nio-8000-exec-3] DEBUG c.q.qimingdata.dao.SysMenuMapper.getSysMenuInfo 181- <==      Total: 22
2018-06-15 09:51:16.741 [http-nio-8000-exec-1] DEBUG c.q.qimingdata.dao.MemberUserMapper.selectByName 181- ==>  Preparing: select id, login_phone, login_email, login_password, gmt_create, gmt_modified, status, credentialssalt,last_login_time from member_user where login_phone=? 
2018-06-15 09:51:16.751 [http-nio-8000-exec-1] DEBUG c.q.qimingdata.dao.MemberUserMapper.selectByName 181- ==> Parameters: 15938742931(String)
2018-06-15 09:51:16.758 [http-nio-8000-exec-1] DEBUG c.q.qimingdata.dao.MemberUserMapper.selectByName 181- <==      Total: 1
2018-06-15 09:51:16.772 [http-nio-8000-exec-1] DEBUG c.q.qimingdata.dao.MemberUserMapper.updateById 181- ==>  Preparing: UPDATE member_user SET id = ? , credentialssalt=? , last_login_time=? where id=? 
2018-06-15 09:51:16.772 [http-nio-8000-exec-1] DEBUG c.q.qimingdata.dao.MemberUserMapper.updateById 181- ==> Parameters: 1(Integer), MTU5Mzg3NDI5MzE=(String), 2018-06-15 09:51:16(String), 1(Integer)
2018-06-15 09:51:16.775 [http-nio-8000-exec-1] DEBUG c.q.qimingdata.dao.MemberUserMapper.updateById 181- <==    Updates: 1
2018-06-15 09:51:16.817 [http-nio-8000-exec-2] DEBUG c.q.qimingdata.dao.MemberUserMapper.selectByName 181- ==>  Preparing: select id, login_phone, login_email, login_password, gmt_create, gmt_modified, status, credentialssalt,last_login_time from member_user where login_phone=? 
2018-06-15 09:51:16.818 [http-nio-8000-exec-2] DEBUG c.q.qimingdata.dao.MemberUserMapper.selectByName 181- ==> Parameters: 15938742931(String)
2018-06-15 09:51:16.820 [http-nio-8000-exec-2] DEBUG c.q.qimingdata.dao.MemberUserMapper.selectByName 181- <==      Total: 1
2018-06-15 09:51:16.831 [http-nio-8000-exec-2] DEBUG c.q.qimingdata.dao.userRolesMapper.selectByExample 181- ==>  Preparing: select id, user_id, role_id, gmt_time, gmt_modify, status, menuid from user_role WHERE ( user_id = ? ) 
2018-06-15 09:51:16.831 [http-nio-8000-exec-2] DEBUG c.q.qimingdata.dao.userRolesMapper.selectByExample 181- ==> Parameters: 1(Integer)
2018-06-15 09:51:16.832 [http-nio-8000-exec-2] DEBUG c.q.qimingdata.dao.userRolesMapper.selectByExample 181- <==      Total: 1
2018-06-15 09:51:16.833 [http-nio-8000-exec-2] DEBUG c.q.qimingdata.dao.SysMenuMapper.getSysMenuInfo 181- ==>  Preparing: select s.menu_name menuName,s.image syImage,p.url url1 ,p.menu_name pMenuName,ah.authorization_name authorizationName FROM sysmenu s INNER JOIN sysmenu p on s.id=p.parent_id left JOIN role_sysmenu r on p.id=r.menu_id left join authorizations ah on ah.parent_tr_id=p.id where r.roleid=? 
2018-06-15 09:51:16.833 [http-nio-8000-exec-2] DEBUG c.q.qimingdata.dao.SysMenuMapper.getSysMenuInfo 181- ==> Parameters: 1(Integer)
2018-06-15 09:51:16.838 [http-nio-8000-exec-2] DEBUG c.q.qimingdata.dao.SysMenuMapper.getSysMenuInfo 181- <==      Total: 22
2018-06-15 10:25:51.322 [http-nio-8000-exec-6] DEBUG c.q.qimingdata.dao.MemberUserMapper.selectByName 181- ==>  Preparing: select id, login_phone, login_email, login_password, gmt_create, gmt_modified, status, credentialssalt,last_login_time from member_user where login_phone=? 
2018-06-15 10:25:51.330 [http-nio-8000-exec-6] DEBUG c.q.qimingdata.dao.MemberUserMapper.selectByName 181- ==> Parameters: 15938742931(String)
2018-06-15 10:25:51.337 [http-nio-8000-exec-6] DEBUG c.q.qimingdata.dao.MemberUserMapper.selectByName 181- <==      Total: 1
2018-06-15 10:25:51.351 [http-nio-8000-exec-6] DEBUG c.q.qimingdata.dao.MemberUserMapper.updateById 181- ==>  Preparing: UPDATE member_user SET id = ? , credentialssalt=? , last_login_time=? where id=? 
2018-06-15 10:25:51.351 [http-nio-8000-exec-6] DEBUG c.q.qimingdata.dao.MemberUserMapper.updateById 181- ==> Parameters: 1(Integer), MTU5Mzg3NDI5MzE=(String), 2018-06-15 10:25:51(String), 1(Integer)
2018-06-15 10:25:51.374 [http-nio-8000-exec-6] DEBUG c.q.qimingdata.dao.MemberUserMapper.updateById 181- <==    Updates: 1
2018-06-15 10:25:55.532 [http-nio-8000-exec-3] DEBUG c.q.qimingdata.dao.MemberUserMapper.selectByName 181- ==>  Preparing: select id, login_phone, login_email, login_password, gmt_create, gmt_modified, status, credentialssalt,last_login_time from member_user where login_phone=? 
2018-06-15 10:25:55.534 [http-nio-8000-exec-3] DEBUG c.q.qimingdata.dao.MemberUserMapper.selectByName 181- ==> Parameters: 15938742931(String)
2018-06-15 10:25:55.539 [http-nio-8000-exec-3] DEBUG c.q.qimingdata.dao.MemberUserMapper.selectByName 181- <==      Total: 1
2018-06-15 10:25:55.541 [http-nio-8000-exec-3] DEBUG c.q.qimingdata.dao.MemberUserMapper.updateById 181- ==>  Preparing: UPDATE member_user SET id = ? , credentialssalt=? , last_login_time=? where id=? 
2018-06-15 10:25:55.543 [http-nio-8000-exec-3] DEBUG c.q.qimingdata.dao.MemberUserMapper.updateById 181- ==> Parameters: 1(Integer), MTU5Mzg3NDI5MzE=(String), 2018-06-15 10:25:55(String), 1(Integer)
2018-06-15 10:25:55.605 [http-nio-8000-exec-3] DEBUG c.q.qimingdata.dao.MemberUserMapper.updateById 181- <==    Updates: 1
2018-06-15 10:25:55.637 [http-nio-8000-exec-4] DEBUG c.q.qimingdata.dao.MemberUserMapper.selectByName 181- ==>  Preparing: select id, login_phone, login_email, login_password, gmt_create, gmt_modified, status, credentialssalt,last_login_time from member_user where login_phone=? 
2018-06-15 10:25:55.638 [http-nio-8000-exec-4] DEBUG c.q.qimingdata.dao.MemberUserMapper.selectByName 181- ==> Parameters: 15938742931(String)
2018-06-15 10:25:55.640 [http-nio-8000-exec-4] DEBUG c.q.qimingdata.dao.MemberUserMapper.selectByName 181- <==      Total: 1
2018-06-15 10:25:55.659 [http-nio-8000-exec-4] DEBUG c.q.qimingdata.dao.userRolesMapper.selectByExample 181- ==>  Preparing: select id, user_id, role_id, gmt_time, gmt_modify, status, menuid from user_role WHERE ( user_id = ? ) 
2018-06-15 10:25:55.659 [http-nio-8000-exec-4] DEBUG c.q.qimingdata.dao.userRolesMapper.selectByExample 181- ==> Parameters: 1(Integer)
2018-06-15 10:25:55.661 [http-nio-8000-exec-4] DEBUG c.q.qimingdata.dao.userRolesMapper.selectByExample 181- <==      Total: 1
2018-06-15 10:25:55.662 [http-nio-8000-exec-4] DEBUG c.q.qimingdata.dao.SysMenuMapper.getSysMenuInfo 181- ==>  Preparing: select s.menu_name menuName,s.image syImage,p.url url1 ,p.menu_name pMenuName,ah.authorization_name authorizationName FROM sysmenu s INNER JOIN sysmenu p on s.id=p.parent_id left JOIN role_sysmenu r on p.id=r.menu_id left join authorizations ah on ah.parent_tr_id=p.id where r.roleid=? 
2018-06-15 10:25:55.663 [http-nio-8000-exec-4] DEBUG c.q.qimingdata.dao.SysMenuMapper.getSysMenuInfo 181- ==> Parameters: 1(Integer)
2018-06-15 10:25:55.669 [http-nio-8000-exec-4] DEBUG c.q.qimingdata.dao.SysMenuMapper.getSysMenuInfo 181- <==      Total: 22
2018-06-15 10:29:56.173 [http-nio-8000-exec-1] DEBUG c.q.qimingdata.dao.MemberUserMapper.selectByName 181- ==>  Preparing: select id, login_phone, login_email, login_password, gmt_create, gmt_modified, status, credentialssalt,last_login_time from member_user where login_phone=? 
2018-06-15 10:29:56.181 [http-nio-8000-exec-1] DEBUG c.q.qimingdata.dao.MemberUserMapper.selectByName 181- ==> Parameters: 15938742931(String)
2018-06-15 10:29:56.188 [http-nio-8000-exec-1] DEBUG c.q.qimingdata.dao.MemberUserMapper.selectByName 181- <==      Total: 1
2018-06-15 10:29:56.201 [http-nio-8000-exec-1] DEBUG c.q.qimingdata.dao.MemberUserMapper.updateById 181- ==>  Preparing: UPDATE member_user SET id = ? , credentialssalt=? , last_login_time=? where id=? 
2018-06-15 10:29:56.202 [http-nio-8000-exec-1] DEBUG c.q.qimingdata.dao.MemberUserMapper.updateById 181- ==> Parameters: 1(Integer), MTU5Mzg3NDI5MzE=(String), 2018-06-15 10:29:56(String), 1(Integer)
2018-06-15 10:29:56.204 [http-nio-8000-exec-1] DEBUG c.q.qimingdata.dao.MemberUserMapper.updateById 181- <==    Updates: 1
2018-06-15 10:30:00.371 [http-nio-8000-exec-2] DEBUG c.q.qimingdata.dao.MemberUserMapper.selectByName 181- ==>  Preparing: select id, login_phone, login_email, login_password, gmt_create, gmt_modified, status, credentialssalt,last_login_time from member_user where login_phone=? 
2018-06-15 10:30:00.374 [http-nio-8000-exec-2] DEBUG c.q.qimingdata.dao.MemberUserMapper.selectByName 181- ==> Parameters: 15938742931(String)
2018-06-15 10:30:00.378 [http-nio-8000-exec-2] DEBUG c.q.qimingdata.dao.MemberUserMapper.selectByName 181- <==      Total: 1
2018-06-15 10:30:00.379 [http-nio-8000-exec-2] DEBUG c.q.qimingdata.dao.MemberUserMapper.updateById 181- ==>  Preparing: UPDATE member_user SET id = ? , credentialssalt=? , last_login_time=? where id=? 
2018-06-15 10:30:00.380 [http-nio-8000-exec-2] DEBUG c.q.qimingdata.dao.MemberUserMapper.updateById 181- ==> Parameters: 1(Integer), MTU5Mzg3NDI5MzE=(String), 2018-06-15 10:30:00(String), 1(Integer)
2018-06-15 10:30:00.382 [http-nio-8000-exec-2] DEBUG c.q.qimingdata.dao.MemberUserMapper.updateById 181- <==    Updates: 1
2018-06-15 10:30:00.398 [http-nio-8000-exec-4] DEBUG c.q.qimingdata.dao.MemberUserMapper.selectByName 181- ==>  Preparing: select id, login_phone, login_email, login_password, gmt_create, gmt_modified, status, credentialssalt,last_login_time from member_user where login_phone=? 
2018-06-15 10:30:00.399 [http-nio-8000-exec-4] DEBUG c.q.qimingdata.dao.MemberUserMapper.selectByName 181- ==> Parameters: 15938742931(String)
2018-06-15 10:30:00.400 [http-nio-8000-exec-4] DEBUG c.q.qimingdata.dao.MemberUserMapper.selectByName 181- <==      Total: 1
2018-06-15 10:30:00.418 [http-nio-8000-exec-4] DEBUG c.q.qimingdata.dao.userRolesMapper.selectByExample 181- ==>  Preparing: select id, user_id, role_id, gmt_time, gmt_modify, status, menuid from user_role WHERE ( user_id = ? ) 
2018-06-15 10:30:00.419 [http-nio-8000-exec-4] DEBUG c.q.qimingdata.dao.userRolesMapper.selectByExample 181- ==> Parameters: 1(Integer)
2018-06-15 10:30:00.421 [http-nio-8000-exec-4] DEBUG c.q.qimingdata.dao.userRolesMapper.selectByExample 181- <==      Total: 1
2018-06-15 10:30:00.423 [http-nio-8000-exec-4] DEBUG c.q.qimingdata.dao.SysMenuMapper.getSysMenuInfo 181- ==>  Preparing: select s.menu_name menuName,s.image syImage,p.url url1 ,p.menu_name pMenuName,ah.authorization_name authorizationName FROM sysmenu s INNER JOIN sysmenu p on s.id=p.parent_id left JOIN role_sysmenu r on p.id=r.menu_id left join authorizations ah on ah.parent_tr_id=p.id where r.roleid=? 
2018-06-15 10:30:00.424 [http-nio-8000-exec-4] DEBUG c.q.qimingdata.dao.SysMenuMapper.getSysMenuInfo 181- ==> Parameters: 1(Integer)
2018-06-15 10:30:00.432 [http-nio-8000-exec-4] DEBUG c.q.qimingdata.dao.SysMenuMapper.getSysMenuInfo 181- <==      Total: 22
2018-06-15 10:41:37.076 [http-nio-8000-exec-6] DEBUG c.q.qimingdata.dao.MemberUserMapper.selectByName 181- ==>  Preparing: select id, login_phone, login_email, login_password, gmt_create, gmt_modified, status, credentialssalt,last_login_time from member_user where login_phone=? 
2018-06-15 10:41:37.084 [http-nio-8000-exec-6] DEBUG c.q.qimingdata.dao.MemberUserMapper.selectByName 181- ==> Parameters: 15938742931(String)
2018-06-15 10:41:37.091 [http-nio-8000-exec-6] DEBUG c.q.qimingdata.dao.MemberUserMapper.selectByName 181- <==      Total: 1
2018-06-15 10:41:37.105 [http-nio-8000-exec-6] DEBUG c.q.qimingdata.dao.MemberUserMapper.updateById 181- ==>  Preparing: UPDATE member_user SET id = ? , credentialssalt=? , last_login_time=? where id=? 
2018-06-15 10:41:37.106 [http-nio-8000-exec-6] DEBUG c.q.qimingdata.dao.MemberUserMapper.updateById 181- ==> Parameters: 1(Integer), MTU5Mzg3NDI5MzE=(String), 2018-06-15 10:41:37(String), 1(Integer)
2018-06-15 10:41:37.108 [http-nio-8000-exec-6] DEBUG c.q.qimingdata.dao.MemberUserMapper.updateById 181- <==    Updates: 1
2018-06-15 10:41:41.506 [http-nio-8000-exec-3] DEBUG c.q.qimingdata.dao.MemberUserMapper.selectByName 181- ==>  Preparing: select id, login_phone, login_email, login_password, gmt_create, gmt_modified, status, credentialssalt,last_login_time from member_user where login_phone=? 
2018-06-15 10:41:41.507 [http-nio-8000-exec-3] DEBUG c.q.qimingdata.dao.MemberUserMapper.selectByName 181- ==> Parameters: 15938742931(String)
2018-06-15 10:41:41.510 [http-nio-8000-exec-3] DEBUG c.q.qimingdata.dao.MemberUserMapper.selectByName 181- <==      Total: 1
2018-06-15 10:41:41.511 [http-nio-8000-exec-3] DEBUG c.q.qimingdata.dao.MemberUserMapper.updateById 181- ==>  Preparing: UPDATE member_user SET id = ? , credentialssalt=? , last_login_time=? where id=? 
2018-06-15 10:41:41.511 [http-nio-8000-exec-3] DEBUG c.q.qimingdata.dao.MemberUserMapper.updateById 181- ==> Parameters: 1(Integer), MTU5Mzg3NDI5MzE=(String), 2018-06-15 10:41:41(String), 1(Integer)
2018-06-15 10:41:41.514 [http-nio-8000-exec-3] DEBUG c.q.qimingdata.dao.MemberUserMapper.updateById 181- <==    Updates: 1
2018-06-15 10:41:41.528 [http-nio-8000-exec-4] DEBUG c.q.qimingdata.dao.MemberUserMapper.selectByName 181- ==>  Preparing: select id, login_phone, login_email, login_password, gmt_create, gmt_modified, status, credentialssalt,last_login_time from member_user where login_phone=? 
2018-06-15 10:41:41.529 [http-nio-8000-exec-4] DEBUG c.q.qimingdata.dao.MemberUserMapper.selectByName 181- ==> Parameters: 15938742931(String)
2018-06-15 10:41:41.531 [http-nio-8000-exec-4] DEBUG c.q.qimingdata.dao.MemberUserMapper.selectByName 181- <==      Total: 1
2018-06-15 10:41:41.543 [http-nio-8000-exec-4] DEBUG c.q.qimingdata.dao.userRolesMapper.selectByExample 181- ==>  Preparing: select id, user_id, role_id, gmt_time, gmt_modify, status, menuid from user_role WHERE ( user_id = ? ) 
2018-06-15 10:41:41.544 [http-nio-8000-exec-4] DEBUG c.q.qimingdata.dao.userRolesMapper.selectByExample 181- ==> Parameters: 1(Integer)
2018-06-15 10:41:41.545 [http-nio-8000-exec-4] DEBUG c.q.qimingdata.dao.userRolesMapper.selectByExample 181- <==      Total: 1
2018-06-15 10:41:41.546 [http-nio-8000-exec-4] DEBUG c.q.qimingdata.dao.SysMenuMapper.getSysMenuInfo 181- ==>  Preparing: select s.menu_name menuName,s.image syImage,p.url url1 ,p.menu_name pMenuName,ah.authorization_name authorizationName FROM sysmenu s INNER JOIN sysmenu p on s.id=p.parent_id left JOIN role_sysmenu r on p.id=r.menu_id left join authorizations ah on ah.parent_tr_id=p.id where r.roleid=? 
2018-06-15 10:41:41.546 [http-nio-8000-exec-4] DEBUG c.q.qimingdata.dao.SysMenuMapper.getSysMenuInfo 181- ==> Parameters: 1(Integer)
2018-06-15 10:41:41.551 [http-nio-8000-exec-4] DEBUG c.q.qimingdata.dao.SysMenuMapper.getSysMenuInfo 181- <==      Total: 22
2018-06-15 10:51:05.614 [http-nio-8000-exec-6] DEBUG c.q.qimingdata.dao.MemberUserMapper.selectByName 181- ==>  Preparing: select id, login_phone, login_email, login_password, gmt_create, gmt_modified, status, credentialssalt,last_login_time from member_user where login_phone=? 
2018-06-15 10:51:05.623 [http-nio-8000-exec-6] DEBUG c.q.qimingdata.dao.MemberUserMapper.selectByName 181- ==> Parameters: 15938742931(String)
2018-06-15 10:51:05.630 [http-nio-8000-exec-6] DEBUG c.q.qimingdata.dao.MemberUserMapper.selectByName 181- <==      Total: 1
2018-06-15 10:51:05.668 [http-nio-8000-exec-6] DEBUG c.q.qimingdata.dao.MemberUserMapper.updateById 181- ==>  Preparing: UPDATE member_user SET id = ? , credentialssalt=? , last_login_time=? where id=? 
2018-06-15 10:51:05.669 [http-nio-8000-exec-6] DEBUG c.q.qimingdata.dao.MemberUserMapper.updateById 181- ==> Parameters: 1(Integer), MTU5Mzg3NDI5MzE=(String), 2018-06-15 10:51:05(String), 1(Integer)
2018-06-15 10:51:05.671 [http-nio-8000-exec-6] DEBUG c.q.qimingdata.dao.MemberUserMapper.updateById 181- <==    Updates: 1
2018-06-15 10:51:10.133 [http-nio-8000-exec-8] DEBUG c.q.qimingdata.dao.MemberUserMapper.selectByName 181- ==>  Preparing: select id, login_phone, login_email, login_password, gmt_create, gmt_modified, status, credentialssalt,last_login_time from member_user where login_phone=? 
2018-06-15 10:51:10.134 [http-nio-8000-exec-8] DEBUG c.q.qimingdata.dao.MemberUserMapper.selectByName 181- ==> Parameters: 15938742931(String)
2018-06-15 10:51:10.136 [http-nio-8000-exec-8] DEBUG c.q.qimingdata.dao.MemberUserMapper.selectByName 181- <==      Total: 1
2018-06-15 10:51:10.137 [http-nio-8000-exec-8] DEBUG c.q.qimingdata.dao.MemberUserMapper.updateById 181- ==>  Preparing: UPDATE member_user SET id = ? , credentialssalt=? , last_login_time=? where id=? 
2018-06-15 10:51:10.137 [http-nio-8000-exec-8] DEBUG c.q.qimingdata.dao.MemberUserMapper.updateById 181- ==> Parameters: 1(Integer), MTU5Mzg3NDI5MzE=(String), 2018-06-15 10:51:10(String), 1(Integer)
2018-06-15 10:51:10.139 [http-nio-8000-exec-8] DEBUG c.q.qimingdata.dao.MemberUserMapper.updateById 181- <==    Updates: 1
2018-06-15 10:51:10.148 [http-nio-8000-exec-9] DEBUG c.q.qimingdata.dao.MemberUserMapper.selectByName 181- ==>  Preparing: select id, login_phone, login_email, login_password, gmt_create, gmt_modified, status, credentialssalt,last_login_time from member_user where login_phone=? 
2018-06-15 10:51:10.148 [http-nio-8000-exec-9] DEBUG c.q.qimingdata.dao.MemberUserMapper.selectByName 181- ==> Parameters: 15938742931(String)
2018-06-15 10:51:10.149 [http-nio-8000-exec-9] DEBUG c.q.qimingdata.dao.MemberUserMapper.selectByName 181- <==      Total: 1
2018-06-15 10:51:10.158 [http-nio-8000-exec-9] DEBUG c.q.qimingdata.dao.userRolesMapper.selectByExample 181- ==>  Preparing: select id, user_id, role_id, gmt_time, gmt_modify, status, menuid from user_role WHERE ( user_id = ? ) 
2018-06-15 10:51:10.159 [http-nio-8000-exec-9] DEBUG c.q.qimingdata.dao.userRolesMapper.selectByExample 181- ==> Parameters: 1(Integer)
2018-06-15 10:51:10.160 [http-nio-8000-exec-9] DEBUG c.q.qimingdata.dao.userRolesMapper.selectByExample 181- <==      Total: 1
2018-06-15 10:51:10.161 [http-nio-8000-exec-9] DEBUG c.q.qimingdata.dao.SysMenuMapper.getSysMenuInfo 181- ==>  Preparing: select s.menu_name menuName,s.image syImage,p.url url1 ,p.menu_name pMenuName,ah.authorization_name authorizationName FROM sysmenu s INNER JOIN sysmenu p on s.id=p.parent_id left JOIN role_sysmenu r on p.id=r.menu_id left join authorizations ah on ah.parent_tr_id=p.id where r.roleid=? 
2018-06-15 10:51:10.161 [http-nio-8000-exec-9] DEBUG c.q.qimingdata.dao.SysMenuMapper.getSysMenuInfo 181- ==> Parameters: 1(Integer)
2018-06-15 10:51:10.166 [http-nio-8000-exec-9] DEBUG c.q.qimingdata.dao.SysMenuMapper.getSysMenuInfo 181- <==      Total: 22
2018-06-15 10:51:36.523 [http-nio-8000-exec-3] DEBUG c.q.q.dao.userRolesMapper.queryForUserRoles 181- ==>  Preparing: SELECT u.id id, u.user_id userId ,u.role_id roleId,u.gmt_time gmtTime,u.gmt_modify gmtModify,u.status status, m.login_phone loginPhone,m.login_email loginEmail,r.role_name roleName from user_role u LEFT JOIN member_user m on u.user_id=m.id LEFT JOIN role r on u.role_id=r.id where m.status=0 and r.status=0 and u.user_id=? order by u.id 
2018-06-15 10:51:36.525 [http-nio-8000-exec-3] DEBUG c.q.q.dao.userRolesMapper.queryForUserRoles 181- ==> Parameters: 1(Integer)
2018-06-15 10:51:36.528 [http-nio-8000-exec-3] DEBUG c.q.q.dao.userRolesMapper.queryForUserRoles 181- <==      Total: 1
2018-06-15 10:51:36.531 [http-nio-8000-exec-3] DEBUG c.q.qimingdata.dao.RoleAuthorMapper.queryForWhere 181- ==>  Preparing: select * from role_authorization r LEFT JOIN authorizations a on r.authorization_id=a.id WHERE r.role_id=? 
2018-06-15 10:51:36.532 [http-nio-8000-exec-3] DEBUG c.q.qimingdata.dao.RoleAuthorMapper.queryForWhere 181- ==> Parameters: 1(Integer)
2018-06-15 10:51:36.542 [http-nio-8000-exec-3] DEBUG c.q.qimingdata.dao.RoleAuthorMapper.queryForWhere 181- <==      Total: 18
2018-06-15 10:51:36.550 [http-nio-8000-exec-3] DEBUG c.q.q.d.J.getJobAndTriggerDetails 181- ==>  Preparing: SELECT qrtz_job_details.JOB_NAME, qrtz_job_details.JOB_GROUP, qrtz_job_details.JOB_CLASS_NAME, qrtz_triggers.TRIGGER_NAME, qrtz_triggers.TRIGGER_GROUP, qrtz_cron_triggers.CRON_EXPRESSION, qrtz_cron_triggers.TIME_ZONE_ID FROM qrtz_job_details JOIN qrtz_triggers JOIN qrtz_cron_triggers ON qrtz_job_details.JOB_NAME = qrtz_triggers.JOB_NAME AND qrtz_triggers.TRIGGER_NAME = qrtz_cron_triggers.TRIGGER_NAME AND qrtz_triggers.TRIGGER_GROUP = qrtz_cron_triggers.TRIGGER_GROUP 
2018-06-15 10:51:36.551 [http-nio-8000-exec-3] DEBUG c.q.q.d.J.getJobAndTriggerDetails 181- ==> Parameters: 
2018-06-15 10:51:36.555 [http-nio-8000-exec-3] DEBUG c.q.q.d.J.getJobAndTriggerDetails 181- <==      Total: 1
2018-06-15 10:51:36.556 [http-nio-8000-exec-3] DEBUG c.q.q.dao.SchelduleJobMapper.queryForDetail 181- ==>  Preparing: SELECT id,jobname,jobgroup,jobstatus,auditstatus,quartzclass,cronexpression,description,gmt_modified,gmt_create FROM schedule_job 
2018-06-15 10:51:36.557 [http-nio-8000-exec-3] DEBUG c.q.q.dao.SchelduleJobMapper.queryForDetail 181- ==> Parameters: 
2018-06-15 10:51:36.560 [http-nio-8000-exec-3] DEBUG c.q.q.dao.SchelduleJobMapper.queryForDetail 181- <==      Total: 1
2018-06-15 11:01:11.057 [http-nio-8000-exec-6] DEBUG c.q.qimingdata.dao.MemberUserMapper.selectByName 181- ==>  Preparing: select id, login_phone, login_email, login_password, gmt_create, gmt_modified, status, credentialssalt,last_login_time from member_user where login_phone=? 
2018-06-15 11:01:11.066 [http-nio-8000-exec-6] DEBUG c.q.qimingdata.dao.MemberUserMapper.selectByName 181- ==> Parameters: 15938742931(String)
2018-06-15 11:01:11.073 [http-nio-8000-exec-6] DEBUG c.q.qimingdata.dao.MemberUserMapper.selectByName 181- <==      Total: 1
2018-06-15 11:01:11.087 [http-nio-8000-exec-6] DEBUG c.q.qimingdata.dao.MemberUserMapper.updateById 181- ==>  Preparing: UPDATE member_user SET id = ? , credentialssalt=? , last_login_time=? where id=? 
2018-06-15 11:01:11.087 [http-nio-8000-exec-6] DEBUG c.q.qimingdata.dao.MemberUserMapper.updateById 181- ==> Parameters: 1(Integer), MTU5Mzg3NDI5MzE=(String), 2018-06-15 11:01:11(String), 1(Integer)
2018-06-15 11:01:11.089 [http-nio-8000-exec-6] DEBUG c.q.qimingdata.dao.MemberUserMapper.updateById 181- <==    Updates: 1
2018-06-15 11:01:11.132 [http-nio-8000-exec-7] DEBUG c.q.qimingdata.dao.MemberUserMapper.selectByName 181- ==>  Preparing: select id, login_phone, login_email, login_password, gmt_create, gmt_modified, status, credentialssalt,last_login_time from member_user where login_phone=? 
2018-06-15 11:01:11.133 [http-nio-8000-exec-7] DEBUG c.q.qimingdata.dao.MemberUserMapper.selectByName 181- ==> Parameters: 15938742931(String)
2018-06-15 11:01:11.135 [http-nio-8000-exec-7] DEBUG c.q.qimingdata.dao.MemberUserMapper.selectByName 181- <==      Total: 1
2018-06-15 11:01:11.145 [http-nio-8000-exec-7] DEBUG c.q.qimingdata.dao.userRolesMapper.selectByExample 181- ==>  Preparing: select id, user_id, role_id, gmt_time, gmt_modify, status, menuid from user_role WHERE ( user_id = ? ) 
2018-06-15 11:01:11.146 [http-nio-8000-exec-7] DEBUG c.q.qimingdata.dao.userRolesMapper.selectByExample 181- ==> Parameters: 1(Integer)
2018-06-15 11:01:11.147 [http-nio-8000-exec-7] DEBUG c.q.qimingdata.dao.userRolesMapper.selectByExample 181- <==      Total: 1
2018-06-15 11:01:11.147 [http-nio-8000-exec-7] DEBUG c.q.qimingdata.dao.SysMenuMapper.getSysMenuInfo 181- ==>  Preparing: select s.menu_name menuName,s.image syImage,p.url url1 ,p.menu_name pMenuName,ah.authorization_name authorizationName FROM sysmenu s INNER JOIN sysmenu p on s.id=p.parent_id left JOIN role_sysmenu r on p.id=r.menu_id left join authorizations ah on ah.parent_tr_id=p.id where r.roleid=? 
2018-06-15 11:01:11.148 [http-nio-8000-exec-7] DEBUG c.q.qimingdata.dao.SysMenuMapper.getSysMenuInfo 181- ==> Parameters: 1(Integer)
2018-06-15 11:01:11.153 [http-nio-8000-exec-7] DEBUG c.q.qimingdata.dao.SysMenuMapper.getSysMenuInfo 181- <==      Total: 22
2018-06-15 11:05:52.824 [http-nio-8000-exec-6] DEBUG c.q.qimingdata.dao.MemberUserMapper.selectByName 181- ==>  Preparing: select id, login_phone, login_email, login_password, gmt_create, gmt_modified, status, credentialssalt,last_login_time from member_user where login_phone=? 
2018-06-15 11:05:52.834 [http-nio-8000-exec-6] DEBUG c.q.qimingdata.dao.MemberUserMapper.selectByName 181- ==> Parameters: 15938742931(String)
2018-06-15 11:05:52.843 [http-nio-8000-exec-6] DEBUG c.q.qimingdata.dao.MemberUserMapper.selectByName 181- <==      Total: 1
2018-06-15 11:05:52.858 [http-nio-8000-exec-6] DEBUG c.q.qimingdata.dao.MemberUserMapper.updateById 181- ==>  Preparing: UPDATE member_user SET id = ? , credentialssalt=? , last_login_time=? where id=? 
2018-06-15 11:05:52.859 [http-nio-8000-exec-6] DEBUG c.q.qimingdata.dao.MemberUserMapper.updateById 181- ==> Parameters: 1(Integer), MTU5Mzg3NDI5MzE=(String), 2018-06-15 11:05:52(String), 1(Integer)
2018-06-15 11:05:52.861 [http-nio-8000-exec-6] DEBUG c.q.qimingdata.dao.MemberUserMapper.updateById 181- <==    Updates: 1
2018-06-15 11:05:59.038 [http-nio-8000-exec-8] DEBUG c.q.qimingdata.dao.MemberUserMapper.selectByName 181- ==>  Preparing: select id, login_phone, login_email, login_password, gmt_create, gmt_modified, status, credentialssalt,last_login_time from member_user where login_phone=? 
2018-06-15 11:05:59.039 [http-nio-8000-exec-8] DEBUG c.q.qimingdata.dao.MemberUserMapper.selectByName 181- ==> Parameters: 15938742931(String)
2018-06-15 11:05:59.043 [http-nio-8000-exec-8] DEBUG c.q.qimingdata.dao.MemberUserMapper.selectByName 181- <==      Total: 1
2018-06-15 11:05:59.044 [http-nio-8000-exec-8] DEBUG c.q.qimingdata.dao.MemberUserMapper.updateById 181- ==>  Preparing: UPDATE member_user SET id = ? , credentialssalt=? , last_login_time=? where id=? 
2018-06-15 11:05:59.046 [http-nio-8000-exec-8] DEBUG c.q.qimingdata.dao.MemberUserMapper.updateById 181- ==> Parameters: 1(Integer), MTU5Mzg3NDI5MzE=(String), 2018-06-15 11:05:59(String), 1(Integer)
2018-06-15 11:05:59.048 [http-nio-8000-exec-8] DEBUG c.q.qimingdata.dao.MemberUserMapper.updateById 181- <==    Updates: 1
2018-06-15 11:05:59.061 [http-nio-8000-exec-9] DEBUG c.q.qimingdata.dao.MemberUserMapper.selectByName 181- ==>  Preparing: select id, login_phone, login_email, login_password, gmt_create, gmt_modified, status, credentialssalt,last_login_time from member_user where login_phone=? 
2018-06-15 11:05:59.062 [http-nio-8000-exec-9] DEBUG c.q.qimingdata.dao.MemberUserMapper.selectByName 181- ==> Parameters: 15938742931(String)
2018-06-15 11:05:59.063 [http-nio-8000-exec-9] DEBUG c.q.qimingdata.dao.MemberUserMapper.selectByName 181- <==      Total: 1
2018-06-15 11:05:59.078 [http-nio-8000-exec-9] DEBUG c.q.qimingdata.dao.userRolesMapper.selectByExample 181- ==>  Preparing: select id, user_id, role_id, gmt_time, gmt_modify, status, menuid from user_role WHERE ( user_id = ? ) 
2018-06-15 11:05:59.079 [http-nio-8000-exec-9] DEBUG c.q.qimingdata.dao.userRolesMapper.selectByExample 181- ==> Parameters: 1(Integer)
2018-06-15 11:05:59.080 [http-nio-8000-exec-9] DEBUG c.q.qimingdata.dao.userRolesMapper.selectByExample 181- <==      Total: 1
2018-06-15 11:05:59.081 [http-nio-8000-exec-9] DEBUG c.q.qimingdata.dao.SysMenuMapper.getSysMenuInfo 181- ==>  Preparing: select s.menu_name menuName,s.image syImage,p.url url1 ,p.menu_name pMenuName,ah.authorization_name authorizationName FROM sysmenu s INNER JOIN sysmenu p on s.id=p.parent_id left JOIN role_sysmenu r on p.id=r.menu_id left join authorizations ah on ah.parent_tr_id=p.id where r.roleid=? 
2018-06-15 11:05:59.081 [http-nio-8000-exec-9] DEBUG c.q.qimingdata.dao.SysMenuMapper.getSysMenuInfo 181- ==> Parameters: 1(Integer)
2018-06-15 11:05:59.088 [http-nio-8000-exec-9] DEBUG c.q.qimingdata.dao.SysMenuMapper.getSysMenuInfo 181- <==      Total: 22
2018-06-15 11:12:44.883 [http-nio-8000-exec-6] DEBUG c.q.qimingdata.dao.MemberUserMapper.selectByName 181- ==>  Preparing: select id, login_phone, login_email, login_password, gmt_create, gmt_modified, status, credentialssalt,last_login_time from member_user where login_phone=? 
2018-06-15 11:12:44.893 [http-nio-8000-exec-6] DEBUG c.q.qimingdata.dao.MemberUserMapper.selectByName 181- ==> Parameters: 15938742931(String)
2018-06-15 11:12:44.899 [http-nio-8000-exec-6] DEBUG c.q.qimingdata.dao.MemberUserMapper.selectByName 181- <==      Total: 1
2018-06-15 11:12:44.914 [http-nio-8000-exec-6] DEBUG c.q.qimingdata.dao.MemberUserMapper.updateById 181- ==>  Preparing: UPDATE member_user SET id = ? , credentialssalt=? , last_login_time=? where id=? 
2018-06-15 11:12:44.915 [http-nio-8000-exec-6] DEBUG c.q.qimingdata.dao.MemberUserMapper.updateById 181- ==> Parameters: 1(Integer), MTU5Mzg3NDI5MzE=(String), 2018-06-15 11:12:44(String), 1(Integer)
2018-06-15 11:12:44.917 [http-nio-8000-exec-6] DEBUG c.q.qimingdata.dao.MemberUserMapper.updateById 181- <==    Updates: 1
2018-06-15 11:12:44.962 [http-nio-8000-exec-7] DEBUG c.q.qimingdata.dao.MemberUserMapper.selectByName 181- ==>  Preparing: select id, login_phone, login_email, login_password, gmt_create, gmt_modified, status, credentialssalt,last_login_time from member_user where login_phone=? 
2018-06-15 11:12:44.963 [http-nio-8000-exec-7] DEBUG c.q.qimingdata.dao.MemberUserMapper.selectByName 181- ==> Parameters: 15938742931(String)
2018-06-15 11:12:44.965 [http-nio-8000-exec-7] DEBUG c.q.qimingdata.dao.MemberUserMapper.selectByName 181- <==      Total: 1
2018-06-15 11:12:44.977 [http-nio-8000-exec-7] DEBUG c.q.qimingdata.dao.userRolesMapper.selectByExample 181- ==>  Preparing: select id, user_id, role_id, gmt_time, gmt_modify, status, menuid from user_role WHERE ( user_id = ? ) 
2018-06-15 11:12:44.977 [http-nio-8000-exec-7] DEBUG c.q.qimingdata.dao.userRolesMapper.selectByExample 181- ==> Parameters: 1(Integer)
2018-06-15 11:12:44.978 [http-nio-8000-exec-7] DEBUG c.q.qimingdata.dao.userRolesMapper.selectByExample 181- <==      Total: 1
2018-06-15 11:12:44.979 [http-nio-8000-exec-7] DEBUG c.q.qimingdata.dao.SysMenuMapper.getSysMenuInfo 181- ==>  Preparing: select s.menu_name menuName,s.image syImage,p.url url1 ,p.menu_name pMenuName,ah.authorization_name authorizationName FROM sysmenu s INNER JOIN sysmenu p on s.id=p.parent_id left JOIN role_sysmenu r on p.id=r.menu_id left join authorizations ah on ah.parent_tr_id=p.id where r.roleid=? 
2018-06-15 11:12:44.979 [http-nio-8000-exec-7] DEBUG c.q.qimingdata.dao.SysMenuMapper.getSysMenuInfo 181- ==> Parameters: 1(Integer)
2018-06-15 11:12:44.985 [http-nio-8000-exec-7] DEBUG c.q.qimingdata.dao.SysMenuMapper.getSysMenuInfo 181- <==      Total: 22
2018-06-15 11:20:24.694 [http-nio-8000-exec-6] DEBUG c.q.qimingdata.dao.MemberUserMapper.selectByName 181- ==>  Preparing: select id, login_phone, login_email, login_password, gmt_create, gmt_modified, status, credentialssalt,last_login_time from member_user where login_phone=? 
2018-06-15 11:20:24.703 [http-nio-8000-exec-6] DEBUG c.q.qimingdata.dao.MemberUserMapper.selectByName 181- ==> Parameters: 15938742931(String)
2018-06-15 11:20:24.710 [http-nio-8000-exec-6] DEBUG c.q.qimingdata.dao.MemberUserMapper.selectByName 181- <==      Total: 1
2018-06-15 11:20:24.723 [http-nio-8000-exec-6] DEBUG c.q.qimingdata.dao.MemberUserMapper.updateById 181- ==>  Preparing: UPDATE member_user SET id = ? , credentialssalt=? , last_login_time=? where id=? 
2018-06-15 11:20:24.724 [http-nio-8000-exec-6] DEBUG c.q.qimingdata.dao.MemberUserMapper.updateById 181- ==> Parameters: 1(Integer), MTU5Mzg3NDI5MzE=(String), 2018-06-15 11:20:24(String), 1(Integer)
2018-06-15 11:20:24.726 [http-nio-8000-exec-6] DEBUG c.q.qimingdata.dao.MemberUserMapper.updateById 181- <==    Updates: 1
2018-06-15 11:20:29.638 [http-nio-8000-exec-8] DEBUG c.q.qimingdata.dao.MemberUserMapper.selectByName 181- ==>  Preparing: select id, login_phone, login_email, login_password, gmt_create, gmt_modified, status, credentialssalt,last_login_time from member_user where login_phone=? 
2018-06-15 11:20:29.639 [http-nio-8000-exec-8] DEBUG c.q.qimingdata.dao.MemberUserMapper.selectByName 181- ==> Parameters: 15938742931(String)
2018-06-15 11:20:29.642 [http-nio-8000-exec-8] DEBUG c.q.qimingdata.dao.MemberUserMapper.selectByName 181- <==      Total: 1
2018-06-15 11:20:29.643 [http-nio-8000-exec-8] DEBUG c.q.qimingdata.dao.MemberUserMapper.updateById 181- ==>  Preparing: UPDATE member_user SET id = ? , credentialssalt=? , last_login_time=? where id=? 
2018-06-15 11:20:29.644 [http-nio-8000-exec-8] DEBUG c.q.qimingdata.dao.MemberUserMapper.updateById 181- ==> Parameters: 1(Integer), MTU5Mzg3NDI5MzE=(String), 2018-06-15 11:20:29(String), 1(Integer)
2018-06-15 11:20:29.647 [http-nio-8000-exec-8] DEBUG c.q.qimingdata.dao.MemberUserMapper.updateById 181- <==    Updates: 1
2018-06-15 11:20:29.658 [http-nio-8000-exec-9] DEBUG c.q.qimingdata.dao.MemberUserMapper.selectByName 181- ==>  Preparing: select id, login_phone, login_email, login_password, gmt_create, gmt_modified, status, credentialssalt,last_login_time from member_user where login_phone=? 
2018-06-15 11:20:29.659 [http-nio-8000-exec-9] DEBUG c.q.qimingdata.dao.MemberUserMapper.selectByName 181- ==> Parameters: 15938742931(String)
2018-06-15 11:20:29.660 [http-nio-8000-exec-9] DEBUG c.q.qimingdata.dao.MemberUserMapper.selectByName 181- <==      Total: 1
2018-06-15 11:20:29.672 [http-nio-8000-exec-9] DEBUG c.q.qimingdata.dao.userRolesMapper.selectByExample 181- ==>  Preparing: select id, user_id, role_id, gmt_time, gmt_modify, status, menuid from user_role WHERE ( user_id = ? ) 
2018-06-15 11:20:29.672 [http-nio-8000-exec-9] DEBUG c.q.qimingdata.dao.userRolesMapper.selectByExample 181- ==> Parameters: 1(Integer)
2018-06-15 11:20:29.673 [http-nio-8000-exec-9] DEBUG c.q.qimingdata.dao.userRolesMapper.selectByExample 181- <==      Total: 1
2018-06-15 11:20:29.674 [http-nio-8000-exec-9] DEBUG c.q.qimingdata.dao.SysMenuMapper.getSysMenuInfo 181- ==>  Preparing: select s.menu_name menuName,s.image syImage,p.url url1 ,p.menu_name pMenuName,ah.authorization_name authorizationName FROM sysmenu s INNER JOIN sysmenu p on s.id=p.parent_id left JOIN role_sysmenu r on p.id=r.menu_id left join authorizations ah on ah.parent_tr_id=p.id where r.roleid=? 
2018-06-15 11:20:29.674 [http-nio-8000-exec-9] DEBUG c.q.qimingdata.dao.SysMenuMapper.getSysMenuInfo 181- ==> Parameters: 1(Integer)
2018-06-15 11:20:29.680 [http-nio-8000-exec-9] DEBUG c.q.qimingdata.dao.SysMenuMapper.getSysMenuInfo 181- <==      Total: 22
2018-06-15 11:36:18.544 [http-nio-8000-exec-6] DEBUG c.q.qimingdata.dao.MemberUserMapper.selectByName 181- ==>  Preparing: select id, login_phone, login_email, login_password, gmt_create, gmt_modified, status, credentialssalt,last_login_time from member_user where login_phone=? 
2018-06-15 11:36:18.553 [http-nio-8000-exec-6] DEBUG c.q.qimingdata.dao.MemberUserMapper.selectByName 181- ==> Parameters: 15938742931(String)
2018-06-15 11:36:18.560 [http-nio-8000-exec-6] DEBUG c.q.qimingdata.dao.MemberUserMapper.selectByName 181- <==      Total: 1
2018-06-15 11:36:18.574 [http-nio-8000-exec-6] DEBUG c.q.qimingdata.dao.MemberUserMapper.updateById 181- ==>  Preparing: UPDATE member_user SET id = ? , credentialssalt=? , last_login_time=? where id=? 
2018-06-15 11:36:18.575 [http-nio-8000-exec-6] DEBUG c.q.qimingdata.dao.MemberUserMapper.updateById 181- ==> Parameters: 1(Integer), MTU5Mzg3NDI5MzE=(String), 2018-06-15 11:36:18(String), 1(Integer)
2018-06-15 11:36:18.577 [http-nio-8000-exec-6] DEBUG c.q.qimingdata.dao.MemberUserMapper.updateById 181- <==    Updates: 1
2018-06-15 11:36:22.583 [http-nio-8000-exec-8] DEBUG c.q.qimingdata.dao.MemberUserMapper.selectByName 181- ==>  Preparing: select id, login_phone, login_email, login_password, gmt_create, gmt_modified, status, credentialssalt,last_login_time from member_user where login_phone=? 
2018-06-15 11:36:22.583 [http-nio-8000-exec-8] DEBUG c.q.qimingdata.dao.MemberUserMapper.selectByName 181- ==> Parameters: 15938742931(String)
2018-06-15 11:36:22.586 [http-nio-8000-exec-8] DEBUG c.q.qimingdata.dao.MemberUserMapper.selectByName 181- <==      Total: 1
2018-06-15 11:36:22.587 [http-nio-8000-exec-8] DEBUG c.q.qimingdata.dao.MemberUserMapper.updateById 181- ==>  Preparing: UPDATE member_user SET id = ? , credentialssalt=? , last_login_time=? where id=? 
2018-06-15 11:36:22.588 [http-nio-8000-exec-8] DEBUG c.q.qimingdata.dao.MemberUserMapper.updateById 181- ==> Parameters: 1(Integer), MTU5Mzg3NDI5MzE=(String), 2018-06-15 11:36:22(String), 1(Integer)
2018-06-15 11:36:22.591 [http-nio-8000-exec-8] DEBUG c.q.qimingdata.dao.MemberUserMapper.updateById 181- <==    Updates: 1
2018-06-15 11:36:22.601 [http-nio-8000-exec-9] DEBUG c.q.qimingdata.dao.MemberUserMapper.selectByName 181- ==>  Preparing: select id, login_phone, login_email, login_password, gmt_create, gmt_modified, status, credentialssalt,last_login_time from member_user where login_phone=? 
2018-06-15 11:36:22.602 [http-nio-8000-exec-9] DEBUG c.q.qimingdata.dao.MemberUserMapper.selectByName 181- ==> Parameters: 15938742931(String)
2018-06-15 11:36:22.603 [http-nio-8000-exec-9] DEBUG c.q.qimingdata.dao.MemberUserMapper.selectByName 181- <==      Total: 1
2018-06-15 11:36:22.617 [http-nio-8000-exec-9] DEBUG c.q.qimingdata.dao.userRolesMapper.selectByExample 181- ==>  Preparing: select id, user_id, role_id, gmt_time, gmt_modify, status, menuid from user_role WHERE ( user_id = ? ) 
2018-06-15 11:36:22.618 [http-nio-8000-exec-9] DEBUG c.q.qimingdata.dao.userRolesMapper.selectByExample 181- ==> Parameters: 1(Integer)
2018-06-15 11:36:22.619 [http-nio-8000-exec-9] DEBUG c.q.qimingdata.dao.userRolesMapper.selectByExample 181- <==      Total: 1
2018-06-15 11:36:22.620 [http-nio-8000-exec-9] DEBUG c.q.qimingdata.dao.SysMenuMapper.getSysMenuInfo 181- ==>  Preparing: select s.menu_name menuName,s.image syImage,p.url url1 ,p.menu_name pMenuName,ah.authorization_name authorizationName FROM sysmenu s INNER JOIN sysmenu p on s.id=p.parent_id left JOIN role_sysmenu r on p.id=r.menu_id left join authorizations ah on ah.parent_tr_id=p.id where r.roleid=? 
2018-06-15 11:36:22.621 [http-nio-8000-exec-9] DEBUG c.q.qimingdata.dao.SysMenuMapper.getSysMenuInfo 181- ==> Parameters: 1(Integer)
2018-06-15 11:36:22.628 [http-nio-8000-exec-9] DEBUG c.q.qimingdata.dao.SysMenuMapper.getSysMenuInfo 181- <==      Total: 22
2018-06-15 11:43:24.786 [http-nio-8000-exec-6] DEBUG c.q.qimingdata.dao.MemberUserMapper.selectByName 181- ==>  Preparing: select id, login_phone, login_email, login_password, gmt_create, gmt_modified, status, credentialssalt,last_login_time from member_user where login_phone=? 
2018-06-15 11:43:24.796 [http-nio-8000-exec-6] DEBUG c.q.qimingdata.dao.MemberUserMapper.selectByName 181- ==> Parameters: 15938742931(String)
2018-06-15 11:43:24.804 [http-nio-8000-exec-6] DEBUG c.q.qimingdata.dao.MemberUserMapper.selectByName 181- <==      Total: 1
2018-06-15 11:43:24.820 [http-nio-8000-exec-6] DEBUG c.q.qimingdata.dao.MemberUserMapper.updateById 181- ==>  Preparing: UPDATE member_user SET id = ? , credentialssalt=? , last_login_time=? where id=? 
2018-06-15 11:43:24.820 [http-nio-8000-exec-6] DEBUG c.q.qimingdata.dao.MemberUserMapper.updateById 181- ==> Parameters: 1(Integer), MTU5Mzg3NDI5MzE=(String), 2018-06-15 11:43:24(String), 1(Integer)
2018-06-15 11:43:24.823 [http-nio-8000-exec-6] DEBUG c.q.qimingdata.dao.MemberUserMapper.updateById 181- <==    Updates: 1
2018-06-15 11:43:29.061 [http-nio-8000-exec-8] DEBUG c.q.qimingdata.dao.MemberUserMapper.selectByName 181- ==>  Preparing: select id, login_phone, login_email, login_password, gmt_create, gmt_modified, status, credentialssalt,last_login_time from member_user where login_phone=? 
2018-06-15 11:43:29.064 [http-nio-8000-exec-8] DEBUG c.q.qimingdata.dao.MemberUserMapper.selectByName 181- ==> Parameters: 15938742931(String)
2018-06-15 11:43:29.069 [http-nio-8000-exec-8] DEBUG c.q.qimingdata.dao.MemberUserMapper.selectByName 181- <==      Total: 1
2018-06-15 11:43:29.071 [http-nio-8000-exec-8] DEBUG c.q.qimingdata.dao.MemberUserMapper.updateById 181- ==>  Preparing: UPDATE member_user SET id = ? , credentialssalt=? , last_login_time=? where id=? 
2018-06-15 11:43:29.072 [http-nio-8000-exec-8] DEBUG c.q.qimingdata.dao.MemberUserMapper.updateById 181- ==> Parameters: 1(Integer), MTU5Mzg3NDI5MzE=(String), 2018-06-15 11:43:29(String), 1(Integer)
2018-06-15 11:43:29.077 [http-nio-8000-exec-8] DEBUG c.q.qimingdata.dao.MemberUserMapper.updateById 181- <==    Updates: 1
2018-06-15 11:43:29.092 [http-nio-8000-exec-9] DEBUG c.q.qimingdata.dao.MemberUserMapper.selectByName 181- ==>  Preparing: select id, login_phone, login_email, login_password, gmt_create, gmt_modified, status, credentialssalt,last_login_time from member_user where login_phone=? 
2018-06-15 11:43:29.093 [http-nio-8000-exec-9] DEBUG c.q.qimingdata.dao.MemberUserMapper.selectByName 181- ==> Parameters: 15938742931(String)
2018-06-15 11:43:29.094 [http-nio-8000-exec-9] DEBUG c.q.qimingdata.dao.MemberUserMapper.selectByName 181- <==      Total: 1
2018-06-15 11:43:29.109 [http-nio-8000-exec-9] DEBUG c.q.qimingdata.dao.userRolesMapper.selectByExample 181- ==>  Preparing: select id, user_id, role_id, gmt_time, gmt_modify, status, menuid from user_role WHERE ( user_id = ? ) 
2018-06-15 11:43:29.110 [http-nio-8000-exec-9] DEBUG c.q.qimingdata.dao.userRolesMapper.selectByExample 181- ==> Parameters: 1(Integer)
2018-06-15 11:43:29.111 [http-nio-8000-exec-9] DEBUG c.q.qimingdata.dao.userRolesMapper.selectByExample 181- <==      Total: 1
2018-06-15 11:43:29.112 [http-nio-8000-exec-9] DEBUG c.q.qimingdata.dao.SysMenuMapper.getSysMenuInfo 181- ==>  Preparing: select s.menu_name menuName,s.image syImage,p.url url1 ,p.menu_name pMenuName,ah.authorization_name authorizationName FROM sysmenu s INNER JOIN sysmenu p on s.id=p.parent_id left JOIN role_sysmenu r on p.id=r.menu_id left join authorizations ah on ah.parent_tr_id=p.id where r.roleid=? 
2018-06-15 11:43:29.113 [http-nio-8000-exec-9] DEBUG c.q.qimingdata.dao.SysMenuMapper.getSysMenuInfo 181- ==> Parameters: 1(Integer)
2018-06-15 11:43:29.120 [http-nio-8000-exec-9] DEBUG c.q.qimingdata.dao.SysMenuMapper.getSysMenuInfo 181- <==      Total: 22
2018-06-15 11:50:09.622 [http-nio-8000-exec-6] DEBUG c.q.qimingdata.dao.MemberUserMapper.selectByName 181- ==>  Preparing: select id, login_phone, login_email, login_password, gmt_create, gmt_modified, status, credentialssalt,last_login_time from member_user where login_phone=? 
2018-06-15 11:50:09.631 [http-nio-8000-exec-6] DEBUG c.q.qimingdata.dao.MemberUserMapper.selectByName 181- ==> Parameters: 15938742931(String)
2018-06-15 11:50:09.638 [http-nio-8000-exec-6] DEBUG c.q.qimingdata.dao.MemberUserMapper.selectByName 181- <==      Total: 1
2018-06-15 11:50:09.652 [http-nio-8000-exec-6] DEBUG c.q.qimingdata.dao.MemberUserMapper.updateById 181- ==>  Preparing: UPDATE member_user SET id = ? , credentialssalt=? , last_login_time=? where id=? 
2018-06-15 11:50:09.653 [http-nio-8000-exec-6] DEBUG c.q.qimingdata.dao.MemberUserMapper.updateById 181- ==> Parameters: 1(Integer), MTU5Mzg3NDI5MzE=(String), 2018-06-15 11:50:09(String), 1(Integer)
2018-06-15 11:50:09.655 [http-nio-8000-exec-6] DEBUG c.q.qimingdata.dao.MemberUserMapper.updateById 181- <==    Updates: 1
2018-06-15 11:50:13.749 [http-nio-8000-exec-8] DEBUG c.q.qimingdata.dao.MemberUserMapper.selectByName 181- ==>  Preparing: select id, login_phone, login_email, login_password, gmt_create, gmt_modified, status, credentialssalt,last_login_time from member_user where login_phone=? 
2018-06-15 11:50:13.751 [http-nio-8000-exec-8] DEBUG c.q.qimingdata.dao.MemberUserMapper.selectByName 181- ==> Parameters: 15938742931(String)
2018-06-15 11:50:13.757 [http-nio-8000-exec-8] DEBUG c.q.qimingdata.dao.MemberUserMapper.selectByName 181- <==      Total: 1
2018-06-15 11:50:13.759 [http-nio-8000-exec-8] DEBUG c.q.qimingdata.dao.MemberUserMapper.updateById 181- ==>  Preparing: UPDATE member_user SET id = ? , credentialssalt=? , last_login_time=? where id=? 
2018-06-15 11:50:13.760 [http-nio-8000-exec-8] DEBUG c.q.qimingdata.dao.MemberUserMapper.updateById 181- ==> Parameters: 1(Integer), MTU5Mzg3NDI5MzE=(String), 2018-06-15 11:50:13(String), 1(Integer)
2018-06-15 11:50:13.764 [http-nio-8000-exec-8] DEBUG c.q.qimingdata.dao.MemberUserMapper.updateById 181- <==    Updates: 1
2018-06-15 11:50:13.780 [http-nio-8000-exec-9] DEBUG c.q.qimingdata.dao.MemberUserMapper.selectByName 181- ==>  Preparing: select id, login_phone, login_email, login_password, gmt_create, gmt_modified, status, credentialssalt,last_login_time from member_user where login_phone=? 
2018-06-15 11:50:13.781 [http-nio-8000-exec-9] DEBUG c.q.qimingdata.dao.MemberUserMapper.selectByName 181- ==> Parameters: 15938742931(String)
2018-06-15 11:50:13.784 [http-nio-8000-exec-9] DEBUG c.q.qimingdata.dao.MemberUserMapper.selectByName 181- <==      Total: 1
2018-06-15 11:50:13.799 [http-nio-8000-exec-9] DEBUG c.q.qimingdata.dao.userRolesMapper.selectByExample 181- ==>  Preparing: select id, user_id, role_id, gmt_time, gmt_modify, status, menuid from user_role WHERE ( user_id = ? ) 
2018-06-15 11:50:13.800 [http-nio-8000-exec-9] DEBUG c.q.qimingdata.dao.userRolesMapper.selectByExample 181- ==> Parameters: 1(Integer)
2018-06-15 11:50:13.802 [http-nio-8000-exec-9] DEBUG c.q.qimingdata.dao.userRolesMapper.selectByExample 181- <==      Total: 1
2018-06-15 11:50:13.803 [http-nio-8000-exec-9] DEBUG c.q.qimingdata.dao.SysMenuMapper.getSysMenuInfo 181- ==>  Preparing: select s.menu_name menuName,s.image syImage,p.url url1 ,p.menu_name pMenuName,ah.authorization_name authorizationName FROM sysmenu s INNER JOIN sysmenu p on s.id=p.parent_id left JOIN role_sysmenu r on p.id=r.menu_id left join authorizations ah on ah.parent_tr_id=p.id where r.roleid=? 
2018-06-15 11:50:13.803 [http-nio-8000-exec-9] DEBUG c.q.qimingdata.dao.SysMenuMapper.getSysMenuInfo 181- ==> Parameters: 1(Integer)
2018-06-15 11:50:13.811 [http-nio-8000-exec-9] DEBUG c.q.qimingdata.dao.SysMenuMapper.getSysMenuInfo 181- <==      Total: 22
2018-06-15 13:31:46.962 [http-nio-8000-exec-8] DEBUG c.q.qimingdata.dao.MemberUserMapper.selectByName 181- ==>  Preparing: select id, login_phone, login_email, login_password, gmt_create, gmt_modified, status, credentialssalt,last_login_time from member_user where login_phone=? 
2018-06-15 13:31:46.973 [http-nio-8000-exec-8] DEBUG c.q.qimingdata.dao.MemberUserMapper.selectByName 181- ==> Parameters: 15938742931(String)
2018-06-15 13:31:46.980 [http-nio-8000-exec-8] DEBUG c.q.qimingdata.dao.MemberUserMapper.selectByName 181- <==      Total: 1
2018-06-15 13:31:46.995 [http-nio-8000-exec-8] DEBUG c.q.qimingdata.dao.MemberUserMapper.updateById 181- ==>  Preparing: UPDATE member_user SET id = ? , credentialssalt=? , last_login_time=? where id=? 
2018-06-15 13:31:46.996 [http-nio-8000-exec-8] DEBUG c.q.qimingdata.dao.MemberUserMapper.updateById 181- ==> Parameters: 1(Integer), MTU5Mzg3NDI5MzE=(String), 2018-06-15 13:31:46(String), 1(Integer)
2018-06-15 13:31:46.998 [http-nio-8000-exec-8] DEBUG c.q.qimingdata.dao.MemberUserMapper.updateById 181- <==    Updates: 1
2018-06-15 13:31:52.156 [http-nio-8000-exec-2] DEBUG c.q.qimingdata.dao.MemberUserMapper.selectByName 181- ==>  Preparing: select id, login_phone, login_email, login_password, gmt_create, gmt_modified, status, credentialssalt,last_login_time from member_user where login_phone=? 
2018-06-15 13:31:52.158 [http-nio-8000-exec-2] DEBUG c.q.qimingdata.dao.MemberUserMapper.selectByName 181- ==> Parameters: 15938742931(String)
2018-06-15 13:31:52.161 [http-nio-8000-exec-2] DEBUG c.q.qimingdata.dao.MemberUserMapper.selectByName 181- <==      Total: 1
2018-06-15 13:31:52.163 [http-nio-8000-exec-2] DEBUG c.q.qimingdata.dao.MemberUserMapper.updateById 181- ==>  Preparing: UPDATE member_user SET id = ? , credentialssalt=? , last_login_time=? where id=? 
2018-06-15 13:31:52.164 [http-nio-8000-exec-2] DEBUG c.q.qimingdata.dao.MemberUserMapper.updateById 181- ==> Parameters: 1(Integer), MTU5Mzg3NDI5MzE=(String), 2018-06-15 13:31:52(String), 1(Integer)
2018-06-15 13:31:52.167 [http-nio-8000-exec-2] DEBUG c.q.qimingdata.dao.MemberUserMapper.updateById 181- <==    Updates: 1
2018-06-15 13:31:52.185 [http-nio-8000-exec-6] DEBUG c.q.qimingdata.dao.MemberUserMapper.selectByName 181- ==>  Preparing: select id, login_phone, login_email, login_password, gmt_create, gmt_modified, status, credentialssalt,last_login_time from member_user where login_phone=? 
2018-06-15 13:31:52.186 [http-nio-8000-exec-6] DEBUG c.q.qimingdata.dao.MemberUserMapper.selectByName 181- ==> Parameters: 15938742931(String)
2018-06-15 13:31:52.187 [http-nio-8000-exec-6] DEBUG c.q.qimingdata.dao.MemberUserMapper.selectByName 181- <==      Total: 1
2018-06-15 13:31:52.201 [http-nio-8000-exec-6] DEBUG c.q.qimingdata.dao.userRolesMapper.selectByExample 181- ==>  Preparing: select id, user_id, role_id, gmt_time, gmt_modify, status, menuid from user_role WHERE ( user_id = ? ) 
2018-06-15 13:31:52.201 [http-nio-8000-exec-6] DEBUG c.q.qimingdata.dao.userRolesMapper.selectByExample 181- ==> Parameters: 1(Integer)
2018-06-15 13:31:52.203 [http-nio-8000-exec-6] DEBUG c.q.qimingdata.dao.userRolesMapper.selectByExample 181- <==      Total: 1
2018-06-15 13:31:52.203 [http-nio-8000-exec-6] DEBUG c.q.qimingdata.dao.SysMenuMapper.getSysMenuInfo 181- ==>  Preparing: select s.menu_name menuName,s.image syImage,p.url url1 ,p.menu_name pMenuName,ah.authorization_name authorizationName FROM sysmenu s INNER JOIN sysmenu p on s.id=p.parent_id left JOIN role_sysmenu r on p.id=r.menu_id left join authorizations ah on ah.parent_tr_id=p.id where r.roleid=? 
2018-06-15 13:31:52.204 [http-nio-8000-exec-6] DEBUG c.q.qimingdata.dao.SysMenuMapper.getSysMenuInfo 181- ==> Parameters: 1(Integer)
2018-06-15 13:31:52.211 [http-nio-8000-exec-6] DEBUG c.q.qimingdata.dao.SysMenuMapper.getSysMenuInfo 181- <==      Total: 22
2018-06-15 13:33:23.580 [http-nio-8000-exec-6] DEBUG c.q.qimingdata.dao.MemberUserMapper.selectByName 181- ==>  Preparing: select id, login_phone, login_email, login_password, gmt_create, gmt_modified, status, credentialssalt,last_login_time from member_user where login_phone=? 
2018-06-15 13:33:23.588 [http-nio-8000-exec-6] DEBUG c.q.qimingdata.dao.MemberUserMapper.selectByName 181- ==> Parameters: 15938742931(String)
2018-06-15 13:33:23.595 [http-nio-8000-exec-6] DEBUG c.q.qimingdata.dao.MemberUserMapper.selectByName 181- <==      Total: 1
2018-06-15 13:33:23.609 [http-nio-8000-exec-6] DEBUG c.q.qimingdata.dao.MemberUserMapper.updateById 181- ==>  Preparing: UPDATE member_user SET id = ? , credentialssalt=? , last_login_time=? where id=? 
2018-06-15 13:33:23.611 [http-nio-8000-exec-6] DEBUG c.q.qimingdata.dao.MemberUserMapper.updateById 181- ==> Parameters: 1(Integer), MTU5Mzg3NDI5MzE=(String), 2018-06-15 13:33:23(String), 1(Integer)
2018-06-15 13:33:23.613 [http-nio-8000-exec-6] DEBUG c.q.qimingdata.dao.MemberUserMapper.updateById 181- <==    Updates: 1
2018-06-15 13:33:23.657 [http-nio-8000-exec-7] DEBUG c.q.qimingdata.dao.MemberUserMapper.selectByName 181- ==>  Preparing: select id, login_phone, login_email, login_password, gmt_create, gmt_modified, status, credentialssalt,last_login_time from member_user where login_phone=? 
2018-06-15 13:33:23.658 [http-nio-8000-exec-7] DEBUG c.q.qimingdata.dao.MemberUserMapper.selectByName 181- ==> Parameters: 15938742931(String)
2018-06-15 13:33:23.660 [http-nio-8000-exec-7] DEBUG c.q.qimingdata.dao.MemberUserMapper.selectByName 181- <==      Total: 1
2018-06-15 13:33:23.670 [http-nio-8000-exec-7] DEBUG c.q.qimingdata.dao.userRolesMapper.selectByExample 181- ==>  Preparing: select id, user_id, role_id, gmt_time, gmt_modify, status, menuid from user_role WHERE ( user_id = ? ) 
2018-06-15 13:33:23.671 [http-nio-8000-exec-7] DEBUG c.q.qimingdata.dao.userRolesMapper.selectByExample 181- ==> Parameters: 1(Integer)
2018-06-15 13:33:23.672 [http-nio-8000-exec-7] DEBUG c.q.qimingdata.dao.userRolesMapper.selectByExample 181- <==      Total: 1
2018-06-15 13:33:23.672 [http-nio-8000-exec-7] DEBUG c.q.qimingdata.dao.SysMenuMapper.getSysMenuInfo 181- ==>  Preparing: select s.menu_name menuName,s.image syImage,p.url url1 ,p.menu_name pMenuName,ah.authorization_name authorizationName FROM sysmenu s INNER JOIN sysmenu p on s.id=p.parent_id left JOIN role_sysmenu r on p.id=r.menu_id left join authorizations ah on ah.parent_tr_id=p.id where r.roleid=? 
2018-06-15 13:33:23.673 [http-nio-8000-exec-7] DEBUG c.q.qimingdata.dao.SysMenuMapper.getSysMenuInfo 181- ==> Parameters: 1(Integer)
2018-06-15 13:33:23.677 [http-nio-8000-exec-7] DEBUG c.q.qimingdata.dao.SysMenuMapper.getSysMenuInfo 181- <==      Total: 22
2018-06-15 13:45:23.664 [http-nio-8000-exec-6] DEBUG c.q.qimingdata.dao.MemberUserMapper.selectByName 181- ==>  Preparing: select id, login_phone, login_email, login_password, gmt_create, gmt_modified, status, credentialssalt,last_login_time from member_user where login_phone=? 
2018-06-15 13:45:23.672 [http-nio-8000-exec-6] DEBUG c.q.qimingdata.dao.MemberUserMapper.selectByName 181- ==> Parameters: 15938742931(String)
2018-06-15 13:45:23.679 [http-nio-8000-exec-6] DEBUG c.q.qimingdata.dao.MemberUserMapper.selectByName 181- <==      Total: 1
2018-06-15 13:45:23.693 [http-nio-8000-exec-6] DEBUG c.q.qimingdata.dao.MemberUserMapper.updateById 181- ==>  Preparing: UPDATE member_user SET id = ? , credentialssalt=? , last_login_time=? where id=? 
2018-06-15 13:45:23.693 [http-nio-8000-exec-6] DEBUG c.q.qimingdata.dao.MemberUserMapper.updateById 181- ==> Parameters: 1(Integer), MTU5Mzg3NDI5MzE=(String), 2018-06-15 13:45:23(String), 1(Integer)
2018-06-15 13:45:23.696 [http-nio-8000-exec-6] DEBUG c.q.qimingdata.dao.MemberUserMapper.updateById 181- <==    Updates: 1
2018-06-15 13:45:23.738 [http-nio-8000-exec-7] DEBUG c.q.qimingdata.dao.MemberUserMapper.selectByName 181- ==>  Preparing: select id, login_phone, login_email, login_password, gmt_create, gmt_modified, status, credentialssalt,last_login_time from member_user where login_phone=? 
2018-06-15 13:45:23.739 [http-nio-8000-exec-7] DEBUG c.q.qimingdata.dao.MemberUserMapper.selectByName 181- ==> Parameters: 15938742931(String)
2018-06-15 13:45:23.742 [http-nio-8000-exec-7] DEBUG c.q.qimingdata.dao.MemberUserMapper.selectByName 181- <==      Total: 1
2018-06-15 13:45:23.750 [http-nio-8000-exec-7] DEBUG c.q.qimingdata.dao.userRolesMapper.selectByExample 181- ==>  Preparing: select id, user_id, role_id, gmt_time, gmt_modify, status, menuid from user_role WHERE ( user_id = ? ) 
2018-06-15 13:45:23.751 [http-nio-8000-exec-7] DEBUG c.q.qimingdata.dao.userRolesMapper.selectByExample 181- ==> Parameters: 1(Integer)
2018-06-15 13:45:23.753 [http-nio-8000-exec-7] DEBUG c.q.qimingdata.dao.userRolesMapper.selectByExample 181- <==      Total: 1
2018-06-15 13:45:23.754 [http-nio-8000-exec-7] DEBUG c.q.qimingdata.dao.SysMenuMapper.getSysMenuInfo 181- ==>  Preparing: select s.menu_name menuName,s.image syImage,p.url url1 ,p.menu_name pMenuName,ah.authorization_name authorizationName FROM sysmenu s INNER JOIN sysmenu p on s.id=p.parent_id left JOIN role_sysmenu r on p.id=r.menu_id left join authorizations ah on ah.parent_tr_id=p.id where r.roleid=? 
2018-06-15 13:45:23.754 [http-nio-8000-exec-7] DEBUG c.q.qimingdata.dao.SysMenuMapper.getSysMenuInfo 181- ==> Parameters: 1(Integer)
2018-06-15 13:45:23.759 [http-nio-8000-exec-7] DEBUG c.q.qimingdata.dao.SysMenuMapper.getSysMenuInfo 181- <==      Total: 22
