2018-06-19 17:06:12.083 [http-nio-8000-exec-4] DEBUG c.q.qimingdata.dao.MemberUserMapper.selectByName 181- ==>  Preparing: select id, login_phone, login_email, login_password, gmt_create, gmt_modified, status, credentialssalt,last_login_time from member_user where login_phone=? 
2018-06-19 17:06:12.092 [http-nio-8000-exec-4] DEBUG c.q.qimingdata.dao.MemberUserMapper.selectByName 181- ==> Parameters: 15938742931(String)
2018-06-19 17:06:12.101 [http-nio-8000-exec-4] DEBUG c.q.qimingdata.dao.MemberUserMapper.selectByName 181- <==      Total: 1
2018-06-19 17:06:12.135 [http-nio-8000-exec-4] DEBUG c.q.qimingdata.dao.MemberUserMapper.updateById 181- ==>  Preparing: UPDATE member_user SET id = ? , credentialssalt=? , last_login_time=? where id=? 
2018-06-19 17:06:12.136 [http-nio-8000-exec-4] DEBUG c.q.qimingdata.dao.MemberUserMapper.updateById 181- ==> Parameters: 1(Integer), MTU5Mzg3NDI5MzE=(String), 2018-06-19 17:06:12(String), 1(Integer)
2018-06-19 17:06:12.138 [http-nio-8000-exec-4] DEBUG c.q.qimingdata.dao.MemberUserMapper.updateById 181- <==    Updates: 1
2018-06-19 17:06:12.184 [http-nio-8000-exec-6] DEBUG c.q.qimingdata.dao.MemberUserMapper.selectByName 181- ==>  Preparing: select id, login_phone, login_email, login_password, gmt_create, gmt_modified, status, credentialssalt,last_login_time from member_user where login_phone=? 
2018-06-19 17:06:12.185 [http-nio-8000-exec-6] DEBUG c.q.qimingdata.dao.MemberUserMapper.selectByName 181- ==> Parameters: 15938742931(String)
2018-06-19 17:06:12.187 [http-nio-8000-exec-6] DEBUG c.q.qimingdata.dao.MemberUserMapper.selectByName 181- <==      Total: 1
2018-06-19 17:06:12.198 [http-nio-8000-exec-6] DEBUG c.q.qimingdata.dao.userRolesMapper.selectByExample 181- ==>  Preparing: select id, user_id, role_id, gmt_time, gmt_modify, status, menuid from user_role WHERE ( user_id = ? ) 
2018-06-19 17:06:12.199 [http-nio-8000-exec-6] DEBUG c.q.qimingdata.dao.userRolesMapper.selectByExample 181- ==> Parameters: 1(Integer)
2018-06-19 17:06:12.200 [http-nio-8000-exec-6] DEBUG c.q.qimingdata.dao.userRolesMapper.selectByExample 181- <==      Total: 1
2018-06-19 17:06:12.201 [http-nio-8000-exec-6] DEBUG c.q.qimingdata.dao.SysMenuMapper.getSysMenuInfo 181- ==>  Preparing: select s.menu_name menuName,s.image syImage,p.url url1 ,p.menu_name pMenuName,ah.authorization_name authorizationName FROM sysmenu s INNER JOIN sysmenu p on s.id=p.parent_id left JOIN role_sysmenu r on p.id=r.menu_id left join authorizations ah on ah.parent_tr_id=p.id where r.roleid=? 
2018-06-19 17:06:12.201 [http-nio-8000-exec-6] DEBUG c.q.qimingdata.dao.SysMenuMapper.getSysMenuInfo 181- ==> Parameters: 1(Integer)
2018-06-19 17:06:12.208 [http-nio-8000-exec-6] DEBUG c.q.qimingdata.dao.SysMenuMapper.getSysMenuInfo 181- <==      Total: 22
2018-06-19 17:06:17.611 [http-nio-8000-exec-2] DEBUG c.q.q.dao.userRolesMapper.queryForUserRoles 181- ==>  Preparing: SELECT u.id id, u.user_id userId ,u.role_id roleId,u.gmt_time gmtTime,u.gmt_modify gmtModify,u.status status, m.login_phone loginPhone,m.login_email loginEmail,r.role_name roleName from user_role u LEFT JOIN member_user m on u.user_id=m.id LEFT JOIN role r on u.role_id=r.id where m.status=0 and r.status=0 and u.user_id=? order by u.id 
2018-06-19 17:06:17.611 [http-nio-8000-exec-2] DEBUG c.q.q.dao.userRolesMapper.queryForUserRoles 181- ==> Parameters: 1(Integer)
2018-06-19 17:06:17.614 [http-nio-8000-exec-2] DEBUG c.q.q.dao.userRolesMapper.queryForUserRoles 181- <==      Total: 1
2018-06-19 17:06:17.616 [http-nio-8000-exec-2] DEBUG c.q.qimingdata.dao.RoleAuthorMapper.queryForWhere 181- ==>  Preparing: select * from role_authorization r LEFT JOIN authorizations a on r.authorization_id=a.id WHERE r.role_id=? 
2018-06-19 17:06:17.616 [http-nio-8000-exec-2] DEBUG c.q.qimingdata.dao.RoleAuthorMapper.queryForWhere 181- ==> Parameters: 1(Integer)
2018-06-19 17:06:17.623 [http-nio-8000-exec-2] DEBUG c.q.qimingdata.dao.RoleAuthorMapper.queryForWhere 181- <==      Total: 18
2018-06-19 17:18:37.082 [http-nio-8000-exec-6] DEBUG c.q.q.dao.userRolesMapper.queryForUserRoles 181- ==>  Preparing: SELECT u.id id, u.user_id userId ,u.role_id roleId,u.gmt_time gmtTime,u.gmt_modify gmtModify,u.status status, m.login_phone loginPhone,m.login_email loginEmail,r.role_name roleName from user_role u LEFT JOIN member_user m on u.user_id=m.id LEFT JOIN role r on u.role_id=r.id where m.status=0 and r.status=0 and u.user_id=? order by u.id 
2018-06-19 17:18:37.083 [http-nio-8000-exec-6] DEBUG c.q.q.dao.userRolesMapper.queryForUserRoles 181- ==> Parameters: 1(Integer)
2018-06-19 17:18:37.084 [http-nio-8000-exec-6] DEBUG c.q.q.dao.userRolesMapper.queryForUserRoles 181- <==      Total: 1
2018-06-19 17:18:37.085 [http-nio-8000-exec-6] DEBUG c.q.qimingdata.dao.RoleAuthorMapper.queryForWhere 181- ==>  Preparing: select * from role_authorization r LEFT JOIN authorizations a on r.authorization_id=a.id WHERE r.role_id=? 
2018-06-19 17:18:37.086 [http-nio-8000-exec-6] DEBUG c.q.qimingdata.dao.RoleAuthorMapper.queryForWhere 181- ==> Parameters: 1(Integer)
2018-06-19 17:18:37.089 [http-nio-8000-exec-6] DEBUG c.q.qimingdata.dao.RoleAuthorMapper.queryForWhere 181- <==      Total: 18
2018-06-19 17:21:33.561 [http-nio-8000-exec-2] DEBUG c.q.q.dao.userRolesMapper.queryForUserRoles 181- ==>  Preparing: SELECT u.id id, u.user_id userId ,u.role_id roleId,u.gmt_time gmtTime,u.gmt_modify gmtModify,u.status status, m.login_phone loginPhone,m.login_email loginEmail,r.role_name roleName from user_role u LEFT JOIN member_user m on u.user_id=m.id LEFT JOIN role r on u.role_id=r.id where m.status=0 and r.status=0 and u.user_id=? order by u.id 
2018-06-19 17:21:33.562 [http-nio-8000-exec-2] DEBUG c.q.q.dao.userRolesMapper.queryForUserRoles 181- ==> Parameters: 1(Integer)
2018-06-19 17:21:33.564 [http-nio-8000-exec-2] DEBUG c.q.q.dao.userRolesMapper.queryForUserRoles 181- <==      Total: 1
2018-06-19 17:21:33.565 [http-nio-8000-exec-2] DEBUG c.q.qimingdata.dao.RoleAuthorMapper.queryForWhere 181- ==>  Preparing: select * from role_authorization r LEFT JOIN authorizations a on r.authorization_id=a.id WHERE r.role_id=? 
2018-06-19 17:21:33.565 [http-nio-8000-exec-2] DEBUG c.q.qimingdata.dao.RoleAuthorMapper.queryForWhere 181- ==> Parameters: 1(Integer)
2018-06-19 17:21:33.568 [http-nio-8000-exec-2] DEBUG c.q.qimingdata.dao.RoleAuthorMapper.queryForWhere 181- <==      Total: 18
2018-06-19 17:22:01.737 [http-nio-8000-exec-10] DEBUG c.q.q.dao.userRolesMapper.queryForUserRoles 181- ==>  Preparing: SELECT u.id id, u.user_id userId ,u.role_id roleId,u.gmt_time gmtTime,u.gmt_modify gmtModify,u.status status, m.login_phone loginPhone,m.login_email loginEmail,r.role_name roleName from user_role u LEFT JOIN member_user m on u.user_id=m.id LEFT JOIN role r on u.role_id=r.id where m.status=0 and r.status=0 and u.user_id=? order by u.id 
2018-06-19 17:22:01.738 [http-nio-8000-exec-10] DEBUG c.q.q.dao.userRolesMapper.queryForUserRoles 181- ==> Parameters: 1(Integer)
2018-06-19 17:22:01.739 [http-nio-8000-exec-10] DEBUG c.q.q.dao.userRolesMapper.queryForUserRoles 181- <==      Total: 1
2018-06-19 17:22:01.739 [http-nio-8000-exec-10] DEBUG c.q.qimingdata.dao.RoleAuthorMapper.queryForWhere 181- ==>  Preparing: select * from role_authorization r LEFT JOIN authorizations a on r.authorization_id=a.id WHERE r.role_id=? 
2018-06-19 17:22:01.740 [http-nio-8000-exec-10] DEBUG c.q.qimingdata.dao.RoleAuthorMapper.queryForWhere 181- ==> Parameters: 1(Integer)
2018-06-19 17:22:01.742 [http-nio-8000-exec-10] DEBUG c.q.qimingdata.dao.RoleAuthorMapper.queryForWhere 181- <==      Total: 18
2018-06-19 17:25:23.638 [http-nio-8000-exec-4] DEBUG c.q.qimingdata.dao.MemberUserMapper.selectByName 181- ==>  Preparing: select id, login_phone, login_email, login_password, gmt_create, gmt_modified, status, credentialssalt,last_login_time from member_user where login_phone=? 
2018-06-19 17:25:23.639 [http-nio-8000-exec-4] DEBUG c.q.qimingdata.dao.MemberUserMapper.selectByName 181- ==> Parameters: 15938742931(String)
2018-06-19 17:25:23.640 [http-nio-8000-exec-4] DEBUG c.q.qimingdata.dao.MemberUserMapper.selectByName 181- <==      Total: 1
2018-06-19 17:25:23.641 [http-nio-8000-exec-4] DEBUG c.q.qimingdata.dao.userRolesMapper.selectByExample 181- ==>  Preparing: select id, user_id, role_id, gmt_time, gmt_modify, status, menuid from user_role WHERE ( user_id = ? ) 
2018-06-19 17:25:23.642 [http-nio-8000-exec-4] DEBUG c.q.qimingdata.dao.userRolesMapper.selectByExample 181- ==> Parameters: 1(Integer)
2018-06-19 17:25:23.643 [http-nio-8000-exec-4] DEBUG c.q.qimingdata.dao.userRolesMapper.selectByExample 181- <==      Total: 1
2018-06-19 17:25:23.644 [http-nio-8000-exec-4] DEBUG c.q.qimingdata.dao.SysMenuMapper.getSysMenuInfo 181- ==>  Preparing: select s.menu_name menuName,s.image syImage,p.url url1 ,p.menu_name pMenuName,ah.authorization_name authorizationName FROM sysmenu s INNER JOIN sysmenu p on s.id=p.parent_id left JOIN role_sysmenu r on p.id=r.menu_id left join authorizations ah on ah.parent_tr_id=p.id where r.roleid=? 
2018-06-19 17:25:23.644 [http-nio-8000-exec-4] DEBUG c.q.qimingdata.dao.SysMenuMapper.getSysMenuInfo 181- ==> Parameters: 1(Integer)
2018-06-19 17:25:23.648 [http-nio-8000-exec-4] DEBUG c.q.qimingdata.dao.SysMenuMapper.getSysMenuInfo 181- <==      Total: 22
2018-06-19 17:25:26.865 [http-nio-8000-exec-3] DEBUG c.q.q.dao.userRolesMapper.queryForUserRoles 181- ==>  Preparing: SELECT u.id id, u.user_id userId ,u.role_id roleId,u.gmt_time gmtTime,u.gmt_modify gmtModify,u.status status, m.login_phone loginPhone,m.login_email loginEmail,r.role_name roleName from user_role u LEFT JOIN member_user m on u.user_id=m.id LEFT JOIN role r on u.role_id=r.id where m.status=0 and r.status=0 and u.user_id=? order by u.id 
2018-06-19 17:25:26.865 [http-nio-8000-exec-3] DEBUG c.q.q.dao.userRolesMapper.queryForUserRoles 181- ==> Parameters: 1(Integer)
2018-06-19 17:25:26.867 [http-nio-8000-exec-3] DEBUG c.q.q.dao.userRolesMapper.queryForUserRoles 181- <==      Total: 1
2018-06-19 17:25:26.869 [http-nio-8000-exec-3] DEBUG c.q.qimingdata.dao.RoleAuthorMapper.queryForWhere 181- ==>  Preparing: select * from role_authorization r LEFT JOIN authorizations a on r.authorization_id=a.id WHERE r.role_id=? 
2018-06-19 17:25:26.869 [http-nio-8000-exec-3] DEBUG c.q.qimingdata.dao.RoleAuthorMapper.queryForWhere 181- ==> Parameters: 1(Integer)
2018-06-19 17:25:26.872 [http-nio-8000-exec-3] DEBUG c.q.qimingdata.dao.RoleAuthorMapper.queryForWhere 181- <==      Total: 18
2018-06-19 17:27:08.631 [http-nio-8000-exec-4] DEBUG c.q.qimingdata.dao.MemberUserMapper.selectByName 181- ==>  Preparing: select id, login_phone, login_email, login_password, gmt_create, gmt_modified, status, credentialssalt,last_login_time from member_user where login_phone=? 
2018-06-19 17:27:08.632 [http-nio-8000-exec-4] DEBUG c.q.qimingdata.dao.MemberUserMapper.selectByName 181- ==> Parameters: 15938742931(String)
2018-06-19 17:27:08.633 [http-nio-8000-exec-4] DEBUG c.q.qimingdata.dao.MemberUserMapper.selectByName 181- <==      Total: 1
2018-06-19 17:27:08.634 [http-nio-8000-exec-4] DEBUG c.q.qimingdata.dao.userRolesMapper.selectByExample 181- ==>  Preparing: select id, user_id, role_id, gmt_time, gmt_modify, status, menuid from user_role WHERE ( user_id = ? ) 
2018-06-19 17:27:08.634 [http-nio-8000-exec-4] DEBUG c.q.qimingdata.dao.userRolesMapper.selectByExample 181- ==> Parameters: 1(Integer)
2018-06-19 17:27:08.636 [http-nio-8000-exec-4] DEBUG c.q.qimingdata.dao.userRolesMapper.selectByExample 181- <==      Total: 1
2018-06-19 17:27:08.636 [http-nio-8000-exec-4] DEBUG c.q.qimingdata.dao.SysMenuMapper.getSysMenuInfo 181- ==>  Preparing: select s.menu_name menuName,s.image syImage,p.url url1 ,p.menu_name pMenuName,ah.authorization_name authorizationName FROM sysmenu s INNER JOIN sysmenu p on s.id=p.parent_id left JOIN role_sysmenu r on p.id=r.menu_id left join authorizations ah on ah.parent_tr_id=p.id where r.roleid=? 
2018-06-19 17:27:08.637 [http-nio-8000-exec-4] DEBUG c.q.qimingdata.dao.SysMenuMapper.getSysMenuInfo 181- ==> Parameters: 1(Integer)
2018-06-19 17:27:08.639 [http-nio-8000-exec-4] DEBUG c.q.qimingdata.dao.SysMenuMapper.getSysMenuInfo 181- <==      Total: 22
2018-06-19 17:27:13.624 [http-nio-8000-exec-3] DEBUG c.q.q.dao.userRolesMapper.queryForUserRoles 181- ==>  Preparing: SELECT u.id id, u.user_id userId ,u.role_id roleId,u.gmt_time gmtTime,u.gmt_modify gmtModify,u.status status, m.login_phone loginPhone,m.login_email loginEmail,r.role_name roleName from user_role u LEFT JOIN member_user m on u.user_id=m.id LEFT JOIN role r on u.role_id=r.id where m.status=0 and r.status=0 and u.user_id=? order by u.id 
2018-06-19 17:27:13.625 [http-nio-8000-exec-3] DEBUG c.q.q.dao.userRolesMapper.queryForUserRoles 181- ==> Parameters: 1(Integer)
2018-06-19 17:27:13.626 [http-nio-8000-exec-3] DEBUG c.q.q.dao.userRolesMapper.queryForUserRoles 181- <==      Total: 1
2018-06-19 17:27:13.627 [http-nio-8000-exec-3] DEBUG c.q.qimingdata.dao.RoleAuthorMapper.queryForWhere 181- ==>  Preparing: select * from role_authorization r LEFT JOIN authorizations a on r.authorization_id=a.id WHERE r.role_id=? 
2018-06-19 17:27:13.627 [http-nio-8000-exec-3] DEBUG c.q.qimingdata.dao.RoleAuthorMapper.queryForWhere 181- ==> Parameters: 1(Integer)
2018-06-19 17:27:13.629 [http-nio-8000-exec-3] DEBUG c.q.qimingdata.dao.RoleAuthorMapper.queryForWhere 181- <==      Total: 18
2018-06-19 17:27:49.012 [http-nio-8000-exec-4] DEBUG c.q.q.dao.userRolesMapper.queryForUserRoles 181- ==>  Preparing: SELECT u.id id, u.user_id userId ,u.role_id roleId,u.gmt_time gmtTime,u.gmt_modify gmtModify,u.status status, m.login_phone loginPhone,m.login_email loginEmail,r.role_name roleName from user_role u LEFT JOIN member_user m on u.user_id=m.id LEFT JOIN role r on u.role_id=r.id where m.status=0 and r.status=0 and u.user_id=? order by u.id 
2018-06-19 17:27:49.012 [http-nio-8000-exec-4] DEBUG c.q.q.dao.userRolesMapper.queryForUserRoles 181- ==> Parameters: 1(Integer)
2018-06-19 17:27:49.014 [http-nio-8000-exec-4] DEBUG c.q.q.dao.userRolesMapper.queryForUserRoles 181- <==      Total: 1
2018-06-19 17:27:49.015 [http-nio-8000-exec-4] DEBUG c.q.qimingdata.dao.RoleAuthorMapper.queryForWhere 181- ==>  Preparing: select * from role_authorization r LEFT JOIN authorizations a on r.authorization_id=a.id WHERE r.role_id=? 
2018-06-19 17:27:49.015 [http-nio-8000-exec-4] DEBUG c.q.qimingdata.dao.RoleAuthorMapper.queryForWhere 181- ==> Parameters: 1(Integer)
2018-06-19 17:27:49.017 [http-nio-8000-exec-4] DEBUG c.q.qimingdata.dao.RoleAuthorMapper.queryForWhere 181- <==      Total: 18
2018-06-19 17:29:30.617 [http-nio-8000-exec-3] DEBUG c.q.q.dao.userRolesMapper.queryForUserRoles 181- ==>  Preparing: SELECT u.id id, u.user_id userId ,u.role_id roleId,u.gmt_time gmtTime,u.gmt_modify gmtModify,u.status status, m.login_phone loginPhone,m.login_email loginEmail,r.role_name roleName from user_role u LEFT JOIN member_user m on u.user_id=m.id LEFT JOIN role r on u.role_id=r.id where m.status=0 and r.status=0 and u.user_id=? order by u.id 
2018-06-19 17:29:30.618 [http-nio-8000-exec-3] DEBUG c.q.q.dao.userRolesMapper.queryForUserRoles 181- ==> Parameters: 1(Integer)
2018-06-19 17:29:30.619 [http-nio-8000-exec-3] DEBUG c.q.q.dao.userRolesMapper.queryForUserRoles 181- <==      Total: 1
2018-06-19 17:29:30.620 [http-nio-8000-exec-3] DEBUG c.q.qimingdata.dao.RoleAuthorMapper.queryForWhere 181- ==>  Preparing: select * from role_authorization r LEFT JOIN authorizations a on r.authorization_id=a.id WHERE r.role_id=? 
2018-06-19 17:29:30.621 [http-nio-8000-exec-3] DEBUG c.q.qimingdata.dao.RoleAuthorMapper.queryForWhere 181- ==> Parameters: 1(Integer)
2018-06-19 17:29:30.623 [http-nio-8000-exec-3] DEBUG c.q.qimingdata.dao.RoleAuthorMapper.queryForWhere 181- <==      Total: 18
2018-06-19 17:29:37.025 [http-nio-8000-exec-1] DEBUG c.q.q.dao.userRolesMapper.queryForUserRoles 181- ==>  Preparing: SELECT u.id id, u.user_id userId ,u.role_id roleId,u.gmt_time gmtTime,u.gmt_modify gmtModify,u.status status, m.login_phone loginPhone,m.login_email loginEmail,r.role_name roleName from user_role u LEFT JOIN member_user m on u.user_id=m.id LEFT JOIN role r on u.role_id=r.id where m.status=0 and r.status=0 and u.user_id=? order by u.id 
2018-06-19 17:29:37.025 [http-nio-8000-exec-1] DEBUG c.q.q.dao.userRolesMapper.queryForUserRoles 181- ==> Parameters: 1(Integer)
2018-06-19 17:29:37.027 [http-nio-8000-exec-1] DEBUG c.q.q.dao.userRolesMapper.queryForUserRoles 181- <==      Total: 1
2018-06-19 17:29:37.028 [http-nio-8000-exec-1] DEBUG c.q.qimingdata.dao.RoleAuthorMapper.queryForWhere 181- ==>  Preparing: select * from role_authorization r LEFT JOIN authorizations a on r.authorization_id=a.id WHERE r.role_id=? 
2018-06-19 17:29:37.028 [http-nio-8000-exec-1] DEBUG c.q.qimingdata.dao.RoleAuthorMapper.queryForWhere 181- ==> Parameters: 1(Integer)
2018-06-19 17:29:37.030 [http-nio-8000-exec-1] DEBUG c.q.qimingdata.dao.RoleAuthorMapper.queryForWhere 181- <==      Total: 18
2018-06-19 17:31:31.130 [http-nio-8000-exec-5] DEBUG c.q.q.dao.userRolesMapper.queryForUserRoles 181- ==>  Preparing: SELECT u.id id, u.user_id userId ,u.role_id roleId,u.gmt_time gmtTime,u.gmt_modify gmtModify,u.status status, m.login_phone loginPhone,m.login_email loginEmail,r.role_name roleName from user_role u LEFT JOIN member_user m on u.user_id=m.id LEFT JOIN role r on u.role_id=r.id where m.status=0 and r.status=0 and u.user_id=? order by u.id 
2018-06-19 17:31:31.131 [http-nio-8000-exec-5] DEBUG c.q.q.dao.userRolesMapper.queryForUserRoles 181- ==> Parameters: 1(Integer)
2018-06-19 17:31:31.132 [http-nio-8000-exec-5] DEBUG c.q.q.dao.userRolesMapper.queryForUserRoles 181- <==      Total: 1
2018-06-19 17:31:31.133 [http-nio-8000-exec-5] DEBUG c.q.qimingdata.dao.RoleAuthorMapper.queryForWhere 181- ==>  Preparing: select * from role_authorization r LEFT JOIN authorizations a on r.authorization_id=a.id WHERE r.role_id=? 
2018-06-19 17:31:31.133 [http-nio-8000-exec-5] DEBUG c.q.qimingdata.dao.RoleAuthorMapper.queryForWhere 181- ==> Parameters: 1(Integer)
2018-06-19 17:31:31.135 [http-nio-8000-exec-5] DEBUG c.q.qimingdata.dao.RoleAuthorMapper.queryForWhere 181- <==      Total: 18
2018-06-19 17:31:56.045 [http-nio-8000-exec-9] DEBUG c.q.qimingdata.dao.MemberUserMapper.selectByName 181- ==>  Preparing: select id, login_phone, login_email, login_password, gmt_create, gmt_modified, status, credentialssalt,last_login_time from member_user where login_phone=? 
2018-06-19 17:31:56.046 [http-nio-8000-exec-9] DEBUG c.q.qimingdata.dao.MemberUserMapper.selectByName 181- ==> Parameters: 15938742931(String)
2018-06-19 17:31:56.047 [http-nio-8000-exec-9] DEBUG c.q.qimingdata.dao.MemberUserMapper.selectByName 181- <==      Total: 1
2018-06-19 17:31:56.047 [http-nio-8000-exec-9] DEBUG c.q.qimingdata.dao.userRolesMapper.selectByExample 181- ==>  Preparing: select id, user_id, role_id, gmt_time, gmt_modify, status, menuid from user_role WHERE ( user_id = ? ) 
2018-06-19 17:31:56.047 [http-nio-8000-exec-9] DEBUG c.q.qimingdata.dao.userRolesMapper.selectByExample 181- ==> Parameters: 1(Integer)
2018-06-19 17:31:56.048 [http-nio-8000-exec-9] DEBUG c.q.qimingdata.dao.userRolesMapper.selectByExample 181- <==      Total: 1
2018-06-19 17:31:56.048 [http-nio-8000-exec-9] DEBUG c.q.qimingdata.dao.SysMenuMapper.getSysMenuInfo 181- ==>  Preparing: select s.menu_name menuName,s.image syImage,p.url url1 ,p.menu_name pMenuName,ah.authorization_name authorizationName FROM sysmenu s INNER JOIN sysmenu p on s.id=p.parent_id left JOIN role_sysmenu r on p.id=r.menu_id left join authorizations ah on ah.parent_tr_id=p.id where r.roleid=? 
2018-06-19 17:31:56.049 [http-nio-8000-exec-9] DEBUG c.q.qimingdata.dao.SysMenuMapper.getSysMenuInfo 181- ==> Parameters: 1(Integer)
2018-06-19 17:31:56.051 [http-nio-8000-exec-9] DEBUG c.q.qimingdata.dao.SysMenuMapper.getSysMenuInfo 181- <==      Total: 22
2018-06-19 17:31:59.239 [http-nio-8000-exec-6] DEBUG c.q.q.dao.userRolesMapper.queryForUserRoles 181- ==>  Preparing: SELECT u.id id, u.user_id userId ,u.role_id roleId,u.gmt_time gmtTime,u.gmt_modify gmtModify,u.status status, m.login_phone loginPhone,m.login_email loginEmail,r.role_name roleName from user_role u LEFT JOIN member_user m on u.user_id=m.id LEFT JOIN role r on u.role_id=r.id where m.status=0 and r.status=0 and u.user_id=? order by u.id 
2018-06-19 17:31:59.239 [http-nio-8000-exec-6] DEBUG c.q.q.dao.userRolesMapper.queryForUserRoles 181- ==> Parameters: 1(Integer)
2018-06-19 17:31:59.240 [http-nio-8000-exec-6] DEBUG c.q.q.dao.userRolesMapper.queryForUserRoles 181- <==      Total: 1
2018-06-19 17:31:59.241 [http-nio-8000-exec-6] DEBUG c.q.qimingdata.dao.RoleAuthorMapper.queryForWhere 181- ==>  Preparing: select * from role_authorization r LEFT JOIN authorizations a on r.authorization_id=a.id WHERE r.role_id=? 
2018-06-19 17:31:59.241 [http-nio-8000-exec-6] DEBUG c.q.qimingdata.dao.RoleAuthorMapper.queryForWhere 181- ==> Parameters: 1(Integer)
2018-06-19 17:31:59.243 [http-nio-8000-exec-6] DEBUG c.q.qimingdata.dao.RoleAuthorMapper.queryForWhere 181- <==      Total: 18
2018-06-19 17:32:33.006 [http-nio-8000-exec-5] DEBUG c.q.qimingdata.dao.MemberUserMapper.selectByName 181- ==>  Preparing: select id, login_phone, login_email, login_password, gmt_create, gmt_modified, status, credentialssalt,last_login_time from member_user where login_phone=? 
2018-06-19 17:32:33.007 [http-nio-8000-exec-5] DEBUG c.q.qimingdata.dao.MemberUserMapper.selectByName 181- ==> Parameters: 15938742931(String)
2018-06-19 17:32:33.008 [http-nio-8000-exec-5] DEBUG c.q.qimingdata.dao.MemberUserMapper.selectByName 181- <==      Total: 1
2018-06-19 17:32:33.009 [http-nio-8000-exec-5] DEBUG c.q.qimingdata.dao.userRolesMapper.selectByExample 181- ==>  Preparing: select id, user_id, role_id, gmt_time, gmt_modify, status, menuid from user_role WHERE ( user_id = ? ) 
2018-06-19 17:32:33.009 [http-nio-8000-exec-5] DEBUG c.q.qimingdata.dao.userRolesMapper.selectByExample 181- ==> Parameters: 1(Integer)
2018-06-19 17:32:33.011 [http-nio-8000-exec-5] DEBUG c.q.qimingdata.dao.userRolesMapper.selectByExample 181- <==      Total: 1
2018-06-19 17:32:33.011 [http-nio-8000-exec-5] DEBUG c.q.qimingdata.dao.SysMenuMapper.getSysMenuInfo 181- ==>  Preparing: select s.menu_name menuName,s.image syImage,p.url url1 ,p.menu_name pMenuName,ah.authorization_name authorizationName FROM sysmenu s INNER JOIN sysmenu p on s.id=p.parent_id left JOIN role_sysmenu r on p.id=r.menu_id left join authorizations ah on ah.parent_tr_id=p.id where r.roleid=? 
2018-06-19 17:32:33.011 [http-nio-8000-exec-5] DEBUG c.q.qimingdata.dao.SysMenuMapper.getSysMenuInfo 181- ==> Parameters: 1(Integer)
2018-06-19 17:32:33.013 [http-nio-8000-exec-5] DEBUG c.q.qimingdata.dao.SysMenuMapper.getSysMenuInfo 181- <==      Total: 22
2018-06-19 17:32:38.497 [http-nio-8000-exec-4] DEBUG c.q.q.dao.userRolesMapper.queryForUserRoles 181- ==>  Preparing: SELECT u.id id, u.user_id userId ,u.role_id roleId,u.gmt_time gmtTime,u.gmt_modify gmtModify,u.status status, m.login_phone loginPhone,m.login_email loginEmail,r.role_name roleName from user_role u LEFT JOIN member_user m on u.user_id=m.id LEFT JOIN role r on u.role_id=r.id where m.status=0 and r.status=0 and u.user_id=? order by u.id 
2018-06-19 17:32:38.498 [http-nio-8000-exec-4] DEBUG c.q.q.dao.userRolesMapper.queryForUserRoles 181- ==> Parameters: 1(Integer)
2018-06-19 17:32:38.500 [http-nio-8000-exec-4] DEBUG c.q.q.dao.userRolesMapper.queryForUserRoles 181- <==      Total: 1
2018-06-19 17:32:38.500 [http-nio-8000-exec-4] DEBUG c.q.qimingdata.dao.RoleAuthorMapper.queryForWhere 181- ==>  Preparing: select * from role_authorization r LEFT JOIN authorizations a on r.authorization_id=a.id WHERE r.role_id=? 
2018-06-19 17:32:38.501 [http-nio-8000-exec-4] DEBUG c.q.qimingdata.dao.RoleAuthorMapper.queryForWhere 181- ==> Parameters: 1(Integer)
2018-06-19 17:32:38.502 [http-nio-8000-exec-4] DEBUG c.q.qimingdata.dao.RoleAuthorMapper.queryForWhere 181- <==      Total: 18
