2018-02-12 13:44:06.196 [restartedMain] INFO  o.s.c.a.AnnotationConfigApplicationContext 583- Refreshing org.springframework.context.annotation.AnnotationConfigApplicationContext@3b6c5dd6: startup date [Mon Feb 12 13:44:06 GMT+08:00 2018]; root of context hierarchy
2018-02-12 13:44:06.312 [background-preinit] INFO  org.hibernate.validator.internal.util.Version 30- HV000001: Hibernate Validator 5.3.6.Final
2018-02-12 13:44:06.390 [restartedMain] INFO  o.s.b.f.a.AutowiredAnnotationBeanPostProcessor 155- JSR-330 'javax.inject.Inject' annotation found and supported for autowiring
2018-02-12 13:44:06.421 [restartedMain] INFO  o.s.c.s.PostProcessorRegistrationDelegate$BeanPostProcessorChecker 327- Bean 'configurationPropertiesRebinderAutoConfiguration' of type [org.springframework.cloud.autoconfigure.ConfigurationPropertiesRebinderAutoConfiguration$$EnhancerBySpringCGLIB$$16f5b404] is not eligible for getting processed by all BeanPostProcessors (for example: not eligible for auto-proxying)
2018-02-12 13:44:06.743 [restartedMain] INFO  com.csjscm.VicidataApplication 593- No active profile set, falling back to default profiles: default
2018-02-12 13:44:06.757 [restartedMain] INFO  o.s.b.c.e.AnnotationConfigEmbeddedWebApplicationContext 583- Refreshing org.springframework.boot.context.embedded.AnnotationConfigEmbeddedWebApplicationContext@70a68a92: startup date [Mon Feb 12 13:44:06 GMT+08:00 2018]; parent: org.springframework.context.annotation.AnnotationConfigApplicationContext@3b6c5dd6
2018-02-12 13:44:07.608 [restartedMain] WARN  org.mybatis.spring.mapper.ClassPathMapperScanner 166- No MyBatis mapper was found in '[com.csjscm.mysqldata.controller, com.csjscm.mysqldata]' package. Please check your configuration.
2018-02-12 13:44:07.705 [restartedMain] WARN  o.s.c.annotation.ConfigurationClassPostProcessor 373- Cannot enhance @Configuration bean definition 'mysqlDataSourceConfig' since its singleton instance has been created too early. The typical cause is a non-static @Bean method with a BeanDefinitionRegistryPostProcessor return type: Consider declaring such methods as 'static'.
2018-02-12 13:44:07.779 [restartedMain] INFO  o.springframework.cloud.context.scope.GenericScope 263- BeanFactory id=f17d6a7f-3339-31d1-a871-5f32f8741848
2018-02-12 13:44:07.789 [restartedMain] INFO  o.s.b.f.a.AutowiredAnnotationBeanPostProcessor 155- JSR-330 'javax.inject.Inject' annotation found and supported for autowiring
2018-02-12 13:44:07.854 [restartedMain] INFO  o.s.c.s.PostProcessorRegistrationDelegate$BeanPostProcessorChecker 327- Bean 'org.springframework.transaction.annotation.ProxyTransactionManagementConfiguration' of type [org.springframework.transaction.annotation.ProxyTransactionManagementConfiguration$$EnhancerBySpringCGLIB$$fadbb107] is not eligible for getting processed by all BeanPostProcessors (for example: not eligible for auto-proxying)
2018-02-12 13:44:07.880 [restartedMain] INFO  o.s.c.s.PostProcessorRegistrationDelegate$BeanPostProcessorChecker 327- Bean 'org.springframework.cloud.autoconfigure.ConfigurationPropertiesRebinderAutoConfiguration' of type [org.springframework.cloud.autoconfigure.ConfigurationPropertiesRebinderAutoConfiguration$$EnhancerBySpringCGLIB$$16f5b404] is not eligible for getting processed by all BeanPostProcessors (for example: not eligible for auto-proxying)
2018-02-12 13:44:08.355 [restartedMain] INFO  o.s.b.c.e.tomcat.TomcatEmbeddedServletContainer 89- Tomcat initialized with port(s): 8080 (http)
2018-02-12 13:44:08.365 [restartedMain] INFO  org.apache.catalina.core.StandardService 179- Starting service [Tomcat]
2018-02-12 13:44:08.366 [restartedMain] INFO  org.apache.catalina.core.StandardEngine 179- Starting Servlet Engine: Apache Tomcat/8.5.23
2018-02-12 13:44:08.538 [localhost-startStop-1] INFO  o.a.c.core.ContainerBase.[Tomcat].[localhost].[/] 179- Initializing Spring embedded WebApplicationContext
2018-02-12 13:44:08.539 [localhost-startStop-1] INFO  org.springframework.web.context.ContextLoader 276- Root WebApplicationContext: initialization completed in 1783 ms
2018-02-12 13:44:08.618 [localhost-startStop-1] INFO  o.s.boot.web.servlet.ServletRegistrationBean 190- Mapping servlet: 'dispatcherServlet' to [/]
2018-02-12 13:44:08.621 [localhost-startStop-1] INFO  o.s.boot.web.servlet.FilterRegistrationBean 258- Mapping filter: 'characterEncodingFilter' to: [/*]
2018-02-12 13:44:09.361 [restartedMain] INFO  o.s.w.s.m.m.a.RequestMappingHandlerMapping 543- Mapped "{[/article/toarticle]}" onto public org.springframework.web.servlet.ModelAndView com.csjscm.mysqldata.controller.articlecontroller.ArticleController.toArticle()
2018-02-12 13:44:09.362 [restartedMain] INFO  o.s.w.s.m.m.a.RequestMappingHandlerMapping 543- Mapped "{[/article/toarticle1]}" onto public org.springframework.web.servlet.ModelAndView com.csjscm.mysqldata.controller.articlecontroller.ArticleController.toArticle1()
2018-02-12 13:44:09.364 [restartedMain] INFO  o.s.w.s.m.m.a.RequestMappingHandlerMapping 543- Mapped "{[/article/listtoarticle]}" onto public java.lang.String com.csjscm.mysqldata.controller.articlecontroller.ArticleController.listArticleType(com.csjscm.mysqldata.model.ArticleTypeQuery)
2018-02-12 13:44:09.365 [restartedMain] INFO  o.s.w.s.m.m.a.RequestMappingHandlerMapping 543- Mapped "{[/user/userlogin],methods=[GET]}" onto public java.util.List<com.csjscm.mysqldata.model.UserModel> com.csjscm.mysqldata.controller.UserController.selectUser()
2018-02-12 13:44:09.365 [restartedMain] INFO  o.s.w.s.m.m.a.RequestMappingHandlerMapping 543- Mapped "{[/user/view1],methods=[GET]}" onto public org.springframework.web.servlet.ModelAndView com.csjscm.mysqldata.controller.UserController.viewex()
2018-02-12 13:44:09.366 [restartedMain] INFO  o.s.w.s.m.m.a.RequestMappingHandlerMapping 543- Mapped "{[/user/tologin],methods=[GET]}" onto public org.springframework.web.servlet.ModelAndView com.csjscm.mysqldata.controller.UserController.toLogin()
2018-02-12 13:44:09.366 [restartedMain] INFO  o.s.w.s.m.m.a.RequestMappingHandlerMapping 543- Mapped "{[/user/backlogin],methods=[POST]}" onto public org.springframework.web.servlet.ModelAndView com.csjscm.mysqldata.controller.UserController.backLogin()
2018-02-12 13:44:09.367 [restartedMain] INFO  o.s.w.s.m.m.a.RequestMappingHandlerMapping 543- Mapped "{[/v2/api-docs],methods=[GET],produces=[application/json || application/hal+json]}" onto public org.springframework.http.ResponseEntity<springfox.documentation.spring.web.json.Json> springfox.documentation.swagger2.web.Swagger2Controller.getDocumentation(java.lang.String,javax.servlet.http.HttpServletRequest)
2018-02-12 13:44:09.370 [restartedMain] INFO  o.s.w.s.m.m.a.RequestMappingHandlerMapping 543- Mapped "{[/swagger-resources/configuration/ui]}" onto org.springframework.http.ResponseEntity<springfox.documentation.swagger.web.UiConfiguration> springfox.documentation.swagger.web.ApiResourceController.uiConfiguration()
2018-02-12 13:44:09.371 [restartedMain] INFO  o.s.w.s.m.m.a.RequestMappingHandlerMapping 543- Mapped "{[/swagger-resources]}" onto org.springframework.http.ResponseEntity<java.util.List<springfox.documentation.swagger.web.SwaggerResource>> springfox.documentation.swagger.web.ApiResourceController.swaggerResources()
2018-02-12 13:44:09.372 [restartedMain] INFO  o.s.w.s.m.m.a.RequestMappingHandlerMapping 543- Mapped "{[/swagger-resources/configuration/security]}" onto org.springframework.http.ResponseEntity<springfox.documentation.swagger.web.SecurityConfiguration> springfox.documentation.swagger.web.ApiResourceController.securityConfiguration()
2018-02-12 13:44:09.374 [restartedMain] INFO  o.s.w.s.m.m.a.RequestMappingHandlerMapping 543- Mapped "{[/error]}" onto public org.springframework.http.ResponseEntity<java.util.Map<java.lang.String, java.lang.Object>> org.springframework.boot.autoconfigure.web.BasicErrorController.error(javax.servlet.http.HttpServletRequest)
2018-02-12 13:44:09.375 [restartedMain] INFO  o.s.w.s.m.m.a.RequestMappingHandlerMapping 543- Mapped "{[/error],produces=[text/html]}" onto public org.springframework.web.servlet.ModelAndView org.springframework.boot.autoconfigure.web.BasicErrorController.errorHtml(javax.servlet.http.HttpServletRequest,javax.servlet.http.HttpServletResponse)
2018-02-12 13:44:09.486 [restartedMain] INFO  o.s.web.servlet.handler.SimpleUrlHandlerMapping 362- Mapped URL path [/static/**] onto handler of type [class org.springframework.web.servlet.resource.ResourceHttpRequestHandler]
2018-02-12 13:44:09.531 [restartedMain] INFO  o.s.w.s.m.m.a.RequestMappingHandlerAdapter 534- Looking for @ControllerAdvice: org.springframework.boot.context.embedded.AnnotationConfigEmbeddedWebApplicationContext@70a68a92: startup date [Mon Feb 12 13:44:06 GMT+08:00 2018]; parent: org.springframework.context.annotation.AnnotationConfigApplicationContext@3b6c5dd6
2018-02-12 13:44:09.935 [restartedMain] INFO  o.s.w.servlet.view.freemarker.FreeMarkerConfigurer 127- ClassTemplateLoader for Spring macros added to FreeMarker configuration
2018-02-12 13:44:10.085 [restartedMain] INFO  o.s.b.d.autoconfigure.OptionalLiveReloadServer 58- LiveReload server is running on port 35729
2018-02-12 13:44:10.172 [restartedMain] WARN  o.s.c.netflix.archaius.ArchaiusAutoConfiguration 138- No spring.application.name found, defaulting to 'application'
2018-02-12 13:44:10.174 [restartedMain] WARN  com.netflix.config.sources.URLConfigurationSource 121- No URLs will be polled as dynamic configuration sources.
2018-02-12 13:44:10.174 [restartedMain] INFO  com.netflix.config.sources.URLConfigurationSource 122- To enable URLs as dynamic configuration sources, define System property archaius.configurationSource.additionalUrls or make config.properties available on classpath.
2018-02-12 13:44:10.196 [restartedMain] WARN  com.netflix.config.sources.URLConfigurationSource 121- No URLs will be polled as dynamic configuration sources.
2018-02-12 13:44:10.196 [restartedMain] INFO  com.netflix.config.sources.URLConfigurationSource 122- To enable URLs as dynamic configuration sources, define System property archaius.configurationSource.additionalUrls or make config.properties available on classpath.
2018-02-12 13:44:10.267 [restartedMain] INFO  o.s.jmx.export.annotation.AnnotationMBeanExporter 431- Registering beans for JMX exposure on startup
2018-02-12 13:44:10.275 [restartedMain] INFO  o.s.jmx.export.annotation.AnnotationMBeanExporter 916- Bean with name 'configurationPropertiesRebinder' has been autodetected for JMX exposure
2018-02-12 13:44:10.276 [restartedMain] INFO  o.s.jmx.export.annotation.AnnotationMBeanExporter 916- Bean with name 'environmentManager' has been autodetected for JMX exposure
2018-02-12 13:44:10.276 [restartedMain] INFO  o.s.jmx.export.annotation.AnnotationMBeanExporter 916- Bean with name 'refreshScope' has been autodetected for JMX exposure
2018-02-12 13:44:10.279 [restartedMain] INFO  o.s.jmx.export.annotation.AnnotationMBeanExporter 678- Located managed bean 'environmentManager': registering with JMX server as MBean [org.springframework.cloud.context.environment:name=environmentManager,type=EnvironmentManager]
2018-02-12 13:44:10.298 [restartedMain] INFO  o.s.jmx.export.annotation.AnnotationMBeanExporter 678- Located managed bean 'refreshScope': registering with JMX server as MBean [org.springframework.cloud.context.scope.refresh:name=refreshScope,type=RefreshScope]
2018-02-12 13:44:10.305 [restartedMain] INFO  o.s.jmx.export.annotation.AnnotationMBeanExporter 678- Located managed bean 'configurationPropertiesRebinder': registering with JMX server as MBean [org.springframework.cloud.context.properties:name=configurationPropertiesRebinder,context=70a68a92,type=ConfigurationPropertiesRebinder]
2018-02-12 13:44:10.454 [restartedMain] INFO  o.s.context.support.DefaultLifecycleProcessor 343- Starting beans in phase 2147483647
2018-02-12 13:44:10.455 [restartedMain] INFO  s.d.s.web.plugins.DocumentationPluginsBootstrapper 120- Context refreshed
2018-02-12 13:44:10.480 [restartedMain] INFO  s.d.s.web.plugins.DocumentationPluginsBootstrapper 123- Found 1 custom documentation plugin(s)
2018-02-12 13:44:10.499 [restartedMain] INFO  s.d.spring.web.scanners.ApiListingReferenceScanner 41- Scanning for api listing references
2018-02-12 13:44:10.527 [restartedMain] INFO  org.apache.coyote.http11.Http11NioProtocol 179- Initializing ProtocolHandler ["http-nio-8080"]
2018-02-12 13:44:10.536 [restartedMain] INFO  org.apache.coyote.http11.Http11NioProtocol 179- Starting ProtocolHandler ["http-nio-8080"]
2018-02-12 13:44:10.544 [restartedMain] INFO  org.apache.tomcat.util.net.NioSelectorPool 179- Using a shared selector for servlet write/read
2018-02-12 13:44:10.560 [restartedMain] INFO  o.s.b.c.e.tomcat.TomcatEmbeddedServletContainer 201- Tomcat started on port(s): 8080 (http)
2018-02-12 13:44:10.564 [restartedMain] INFO  com.csjscm.VicidataApplication 57- Started VicidataApplication in 4.846 seconds (JVM running for 6.395)
2018-02-12 13:44:25.756 [http-nio-8080-exec-1] INFO  org.apache.tomcat.util.http.parser.Cookie 179- A cookie header was received [1518150886,1518308819,1518403682; Hm_lpvt_a46387646542db27a337e807745077f4=1518412051; Hm_lvt_86670fd75a12201bcdcefac1e98b076f=1518136108,1518150886,1518308819,1518403682; Hm_lpvt_86670fd75a12201bcdcefac1e98b076f=1518412051] that contained an invalid cookie. That cookie will be ignored.Note: further occurrences of this error will be logged at DEBUG level.
2018-02-12 13:44:25.763 [http-nio-8080-exec-1] INFO  o.a.c.core.ContainerBase.[Tomcat].[localhost].[/] 179- Initializing Spring FrameworkServlet 'dispatcherServlet'
2018-02-12 13:44:25.763 [http-nio-8080-exec-1] INFO  org.springframework.web.servlet.DispatcherServlet 489- FrameworkServlet 'dispatcherServlet': initialization started
2018-02-12 13:44:25.780 [http-nio-8080-exec-1] INFO  org.springframework.web.servlet.DispatcherServlet 508- FrameworkServlet 'dispatcherServlet': initialization completed in 17 ms
2018-02-12 13:44:25.793 [http-nio-8080-exec-1] WARN  org.springframework.web.servlet.PageNotFound 1176- No mapping found for HTTP request with URI [/] in DispatcherServlet with name 'dispatcherServlet'
2018-02-12 13:44:36.553 [http-nio-8080-exec-4] INFO  c.q.q.c.articlecontroller.ArticleController 38- articleTypesList{dataRows=[com.csjscm.mysqldata.model.ArticleType@18f2561e, com.csjscm.mysqldata.model.ArticleType@66aef202, com.csjscm.mysqldata.model.ArticleType@6e6e1603, com.csjscm.mysqldata.model.ArticleType@5343576b, com.csjscm.mysqldata.model.ArticleType@598bb9bb, com.csjscm.mysqldata.model.ArticleType@48247e6a, com.csjscm.mysqldata.model.ArticleType@56e4a763, com.csjscm.mysqldata.model.ArticleType@1f555adb, com.csjscm.mysqldata.model.ArticleType@1b977eeb, com.csjscm.mysqldata.model.ArticleType@702b94dd], currPage=0, totalCount=11}
2018-02-12 13:45:24.421 [http-nio-8080-exec-6] INFO  c.q.q.c.articlecontroller.ArticleController 57- articleTypesList{dataRows=[com.csjscm.mysqldata.model.ArticleType@1ff96fbc, com.csjscm.mysqldata.model.ArticleType@3d637ccd, com.csjscm.mysqldata.model.ArticleType@6f536c48, com.csjscm.mysqldata.model.ArticleType@40ec33a1, com.csjscm.mysqldata.model.ArticleType@143c208f, com.csjscm.mysqldata.model.ArticleType@329fa3d1, com.csjscm.mysqldata.model.ArticleType@46daa8e6, com.csjscm.mysqldata.model.ArticleType@670afaa7, com.csjscm.mysqldata.model.ArticleType@12479691, com.csjscm.mysqldata.model.ArticleType@5d893e23], currPage=1, totalCount=null}
2018-02-12 13:49:47.222 [http-nio-8080-exec-7] INFO  c.q.q.c.articlecontroller.ArticleController 38- articleTypesList{dataRows=[com.csjscm.mysqldata.model.ArticleType@5977ae58, com.csjscm.mysqldata.model.ArticleType@417056f, com.csjscm.mysqldata.model.ArticleType@21e2c2bc, com.csjscm.mysqldata.model.ArticleType@5547c870, com.csjscm.mysqldata.model.ArticleType@31a6b9ee, com.csjscm.mysqldata.model.ArticleType@da6fec8, com.csjscm.mysqldata.model.ArticleType@3ae62ae2, com.csjscm.mysqldata.model.ArticleType@51097186, com.csjscm.mysqldata.model.ArticleType@5564db80, com.csjscm.mysqldata.model.ArticleType@6f0e3f5a], currPage=0, totalCount=11}
2018-02-12 13:50:00.695 [http-nio-8080-exec-1] INFO  c.q.q.c.articlecontroller.ArticleController 57- articleTypesList{dataRows=[com.csjscm.mysqldata.model.ArticleType@77684246, com.csjscm.mysqldata.model.ArticleType@40125f16, com.csjscm.mysqldata.model.ArticleType@5ab0475b, com.csjscm.mysqldata.model.ArticleType@f3b40bd, com.csjscm.mysqldata.model.ArticleType@3a74496e, com.csjscm.mysqldata.model.ArticleType@684c4bd9, com.csjscm.mysqldata.model.ArticleType@301e4314, com.csjscm.mysqldata.model.ArticleType@65f5d302, com.csjscm.mysqldata.model.ArticleType@7d52c9eb, com.csjscm.mysqldata.model.ArticleType@77ca571b], currPage=1, totalCount=null}
2018-02-12 13:50:29.390 [http-nio-8080-exec-6] INFO  c.q.q.c.articlecontroller.ArticleController 38- articleTypesList{dataRows=[com.csjscm.mysqldata.model.ArticleType@5708ce1f, com.csjscm.mysqldata.model.ArticleType@354a2f87, com.csjscm.mysqldata.model.ArticleType@fa099b3, com.csjscm.mysqldata.model.ArticleType@45e20f59, com.csjscm.mysqldata.model.ArticleType@540b49cc, com.csjscm.mysqldata.model.ArticleType@30d972dd, com.csjscm.mysqldata.model.ArticleType@3b3f1874, com.csjscm.mysqldata.model.ArticleType@6ef2508d, com.csjscm.mysqldata.model.ArticleType@603921b6, com.csjscm.mysqldata.model.ArticleType@1b8df8f6], currPage=0, totalCount=11}
2018-02-12 13:50:38.688 [http-nio-8080-exec-2] INFO  c.q.q.c.articlecontroller.ArticleController 57- articleTypesList{dataRows=[com.csjscm.mysqldata.model.ArticleType@6897a40b, com.csjscm.mysqldata.model.ArticleType@40a24f9d, com.csjscm.mysqldata.model.ArticleType@39abe1d4, com.csjscm.mysqldata.model.ArticleType@5c48fb5e, com.csjscm.mysqldata.model.ArticleType@9aabb20, com.csjscm.mysqldata.model.ArticleType@5ba6c32f, com.csjscm.mysqldata.model.ArticleType@3de53cce, com.csjscm.mysqldata.model.ArticleType@266ca227, com.csjscm.mysqldata.model.ArticleType@7a436e71, com.csjscm.mysqldata.model.ArticleType@171165ad], currPage=1, totalCount=null}
2018-02-12 14:07:53.712 [http-nio-8080-exec-7] WARN  org.springframework.web.servlet.PageNotFound 1176- No mapping found for HTTP request with URI [/article/index.ftl] in DispatcherServlet with name 'dispatcherServlet'
2018-02-12 14:07:55.064 [http-nio-8080-exec-6] INFO  c.q.q.c.articlecontroller.ArticleController 57- articleTypesList{dataRows=[com.csjscm.mysqldata.model.ArticleType@341ee8cd, com.csjscm.mysqldata.model.ArticleType@57922b8c, com.csjscm.mysqldata.model.ArticleType@704a45ad, com.csjscm.mysqldata.model.ArticleType@5330da2e, com.csjscm.mysqldata.model.ArticleType@102b1805, com.csjscm.mysqldata.model.ArticleType@56a38fc7, com.csjscm.mysqldata.model.ArticleType@7466df93, com.csjscm.mysqldata.model.ArticleType@21d29a9b, com.csjscm.mysqldata.model.ArticleType@69f14594, com.csjscm.mysqldata.model.ArticleType@23e632da], currPage=1, totalCount=null}
