2018-04-04 13:07:42.385 [restartedMain] INFO  o.s.c.a.AnnotationConfigApplicationContext 583- Refreshing org.springframework.context.annotation.AnnotationConfigApplicationContext@4c8f77e6: startup date [Wed Apr 04 13:07:42 GMT+08:00 2018]; root of context hierarchy
2018-04-04 13:07:42.501 [background-preinit] INFO  org.hibernate.validator.internal.util.Version 30- HV000001: Hibernate Validator 5.3.6.Final
2018-04-04 13:07:42.579 [restartedMain] INFO  o.s.b.f.a.AutowiredAnnotationBeanPostProcessor 155- JSR-330 'javax.inject.Inject' annotation found and supported for autowiring
2018-04-04 13:07:42.614 [restartedMain] INFO  o.s.c.s.PostProcessorRegistrationDelegate$BeanPostProcessorChecker 327- Bean 'configurationPropertiesRebinderAutoConfiguration' of type [org.springframework.cloud.autoconfigure.ConfigurationPropertiesRebinderAutoConfiguration$$EnhancerBySpringCGLIB$$3e29955d] is not eligible for getting processed by all BeanPostProcessors (for example: not eligible for auto-proxying)
2018-04-04 13:07:42.978 [restartedMain] INFO  com.csjscm.VicidataApplication 593- No active profile set, falling back to default profiles: default
2018-04-04 13:07:42.989 [restartedMain] INFO  o.s.b.c.e.AnnotationConfigEmbeddedWebApplicationContext 583- Refreshing org.springframework.boot.context.embedded.AnnotationConfigEmbeddedWebApplicationContext@3c17fd62: startup date [Wed Apr 04 13:07:42 GMT+08:00 2018]; parent: org.springframework.context.annotation.AnnotationConfigApplicationContext@4c8f77e6
2018-04-04 13:07:43.946 [restartedMain] WARN  org.mybatis.spring.mapper.ClassPathMapperScanner 166- No MyBatis mapper was found in '[com.csjscm.mysqldata.controller.paycontroller, com.csjscm.mysqldata.controller, com.csjscm.mysqldata]' package. Please check your configuration.
2018-04-04 13:07:44.040 [restartedMain] WARN  o.s.c.annotation.ConfigurationClassPostProcessor 373- Cannot enhance @Configuration bean definition 'mysqlDataSourceConfig' since its singleton instance has been created too early. The typical cause is a non-static @Bean method with a BeanDefinitionRegistryPostProcessor return type: Consider declaring such methods as 'static'.
2018-04-04 13:07:44.111 [restartedMain] INFO  o.springframework.cloud.context.scope.GenericScope 263- BeanFactory id=f35acf64-a486-3185-98e8-5de554d52f1b
2018-04-04 13:07:44.121 [restartedMain] INFO  o.s.b.f.a.AutowiredAnnotationBeanPostProcessor 155- JSR-330 'javax.inject.Inject' annotation found and supported for autowiring
2018-04-04 13:07:44.186 [restartedMain] INFO  o.s.c.s.PostProcessorRegistrationDelegate$BeanPostProcessorChecker 327- Bean 'org.springframework.transaction.annotation.ProxyTransactionManagementConfiguration' of type [org.springframework.transaction.annotation.ProxyTransactionManagementConfiguration$$EnhancerBySpringCGLIB$$220f9260] is not eligible for getting processed by all BeanPostProcessors (for example: not eligible for auto-proxying)
2018-04-04 13:07:44.212 [restartedMain] INFO  o.s.c.s.PostProcessorRegistrationDelegate$BeanPostProcessorChecker 327- Bean 'org.springframework.cloud.autoconfigure.ConfigurationPropertiesRebinderAutoConfiguration' of type [org.springframework.cloud.autoconfigure.ConfigurationPropertiesRebinderAutoConfiguration$$EnhancerBySpringCGLIB$$3e29955d] is not eligible for getting processed by all BeanPostProcessors (for example: not eligible for auto-proxying)
2018-04-04 13:07:44.681 [restartedMain] INFO  o.s.b.c.e.tomcat.TomcatEmbeddedServletContainer 89- Tomcat initialized with port(s): 8080 (http)
2018-04-04 13:07:44.691 [restartedMain] INFO  org.apache.catalina.core.StandardService 179- Starting service [Tomcat]
2018-04-04 13:07:44.692 [restartedMain] INFO  org.apache.catalina.core.StandardEngine 179- Starting Servlet Engine: Apache Tomcat/8.5.23
2018-04-04 13:07:44.805 [localhost-startStop-1] INFO  o.a.c.core.ContainerBase.[Tomcat].[localhost].[/] 179- Initializing Spring embedded WebApplicationContext
2018-04-04 13:07:44.806 [localhost-startStop-1] INFO  org.springframework.web.context.ContextLoader 276- Root WebApplicationContext: initialization completed in 1817 ms
2018-04-04 13:07:44.913 [localhost-startStop-1] INFO  o.s.boot.web.servlet.ServletRegistrationBean 190- Mapping servlet: 'dispatcherServlet' to [/]
2018-04-04 13:07:44.917 [localhost-startStop-1] INFO  o.s.boot.web.servlet.FilterRegistrationBean 258- Mapping filter: 'characterEncodingFilter' to: [/*]
2018-04-04 13:07:45.634 [restartedMain] INFO  o.s.w.s.m.m.a.RequestMappingHandlerMapping 543- Mapped "{[/article/toarticle]}" onto public org.springframework.web.servlet.ModelAndView com.csjscm.mysqldata.controller.articlecontroller.ArticleController.toArticle()
2018-04-04 13:07:45.635 [restartedMain] INFO  o.s.w.s.m.m.a.RequestMappingHandlerMapping 543- Mapped "{[/article/toarticle1]}" onto public org.springframework.web.servlet.ModelAndView com.csjscm.mysqldata.controller.articlecontroller.ArticleController.toArticle1()
2018-04-04 13:07:45.637 [restartedMain] INFO  o.s.w.s.m.m.a.RequestMappingHandlerMapping 543- Mapped "{[/article/listtoarticle]}" onto public java.lang.String com.csjscm.mysqldata.controller.articlecontroller.ArticleController.listArticleType(com.csjscm.mysqldata.model.ArticleTypeQuery)
2018-04-04 13:07:45.638 [restartedMain] INFO  o.s.w.s.m.m.a.RequestMappingHandlerMapping 543- Mapped "{[/pay/userlogin],methods=[GET]}" onto public java.util.List<com.csjscm.mysqldata.model.UserModel> com.csjscm.mysqldata.controller.paycontroller.PingPayController.selectUser()
2018-04-04 13:07:45.639 [restartedMain] INFO  o.s.w.s.m.m.a.RequestMappingHandlerMapping 543- Mapped "{[/pay/backlogin],methods=[POST]}" onto public org.springframework.web.servlet.ModelAndView com.csjscm.mysqldata.controller.paycontroller.PingPayController.backLogin()
2018-04-04 13:07:45.639 [restartedMain] INFO  o.s.w.s.m.m.a.RequestMappingHandlerMapping 543- Mapped "{[/pay/pay],methods=[GET]}" onto public org.springframework.web.servlet.ModelAndView com.csjscm.mysqldata.controller.paycontroller.PingPayController.pingPay()
2018-04-04 13:07:45.639 [restartedMain] INFO  o.s.w.s.m.m.a.RequestMappingHandlerMapping 543- Mapped "{[/pay/add-settlement-account],methods=[GET]}" onto public org.springframework.web.servlet.ModelAndView com.csjscm.mysqldata.controller.paycontroller.PingPayController.pictureShow()
2018-04-04 13:07:45.640 [restartedMain] INFO  o.s.w.s.m.m.a.RequestMappingHandlerMapping 543- Mapped "{[/pay/createsettleaccount],methods=[GET]}" onto public org.springframework.web.servlet.ModelAndView com.csjscm.mysqldata.controller.paycontroller.PingPayController.createsettleaccount()
2018-04-04 13:07:45.640 [restartedMain] INFO  o.s.w.s.m.m.a.RequestMappingHandlerMapping 543- Mapped "{[/pay/createsettleaccount],methods=[POST]}" onto public org.springframework.web.servlet.ModelAndView com.csjscm.mysqldata.controller.paycontroller.PingPayController.createSettleAccount(com.csjscm.mysqldata.model.SettleAccount)
2018-04-04 13:07:45.641 [restartedMain] INFO  o.s.w.s.m.m.a.RequestMappingHandlerMapping 543- Mapped "{[/user/userlogin],methods=[GET]}" onto public java.util.List<com.csjscm.mysqldata.model.UserModel> com.csjscm.mysqldata.controller.UserController.selectUser()
2018-04-04 13:07:45.641 [restartedMain] INFO  o.s.w.s.m.m.a.RequestMappingHandlerMapping 543- Mapped "{[/user/backlogin],methods=[POST]}" onto public org.springframework.web.servlet.ModelAndView com.csjscm.mysqldata.controller.UserController.backLogin()
2018-04-04 13:07:45.642 [restartedMain] INFO  o.s.w.s.m.m.a.RequestMappingHandlerMapping 543- Mapped "{[/user/index],methods=[POST]}" onto public org.springframework.web.servlet.ModelAndView com.csjscm.mysqldata.controller.UserController.viewex()
2018-04-04 13:07:45.642 [restartedMain] INFO  o.s.w.s.m.m.a.RequestMappingHandlerMapping 543- Mapped "{[/user/welcome],methods=[GET]}" onto public org.springframework.web.servlet.ModelAndView com.csjscm.mysqldata.controller.UserController.welcome()
2018-04-04 13:07:45.642 [restartedMain] INFO  o.s.w.s.m.m.a.RequestMappingHandlerMapping 543- Mapped "{[/user/tologin],methods=[GET]}" onto public org.springframework.web.servlet.ModelAndView com.csjscm.mysqldata.controller.UserController.toLogin()
2018-04-04 13:07:45.643 [restartedMain] INFO  o.s.w.s.m.m.a.RequestMappingHandlerMapping 543- Mapped "{[/v2/api-docs],methods=[GET],produces=[application/json || application/hal+json]}" onto public org.springframework.http.ResponseEntity<springfox.documentation.spring.web.json.Json> springfox.documentation.swagger2.web.Swagger2Controller.getDocumentation(java.lang.String,javax.servlet.http.HttpServletRequest)
2018-04-04 13:07:45.647 [restartedMain] INFO  o.s.w.s.m.m.a.RequestMappingHandlerMapping 543- Mapped "{[/swagger-resources/configuration/ui]}" onto org.springframework.http.ResponseEntity<springfox.documentation.swagger.web.UiConfiguration> springfox.documentation.swagger.web.ApiResourceController.uiConfiguration()
2018-04-04 13:07:45.648 [restartedMain] INFO  o.s.w.s.m.m.a.RequestMappingHandlerMapping 543- Mapped "{[/swagger-resources]}" onto org.springframework.http.ResponseEntity<java.util.List<springfox.documentation.swagger.web.SwaggerResource>> springfox.documentation.swagger.web.ApiResourceController.swaggerResources()
2018-04-04 13:07:45.649 [restartedMain] INFO  o.s.w.s.m.m.a.RequestMappingHandlerMapping 543- Mapped "{[/swagger-resources/configuration/security]}" onto org.springframework.http.ResponseEntity<springfox.documentation.swagger.web.SecurityConfiguration> springfox.documentation.swagger.web.ApiResourceController.securityConfiguration()
2018-04-04 13:07:45.652 [restartedMain] INFO  o.s.w.s.m.m.a.RequestMappingHandlerMapping 543- Mapped "{[/error]}" onto public org.springframework.http.ResponseEntity<java.util.Map<java.lang.String, java.lang.Object>> org.springframework.boot.autoconfigure.web.BasicErrorController.error(javax.servlet.http.HttpServletRequest)
2018-04-04 13:07:45.652 [restartedMain] INFO  o.s.w.s.m.m.a.RequestMappingHandlerMapping 543- Mapped "{[/error],produces=[text/html]}" onto public org.springframework.web.servlet.ModelAndView org.springframework.boot.autoconfigure.web.BasicErrorController.errorHtml(javax.servlet.http.HttpServletRequest,javax.servlet.http.HttpServletResponse)
2018-04-04 13:07:45.755 [restartedMain] INFO  o.s.web.servlet.handler.SimpleUrlHandlerMapping 362- Mapped URL path [/static/**] onto handler of type [class org.springframework.web.servlet.resource.ResourceHttpRequestHandler]
2018-04-04 13:07:45.795 [restartedMain] INFO  o.s.w.s.m.m.a.RequestMappingHandlerAdapter 534- Looking for @ControllerAdvice: org.springframework.boot.context.embedded.AnnotationConfigEmbeddedWebApplicationContext@3c17fd62: startup date [Wed Apr 04 13:07:42 GMT+08:00 2018]; parent: org.springframework.context.annotation.AnnotationConfigApplicationContext@4c8f77e6
2018-04-04 13:07:46.181 [restartedMain] INFO  o.s.w.servlet.view.freemarker.FreeMarkerConfigurer 127- ClassTemplateLoader for Spring macros added to FreeMarker configuration
2018-04-04 13:07:46.756 [restartedMain] INFO  o.s.b.d.autoconfigure.OptionalLiveReloadServer 58- LiveReload server is running on port 35729
2018-04-04 13:07:46.848 [restartedMain] WARN  o.s.c.netflix.archaius.ArchaiusAutoConfiguration 138- No spring.application.name found, defaulting to 'application'
2018-04-04 13:07:46.850 [restartedMain] WARN  com.netflix.config.sources.URLConfigurationSource 121- No URLs will be polled as dynamic configuration sources.
2018-04-04 13:07:46.850 [restartedMain] INFO  com.netflix.config.sources.URLConfigurationSource 122- To enable URLs as dynamic configuration sources, define System property archaius.configurationSource.additionalUrls or make config.properties available on classpath.
2018-04-04 13:07:46.855 [restartedMain] WARN  com.netflix.config.sources.URLConfigurationSource 121- No URLs will be polled as dynamic configuration sources.
2018-04-04 13:07:46.855 [restartedMain] INFO  com.netflix.config.sources.URLConfigurationSource 122- To enable URLs as dynamic configuration sources, define System property archaius.configurationSource.additionalUrls or make config.properties available on classpath.
2018-04-04 13:07:46.925 [restartedMain] INFO  o.s.jmx.export.annotation.AnnotationMBeanExporter 431- Registering beans for JMX exposure on startup
2018-04-04 13:07:46.933 [restartedMain] INFO  o.s.jmx.export.annotation.AnnotationMBeanExporter 916- Bean with name 'configurationPropertiesRebinder' has been autodetected for JMX exposure
2018-04-04 13:07:46.934 [restartedMain] INFO  o.s.jmx.export.annotation.AnnotationMBeanExporter 916- Bean with name 'environmentManager' has been autodetected for JMX exposure
2018-04-04 13:07:46.934 [restartedMain] INFO  o.s.jmx.export.annotation.AnnotationMBeanExporter 916- Bean with name 'refreshScope' has been autodetected for JMX exposure
2018-04-04 13:07:46.936 [restartedMain] INFO  o.s.jmx.export.annotation.AnnotationMBeanExporter 678- Located managed bean 'environmentManager': registering with JMX server as MBean [org.springframework.cloud.context.environment:name=environmentManager,type=EnvironmentManager]
2018-04-04 13:07:46.948 [restartedMain] INFO  o.s.jmx.export.annotation.AnnotationMBeanExporter 678- Located managed bean 'refreshScope': registering with JMX server as MBean [org.springframework.cloud.context.scope.refresh:name=refreshScope,type=RefreshScope]
2018-04-04 13:07:46.956 [restartedMain] INFO  o.s.jmx.export.annotation.AnnotationMBeanExporter 678- Located managed bean 'configurationPropertiesRebinder': registering with JMX server as MBean [org.springframework.cloud.context.properties:name=configurationPropertiesRebinder,context=3c17fd62,type=ConfigurationPropertiesRebinder]
2018-04-04 13:07:47.117 [restartedMain] INFO  o.s.context.support.DefaultLifecycleProcessor 343- Starting beans in phase 2147483647
2018-04-04 13:07:47.117 [restartedMain] INFO  s.d.s.web.plugins.DocumentationPluginsBootstrapper 120- Context refreshed
2018-04-04 13:07:47.148 [restartedMain] INFO  s.d.s.web.plugins.DocumentationPluginsBootstrapper 123- Found 1 custom documentation plugin(s)
2018-04-04 13:07:47.160 [restartedMain] INFO  s.d.spring.web.scanners.ApiListingReferenceScanner 41- Scanning for api listing references
2018-04-04 13:07:47.191 [restartedMain] INFO  org.apache.coyote.http11.Http11NioProtocol 179- Initializing ProtocolHandler ["http-nio-8080"]
2018-04-04 13:07:47.207 [restartedMain] INFO  org.apache.coyote.http11.Http11NioProtocol 179- Starting ProtocolHandler ["http-nio-8080"]
2018-04-04 13:07:47.216 [restartedMain] INFO  org.apache.tomcat.util.net.NioSelectorPool 179- Using a shared selector for servlet write/read
2018-04-04 13:07:47.231 [restartedMain] INFO  o.s.b.c.e.tomcat.TomcatEmbeddedServletContainer 201- Tomcat started on port(s): 8080 (http)
2018-04-04 13:07:47.236 [restartedMain] INFO  com.csjscm.VicidataApplication 57- Started VicidataApplication in 5.407 seconds (JVM running for 6.498)
2018-04-04 13:08:13.747 [http-nio-8080-exec-1] INFO  org.apache.tomcat.util.http.parser.Cookie 179- A cookie header was received [1522721641,1522802334,1522811124; Hm_lpvt_86670fd75a12201bcdcefac1e98b076f=1522817943; Hm_lvt_a46387646542db27a337e807745077f4=1522634234,1522721641,1522802334,1522811124; Hm_lpvt_a46387646542db27a337e807745077f4=1522817943] that contained an invalid cookie. That cookie will be ignored.Note: further occurrences of this error will be logged at DEBUG level.
2018-04-04 13:08:13.754 [http-nio-8080-exec-1] INFO  o.a.c.core.ContainerBase.[Tomcat].[localhost].[/] 179- Initializing Spring FrameworkServlet 'dispatcherServlet'
2018-04-04 13:08:13.754 [http-nio-8080-exec-1] INFO  org.springframework.web.servlet.DispatcherServlet 489- FrameworkServlet 'dispatcherServlet': initialization started
2018-04-04 13:08:13.770 [http-nio-8080-exec-1] INFO  org.springframework.web.servlet.DispatcherServlet 508- FrameworkServlet 'dispatcherServlet': initialization completed in 16 ms
2018-04-04 13:08:13.782 [http-nio-8080-exec-1] WARN  org.springframework.web.servlet.PageNotFound 1176- No mapping found for HTTP request with URI [/] in DispatcherServlet with name 'dispatcherServlet'
