2018-03-26 16:30:56.754 [restartedMain] INFO  o.s.c.a.AnnotationConfigApplicationContext 583- Refreshing org.springframework.context.annotation.AnnotationConfigApplicationContext@284b0e45: startup date [Mon Mar 26 16:30:56 GMT+08:00 2018]; root of context hierarchy
2018-03-26 16:30:56.849 [background-preinit] INFO  org.hibernate.validator.internal.util.Version 30- HV000001: Hibernate Validator 5.3.6.Final
2018-03-26 16:30:56.928 [restartedMain] INFO  o.s.b.f.a.AutowiredAnnotationBeanPostProcessor 155- JSR-330 'javax.inject.Inject' annotation found and supported for autowiring
2018-03-26 16:30:56.954 [restartedMain] INFO  o.s.c.s.PostProcessorRegistrationDelegate$BeanPostProcessorChecker 327- Bean 'configurationPropertiesRebinderAutoConfiguration' of type [org.springframework.cloud.autoconfigure.ConfigurationPropertiesRebinderAutoConfiguration$$EnhancerBySpringCGLIB$$57841159] is not eligible for getting processed by all BeanPostProcessors (for example: not eligible for auto-proxying)
2018-03-26 16:30:57.280 [restartedMain] INFO  com.csjscm.VicidataApplication 593- No active profile set, falling back to default profiles: default
2018-03-26 16:30:57.290 [restartedMain] INFO  o.s.b.c.e.AnnotationConfigEmbeddedWebApplicationContext 583- Refreshing org.springframework.boot.context.embedded.AnnotationConfigEmbeddedWebApplicationContext@17aabd12: startup date [Mon Mar 26 16:30:57 GMT+08:00 2018]; parent: org.springframework.context.annotation.AnnotationConfigApplicationContext@284b0e45
2018-03-26 16:30:58.116 [restartedMain] WARN  org.mybatis.spring.mapper.ClassPathMapperScanner 166- No MyBatis mapper was found in '[com.csjscm.mysqldata.controller.paycontroller, com.csjscm.mysqldata.controller, com.csjscm.mysqldata]' package. Please check your configuration.
2018-03-26 16:30:58.205 [restartedMain] WARN  o.s.c.annotation.ConfigurationClassPostProcessor 373- Cannot enhance @Configuration bean definition 'mysqlDataSourceConfig' since its singleton instance has been created too early. The typical cause is a non-static @Bean method with a BeanDefinitionRegistryPostProcessor return type: Consider declaring such methods as 'static'.
2018-03-26 16:30:58.272 [restartedMain] INFO  o.springframework.cloud.context.scope.GenericScope 263- BeanFactory id=d2d781e6-bc26-3706-901c-ab0abced74df
2018-03-26 16:30:58.282 [restartedMain] INFO  o.s.b.f.a.AutowiredAnnotationBeanPostProcessor 155- JSR-330 'javax.inject.Inject' annotation found and supported for autowiring
2018-03-26 16:30:58.345 [restartedMain] INFO  o.s.c.s.PostProcessorRegistrationDelegate$BeanPostProcessorChecker 327- Bean 'org.springframework.transaction.annotation.ProxyTransactionManagementConfiguration' of type [org.springframework.transaction.annotation.ProxyTransactionManagementConfiguration$$EnhancerBySpringCGLIB$$3b6a0e5c] is not eligible for getting processed by all BeanPostProcessors (for example: not eligible for auto-proxying)
2018-03-26 16:30:58.368 [restartedMain] INFO  o.s.c.s.PostProcessorRegistrationDelegate$BeanPostProcessorChecker 327- Bean 'org.springframework.cloud.autoconfigure.ConfigurationPropertiesRebinderAutoConfiguration' of type [org.springframework.cloud.autoconfigure.ConfigurationPropertiesRebinderAutoConfiguration$$EnhancerBySpringCGLIB$$57841159] is not eligible for getting processed by all BeanPostProcessors (for example: not eligible for auto-proxying)
2018-03-26 16:30:58.776 [restartedMain] INFO  o.s.b.c.e.tomcat.TomcatEmbeddedServletContainer 89- Tomcat initialized with port(s): 8080 (http)
2018-03-26 16:30:58.785 [restartedMain] INFO  org.apache.catalina.core.StandardService 179- Starting service [Tomcat]
2018-03-26 16:30:58.785 [restartedMain] INFO  org.apache.catalina.core.StandardEngine 179- Starting Servlet Engine: Apache Tomcat/8.5.23
2018-03-26 16:30:58.873 [localhost-startStop-1] INFO  o.a.c.core.ContainerBase.[Tomcat].[localhost].[/] 179- Initializing Spring embedded WebApplicationContext
2018-03-26 16:30:58.874 [localhost-startStop-1] INFO  org.springframework.web.context.ContextLoader 276- Root WebApplicationContext: initialization completed in 1584 ms
2018-03-26 16:30:58.952 [localhost-startStop-1] INFO  o.s.boot.web.servlet.ServletRegistrationBean 190- Mapping servlet: 'dispatcherServlet' to [/]
2018-03-26 16:30:58.955 [localhost-startStop-1] INFO  o.s.boot.web.servlet.FilterRegistrationBean 258- Mapping filter: 'characterEncodingFilter' to: [/*]
2018-03-26 16:30:59.594 [restartedMain] INFO  o.s.w.s.m.m.a.RequestMappingHandlerMapping 543- Mapped "{[/article/toarticle]}" onto public org.springframework.web.servlet.ModelAndView com.csjscm.mysqldata.controller.articlecontroller.ArticleController.toArticle()
2018-03-26 16:30:59.595 [restartedMain] INFO  o.s.w.s.m.m.a.RequestMappingHandlerMapping 543- Mapped "{[/article/toarticle1]}" onto public org.springframework.web.servlet.ModelAndView com.csjscm.mysqldata.controller.articlecontroller.ArticleController.toArticle1()
2018-03-26 16:30:59.596 [restartedMain] INFO  o.s.w.s.m.m.a.RequestMappingHandlerMapping 543- Mapped "{[/article/listtoarticle]}" onto public java.lang.String com.csjscm.mysqldata.controller.articlecontroller.ArticleController.listArticleType(com.csjscm.mysqldata.model.ArticleTypeQuery)
2018-03-26 16:30:59.598 [restartedMain] INFO  o.s.w.s.m.m.a.RequestMappingHandlerMapping 543- Mapped "{[/pay/createsettleaccount],methods=[GET]}" onto public org.springframework.web.servlet.ModelAndView com.csjscm.mysqldata.controller.paycontroller.PingPayController.createsettleaccount()
2018-03-26 16:30:59.598 [restartedMain] INFO  o.s.w.s.m.m.a.RequestMappingHandlerMapping 543- Mapped "{[/pay/createsettleaccount],methods=[POST]}" onto public org.springframework.web.servlet.ModelAndView com.csjscm.mysqldata.controller.paycontroller.PingPayController.createSettleAccount(com.csjscm.mysqldata.model.SettleAccount)
2018-03-26 16:30:59.599 [restartedMain] INFO  o.s.w.s.m.m.a.RequestMappingHandlerMapping 543- Mapped "{[/pay/userlogin],methods=[GET]}" onto public java.util.List<com.csjscm.mysqldata.model.UserModel> com.csjscm.mysqldata.controller.paycontroller.PingPayController.selectUser()
2018-03-26 16:30:59.599 [restartedMain] INFO  o.s.w.s.m.m.a.RequestMappingHandlerMapping 543- Mapped "{[/pay/backlogin],methods=[POST]}" onto public org.springframework.web.servlet.ModelAndView com.csjscm.mysqldata.controller.paycontroller.PingPayController.backLogin()
2018-03-26 16:30:59.599 [restartedMain] INFO  o.s.w.s.m.m.a.RequestMappingHandlerMapping 543- Mapped "{[/pay/pay],methods=[GET]}" onto public org.springframework.web.servlet.ModelAndView com.csjscm.mysqldata.controller.paycontroller.PingPayController.pingPay()
2018-03-26 16:30:59.600 [restartedMain] INFO  o.s.w.s.m.m.a.RequestMappingHandlerMapping 543- Mapped "{[/pay/picture-add],methods=[GET]}" onto public org.springframework.web.servlet.ModelAndView com.csjscm.mysqldata.controller.paycontroller.PingPayController.pictureShow()
2018-03-26 16:30:59.601 [restartedMain] INFO  o.s.w.s.m.m.a.RequestMappingHandlerMapping 543- Mapped "{[/user/userlogin],methods=[GET]}" onto public java.util.List<com.csjscm.mysqldata.model.UserModel> com.csjscm.mysqldata.controller.UserController.selectUser()
2018-03-26 16:30:59.601 [restartedMain] INFO  o.s.w.s.m.m.a.RequestMappingHandlerMapping 543- Mapped "{[/user/backlogin],methods=[POST]}" onto public org.springframework.web.servlet.ModelAndView com.csjscm.mysqldata.controller.UserController.backLogin()
2018-03-26 16:30:59.601 [restartedMain] INFO  o.s.w.s.m.m.a.RequestMappingHandlerMapping 543- Mapped "{[/user/index],methods=[POST]}" onto public org.springframework.web.servlet.ModelAndView com.csjscm.mysqldata.controller.UserController.viewex()
2018-03-26 16:30:59.601 [restartedMain] INFO  o.s.w.s.m.m.a.RequestMappingHandlerMapping 543- Mapped "{[/user/welcome],methods=[GET]}" onto public org.springframework.web.servlet.ModelAndView com.csjscm.mysqldata.controller.UserController.welcome()
2018-03-26 16:30:59.602 [restartedMain] INFO  o.s.w.s.m.m.a.RequestMappingHandlerMapping 543- Mapped "{[/user/tologin],methods=[GET]}" onto public org.springframework.web.servlet.ModelAndView com.csjscm.mysqldata.controller.UserController.toLogin()
2018-03-26 16:30:59.602 [restartedMain] INFO  o.s.w.s.m.m.a.RequestMappingHandlerMapping 543- Mapped "{[/v2/api-docs],methods=[GET],produces=[application/json || application/hal+json]}" onto public org.springframework.http.ResponseEntity<springfox.documentation.spring.web.json.Json> springfox.documentation.swagger2.web.Swagger2Controller.getDocumentation(java.lang.String,javax.servlet.http.HttpServletRequest)
2018-03-26 16:30:59.606 [restartedMain] INFO  o.s.w.s.m.m.a.RequestMappingHandlerMapping 543- Mapped "{[/swagger-resources/configuration/ui]}" onto org.springframework.http.ResponseEntity<springfox.documentation.swagger.web.UiConfiguration> springfox.documentation.swagger.web.ApiResourceController.uiConfiguration()
2018-03-26 16:30:59.607 [restartedMain] INFO  o.s.w.s.m.m.a.RequestMappingHandlerMapping 543- Mapped "{[/swagger-resources]}" onto org.springframework.http.ResponseEntity<java.util.List<springfox.documentation.swagger.web.SwaggerResource>> springfox.documentation.swagger.web.ApiResourceController.swaggerResources()
2018-03-26 16:30:59.607 [restartedMain] INFO  o.s.w.s.m.m.a.RequestMappingHandlerMapping 543- Mapped "{[/swagger-resources/configuration/security]}" onto org.springframework.http.ResponseEntity<springfox.documentation.swagger.web.SecurityConfiguration> springfox.documentation.swagger.web.ApiResourceController.securityConfiguration()
2018-03-26 16:30:59.609 [restartedMain] INFO  o.s.w.s.m.m.a.RequestMappingHandlerMapping 543- Mapped "{[/error]}" onto public org.springframework.http.ResponseEntity<java.util.Map<java.lang.String, java.lang.Object>> org.springframework.boot.autoconfigure.web.BasicErrorController.error(javax.servlet.http.HttpServletRequest)
2018-03-26 16:30:59.609 [restartedMain] INFO  o.s.w.s.m.m.a.RequestMappingHandlerMapping 543- Mapped "{[/error],produces=[text/html]}" onto public org.springframework.web.servlet.ModelAndView org.springframework.boot.autoconfigure.web.BasicErrorController.errorHtml(javax.servlet.http.HttpServletRequest,javax.servlet.http.HttpServletResponse)
2018-03-26 16:30:59.697 [restartedMain] INFO  o.s.web.servlet.handler.SimpleUrlHandlerMapping 362- Mapped URL path [/static/**] onto handler of type [class org.springframework.web.servlet.resource.ResourceHttpRequestHandler]
2018-03-26 16:30:59.736 [restartedMain] INFO  o.s.w.s.m.m.a.RequestMappingHandlerAdapter 534- Looking for @ControllerAdvice: org.springframework.boot.context.embedded.AnnotationConfigEmbeddedWebApplicationContext@17aabd12: startup date [Mon Mar 26 16:30:57 GMT+08:00 2018]; parent: org.springframework.context.annotation.AnnotationConfigApplicationContext@284b0e45
2018-03-26 16:31:00.151 [restartedMain] INFO  o.s.w.servlet.view.freemarker.FreeMarkerConfigurer 127- ClassTemplateLoader for Spring macros added to FreeMarker configuration
2018-03-26 16:31:00.392 [restartedMain] INFO  o.s.b.d.autoconfigure.OptionalLiveReloadServer 58- LiveReload server is running on port 35729
2018-03-26 16:31:00.489 [restartedMain] WARN  o.s.c.netflix.archaius.ArchaiusAutoConfiguration 138- No spring.application.name found, defaulting to 'application'
2018-03-26 16:31:00.492 [restartedMain] WARN  com.netflix.config.sources.URLConfigurationSource 121- No URLs will be polled as dynamic configuration sources.
2018-03-26 16:31:00.492 [restartedMain] INFO  com.netflix.config.sources.URLConfigurationSource 122- To enable URLs as dynamic configuration sources, define System property archaius.configurationSource.additionalUrls or make config.properties available on classpath.
2018-03-26 16:31:00.496 [restartedMain] WARN  com.netflix.config.sources.URLConfigurationSource 121- No URLs will be polled as dynamic configuration sources.
2018-03-26 16:31:00.496 [restartedMain] INFO  com.netflix.config.sources.URLConfigurationSource 122- To enable URLs as dynamic configuration sources, define System property archaius.configurationSource.additionalUrls or make config.properties available on classpath.
2018-03-26 16:31:00.567 [restartedMain] INFO  o.s.jmx.export.annotation.AnnotationMBeanExporter 431- Registering beans for JMX exposure on startup
2018-03-26 16:31:00.577 [restartedMain] INFO  o.s.jmx.export.annotation.AnnotationMBeanExporter 916- Bean with name 'configurationPropertiesRebinder' has been autodetected for JMX exposure
2018-03-26 16:31:00.578 [restartedMain] INFO  o.s.jmx.export.annotation.AnnotationMBeanExporter 916- Bean with name 'environmentManager' has been autodetected for JMX exposure
2018-03-26 16:31:00.579 [restartedMain] INFO  o.s.jmx.export.annotation.AnnotationMBeanExporter 916- Bean with name 'refreshScope' has been autodetected for JMX exposure
2018-03-26 16:31:00.581 [restartedMain] INFO  o.s.jmx.export.annotation.AnnotationMBeanExporter 678- Located managed bean 'environmentManager': registering with JMX server as MBean [org.springframework.cloud.context.environment:name=environmentManager,type=EnvironmentManager]
2018-03-26 16:31:00.593 [restartedMain] INFO  o.s.jmx.export.annotation.AnnotationMBeanExporter 678- Located managed bean 'refreshScope': registering with JMX server as MBean [org.springframework.cloud.context.scope.refresh:name=refreshScope,type=RefreshScope]
2018-03-26 16:31:00.603 [restartedMain] INFO  o.s.jmx.export.annotation.AnnotationMBeanExporter 678- Located managed bean 'configurationPropertiesRebinder': registering with JMX server as MBean [org.springframework.cloud.context.properties:name=configurationPropertiesRebinder,context=17aabd12,type=ConfigurationPropertiesRebinder]
2018-03-26 16:31:00.768 [restartedMain] INFO  o.s.context.support.DefaultLifecycleProcessor 343- Starting beans in phase 2147483647
2018-03-26 16:31:00.768 [restartedMain] INFO  s.d.s.web.plugins.DocumentationPluginsBootstrapper 120- Context refreshed
2018-03-26 16:31:00.789 [restartedMain] INFO  s.d.s.web.plugins.DocumentationPluginsBootstrapper 123- Found 1 custom documentation plugin(s)
2018-03-26 16:31:00.800 [restartedMain] INFO  s.d.spring.web.scanners.ApiListingReferenceScanner 41- Scanning for api listing references
2018-03-26 16:31:00.830 [restartedMain] INFO  org.apache.coyote.http11.Http11NioProtocol 179- Initializing ProtocolHandler ["http-nio-8080"]
2018-03-26 16:31:00.837 [restartedMain] INFO  org.apache.coyote.http11.Http11NioProtocol 179- Starting ProtocolHandler ["http-nio-8080"]
2018-03-26 16:31:00.845 [restartedMain] INFO  org.apache.tomcat.util.net.NioSelectorPool 179- Using a shared selector for servlet write/read
2018-03-26 16:31:00.862 [restartedMain] INFO  o.s.b.c.e.tomcat.TomcatEmbeddedServletContainer 201- Tomcat started on port(s): 8080 (http)
2018-03-26 16:31:00.866 [restartedMain] INFO  com.csjscm.VicidataApplication 57- Started VicidataApplication in 4.576 seconds (JVM running for 5.545)
2018-03-26 16:36:42.736 [http-nio-8080-exec-1] INFO  org.apache.tomcat.util.http.parser.Cookie 179- A cookie header was received [1521592708,1521678864,1521768087; Hm_lvt_a46387646542db27a337e807745077f4=1521511408,1521592708,1521678864,1521768087; JSESSIONID=78263C80AE10403F102526F151BF39AF; token=%7B%22access_type%22%3A%22Bearer%22%2C%22access_token%22%3A%2251b85eaded9cdbe99a2528227e6ef530%22%7D] that contained an invalid cookie. That cookie will be ignored.Note: further occurrences of this error will be logged at DEBUG level.
2018-03-26 16:36:42.742 [http-nio-8080-exec-1] INFO  o.a.c.core.ContainerBase.[Tomcat].[localhost].[/] 179- Initializing Spring FrameworkServlet 'dispatcherServlet'
2018-03-26 16:36:42.742 [http-nio-8080-exec-1] INFO  org.springframework.web.servlet.DispatcherServlet 489- FrameworkServlet 'dispatcherServlet': initialization started
2018-03-26 16:36:42.759 [http-nio-8080-exec-1] INFO  org.springframework.web.servlet.DispatcherServlet 508- FrameworkServlet 'dispatcherServlet': initialization completed in 16 ms
2018-03-26 16:36:42.771 [http-nio-8080-exec-1] WARN  org.springframework.web.servlet.PageNotFound 1176- No mapping found for HTTP request with URI [/main/index.html] in DispatcherServlet with name 'dispatcherServlet'
2018-03-26 16:36:54.884 [http-nio-8080-exec-7] INFO  com.csjscm.mysqldata.controller.UserController 43- adadadada
2018-03-26 17:27:56.145 [restartedMain] INFO  o.s.c.a.AnnotationConfigApplicationContext 583- Refreshing org.springframework.context.annotation.AnnotationConfigApplicationContext@5ccf65a8: startup date [Mon Mar 26 17:27:56 GMT+08:00 2018]; root of context hierarchy
2018-03-26 17:27:56.208 [background-preinit] INFO  org.hibernate.validator.internal.util.Version 30- HV000001: Hibernate Validator 5.3.6.Final
2018-03-26 17:27:56.282 [restartedMain] INFO  o.s.b.f.a.AutowiredAnnotationBeanPostProcessor 155- JSR-330 'javax.inject.Inject' annotation found and supported for autowiring
2018-03-26 17:27:56.308 [restartedMain] INFO  o.s.c.s.PostProcessorRegistrationDelegate$BeanPostProcessorChecker 327- Bean 'configurationPropertiesRebinderAutoConfiguration' of type [org.springframework.cloud.autoconfigure.ConfigurationPropertiesRebinderAutoConfiguration$$EnhancerBySpringCGLIB$$c0d9c2c4] is not eligible for getting processed by all BeanPostProcessors (for example: not eligible for auto-proxying)
2018-03-26 17:27:56.588 [restartedMain] INFO  com.csjscm.VicidataApplication 593- No active profile set, falling back to default profiles: default
2018-03-26 17:27:56.597 [restartedMain] INFO  o.s.b.c.e.AnnotationConfigEmbeddedWebApplicationContext 583- Refreshing org.springframework.boot.context.embedded.AnnotationConfigEmbeddedWebApplicationContext@5b982c23: startup date [Mon Mar 26 17:27:56 GMT+08:00 2018]; parent: org.springframework.context.annotation.AnnotationConfigApplicationContext@5ccf65a8
2018-03-26 17:27:57.363 [restartedMain] WARN  org.mybatis.spring.mapper.ClassPathMapperScanner 166- No MyBatis mapper was found in '[com.csjscm.mysqldata.controller.paycontroller, com.csjscm.mysqldata.controller, com.csjscm.mysqldata]' package. Please check your configuration.
2018-03-26 17:27:57.448 [restartedMain] WARN  o.s.c.annotation.ConfigurationClassPostProcessor 373- Cannot enhance @Configuration bean definition 'mysqlDataSourceConfig' since its singleton instance has been created too early. The typical cause is a non-static @Bean method with a BeanDefinitionRegistryPostProcessor return type: Consider declaring such methods as 'static'.
2018-03-26 17:27:57.526 [restartedMain] INFO  o.springframework.cloud.context.scope.GenericScope 263- BeanFactory id=d2d781e6-bc26-3706-901c-ab0abced74df
2018-03-26 17:27:57.535 [restartedMain] INFO  o.s.b.f.a.AutowiredAnnotationBeanPostProcessor 155- JSR-330 'javax.inject.Inject' annotation found and supported for autowiring
2018-03-26 17:27:57.601 [restartedMain] INFO  o.s.c.s.PostProcessorRegistrationDelegate$BeanPostProcessorChecker 327- Bean 'org.springframework.transaction.annotation.ProxyTransactionManagementConfiguration' of type [org.springframework.transaction.annotation.ProxyTransactionManagementConfiguration$$EnhancerBySpringCGLIB$$a4bfbfc7] is not eligible for getting processed by all BeanPostProcessors (for example: not eligible for auto-proxying)
2018-03-26 17:27:57.626 [restartedMain] INFO  o.s.c.s.PostProcessorRegistrationDelegate$BeanPostProcessorChecker 327- Bean 'org.springframework.cloud.autoconfigure.ConfigurationPropertiesRebinderAutoConfiguration' of type [org.springframework.cloud.autoconfigure.ConfigurationPropertiesRebinderAutoConfiguration$$EnhancerBySpringCGLIB$$c0d9c2c4] is not eligible for getting processed by all BeanPostProcessors (for example: not eligible for auto-proxying)
2018-03-26 17:27:57.924 [restartedMain] INFO  o.s.b.c.e.tomcat.TomcatEmbeddedServletContainer 89- Tomcat initialized with port(s): 8080 (http)
2018-03-26 17:27:57.931 [restartedMain] INFO  org.apache.catalina.core.StandardService 179- Starting service [Tomcat]
2018-03-26 17:27:57.932 [restartedMain] INFO  org.apache.catalina.core.StandardEngine 179- Starting Servlet Engine: Apache Tomcat/8.5.23
2018-03-26 17:27:58.011 [localhost-startStop-1] INFO  o.a.c.core.ContainerBase.[Tomcat].[localhost].[/] 179- Initializing Spring embedded WebApplicationContext
2018-03-26 17:27:58.011 [localhost-startStop-1] INFO  org.springframework.web.context.ContextLoader 276- Root WebApplicationContext: initialization completed in 1414 ms
2018-03-26 17:27:58.087 [localhost-startStop-1] INFO  o.s.boot.web.servlet.ServletRegistrationBean 190- Mapping servlet: 'dispatcherServlet' to [/]
2018-03-26 17:27:58.090 [localhost-startStop-1] INFO  o.s.boot.web.servlet.FilterRegistrationBean 258- Mapping filter: 'characterEncodingFilter' to: [/*]
2018-03-26 17:27:58.335 [restartedMain] WARN  o.s.b.c.e.AnnotationConfigEmbeddedWebApplicationContext 551- Exception encountered during context initialization - cancelling refresh attempt: org.springframework.beans.factory.UnsatisfiedDependencyException: Error creating bean with name 'pingPayController': Unsatisfied dependency expressed through field 'pingPayService'; nested exception is org.springframework.beans.factory.NoSuchBeanDefinitionException: No qualifying bean of type 'com.csjscm.mysqldata.service.PingPayService' available: expected at least 1 bean which qualifies as autowire candidate. Dependency annotations: {@org.springframework.beans.factory.annotation.Autowired(required=true)}
2018-03-26 17:27:58.336 [restartedMain] INFO  org.apache.catalina.core.StandardService 179- Stopping service [Tomcat]
2018-03-26 17:27:58.342 [localhost-startStop-1] WARN  org.apache.catalina.loader.WebappClassLoaderBase 179- The web application [ROOT] appears to have started a thread named [Abandoned connection cleanup thread] but has failed to stop it. This is very likely to create a memory leak. Stack trace of thread:
 java.lang.Object.wait(Native Method)
 java.lang.ref.ReferenceQueue.remove(ReferenceQueue.java:143)
 com.mysql.jdbc.AbandonedConnectionCleanupThread.run(AbandonedConnectionCleanupThread.java:43)
2018-03-26 17:27:58.349 [restartedMain] INFO  o.s.b.a.l.AutoConfigurationReportLoggingInitializer 101- 

Error starting ApplicationContext. To display the auto-configuration report re-run your application with 'debug' enabled.
2018-03-26 17:27:58.494 [restartedMain] ERROR o.s.b.diagnostics.LoggingFailureAnalysisReporter 42- 

***************************
APPLICATION FAILED TO START
***************************

Description:

Field pingPayService in com.csjscm.mysqldata.controller.paycontroller.PingPayController required a bean of type 'com.csjscm.mysqldata.service.PingPayService' that could not be found.


Action:

Consider defining a bean of type 'com.csjscm.mysqldata.service.PingPayService' in your configuration.

